Requirement already satisfied: pandas in /home/crsnell/.local/lib/python3.6/site-packages (1.1.5)
Requirement already satisfied: python-dateutil>=2.7.3 in /home/crsnell/.local/lib/python3.6/site-packages (from pandas) (2.8.2)
Requirement already satisfied: numpy>=1.15.4 in /home/crsnell/.local/lib/python3.6/site-packages (from pandas) (1.19.5)
Requirement already satisfied: pytz>=2017.2 in /usr/lib/python3.6/site-packages (from pandas) (2017.2)
Requirement already satisfied: six>=1.5 in /home/crsnell/.local/lib/python3.6/site-packages (from python-dateutil>=2.7.3->pandas) (1.15.0)
Requirement already satisfied: tensorflow in /home/crsnell/.local/lib/python3.6/site-packages (2.6.2)
Requirement already satisfied: absl-py~=0.10 in /home/crsnell/.local/lib/python3.6/site-packages (from tensorflow) (0.15.0)
Requirement already satisfied: keras-preprocessing~=1.1.2 in /home/crsnell/.local/lib/python3.6/site-packages (from tensorflow) (1.1.2)
Requirement already satisfied: typing-extensions~=3.7.4 in /home/crsnell/.local/lib/python3.6/site-packages (from tensorflow) (3.7.4.3)
Requirement already satisfied: wrapt~=1.12.1 in /home/crsnell/.local/lib/python3.6/site-packages (from tensorflow) (1.12.1)
Requirement already satisfied: tensorboard<2.7,>=2.6.0 in /home/crsnell/.local/lib/python3.6/site-packages (from tensorflow) (2.6.0)
Requirement already satisfied: keras<2.7,>=2.6.0 in /home/crsnell/.local/lib/python3.6/site-packages (from tensorflow) (2.6.0)
Requirement already satisfied: clang~=5.0 in /home/crsnell/.local/lib/python3.6/site-packages (from tensorflow) (5.0)
Requirement already satisfied: astunparse~=1.6.3 in /home/crsnell/.local/lib/python3.6/site-packages (from tensorflow) (1.6.3)
Requirement already satisfied: termcolor~=1.1.0 in /home/crsnell/.local/lib/python3.6/site-packages (from tensorflow) (1.1.0)
Requirement already satisfied: six~=1.15.0 in /home/crsnell/.local/lib/python3.6/site-packages (from tensorflow) (1.15.0)
Requirement already satisfied: gast==0.4.0 in /home/crsnell/.local/lib/python3.6/site-packages (from tensorflow) (0.4.0)
Requirement already satisfied: tensorflow-estimator<2.7,>=2.6.0 in /home/crsnell/.local/lib/python3.6/site-packages (from tensorflow) (2.6.0)
Requirement already satisfied: grpcio<2.0,>=1.37.0 in /home/crsnell/.local/lib/python3.6/site-packages (from tensorflow) (1.48.2)
Requirement already satisfied: flatbuffers~=1.12.0 in /home/crsnell/.local/lib/python3.6/site-packages (from tensorflow) (1.12)
Requirement already satisfied: google-pasta~=0.2 in /home/crsnell/.local/lib/python3.6/site-packages (from tensorflow) (0.2.0)
Requirement already satisfied: protobuf>=3.9.2 in /home/crsnell/.local/lib/python3.6/site-packages (from tensorflow) (3.19.6)
Requirement already satisfied: opt-einsum~=3.3.0 in /home/crsnell/.local/lib/python3.6/site-packages (from tensorflow) (3.3.0)
Requirement already satisfied: numpy~=1.19.2 in /home/crsnell/.local/lib/python3.6/site-packages (from tensorflow) (1.19.5)
Requirement already satisfied: h5py~=3.1.0 in /home/crsnell/.local/lib/python3.6/site-packages (from tensorflow) (3.1.0)
Requirement already satisfied: wheel~=0.35 in /home/crsnell/.local/lib/python3.6/site-packages (from tensorflow) (0.37.1)
Requirement already satisfied: cached-property in /home/crsnell/.local/lib/python3.6/site-packages (from h5py~=3.1.0->tensorflow) (1.5.2)
Requirement already satisfied: requests<3,>=2.21.0 in /home/crsnell/.local/lib/python3.6/site-packages (from tensorboard<2.7,>=2.6.0->tensorflow) (2.27.1)
Requirement already satisfied: werkzeug>=0.11.15 in /home/crsnell/.local/lib/python3.6/site-packages (from tensorboard<2.7,>=2.6.0->tensorflow) (2.0.3)
Requirement already satisfied: tensorboard-data-server<0.7.0,>=0.6.0 in /home/crsnell/.local/lib/python3.6/site-packages (from tensorboard<2.7,>=2.6.0->tensorflow) (0.6.1)
Requirement already satisfied: google-auth-oauthlib<0.5,>=0.4.1 in /home/crsnell/.local/lib/python3.6/site-packages (from tensorboard<2.7,>=2.6.0->tensorflow) (0.4.6)
Requirement already satisfied: setuptools>=41.0.0 in /home/crsnell/.local/lib/python3.6/site-packages (from tensorboard<2.7,>=2.6.0->tensorflow) (59.6.0)
Requirement already satisfied: tensorboard-plugin-wit>=1.6.0 in /home/crsnell/.local/lib/python3.6/site-packages (from tensorboard<2.7,>=2.6.0->tensorflow) (1.8.1)
Requirement already satisfied: google-auth<2,>=1.6.3 in /home/crsnell/.local/lib/python3.6/site-packages (from tensorboard<2.7,>=2.6.0->tensorflow) (1.35.0)
Requirement already satisfied: markdown>=2.6.8 in /home/crsnell/.local/lib/python3.6/site-packages (from tensorboard<2.7,>=2.6.0->tensorflow) (3.3.7)
Requirement already satisfied: cachetools<5.0,>=2.0.0 in /home/crsnell/.local/lib/python3.6/site-packages (from google-auth<2,>=1.6.3->tensorboard<2.7,>=2.6.0->tensorflow) (4.2.4)
Requirement already satisfied: rsa<5,>=3.1.4 in /home/crsnell/.local/lib/python3.6/site-packages (from google-auth<2,>=1.6.3->tensorboard<2.7,>=2.6.0->tensorflow) (4.9)
Requirement already satisfied: pyasn1-modules>=0.2.1 in /home/crsnell/.local/lib/python3.6/site-packages (from google-auth<2,>=1.6.3->tensorboard<2.7,>=2.6.0->tensorflow) (0.3.0)
Requirement already satisfied: requests-oauthlib>=0.7.0 in /home/crsnell/.local/lib/python3.6/site-packages (from google-auth-oauthlib<0.5,>=0.4.1->tensorboard<2.7,>=2.6.0->tensorflow) (2.0.0)
Requirement already satisfied: importlib-metadata>=4.4 in /home/crsnell/.local/lib/python3.6/site-packages (from markdown>=2.6.8->tensorboard<2.7,>=2.6.0->tensorflow) (4.8.3)
Requirement already satisfied: idna<4,>=2.5 in /usr/lib/python3.6/site-packages (from requests<3,>=2.21.0->tensorboard<2.7,>=2.6.0->tensorflow) (2.5)
Requirement already satisfied: charset-normalizer~=2.0.0 in /home/crsnell/.local/lib/python3.6/site-packages (from requests<3,>=2.21.0->tensorboard<2.7,>=2.6.0->tensorflow) (2.0.12)
Requirement already satisfied: urllib3<1.27,>=1.21.1 in /usr/lib/python3.6/site-packages (from requests<3,>=2.21.0->tensorboard<2.7,>=2.6.0->tensorflow) (1.24.2)
Requirement already satisfied: certifi>=2017.4.17 in /home/crsnell/.local/lib/python3.6/site-packages (from requests<3,>=2.21.0->tensorboard<2.7,>=2.6.0->tensorflow) (2024.2.2)
Requirement already satisfied: dataclasses in /home/crsnell/.local/lib/python3.6/site-packages (from werkzeug>=0.11.15->tensorboard<2.7,>=2.6.0->tensorflow) (0.8)
Requirement already satisfied: zipp>=0.5 in /home/crsnell/.local/lib/python3.6/site-packages (from importlib-metadata>=4.4->markdown>=2.6.8->tensorboard<2.7,>=2.6.0->tensorflow) (3.6.0)
Requirement already satisfied: pyasn1<0.6.0,>=0.4.6 in /home/crsnell/.local/lib/python3.6/site-packages (from pyasn1-modules>=0.2.1->google-auth<2,>=1.6.3->tensorboard<2.7,>=2.6.0->tensorflow) (0.5.1)
Requirement already satisfied: oauthlib>=3.0.0 in /home/crsnell/.local/lib/python3.6/site-packages (from requests-oauthlib>=0.7.0->google-auth-oauthlib<0.5,>=0.4.1->tensorboard<2.7,>=2.6.0->tensorflow) (3.2.2)
Requirement already satisfied: scikit-learn in /home/crsnell/.local/lib/python3.6/site-packages (0.24.2)
Requirement already satisfied: joblib>=0.11 in /home/crsnell/.local/lib/python3.6/site-packages (from scikit-learn) (1.1.1)
Requirement already satisfied: numpy>=1.13.3 in /home/crsnell/.local/lib/python3.6/site-packages (from scikit-learn) (1.19.5)
Requirement already satisfied: scipy>=0.19.1 in /home/crsnell/.local/lib/python3.6/site-packages (from scikit-learn) (1.5.4)
Requirement already satisfied: threadpoolctl>=2.0.0 in /home/crsnell/.local/lib/python3.6/site-packages (from scikit-learn) (3.1.0)
Requirement already satisfied: keras in /home/crsnell/.local/lib/python3.6/site-packages (2.6.0)
Requirement already satisfied: numpy in /home/crsnell/.local/lib/python3.6/site-packages (1.19.5)

RUN_NAME: unique
RUN_NOTES: these are notes, if needed
DATASET_DIR: binned_by_drive_0
BINNING_POLICY: drive
NORM_POLICY: standard
CLASS_POLICY: binary

THRESHOLD: 0.05
random_state: 345
BATCH_SIZE: 32
DROPOUT_RATE: 0.2
dnn_layers: [77, 800, 2]

PATIENCE: 5
MAX_EPOCHS: 20
LEARNING_RATE: 0.001
GRAD_CLIP_NORM_MAX_NORM: 1.0

NaN values found in features, replacing with 0
Next Dataset . . .pca_val=40
Training with Seed=748
torch.Size([32, 40])
[40, 800, 2]
Epoch 1/20 - Loss: 0.7243, Acc: 0.5637
Validation Loss: 0.7326
Epoch 2/20 - Loss: 0.6526, Acc: 0.6288
Validation Loss: 0.6438
Epoch 3/20 - Loss: 0.6141, Acc: 0.6600
Validation Loss: 0.6562
Epoch 4/20 - Loss: 0.5779, Acc: 0.6839
Validation Loss: 0.7843
Epoch 5/20 - Loss: 0.5348, Acc: 0.7218
Validation Loss: 0.6769
Epoch 6/20 - Loss: 0.5324, Acc: 0.7331
Validation Loss: 0.7510
Epoch 7/20 - Loss: 0.5112, Acc: 0.7477
Validation Loss: 0.7374
Early stopping triggered
Test Accuracy: 0.6072186836518046
Confusion Matrix:
[[228 111]
 [ 74  58]]
Training with Seed=87209
torch.Size([32, 40])
[40, 800, 2]
Epoch 1/20 - Loss: 0.7124, Acc: 0.5896
Validation Loss: 0.6498
Epoch 2/20 - Loss: 0.6696, Acc: 0.6255
Validation Loss: 0.7403
Epoch 3/20 - Loss: 0.6047, Acc: 0.6620
Validation Loss: 0.6917
Epoch 4/20 - Loss: 0.5831, Acc: 0.6680
Validation Loss: 0.7040
Epoch 5/20 - Loss: 0.5371, Acc: 0.7238
Validation Loss: 0.6662
Epoch 6/20 - Loss: 0.5129, Acc: 0.7351
Validation Loss: 0.6802
Early stopping triggered
Test Accuracy: 0.6369426751592356
Confusion Matrix:
[[250  89]
 [ 82  50]]
Training with Seed=679
torch.Size([32, 40])
[40, 800, 2]
Epoch 1/20 - Loss: 0.7387, Acc: 0.5803
Validation Loss: 0.6782
Epoch 2/20 - Loss: 0.6410, Acc: 0.6288
Validation Loss: 0.6999
Epoch 3/20 - Loss: 0.6011, Acc: 0.6567
Validation Loss: 0.7211
Epoch 4/20 - Loss: 0.6223, Acc: 0.6567
Validation Loss: 0.6568
Epoch 5/20 - Loss: 0.5741, Acc: 0.6912
Validation Loss: 0.7366
Epoch 6/20 - Loss: 0.5377, Acc: 0.7251
Validation Loss: 0.7488
Epoch 7/20 - Loss: 0.5209, Acc: 0.7218
Validation Loss: 0.7541
Epoch 8/20 - Loss: 0.4871, Acc: 0.7623
Validation Loss: 0.7202
Epoch 9/20 - Loss: 0.4753, Acc: 0.7643
Validation Loss: 0.7054
Early stopping triggered
Test Accuracy: 0.5477707006369427
Confusion Matrix:
[[186 153]
 [ 60  72]]
Training with Seed=222
torch.Size([32, 40])
[40, 800, 2]
Epoch 1/20 - Loss: 0.7267, Acc: 0.5591
Validation Loss: 0.6779
Epoch 2/20 - Loss: 0.6640, Acc: 0.6262
Validation Loss: 0.6946
Epoch 3/20 - Loss: 0.6073, Acc: 0.6713
Validation Loss: 0.6706
Epoch 4/20 - Loss: 0.5972, Acc: 0.6819
Validation Loss: 0.6936
Epoch 5/20 - Loss: 0.5338, Acc: 0.7224
Validation Loss: 0.7406
Epoch 6/20 - Loss: 0.5395, Acc: 0.7337
Validation Loss: 0.7359
Epoch 7/20 - Loss: 0.5015, Acc: 0.7437
Validation Loss: 0.6605
Epoch 8/20 - Loss: 0.4732, Acc: 0.7835
Validation Loss: 0.7065
Epoch 9/20 - Loss: 0.4541, Acc: 0.7776
Validation Loss: 0.7732
Epoch 10/20 - Loss: 0.4348, Acc: 0.8015
Validation Loss: 0.7754
Epoch 11/20 - Loss: 0.4395, Acc: 0.8054
Validation Loss: 0.7184
Epoch 12/20 - Loss: 0.4293, Acc: 0.7875
Validation Loss: 0.7468
Early stopping triggered
Test Accuracy: 0.5307855626326964
Confusion Matrix:
[[184 155]
 [ 66  66]]
Training with Seed=62
torch.Size([32, 40])
[40, 800, 2]
Epoch 1/20 - Loss: 0.7290, Acc: 0.5657
Validation Loss: 0.6255
Epoch 2/20 - Loss: 0.6553, Acc: 0.6202
Validation Loss: 0.6776
Epoch 3/20 - Loss: 0.5914, Acc: 0.6846
Validation Loss: 0.6603
Epoch 4/20 - Loss: 0.5878, Acc: 0.6952
Validation Loss: 0.7319
Epoch 5/20 - Loss: 0.5385, Acc: 0.7085
Validation Loss: 0.6777
Epoch 6/20 - Loss: 0.5146, Acc: 0.7351
Validation Loss: 0.8004
Early stopping triggered
Test Accuracy: 0.5010615711252654
Confusion Matrix:
[[150 189]
 [ 46  86]]
Training with Seed=45
torch.Size([32, 40])
[40, 800, 2]
Epoch 1/20 - Loss: 0.7127, Acc: 0.5810
Validation Loss: 0.6788
Epoch 2/20 - Loss: 0.6605, Acc: 0.6361
Validation Loss: 0.7299
Epoch 3/20 - Loss: 0.6058, Acc: 0.6693
Validation Loss: 0.6630
Epoch 4/20 - Loss: 0.5704, Acc: 0.7012
Validation Loss: 0.6895
Epoch 5/20 - Loss: 0.5447, Acc: 0.7371
Validation Loss: 0.6969
Epoch 6/20 - Loss: 0.5233, Acc: 0.7357
Validation Loss: 0.6869
Epoch 7/20 - Loss: 0.4882, Acc: 0.7616
Validation Loss: 0.6391
Epoch 8/20 - Loss: 0.4813, Acc: 0.7616
Validation Loss: 0.6884
Epoch 9/20 - Loss: 0.4441, Acc: 0.7815
Validation Loss: 0.6909
Epoch 10/20 - Loss: 0.4184, Acc: 0.8068
Validation Loss: 0.6757
Epoch 11/20 - Loss: 0.4519, Acc: 0.7835
Validation Loss: 0.6869
Epoch 12/20 - Loss: 0.4237, Acc: 0.7981
Validation Loss: 0.7125
Early stopping triggered
Test Accuracy: 0.692144373673036
Confusion Matrix:
[[281  58]
 [ 87  45]]
Training with Seed=235
torch.Size([32, 40])
[40, 800, 2]
Epoch 1/20 - Loss: 0.7121, Acc: 0.5837
Validation Loss: 0.6691
Epoch 2/20 - Loss: 0.6331, Acc: 0.6474
Validation Loss: 0.6938
Epoch 3/20 - Loss: 0.5812, Acc: 0.6793
Validation Loss: 0.6885
Epoch 4/20 - Loss: 0.5927, Acc: 0.6700
Validation Loss: 0.7123
Epoch 5/20 - Loss: 0.5448, Acc: 0.7264
Validation Loss: 0.6488
Epoch 6/20 - Loss: 0.5242, Acc: 0.7291
Validation Loss: 0.6696
Epoch 7/20 - Loss: 0.5274, Acc: 0.7397
Validation Loss: 0.6709
Epoch 8/20 - Loss: 0.4880, Acc: 0.7656
Validation Loss: 0.7526
Epoch 9/20 - Loss: 0.4642, Acc: 0.7776
Validation Loss: 0.7698
Epoch 10/20 - Loss: 0.4410, Acc: 0.7961
Validation Loss: 0.7576
Early stopping triggered
Test Accuracy: 0.535031847133758
Confusion Matrix:
[[171 168]
 [ 51  81]]
Training with Seed=333
torch.Size([32, 40])
[40, 800, 2]
Epoch 1/20 - Loss: 0.7122, Acc: 0.5896
Validation Loss: 0.6894
Epoch 2/20 - Loss: 0.6341, Acc: 0.6567
Validation Loss: 0.6761
Epoch 3/20 - Loss: 0.6360, Acc: 0.6753
Validation Loss: 0.6827
Epoch 4/20 - Loss: 0.5687, Acc: 0.7025
Validation Loss: 0.6964
Epoch 5/20 - Loss: 0.5449, Acc: 0.7118
Validation Loss: 0.6908
Epoch 6/20 - Loss: 0.5045, Acc: 0.7510
Validation Loss: 0.6880
Epoch 7/20 - Loss: 0.5111, Acc: 0.7344
Validation Loss: 0.7060
Early stopping triggered
Test Accuracy: 0.6411889596602972
Confusion Matrix:
[[255  84]
 [ 85  47]]
Training with Seed=35744
torch.Size([32, 40])
[40, 800, 2]
Epoch 1/20 - Loss: 0.7239, Acc: 0.5677
Validation Loss: 0.6982
Epoch 2/20 - Loss: 0.6332, Acc: 0.6467
Validation Loss: 0.6672
Epoch 3/20 - Loss: 0.6170, Acc: 0.6534
Validation Loss: 0.6842
Epoch 4/20 - Loss: 0.5646, Acc: 0.7072
Validation Loss: 0.8804
Epoch 5/20 - Loss: 0.5704, Acc: 0.7012
Validation Loss: 0.7763
Epoch 6/20 - Loss: 0.5202, Acc: 0.7311
Validation Loss: 0.7127
Epoch 7/20 - Loss: 0.4998, Acc: 0.7364
Validation Loss: 0.7422
Early stopping triggered
Test Accuracy: 0.5180467091295117
Confusion Matrix:
[[169 170]
 [ 57  75]]
Training with Seed=2523
torch.Size([32, 40])
[40, 800, 2]
Epoch 1/20 - Loss: 0.7057, Acc: 0.5916
Validation Loss: 0.6979
Epoch 2/20 - Loss: 0.6361, Acc: 0.6580
Validation Loss: 0.7305
Epoch 3/20 - Loss: 0.6153, Acc: 0.6720
Validation Loss: 0.6902
Epoch 4/20 - Loss: 0.5778, Acc: 0.7032
Validation Loss: 0.7327
Epoch 5/20 - Loss: 0.5490, Acc: 0.7417
Validation Loss: 0.6863
Epoch 6/20 - Loss: 0.5081, Acc: 0.7397
Validation Loss: 0.6711
Epoch 7/20 - Loss: 0.5095, Acc: 0.7537
Validation Loss: 0.7070
Epoch 8/20 - Loss: 0.4600, Acc: 0.7869
Validation Loss: 0.7240
Epoch 9/20 - Loss: 0.4605, Acc: 0.7795
Validation Loss: 0.7116
Epoch 10/20 - Loss: 0.4881, Acc: 0.7709
Validation Loss: 0.6908
Epoch 11/20 - Loss: 0.4408, Acc: 0.7835
Validation Loss: 0.7521
Early stopping triggered
Test Accuracy: 0.5605095541401274
Confusion Matrix:
[[202 137]
 [ 70  62]]
Training with Seed=235
torch.Size([32, 40])
[40, 800, 2]
Epoch 1/20 - Loss: 0.7511, Acc: 0.5598
Validation Loss: 0.6626
Epoch 2/20 - Loss: 0.6705, Acc: 0.6162
Validation Loss: 0.7924
Epoch 3/20 - Loss: 0.6260, Acc: 0.6594
Validation Loss: 0.6644
Epoch 4/20 - Loss: 0.5769, Acc: 0.7005
Validation Loss: 0.7157
Epoch 5/20 - Loss: 0.5570, Acc: 0.7012
Validation Loss: 0.6961
Epoch 6/20 - Loss: 0.5393, Acc: 0.7198
Validation Loss: 0.6604
Epoch 7/20 - Loss: 0.4895, Acc: 0.7616
Validation Loss: 0.7613
Epoch 8/20 - Loss: 0.4847, Acc: 0.7649
Validation Loss: 0.6781
Epoch 9/20 - Loss: 0.4747, Acc: 0.7716
Validation Loss: 0.7910
Epoch 10/20 - Loss: 0.4344, Acc: 0.8088
Validation Loss: 0.7140
Epoch 11/20 - Loss: 0.4593, Acc: 0.7709
Validation Loss: 0.7682
Early stopping triggered
Test Accuracy: 0.5286624203821656
Confusion Matrix:
[[170 169]
 [ 53  79]]
Avg perf for seed=235: 0.5726693688477128
Next Dataset . . .pca_val=41
Training with Seed=748
torch.Size([32, 41])
[41, 800, 2]
Epoch 1/20 - Loss: 0.6976, Acc: 0.5989
Validation Loss: 0.7900
Epoch 2/20 - Loss: 0.6412, Acc: 0.6620
Validation Loss: 0.7814
Epoch 3/20 - Loss: 0.6131, Acc: 0.6560
Validation Loss: 0.7328
Epoch 4/20 - Loss: 0.5668, Acc: 0.7165
Validation Loss: 0.7056
Epoch 5/20 - Loss: 0.5362, Acc: 0.7244
Validation Loss: 0.6852
Epoch 6/20 - Loss: 0.5077, Acc: 0.7463
Validation Loss: 0.6871
Epoch 7/20 - Loss: 0.5188, Acc: 0.7178
Validation Loss: 0.6933
Epoch 8/20 - Loss: 0.4820, Acc: 0.7789
Validation Loss: 0.6943
Epoch 9/20 - Loss: 0.4827, Acc: 0.7736
Validation Loss: 0.7151
Epoch 10/20 - Loss: 0.4246, Acc: 0.7915
Validation Loss: 0.7949
Early stopping triggered
Test Accuracy: 0.5987261146496815
Confusion Matrix:
[[225 123]
 [ 66  57]]
Training with Seed=87209
torch.Size([32, 41])
[41, 800, 2]
Epoch 1/20 - Loss: 0.7119, Acc: 0.5863
Validation Loss: 0.6559
Epoch 2/20 - Loss: 0.6271, Acc: 0.6607
Validation Loss: 0.7045
Epoch 3/20 - Loss: 0.6488, Acc: 0.6547
Validation Loss: 0.6855
Epoch 4/20 - Loss: 0.5742, Acc: 0.7065
Validation Loss: 0.7921
Epoch 5/20 - Loss: 0.5690, Acc: 0.7138
Validation Loss: 0.8389
Epoch 6/20 - Loss: 0.5462, Acc: 0.7072
Validation Loss: 0.7338
Early stopping triggered
Test Accuracy: 0.5753715498938429
Confusion Matrix:
[[225 123]
 [ 77  46]]
Training with Seed=679
torch.Size([32, 41])
[41, 800, 2]
Epoch 1/20 - Loss: 0.6947, Acc: 0.5850
Validation Loss: 0.8483
Epoch 2/20 - Loss: 0.6594, Acc: 0.6501
Validation Loss: 0.7542
Epoch 3/20 - Loss: 0.6086, Acc: 0.6600
Validation Loss: 0.7608
Epoch 4/20 - Loss: 0.5935, Acc: 0.6985
Validation Loss: 0.7197
Epoch 5/20 - Loss: 0.5373, Acc: 0.7191
Validation Loss: 0.7303
Epoch 6/20 - Loss: 0.5496, Acc: 0.7231
Validation Loss: 0.7036
Epoch 7/20 - Loss: 0.5152, Acc: 0.7530
Validation Loss: 0.7495
Epoch 8/20 - Loss: 0.5144, Acc: 0.7397
Validation Loss: 0.7204
Epoch 9/20 - Loss: 0.4732, Acc: 0.7656
Validation Loss: 0.7672
Epoch 10/20 - Loss: 0.4422, Acc: 0.7942
Validation Loss: 0.7566
Epoch 11/20 - Loss: 0.4583, Acc: 0.7855
Validation Loss: 0.7132
Early stopping triggered
Test Accuracy: 0.6369426751592356
Confusion Matrix:
[[266  82]
 [ 89  34]]
Training with Seed=222
torch.Size([32, 41])
[41, 800, 2]
Epoch 1/20 - Loss: 0.7086, Acc: 0.5817
Validation Loss: 0.6778
Epoch 2/20 - Loss: 0.6478, Acc: 0.6394
Validation Loss: 0.7298
Epoch 3/20 - Loss: 0.6057, Acc: 0.6680
Validation Loss: 0.6850
Epoch 4/20 - Loss: 0.5707, Acc: 0.6886
Validation Loss: 0.6781
Epoch 5/20 - Loss: 0.5613, Acc: 0.7039
Validation Loss: 0.7221
Epoch 6/20 - Loss: 0.5311, Acc: 0.7317
Validation Loss: 0.6816
Early stopping triggered
Test Accuracy: 0.6560509554140127
Confusion Matrix:
[[276  72]
 [ 90  33]]
Training with Seed=62
torch.Size([32, 41])
[41, 800, 2]
Epoch 1/20 - Loss: 0.7273, Acc: 0.5823
Validation Loss: 0.6536
Epoch 2/20 - Loss: 0.6473, Acc: 0.6428
Validation Loss: 0.8105
Epoch 3/20 - Loss: 0.6196, Acc: 0.6853
Validation Loss: 0.7060
Epoch 4/20 - Loss: 0.5820, Acc: 0.6959
Validation Loss: 0.7045
Epoch 5/20 - Loss: 0.5532, Acc: 0.7072
Validation Loss: 0.7203
Epoch 6/20 - Loss: 0.5377, Acc: 0.7344
Validation Loss: 0.7000
Early stopping triggered
Test Accuracy: 0.5626326963906582
Confusion Matrix:
[[199 149]
 [ 57  66]]
Training with Seed=45
torch.Size([32, 41])
[41, 800, 2]
Epoch 1/20 - Loss: 0.7080, Acc: 0.5757
Validation Loss: 0.6213
Epoch 2/20 - Loss: 0.6468, Acc: 0.6341
Validation Loss: 0.7243
Epoch 3/20 - Loss: 0.5862, Acc: 0.6992
Validation Loss: 0.7454
Epoch 4/20 - Loss: 0.5744, Acc: 0.6912
Validation Loss: 0.7665
Epoch 5/20 - Loss: 0.5465, Acc: 0.7271
Validation Loss: 0.7601
Epoch 6/20 - Loss: 0.5324, Acc: 0.7224
Validation Loss: 0.7477
Early stopping triggered
Test Accuracy: 0.5668789808917197
Confusion Matrix:
[[201 147]
 [ 57  66]]
Training with Seed=235
torch.Size([32, 41])
[41, 800, 2]
Epoch 1/20 - Loss: 0.7247, Acc: 0.5724
Validation Loss: 0.6480
Epoch 2/20 - Loss: 0.6383, Acc: 0.6647
Validation Loss: 0.6998
Epoch 3/20 - Loss: 0.6157, Acc: 0.6687
Validation Loss: 0.6939
Epoch 4/20 - Loss: 0.5550, Acc: 0.7118
Validation Loss: 0.6495
Epoch 5/20 - Loss: 0.5444, Acc: 0.7284
Validation Loss: 0.6600
Epoch 6/20 - Loss: 0.5159, Acc: 0.7337
Validation Loss: 0.7435
Early stopping triggered
Test Accuracy: 0.5753715498938429
Confusion Matrix:
[[212 136]
 [ 64  59]]
Training with Seed=333
torch.Size([32, 41])
[41, 800, 2]
Epoch 1/20 - Loss: 0.7302, Acc: 0.5996
Validation Loss: 0.6930
Epoch 2/20 - Loss: 0.6496, Acc: 0.6368
Validation Loss: 0.7083
Epoch 3/20 - Loss: 0.6163, Acc: 0.6707
Validation Loss: 0.6653
Epoch 4/20 - Loss: 0.5950, Acc: 0.6859
Validation Loss: 0.7481
Epoch 5/20 - Loss: 0.5572, Acc: 0.7125
Validation Loss: 0.7360
Epoch 6/20 - Loss: 0.5558, Acc: 0.7238
Validation Loss: 0.6933
Epoch 7/20 - Loss: 0.4805, Acc: 0.7623
Validation Loss: 0.7679
Epoch 8/20 - Loss: 0.4691, Acc: 0.7729
Validation Loss: 0.8355
Early stopping triggered
Test Accuracy: 0.4989384288747346
Confusion Matrix:
[[141 207]
 [ 29  94]]
Training with Seed=35744
torch.Size([32, 41])
[41, 800, 2]
Epoch 1/20 - Loss: 0.6993, Acc: 0.5823
Validation Loss: 0.7003
Epoch 2/20 - Loss: 0.6545, Acc: 0.6428
Validation Loss: 0.7072
Epoch 3/20 - Loss: 0.6297, Acc: 0.6521
Validation Loss: 0.7087
Epoch 4/20 - Loss: 0.5812, Acc: 0.6713
Validation Loss: 0.6955
Epoch 5/20 - Loss: 0.5313, Acc: 0.7331
Validation Loss: 0.7066
Epoch 6/20 - Loss: 0.5147, Acc: 0.7397
Validation Loss: 0.8017
Epoch 7/20 - Loss: 0.5365, Acc: 0.7218
Validation Loss: 0.7406
Epoch 8/20 - Loss: 0.5624, Acc: 0.7218
Validation Loss: 0.7648
Epoch 9/20 - Loss: 0.4808, Acc: 0.7550
Validation Loss: 0.7834
Early stopping triggered
Test Accuracy: 0.5902335456475584
Confusion Matrix:
[[205 143]
 [ 50  73]]
Training with Seed=2523
torch.Size([32, 41])
[41, 800, 2]
Epoch 1/20 - Loss: 0.7244, Acc: 0.5857
Validation Loss: 0.6875
Epoch 2/20 - Loss: 0.6675, Acc: 0.6222
Validation Loss: 0.8020
Epoch 3/20 - Loss: 0.6043, Acc: 0.6687
Validation Loss: 0.6705
Epoch 4/20 - Loss: 0.6055, Acc: 0.6853
Validation Loss: 0.7517
Epoch 5/20 - Loss: 0.5691, Acc: 0.7072
Validation Loss: 0.6963
Epoch 6/20 - Loss: 0.5523, Acc: 0.7151
Validation Loss: 0.7846
Epoch 7/20 - Loss: 0.5341, Acc: 0.7278
Validation Loss: 0.7322
Epoch 8/20 - Loss: 0.4977, Acc: 0.7543
Validation Loss: 0.7444
Early stopping triggered
Test Accuracy: 0.5923566878980892
Confusion Matrix:
[[232 116]
 [ 76  47]]
Training with Seed=235
torch.Size([32, 41])
[41, 800, 2]
Epoch 1/20 - Loss: 0.7186, Acc: 0.5664
Validation Loss: 0.7500
Epoch 2/20 - Loss: 0.6742, Acc: 0.6235
Validation Loss: 0.7008
Epoch 3/20 - Loss: 0.6050, Acc: 0.6594
Validation Loss: 0.6894
Epoch 4/20 - Loss: 0.5543, Acc: 0.7078
Validation Loss: 0.8360
Epoch 5/20 - Loss: 0.5661, Acc: 0.7185
Validation Loss: 0.7934
Epoch 6/20 - Loss: 0.5541, Acc: 0.7165
Validation Loss: 0.6767
Epoch 7/20 - Loss: 0.5110, Acc: 0.7550
Validation Loss: 0.7201
Epoch 8/20 - Loss: 0.4816, Acc: 0.7703
Validation Loss: 0.7175
Epoch 9/20 - Loss: 0.4682, Acc: 0.7855
Validation Loss: 0.8061
Epoch 10/20 - Loss: 0.4686, Acc: 0.7895
Validation Loss: 0.7578
Epoch 11/20 - Loss: 0.4374, Acc: 0.8054
Validation Loss: 0.7731
Early stopping triggered
Test Accuracy: 0.6093418259023354
Confusion Matrix:
[[236 112]
 [ 72  51]]
Avg perf for seed=235: 0.5875313646014283
Next Dataset . . .pca_val=42
Training with Seed=748
torch.Size([32, 42])
[42, 800, 2]
Epoch 1/20 - Loss: 0.7181, Acc: 0.5863
Validation Loss: 0.6429
Epoch 2/20 - Loss: 0.6476, Acc: 0.6348
Validation Loss: 0.7230
Epoch 3/20 - Loss: 0.6133, Acc: 0.6580
Validation Loss: 0.6627
Epoch 4/20 - Loss: 0.5692, Acc: 0.6965
Validation Loss: 0.6953
Epoch 5/20 - Loss: 0.5698, Acc: 0.6952
Validation Loss: 0.7975
Epoch 6/20 - Loss: 0.5148, Acc: 0.7463
Validation Loss: 0.7207
Early stopping triggered
Test Accuracy: 0.6263269639065817
Confusion Matrix:
[[243 105]
 [ 71  52]]
Training with Seed=87209
torch.Size([32, 42])
[42, 800, 2]
Epoch 1/20 - Loss: 0.7468, Acc: 0.5637
Validation Loss: 0.8250
Epoch 2/20 - Loss: 0.6623, Acc: 0.6268
Validation Loss: 0.6812
Epoch 3/20 - Loss: 0.6105, Acc: 0.6773
Validation Loss: 0.7430
Epoch 4/20 - Loss: 0.5814, Acc: 0.6873
Validation Loss: 0.7494
Epoch 5/20 - Loss: 0.5681, Acc: 0.6932
Validation Loss: 0.7037
Epoch 6/20 - Loss: 0.5271, Acc: 0.7377
Validation Loss: 0.7162
Epoch 7/20 - Loss: 0.5115, Acc: 0.7404
Validation Loss: 0.7470
Early stopping triggered
Test Accuracy: 0.5329087048832272
Confusion Matrix:
[[164 184]
 [ 36  87]]
Training with Seed=679
torch.Size([32, 42])
[42, 800, 2]
Epoch 1/20 - Loss: 0.7316, Acc: 0.5704
Validation Loss: 0.6794
Epoch 2/20 - Loss: 0.6548, Acc: 0.6348
Validation Loss: 0.6323
Epoch 3/20 - Loss: 0.6002, Acc: 0.6859
Validation Loss: 0.6634
Epoch 4/20 - Loss: 0.5735, Acc: 0.6892
Validation Loss: 0.6691
Epoch 5/20 - Loss: 0.5496, Acc: 0.7039
Validation Loss: 0.6684
Epoch 6/20 - Loss: 0.5234, Acc: 0.7278
Validation Loss: 0.7249
Epoch 7/20 - Loss: 0.5376, Acc: 0.7238
Validation Loss: 0.7716
Early stopping triggered
Test Accuracy: 0.5201698513800425
Confusion Matrix:
[[155 193]
 [ 33  90]]
Training with Seed=222
torch.Size([32, 42])
[42, 800, 2]
Epoch 1/20 - Loss: 0.7263, Acc: 0.5744
Validation Loss: 0.8084
Epoch 2/20 - Loss: 0.6417, Acc: 0.6501
Validation Loss: 0.6747
Epoch 3/20 - Loss: 0.6128, Acc: 0.6667
Validation Loss: 0.7427
Epoch 4/20 - Loss: 0.6184, Acc: 0.6760
Validation Loss: 0.7748
Epoch 5/20 - Loss: 0.5652, Acc: 0.7085
Validation Loss: 0.7441
Epoch 6/20 - Loss: 0.5212, Acc: 0.7437
Validation Loss: 0.6796
Epoch 7/20 - Loss: 0.4986, Acc: 0.7676
Validation Loss: 0.7165
Early stopping triggered
Test Accuracy: 0.5944798301486199
Confusion Matrix:
[[226 122]
 [ 69  54]]
Training with Seed=62
torch.Size([32, 42])
[42, 800, 2]
Epoch 1/20 - Loss: 0.7384, Acc: 0.5538
Validation Loss: 0.6826
Epoch 2/20 - Loss: 0.6482, Acc: 0.6560
Validation Loss: 0.7417
Epoch 3/20 - Loss: 0.6049, Acc: 0.6806
Validation Loss: 0.7051
Epoch 4/20 - Loss: 0.5910, Acc: 0.6753
Validation Loss: 0.7059
Epoch 5/20 - Loss: 0.5541, Acc: 0.7131
Validation Loss: 0.6999
Epoch 6/20 - Loss: 0.5164, Acc: 0.7410
Validation Loss: 0.7984
Early stopping triggered
Test Accuracy: 0.5180467091295117
Confusion Matrix:
[[154 194]
 [ 33  90]]
Training with Seed=45
torch.Size([32, 42])
[42, 800, 2]
Epoch 1/20 - Loss: 0.6984, Acc: 0.5876
Validation Loss: 0.7644
Epoch 2/20 - Loss: 0.6493, Acc: 0.6474
Validation Loss: 0.6883
Epoch 3/20 - Loss: 0.6102, Acc: 0.6693
Validation Loss: 0.6943
Epoch 4/20 - Loss: 0.5683, Acc: 0.7005
Validation Loss: 0.6393
Epoch 5/20 - Loss: 0.5632, Acc: 0.7098
Validation Loss: 0.6889
Epoch 6/20 - Loss: 0.5415, Acc: 0.7118
Validation Loss: 0.6959
Epoch 7/20 - Loss: 0.4815, Acc: 0.7689
Validation Loss: 0.6906
Epoch 8/20 - Loss: 0.4606, Acc: 0.7789
Validation Loss: 0.7485
Epoch 9/20 - Loss: 0.4488, Acc: 0.7902
Validation Loss: 0.7263
Early stopping triggered
Test Accuracy: 0.6411889596602972
Confusion Matrix:
[[257  91]
 [ 78  45]]
Training with Seed=235
torch.Size([32, 42])
[42, 800, 2]
Epoch 1/20 - Loss: 0.7128, Acc: 0.5876
Validation Loss: 0.8820
Epoch 2/20 - Loss: 0.6487, Acc: 0.6560
Validation Loss: 0.7565
Epoch 3/20 - Loss: 0.5987, Acc: 0.6640
Validation Loss: 0.7361
Epoch 4/20 - Loss: 0.5691, Acc: 0.7138
Validation Loss: 0.6640
Epoch 5/20 - Loss: 0.5497, Acc: 0.7092
Validation Loss: 0.7018
Epoch 6/20 - Loss: 0.5184, Acc: 0.7629
Validation Loss: 0.7245
Epoch 7/20 - Loss: 0.4897, Acc: 0.7596
Validation Loss: 0.8184
Epoch 8/20 - Loss: 0.5010, Acc: 0.7390
Validation Loss: 0.6955
Epoch 9/20 - Loss: 0.4346, Acc: 0.7875
Validation Loss: 0.7428
Early stopping triggered
Test Accuracy: 0.5732484076433121
Confusion Matrix:
[[199 149]
 [ 52  71]]
Training with Seed=333
torch.Size([32, 42])
[42, 800, 2]
Epoch 1/20 - Loss: 0.7478, Acc: 0.5697
Validation Loss: 0.7475
Epoch 2/20 - Loss: 0.6543, Acc: 0.6368
Validation Loss: 0.7109
Epoch 3/20 - Loss: 0.6076, Acc: 0.6819
Validation Loss: 0.6910
Epoch 4/20 - Loss: 0.5959, Acc: 0.6886
Validation Loss: 0.7042
Epoch 5/20 - Loss: 0.5693, Acc: 0.7092
Validation Loss: 0.6856
Epoch 6/20 - Loss: 0.5325, Acc: 0.7470
Validation Loss: 0.6819
Epoch 7/20 - Loss: 0.5014, Acc: 0.7463
Validation Loss: 0.7266
Epoch 8/20 - Loss: 0.4727, Acc: 0.7736
Validation Loss: 0.7318
Epoch 9/20 - Loss: 0.4462, Acc: 0.7815
Validation Loss: 0.6788
Epoch 10/20 - Loss: 0.4527, Acc: 0.7815
Validation Loss: 0.7002
Epoch 11/20 - Loss: 0.4538, Acc: 0.7895
Validation Loss: 0.7916
Epoch 12/20 - Loss: 0.4355, Acc: 0.7895
Validation Loss: 0.7360
Epoch 13/20 - Loss: 0.4037, Acc: 0.8167
Validation Loss: 0.7104
Epoch 14/20 - Loss: 0.4361, Acc: 0.7789
Validation Loss: 0.7457
Early stopping triggered
Test Accuracy: 0.5966029723991507
Confusion Matrix:
[[237 111]
 [ 79  44]]
Training with Seed=35744
torch.Size([32, 42])
[42, 800, 2]
Epoch 1/20 - Loss: 0.7093, Acc: 0.5837
Validation Loss: 0.7075
Epoch 2/20 - Loss: 0.6367, Acc: 0.6494
Validation Loss: 0.7096
Epoch 3/20 - Loss: 0.6111, Acc: 0.6806
Validation Loss: 0.6867
Epoch 4/20 - Loss: 0.6029, Acc: 0.6819
Validation Loss: 0.7790
Epoch 5/20 - Loss: 0.5762, Acc: 0.7019
Validation Loss: 0.6553
Epoch 6/20 - Loss: 0.5130, Acc: 0.7543
Validation Loss: 0.7697
Epoch 7/20 - Loss: 0.5038, Acc: 0.7576
Validation Loss: 0.7563
Epoch 8/20 - Loss: 0.4670, Acc: 0.7603
Validation Loss: 0.7968
Epoch 9/20 - Loss: 0.5028, Acc: 0.7663
Validation Loss: 0.6702
Epoch 10/20 - Loss: 0.4774, Acc: 0.7590
Validation Loss: 0.7093
Early stopping triggered
Test Accuracy: 0.5987261146496815
Confusion Matrix:
[[204 144]
 [ 45  78]]
Training with Seed=2523
torch.Size([32, 42])
[42, 800, 2]
Epoch 1/20 - Loss: 0.7131, Acc: 0.5870
Validation Loss: 0.7920
Epoch 2/20 - Loss: 0.6508, Acc: 0.6135
Validation Loss: 0.7699
Epoch 3/20 - Loss: 0.6163, Acc: 0.6627
Validation Loss: 0.7739
Epoch 4/20 - Loss: 0.5939, Acc: 0.6926
Validation Loss: 0.7416
Epoch 5/20 - Loss: 0.5682, Acc: 0.6999
Validation Loss: 0.6996
Epoch 6/20 - Loss: 0.5474, Acc: 0.7317
Validation Loss: 0.6703
Epoch 7/20 - Loss: 0.4946, Acc: 0.7610
Validation Loss: 0.6801
Epoch 8/20 - Loss: 0.5095, Acc: 0.7603
Validation Loss: 0.6746
Epoch 9/20 - Loss: 0.4748, Acc: 0.7649
Validation Loss: 0.6852
Epoch 10/20 - Loss: 0.4453, Acc: 0.7855
Validation Loss: 0.7664
Epoch 11/20 - Loss: 0.4508, Acc: 0.8008
Validation Loss: 0.7215
Early stopping triggered
Test Accuracy: 0.6390658174097664
Confusion Matrix:
[[255  93]
 [ 77  46]]
Training with Seed=235
torch.Size([32, 42])
[42, 800, 2]
Epoch 1/20 - Loss: 0.7229, Acc: 0.5710
Validation Loss: 0.7013
Epoch 2/20 - Loss: 0.6306, Acc: 0.6394
Validation Loss: 0.6645
Epoch 3/20 - Loss: 0.6106, Acc: 0.6633
Validation Loss: 0.6751
Epoch 4/20 - Loss: 0.5739, Acc: 0.7065
Validation Loss: 0.6658
Epoch 5/20 - Loss: 0.5644, Acc: 0.7224
Validation Loss: 0.6873
Epoch 6/20 - Loss: 0.5450, Acc: 0.7045
Validation Loss: 0.7311
Epoch 7/20 - Loss: 0.5065, Acc: 0.7437
Validation Loss: 0.7697
Early stopping triggered
Test Accuracy: 0.5881104033970276
Confusion Matrix:
[[201 147]
 [ 47  76]]
Avg perf for seed=235: 0.5844431576915652
Next Dataset . . .pca_val=43
Training with Seed=748
torch.Size([32, 43])
[43, 800, 2]
Epoch 1/20 - Loss: 0.7090, Acc: 0.6089
Validation Loss: 0.6529
Epoch 2/20 - Loss: 0.6537, Acc: 0.6501
Validation Loss: 0.7452
Epoch 3/20 - Loss: 0.5821, Acc: 0.7045
Validation Loss: 0.8254
Epoch 4/20 - Loss: 0.5783, Acc: 0.6853
Validation Loss: 0.6980
Epoch 5/20 - Loss: 0.5672, Acc: 0.7078
Validation Loss: 0.7591
Epoch 6/20 - Loss: 0.5263, Acc: 0.7417
Validation Loss: 0.6583
Early stopping triggered
Test Accuracy: 0.6326963906581741
Confusion Matrix:
[[258  90]
 [ 83  40]]
Training with Seed=87209
torch.Size([32, 43])
[43, 800, 2]
Epoch 1/20 - Loss: 0.7054, Acc: 0.5843
Validation Loss: 0.7024
Epoch 2/20 - Loss: 0.6578, Acc: 0.6361
Validation Loss: 0.6856
Epoch 3/20 - Loss: 0.5990, Acc: 0.6587
Validation Loss: 0.6657
Epoch 4/20 - Loss: 0.5765, Acc: 0.7138
Validation Loss: 0.7496
Epoch 5/20 - Loss: 0.5478, Acc: 0.7112
Validation Loss: 0.7019
Epoch 6/20 - Loss: 0.5271, Acc: 0.7424
Validation Loss: 0.6599
Epoch 7/20 - Loss: 0.5180, Acc: 0.7410
Validation Loss: 0.6759
Epoch 8/20 - Loss: 0.4691, Acc: 0.7809
Validation Loss: 0.7114
Epoch 9/20 - Loss: 0.4512, Acc: 0.7995
Validation Loss: 0.6696
Epoch 10/20 - Loss: 0.4256, Acc: 0.7988
Validation Loss: 0.7636
Epoch 11/20 - Loss: 0.4197, Acc: 0.8048
Validation Loss: 0.7142
Early stopping triggered
Test Accuracy: 0.6369426751592356
Confusion Matrix:
[[261  87]
 [ 84  39]]
Training with Seed=679
torch.Size([32, 43])
[43, 800, 2]
Epoch 1/20 - Loss: 0.7682, Acc: 0.5531
Validation Loss: 0.8683
Epoch 2/20 - Loss: 0.6448, Acc: 0.6394
Validation Loss: 0.6670
Epoch 3/20 - Loss: 0.6063, Acc: 0.6567
Validation Loss: 0.7881
Epoch 4/20 - Loss: 0.5844, Acc: 0.6793
Validation Loss: 0.6712
Epoch 5/20 - Loss: 0.5649, Acc: 0.7198
Validation Loss: 0.7788
Epoch 6/20 - Loss: 0.5375, Acc: 0.7337
Validation Loss: 0.6860
Epoch 7/20 - Loss: 0.4948, Acc: 0.7390
Validation Loss: 0.7735
Early stopping triggered
Test Accuracy: 0.564755838641189
Confusion Matrix:
[[209 139]
 [ 66  57]]
Training with Seed=222
torch.Size([32, 43])
[43, 800, 2]
Epoch 1/20 - Loss: 0.6947, Acc: 0.5963
Validation Loss: 0.7367
Epoch 2/20 - Loss: 0.6649, Acc: 0.6262
Validation Loss: 0.6481
Epoch 3/20 - Loss: 0.6093, Acc: 0.6607
Validation Loss: 0.6718
Epoch 4/20 - Loss: 0.5659, Acc: 0.6932
Validation Loss: 0.7185
Epoch 5/20 - Loss: 0.5366, Acc: 0.7258
Validation Loss: 0.6802
Epoch 6/20 - Loss: 0.5170, Acc: 0.7371
Validation Loss: 0.8163
Epoch 7/20 - Loss: 0.5206, Acc: 0.7537
Validation Loss: 0.7185
Early stopping triggered
Test Accuracy: 0.6072186836518046
Confusion Matrix:
[[239 109]
 [ 76  47]]
Training with Seed=62
torch.Size([32, 43])
[43, 800, 2]
Epoch 1/20 - Loss: 0.6917, Acc: 0.5936
Validation Loss: 0.6476
Epoch 2/20 - Loss: 0.6170, Acc: 0.6633
Validation Loss: 0.7344
Epoch 3/20 - Loss: 0.6185, Acc: 0.6707
Validation Loss: 0.7650
Epoch 4/20 - Loss: 0.5899, Acc: 0.6839
Validation Loss: 0.8369
Epoch 5/20 - Loss: 0.5540, Acc: 0.7145
Validation Loss: 0.7325
Epoch 6/20 - Loss: 0.5290, Acc: 0.7211
Validation Loss: 0.7475
Early stopping triggered
Test Accuracy: 0.5562632696390658
Confusion Matrix:
[[186 162]
 [ 47  76]]
Training with Seed=45
torch.Size([32, 43])
[43, 800, 2]
Epoch 1/20 - Loss: 0.7062, Acc: 0.5910
Validation Loss: 0.6583
Epoch 2/20 - Loss: 0.6371, Acc: 0.6600
Validation Loss: 0.8035
Epoch 3/20 - Loss: 0.6073, Acc: 0.6687
Validation Loss: 0.7477
Epoch 4/20 - Loss: 0.5500, Acc: 0.7131
Validation Loss: 0.7617
Epoch 5/20 - Loss: 0.5325, Acc: 0.7264
Validation Loss: 0.7333
Epoch 6/20 - Loss: 0.5297, Acc: 0.7397
Validation Loss: 0.7181
Early stopping triggered
Test Accuracy: 0.5605095541401274
Confusion Matrix:
[[187 161]
 [ 46  77]]
Training with Seed=235
torch.Size([32, 43])
[43, 800, 2]
Epoch 1/20 - Loss: 0.7188, Acc: 0.5903
Validation Loss: 0.6989
Epoch 2/20 - Loss: 0.6641, Acc: 0.6062
Validation Loss: 0.7005
Epoch 3/20 - Loss: 0.6681, Acc: 0.6428
Validation Loss: 0.6641
Epoch 4/20 - Loss: 0.5800, Acc: 0.6839
Validation Loss: 0.7543
Epoch 5/20 - Loss: 0.5783, Acc: 0.7058
Validation Loss: 0.6958
Epoch 6/20 - Loss: 0.5278, Acc: 0.7331
Validation Loss: 0.6797
Epoch 7/20 - Loss: 0.5265, Acc: 0.7377
Validation Loss: 0.7634
Epoch 8/20 - Loss: 0.4997, Acc: 0.7689
Validation Loss: 0.6962
Early stopping triggered
Test Accuracy: 0.6157112526539278
Confusion Matrix:
[[247 101]
 [ 80  43]]
Training with Seed=333
torch.Size([32, 43])
[43, 800, 2]
Epoch 1/20 - Loss: 0.7040, Acc: 0.6049
Validation Loss: 0.7506
Epoch 2/20 - Loss: 0.6577, Acc: 0.6208
Validation Loss: 0.7744
Epoch 3/20 - Loss: 0.5984, Acc: 0.6726
Validation Loss: 0.6599
Epoch 4/20 - Loss: 0.5849, Acc: 0.6965
Validation Loss: 0.7416
Epoch 5/20 - Loss: 0.5263, Acc: 0.7377
Validation Loss: 0.7358
Epoch 6/20 - Loss: 0.5266, Acc: 0.7251
Validation Loss: 0.7211
Epoch 7/20 - Loss: 0.4815, Acc: 0.7517
Validation Loss: 0.6990
Epoch 8/20 - Loss: 0.4700, Acc: 0.7769
Validation Loss: 0.7012
Early stopping triggered
Test Accuracy: 0.6454352441613588
Confusion Matrix:
[[264  84]
 [ 83  40]]
Training with Seed=35744
torch.Size([32, 43])
[43, 800, 2]
Epoch 1/20 - Loss: 0.7046, Acc: 0.5823
Validation Loss: 0.6906
Epoch 2/20 - Loss: 0.6496, Acc: 0.6348
Validation Loss: 0.6597
Epoch 3/20 - Loss: 0.5996, Acc: 0.6833
Validation Loss: 0.7188
Epoch 4/20 - Loss: 0.5721, Acc: 0.6999
Validation Loss: 0.6793
Epoch 5/20 - Loss: 0.5477, Acc: 0.7158
Validation Loss: 0.7513
Epoch 6/20 - Loss: 0.4995, Acc: 0.7583
Validation Loss: 0.7279
Epoch 7/20 - Loss: 0.4879, Acc: 0.7636
Validation Loss: 0.6788
Early stopping triggered
Test Accuracy: 0.6390658174097664
Confusion Matrix:
[[259  89]
 [ 81  42]]
Training with Seed=2523
torch.Size([32, 43])
[43, 800, 2]
Epoch 1/20 - Loss: 0.6809, Acc: 0.6069
Validation Loss: 0.7585
Epoch 2/20 - Loss: 0.6428, Acc: 0.6381
Validation Loss: 0.7485
Epoch 3/20 - Loss: 0.6159, Acc: 0.6521
Validation Loss: 0.7197
Epoch 4/20 - Loss: 0.5951, Acc: 0.7085
Validation Loss: 0.6573
Epoch 5/20 - Loss: 0.5516, Acc: 0.7072
Validation Loss: 0.7240
Epoch 6/20 - Loss: 0.5087, Acc: 0.7417
Validation Loss: 0.7046
Epoch 7/20 - Loss: 0.5029, Acc: 0.7503
Validation Loss: 0.6661
Epoch 8/20 - Loss: 0.4592, Acc: 0.7782
Validation Loss: 0.8615
Epoch 9/20 - Loss: 0.4648, Acc: 0.7829
Validation Loss: 0.6963
Early stopping triggered
Test Accuracy: 0.6475583864118896
Confusion Matrix:
[[265  83]
 [ 83  40]]
Training with Seed=235
torch.Size([32, 43])
[43, 800, 2]
Epoch 1/20 - Loss: 0.7227, Acc: 0.5691
Validation Loss: 0.7513
Epoch 2/20 - Loss: 0.6390, Acc: 0.6521
Validation Loss: 0.7135
Epoch 3/20 - Loss: 0.6215, Acc: 0.6647
Validation Loss: 0.6979
Epoch 4/20 - Loss: 0.5899, Acc: 0.6687
Validation Loss: 0.6555
Epoch 5/20 - Loss: 0.5704, Acc: 0.6892
Validation Loss: 0.6628
Epoch 6/20 - Loss: 0.5625, Acc: 0.7304
Validation Loss: 0.6775
Epoch 7/20 - Loss: 0.5185, Acc: 0.7357
Validation Loss: 0.7221
Epoch 8/20 - Loss: 0.4910, Acc: 0.7510
Validation Loss: 0.7428
Epoch 9/20 - Loss: 0.4625, Acc: 0.7869
Validation Loss: 0.8215
Early stopping triggered
Test Accuracy: 0.5371549893842887
Confusion Matrix:
[[169 179]
 [ 39  84]]
Avg perf for seed=235: 0.6039374638100751
Next Dataset . . .pca_val=44
Training with Seed=748
torch.Size([32, 44])
[44, 800, 2]
Epoch 1/20 - Loss: 0.7205, Acc: 0.6029
Validation Loss: 0.6982
Epoch 2/20 - Loss: 0.6316, Acc: 0.6401
Validation Loss: 0.7287
Epoch 3/20 - Loss: 0.6118, Acc: 0.6614
Validation Loss: 0.7195
Epoch 4/20 - Loss: 0.5703, Acc: 0.7191
Validation Loss: 0.7672
Epoch 5/20 - Loss: 0.5440, Acc: 0.7304
Validation Loss: 0.6712
Epoch 6/20 - Loss: 0.5024, Acc: 0.7457
Validation Loss: 0.7044
Epoch 7/20 - Loss: 0.5287, Acc: 0.7224
Validation Loss: 0.6969
Epoch 8/20 - Loss: 0.4773, Acc: 0.7603
Validation Loss: 0.6796
Epoch 9/20 - Loss: 0.4590, Acc: 0.7895
Validation Loss: 0.8333
Epoch 10/20 - Loss: 0.4290, Acc: 0.7928
Validation Loss: 0.8161
Early stopping triggered
Test Accuracy: 0.5392781316348195
Confusion Matrix:
[[183 165]
 [ 52  71]]
Training with Seed=87209
torch.Size([32, 44])
[44, 800, 2]
Epoch 1/20 - Loss: 0.7159, Acc: 0.5936
Validation Loss: 0.7067
Epoch 2/20 - Loss: 0.6584, Acc: 0.6328
Validation Loss: 0.7235
Epoch 3/20 - Loss: 0.6184, Acc: 0.6633
Validation Loss: 0.6481
Epoch 4/20 - Loss: 0.6225, Acc: 0.6766
Validation Loss: 0.6854
Epoch 5/20 - Loss: 0.5527, Acc: 0.7052
Validation Loss: 0.6751
Epoch 6/20 - Loss: 0.5030, Acc: 0.7510
Validation Loss: 0.6525
Epoch 7/20 - Loss: 0.5124, Acc: 0.7357
Validation Loss: 0.7098
Epoch 8/20 - Loss: 0.4953, Acc: 0.7543
Validation Loss: 0.6932
Early stopping triggered
Test Accuracy: 0.6305732484076433
Confusion Matrix:
[[260  88]
 [ 86  37]]
Training with Seed=679
torch.Size([32, 44])
[44, 800, 2]
Epoch 1/20 - Loss: 0.7025, Acc: 0.5817
Validation Loss: 0.6765
Epoch 2/20 - Loss: 0.6339, Acc: 0.6594
Validation Loss: 0.6528
Epoch 3/20 - Loss: 0.6043, Acc: 0.6766
Validation Loss: 0.6776
Epoch 4/20 - Loss: 0.5719, Acc: 0.7019
Validation Loss: 0.7184
Epoch 5/20 - Loss: 0.5353, Acc: 0.7264
Validation Loss: 0.7663
Epoch 6/20 - Loss: 0.5352, Acc: 0.7317
Validation Loss: 0.6610
Epoch 7/20 - Loss: 0.5266, Acc: 0.7517
Validation Loss: 0.7433
Early stopping triggered
Test Accuracy: 0.5414012738853503
Confusion Matrix:
[[179 169]
 [ 47  76]]
Training with Seed=222
torch.Size([32, 44])
[44, 800, 2]
Epoch 1/20 - Loss: 0.6740, Acc: 0.5943
Validation Loss: 0.6470
Epoch 2/20 - Loss: 0.6303, Acc: 0.6541
Validation Loss: 0.6823
Epoch 3/20 - Loss: 0.6197, Acc: 0.6580
Validation Loss: 0.7873
Epoch 4/20 - Loss: 0.5912, Acc: 0.6985
Validation Loss: 0.7591
Epoch 5/20 - Loss: 0.5355, Acc: 0.7424
Validation Loss: 0.7241
Epoch 6/20 - Loss: 0.5159, Acc: 0.7450
Validation Loss: 0.7278
Early stopping triggered
Test Accuracy: 0.5201698513800425
Confusion Matrix:
[[167 181]
 [ 45  78]]
Training with Seed=62
torch.Size([32, 44])
[44, 800, 2]
Epoch 1/20 - Loss: 0.7229, Acc: 0.5943
Validation Loss: 0.6748
Epoch 2/20 - Loss: 0.6393, Acc: 0.6321
Validation Loss: 0.7138
Epoch 3/20 - Loss: 0.6234, Acc: 0.6514
Validation Loss: 0.6906
Epoch 4/20 - Loss: 0.5608, Acc: 0.7025
Validation Loss: 0.7874
Epoch 5/20 - Loss: 0.5571, Acc: 0.7244
Validation Loss: 0.7010
Epoch 6/20 - Loss: 0.5151, Acc: 0.7390
Validation Loss: 0.6810
Early stopping triggered
Test Accuracy: 0.6263269639065817
Confusion Matrix:
[[253  95]
 [ 81  42]]
Training with Seed=45
torch.Size([32, 44])
[44, 800, 2]
Epoch 1/20 - Loss: 0.7216, Acc: 0.5903
Validation Loss: 0.7034
Epoch 2/20 - Loss: 0.6385, Acc: 0.6321
Validation Loss: 0.7657
Epoch 3/20 - Loss: 0.6352, Acc: 0.6667
Validation Loss: 0.7093
Epoch 4/20 - Loss: 0.5746, Acc: 0.6932
Validation Loss: 0.7388
Epoch 5/20 - Loss: 0.5556, Acc: 0.7112
Validation Loss: 0.7683
Epoch 6/20 - Loss: 0.5334, Acc: 0.7530
Validation Loss: 0.6904
Epoch 7/20 - Loss: 0.5098, Acc: 0.7483
Validation Loss: 0.7207
Epoch 8/20 - Loss: 0.5104, Acc: 0.7371
Validation Loss: 0.7475
Epoch 9/20 - Loss: 0.4457, Acc: 0.7968
Validation Loss: 0.7116
Epoch 10/20 - Loss: 0.4434, Acc: 0.7895
Validation Loss: 0.7382
Epoch 11/20 - Loss: 0.4354, Acc: 0.8101
Validation Loss: 0.7784
Early stopping triggered
Test Accuracy: 0.5923566878980892
Confusion Matrix:
[[203 145]
 [ 47  76]]
Training with Seed=235
torch.Size([32, 44])
[44, 800, 2]
Epoch 1/20 - Loss: 0.7159, Acc: 0.5870
Validation Loss: 0.6909
Epoch 2/20 - Loss: 0.6304, Acc: 0.6428
Validation Loss: 0.6424
Epoch 3/20 - Loss: 0.5915, Acc: 0.6846
Validation Loss: 0.6990
Epoch 4/20 - Loss: 0.5648, Acc: 0.6972
Validation Loss: 0.6913
Epoch 5/20 - Loss: 0.5486, Acc: 0.7244
Validation Loss: 0.7027
Epoch 6/20 - Loss: 0.5257, Acc: 0.7410
Validation Loss: 0.7063
Epoch 7/20 - Loss: 0.4825, Acc: 0.7703
Validation Loss: 0.7572
Early stopping triggered
Test Accuracy: 0.5498938428874734
Confusion Matrix:
[[199 149]
 [ 63  60]]
Training with Seed=333
torch.Size([32, 44])
[44, 800, 2]
Epoch 1/20 - Loss: 0.7416, Acc: 0.5664
Validation Loss: 0.6183
Epoch 2/20 - Loss: 0.6335, Acc: 0.6414
Validation Loss: 0.7445
Epoch 3/20 - Loss: 0.5904, Acc: 0.6833
Validation Loss: 0.7012
Epoch 4/20 - Loss: 0.5722, Acc: 0.7145
Validation Loss: 0.8627
Epoch 5/20 - Loss: 0.5583, Acc: 0.7039
Validation Loss: 0.7124
Epoch 6/20 - Loss: 0.5132, Acc: 0.7490
Validation Loss: 0.6829
Early stopping triggered
Test Accuracy: 0.6305732484076433
Confusion Matrix:
[[259  89]
 [ 85  38]]
Training with Seed=35744
torch.Size([32, 44])
[44, 800, 2]
Epoch 1/20 - Loss: 0.7209, Acc: 0.5797
Validation Loss: 0.6567
Epoch 2/20 - Loss: 0.6505, Acc: 0.6414
Validation Loss: 0.7864
Epoch 3/20 - Loss: 0.6314, Acc: 0.6640
Validation Loss: 0.7704
Epoch 4/20 - Loss: 0.5644, Acc: 0.7085
Validation Loss: 0.8160
Epoch 5/20 - Loss: 0.5448, Acc: 0.7304
Validation Loss: 0.7340
Epoch 6/20 - Loss: 0.5196, Acc: 0.7503
Validation Loss: 0.7356
Early stopping triggered
Test Accuracy: 0.5966029723991507
Confusion Matrix:
[[236 112]
 [ 78  45]]
Training with Seed=2523
torch.Size([32, 44])
[44, 800, 2]
Epoch 1/20 - Loss: 0.7212, Acc: 0.5883
Validation Loss: 0.6995
Epoch 2/20 - Loss: 0.6368, Acc: 0.6607
Validation Loss: 0.7014
Epoch 3/20 - Loss: 0.6254, Acc: 0.6547
Validation Loss: 0.7406
Epoch 4/20 - Loss: 0.5830, Acc: 0.6906
Validation Loss: 0.8251
Epoch 5/20 - Loss: 0.5866, Acc: 0.6919
Validation Loss: 0.7587
Epoch 6/20 - Loss: 0.5207, Acc: 0.7463
Validation Loss: 0.7219
Early stopping triggered
Test Accuracy: 0.5859872611464968
Confusion Matrix:
[[228 120]
 [ 75  48]]
Training with Seed=235
torch.Size([32, 44])
[44, 800, 2]
Epoch 1/20 - Loss: 0.7241, Acc: 0.5697
Validation Loss: 0.7478
Epoch 2/20 - Loss: 0.6409, Acc: 0.6208
Validation Loss: 0.6944
Epoch 3/20 - Loss: 0.6009, Acc: 0.6786
Validation Loss: 0.7134
Epoch 4/20 - Loss: 0.5632, Acc: 0.6806
Validation Loss: 0.6688
Epoch 5/20 - Loss: 0.5508, Acc: 0.7297
Validation Loss: 0.6746
Epoch 6/20 - Loss: 0.5333, Acc: 0.7258
Validation Loss: 0.6461
Epoch 7/20 - Loss: 0.5013, Acc: 0.7517
Validation Loss: 0.7191
Epoch 8/20 - Loss: 0.4885, Acc: 0.7683
Validation Loss: 0.8734
Epoch 9/20 - Loss: 0.4807, Acc: 0.7523
Validation Loss: 0.7045
Epoch 10/20 - Loss: 0.4280, Acc: 0.8068
Validation Loss: 0.7073
Epoch 11/20 - Loss: 0.4176, Acc: 0.8194
Validation Loss: 0.7585
Early stopping triggered
Test Accuracy: 0.5753715498938429
Confusion Matrix:
[[198 150]
 [ 50  73]]
Avg perf for seed=235: 0.580775911986103
Next Dataset . . .pca_val=48
Training with Seed=748
torch.Size([32, 48])
[48, 800, 2]
Epoch 1/20 - Loss: 0.7385, Acc: 0.5677
Validation Loss: 0.8942
Epoch 2/20 - Loss: 0.6600, Acc: 0.6335
Validation Loss: 0.8422
Epoch 3/20 - Loss: 0.6136, Acc: 0.6647
Validation Loss: 0.6523
Epoch 4/20 - Loss: 0.5536, Acc: 0.7198
Validation Loss: 0.7120
Epoch 5/20 - Loss: 0.5237, Acc: 0.7517
Validation Loss: 0.6822
Epoch 6/20 - Loss: 0.4968, Acc: 0.7463
Validation Loss: 0.6959
Epoch 7/20 - Loss: 0.4902, Acc: 0.7616
Validation Loss: 0.6761
Epoch 8/20 - Loss: 0.4765, Acc: 0.7683
Validation Loss: 0.6634
Early stopping triggered
Test Accuracy: 0.6326963906581741
Confusion Matrix:
[[261  87]
 [ 86  37]]
Training with Seed=87209
torch.Size([32, 48])
[48, 800, 2]
Epoch 1/20 - Loss: 0.7081, Acc: 0.5956
Validation Loss: 0.6448
Epoch 2/20 - Loss: 0.6287, Acc: 0.6461
Validation Loss: 0.6996
Epoch 3/20 - Loss: 0.6140, Acc: 0.6780
Validation Loss: 0.6846
Epoch 4/20 - Loss: 0.5793, Acc: 0.6866
Validation Loss: 0.6662
Epoch 5/20 - Loss: 0.5505, Acc: 0.7311
Validation Loss: 0.6800
Epoch 6/20 - Loss: 0.5011, Acc: 0.7470
Validation Loss: 0.6871
Early stopping triggered
Test Accuracy: 0.6348195329087049
Confusion Matrix:
[[251  97]
 [ 75  48]]
Training with Seed=679
torch.Size([32, 48])
[48, 800, 2]
Epoch 1/20 - Loss: 0.7177, Acc: 0.5890
Validation Loss: 0.6221
Epoch 2/20 - Loss: 0.6329, Acc: 0.6501
Validation Loss: 0.7436
Epoch 3/20 - Loss: 0.5732, Acc: 0.7039
Validation Loss: 0.7643
Epoch 4/20 - Loss: 0.5268, Acc: 0.7238
Validation Loss: 0.7288
Epoch 5/20 - Loss: 0.5263, Acc: 0.7297
Validation Loss: 0.6587
Epoch 6/20 - Loss: 0.5173, Acc: 0.7410
Validation Loss: 0.7220
Early stopping triggered
Test Accuracy: 0.564755838641189
Confusion Matrix:
[[193 155]
 [ 50  73]]
Training with Seed=222
torch.Size([32, 48])
[48, 800, 2]
Epoch 1/20 - Loss: 0.7254, Acc: 0.5717
Validation Loss: 0.6426
Epoch 2/20 - Loss: 0.6280, Acc: 0.6301
Validation Loss: 0.7627
Epoch 3/20 - Loss: 0.6042, Acc: 0.6932
Validation Loss: 0.6339
Epoch 4/20 - Loss: 0.5994, Acc: 0.6720
Validation Loss: 0.6937
Epoch 5/20 - Loss: 0.5229, Acc: 0.7377
Validation Loss: 0.7570
Epoch 6/20 - Loss: 0.5058, Acc: 0.7510
Validation Loss: 0.7133
Epoch 7/20 - Loss: 0.5003, Acc: 0.7537
Validation Loss: 0.6593
Epoch 8/20 - Loss: 0.4639, Acc: 0.7716
Validation Loss: 0.6679
Early stopping triggered
Test Accuracy: 0.6114649681528662
Confusion Matrix:
[[248 100]
 [ 83  40]]
Training with Seed=62
torch.Size([32, 48])
[48, 800, 2]
Epoch 1/20 - Loss: 0.6983, Acc: 0.5969
Validation Loss: 0.6871
Epoch 2/20 - Loss: 0.6505, Acc: 0.6421
Validation Loss: 0.7132
Epoch 3/20 - Loss: 0.5968, Acc: 0.6926
Validation Loss: 0.6649
Epoch 4/20 - Loss: 0.5731, Acc: 0.6959
Validation Loss: 0.6692
Epoch 5/20 - Loss: 0.5365, Acc: 0.7198
Validation Loss: 0.6501
Epoch 6/20 - Loss: 0.5023, Acc: 0.7503
Validation Loss: 0.7526
Epoch 7/20 - Loss: 0.4638, Acc: 0.7882
Validation Loss: 0.7687
Epoch 8/20 - Loss: 0.4458, Acc: 0.7815
Validation Loss: 0.7364
Epoch 9/20 - Loss: 0.4289, Acc: 0.7995
Validation Loss: 0.7419
Epoch 10/20 - Loss: 0.4297, Acc: 0.8074
Validation Loss: 0.7461
Early stopping triggered
Test Accuracy: 0.5307855626326964
Confusion Matrix:
[[171 177]
 [ 44  79]]
Training with Seed=45
torch.Size([32, 48])
[48, 800, 2]
Epoch 1/20 - Loss: 0.7179, Acc: 0.5664
Validation Loss: 0.6552
Epoch 2/20 - Loss: 0.6785, Acc: 0.6461
Validation Loss: 0.6473
Epoch 3/20 - Loss: 0.5875, Acc: 0.6793
Validation Loss: 0.6484
Epoch 4/20 - Loss: 0.5530, Acc: 0.7105
Validation Loss: 0.7249
Epoch 5/20 - Loss: 0.5250, Acc: 0.7291
Validation Loss: 0.7603
Epoch 6/20 - Loss: 0.5236, Acc: 0.7463
Validation Loss: 0.6523
Epoch 7/20 - Loss: 0.4815, Acc: 0.7510
Validation Loss: 0.7329
Early stopping triggered
Test Accuracy: 0.554140127388535
Confusion Matrix:
[[177 171]
 [ 39  84]]
Training with Seed=235
torch.Size([32, 48])
[48, 800, 2]
Epoch 1/20 - Loss: 0.7115, Acc: 0.5850
Validation Loss: 0.8401
Epoch 2/20 - Loss: 0.6337, Acc: 0.6514
Validation Loss: 0.7205
Epoch 3/20 - Loss: 0.6114, Acc: 0.6521
Validation Loss: 0.6551
Epoch 4/20 - Loss: 0.5495, Acc: 0.7205
Validation Loss: 0.7101
Epoch 5/20 - Loss: 0.5172, Acc: 0.7377
Validation Loss: 0.6980
Epoch 6/20 - Loss: 0.4986, Acc: 0.7649
Validation Loss: 0.6966
Epoch 7/20 - Loss: 0.4808, Acc: 0.7649
Validation Loss: 0.7185
Epoch 8/20 - Loss: 0.4605, Acc: 0.7709
Validation Loss: 0.7767
Early stopping triggered
Test Accuracy: 0.49469214437367304
Confusion Matrix:
[[152 196]
 [ 42  81]]
Training with Seed=333
torch.Size([32, 48])
[48, 800, 2]
Epoch 1/20 - Loss: 0.7280, Acc: 0.5810
Validation Loss: 0.7447
Epoch 2/20 - Loss: 0.6338, Acc: 0.6441
Validation Loss: 0.7959
Epoch 3/20 - Loss: 0.5973, Acc: 0.6806
Validation Loss: 0.6976
Epoch 4/20 - Loss: 0.5475, Acc: 0.7145
Validation Loss: 0.7116
Epoch 5/20 - Loss: 0.5685, Acc: 0.7105
Validation Loss: 0.7182
Epoch 6/20 - Loss: 0.4955, Acc: 0.7583
Validation Loss: 0.8569
Epoch 7/20 - Loss: 0.4937, Acc: 0.7663
Validation Loss: 0.7253
Epoch 8/20 - Loss: 0.4743, Acc: 0.7776
Validation Loss: 0.6884
Epoch 9/20 - Loss: 0.4594, Acc: 0.7756
Validation Loss: 0.7082
Epoch 10/20 - Loss: 0.4168, Acc: 0.7908
Validation Loss: 0.7106
Epoch 11/20 - Loss: 0.4139, Acc: 0.8021
Validation Loss: 0.7305
Epoch 12/20 - Loss: 0.3874, Acc: 0.8247
Validation Loss: 0.7217
Epoch 13/20 - Loss: 0.3747, Acc: 0.8201
Validation Loss: 0.7339
Early stopping triggered
Test Accuracy: 0.6348195329087049
Confusion Matrix:
[[262  86]
 [ 86  37]]
Training with Seed=35744
torch.Size([32, 48])
[48, 800, 2]
Epoch 1/20 - Loss: 0.7256, Acc: 0.5784
Validation Loss: 0.6870
Epoch 2/20 - Loss: 0.6452, Acc: 0.6467
Validation Loss: 0.7264
Epoch 3/20 - Loss: 0.5991, Acc: 0.6799
Validation Loss: 0.6830
Epoch 4/20 - Loss: 0.5694, Acc: 0.7178
Validation Loss: 0.6762
Epoch 5/20 - Loss: 0.5595, Acc: 0.7191
Validation Loss: 0.7420
Epoch 6/20 - Loss: 0.5267, Acc: 0.7317
Validation Loss: 0.6422
Epoch 7/20 - Loss: 0.4555, Acc: 0.7875
Validation Loss: 0.7165
Epoch 8/20 - Loss: 0.4500, Acc: 0.8001
Validation Loss: 0.7060
Epoch 9/20 - Loss: 0.4431, Acc: 0.7988
Validation Loss: 0.8890
Epoch 10/20 - Loss: 0.4412, Acc: 0.8021
Validation Loss: 0.6802
Epoch 11/20 - Loss: 0.4222, Acc: 0.8121
Validation Loss: 0.7350
Early stopping triggered
Test Accuracy: 0.6326963906581741
Confusion Matrix:
[[258  90]
 [ 83  40]]
Training with Seed=2523
torch.Size([32, 48])
[48, 800, 2]
Epoch 1/20 - Loss: 0.7374, Acc: 0.5544
Validation Loss: 0.6935
Epoch 2/20 - Loss: 0.6471, Acc: 0.6208
Validation Loss: 0.7183
Epoch 3/20 - Loss: 0.6092, Acc: 0.6700
Validation Loss: 0.7700
Epoch 4/20 - Loss: 0.5907, Acc: 0.7058
Validation Loss: 0.6975
Epoch 5/20 - Loss: 0.5355, Acc: 0.7331
Validation Loss: 0.6823
Epoch 6/20 - Loss: 0.5027, Acc: 0.7457
Validation Loss: 0.7840
Epoch 7/20 - Loss: 0.4771, Acc: 0.7570
Validation Loss: 0.7534
Epoch 8/20 - Loss: 0.5029, Acc: 0.7689
Validation Loss: 0.6945
Epoch 9/20 - Loss: 0.4128, Acc: 0.8015
Validation Loss: 0.7317
Epoch 10/20 - Loss: 0.4301, Acc: 0.7855
Validation Loss: 0.7158
Early stopping triggered
Test Accuracy: 0.6199575371549894
Confusion Matrix:
[[254  94]
 [ 85  38]]
Training with Seed=235
classify.py:387: UserWarning: Creating a tensor from a list of numpy.ndarrays is extremely slow. Please consider converting the list to a single numpy.ndarray with numpy.array() before converting to a tensor. (Triggered internally at  ../torch/csrc/utils/tensor_new.cpp:201.)
  features = torch.tensor(features, dtype=torch.float32)
torch.Size([32, 48])
[48, 800, 2]
Epoch 1/20 - Loss: 0.6844, Acc: 0.5956
Validation Loss: 0.6983
Epoch 2/20 - Loss: 0.6420, Acc: 0.6428
Validation Loss: 0.6963
Epoch 3/20 - Loss: 0.5916, Acc: 0.6873
Validation Loss: 0.7546
Epoch 4/20 - Loss: 0.5538, Acc: 0.7098
Validation Loss: 0.7311
Epoch 5/20 - Loss: 0.5367, Acc: 0.7297
Validation Loss: 0.6330
Epoch 6/20 - Loss: 0.5119, Acc: 0.7477
Validation Loss: 0.6746
Epoch 7/20 - Loss: 0.4865, Acc: 0.7683
Validation Loss: 0.7207
Epoch 8/20 - Loss: 0.4749, Acc: 0.7503
Validation Loss: 0.7294
Epoch 9/20 - Loss: 0.4419, Acc: 0.7942
Validation Loss: 0.6681
Epoch 10/20 - Loss: 0.4394, Acc: 0.7882
Validation Loss: 0.7374
Early stopping triggered
Test Accuracy: 0.5817409766454352
Confusion Matrix:
[[210 138]
 [ 59  64]]
Avg perf for seed=235: 0.5902335456475584
pca_vals=[40, 41, 42, 43, 44, 48]
pca_perfs=[0.5726693688477128, 0.5875313646014283, 0.5844431576915652, 0.6039374638100751, 0.580775911986103, 0.5902335456475584]
