Requirement already satisfied: pandas in /home/crsnell/.local/lib/python3.6/site-packages (1.1.5)
Requirement already satisfied: numpy>=1.15.4 in /home/crsnell/.local/lib/python3.6/site-packages (from pandas) (1.19.5)
Requirement already satisfied: pytz>=2017.2 in /usr/lib/python3.6/site-packages (from pandas) (2017.2)
Requirement already satisfied: python-dateutil>=2.7.3 in /home/crsnell/.local/lib/python3.6/site-packages (from pandas) (2.8.2)
Requirement already satisfied: six>=1.5 in /home/crsnell/.local/lib/python3.6/site-packages (from python-dateutil>=2.7.3->pandas) (1.15.0)
Requirement already satisfied: tensorflow in /home/crsnell/.local/lib/python3.6/site-packages (2.6.2)
Requirement already satisfied: tensorflow-estimator<2.7,>=2.6.0 in /home/crsnell/.local/lib/python3.6/site-packages (from tensorflow) (2.6.0)
Requirement already satisfied: flatbuffers~=1.12.0 in /home/crsnell/.local/lib/python3.6/site-packages (from tensorflow) (1.12)
Requirement already satisfied: google-pasta~=0.2 in /home/crsnell/.local/lib/python3.6/site-packages (from tensorflow) (0.2.0)
Requirement already satisfied: absl-py~=0.10 in /home/crsnell/.local/lib/python3.6/site-packages (from tensorflow) (0.15.0)
Requirement already satisfied: six~=1.15.0 in /home/crsnell/.local/lib/python3.6/site-packages (from tensorflow) (1.15.0)
Requirement already satisfied: h5py~=3.1.0 in /home/crsnell/.local/lib/python3.6/site-packages (from tensorflow) (3.1.0)
Requirement already satisfied: tensorboard<2.7,>=2.6.0 in /home/crsnell/.local/lib/python3.6/site-packages (from tensorflow) (2.6.0)
Requirement already satisfied: termcolor~=1.1.0 in /home/crsnell/.local/lib/python3.6/site-packages (from tensorflow) (1.1.0)
Requirement already satisfied: typing-extensions~=3.7.4 in /home/crsnell/.local/lib/python3.6/site-packages (from tensorflow) (3.7.4.3)
Requirement already satisfied: protobuf>=3.9.2 in /home/crsnell/.local/lib/python3.6/site-packages (from tensorflow) (3.19.6)
Requirement already satisfied: wrapt~=1.12.1 in /home/crsnell/.local/lib/python3.6/site-packages (from tensorflow) (1.12.1)
Requirement already satisfied: wheel~=0.35 in /home/crsnell/.local/lib/python3.6/site-packages (from tensorflow) (0.37.1)
Requirement already satisfied: keras<2.7,>=2.6.0 in /home/crsnell/.local/lib/python3.6/site-packages (from tensorflow) (2.6.0)
Requirement already satisfied: opt-einsum~=3.3.0 in /home/crsnell/.local/lib/python3.6/site-packages (from tensorflow) (3.3.0)
Requirement already satisfied: clang~=5.0 in /home/crsnell/.local/lib/python3.6/site-packages (from tensorflow) (5.0)
Requirement already satisfied: astunparse~=1.6.3 in /home/crsnell/.local/lib/python3.6/site-packages (from tensorflow) (1.6.3)
Requirement already satisfied: keras-preprocessing~=1.1.2 in /home/crsnell/.local/lib/python3.6/site-packages (from tensorflow) (1.1.2)
Requirement already satisfied: numpy~=1.19.2 in /home/crsnell/.local/lib/python3.6/site-packages (from tensorflow) (1.19.5)
Requirement already satisfied: grpcio<2.0,>=1.37.0 in /home/crsnell/.local/lib/python3.6/site-packages (from tensorflow) (1.48.2)
Requirement already satisfied: gast==0.4.0 in /home/crsnell/.local/lib/python3.6/site-packages (from tensorflow) (0.4.0)
Requirement already satisfied: cached-property in /home/crsnell/.local/lib/python3.6/site-packages (from h5py~=3.1.0->tensorflow) (1.5.2)
Requirement already satisfied: google-auth<2,>=1.6.3 in /home/crsnell/.local/lib/python3.6/site-packages (from tensorboard<2.7,>=2.6.0->tensorflow) (1.35.0)
Requirement already satisfied: tensorboard-plugin-wit>=1.6.0 in /home/crsnell/.local/lib/python3.6/site-packages (from tensorboard<2.7,>=2.6.0->tensorflow) (1.8.1)
Requirement already satisfied: tensorboard-data-server<0.7.0,>=0.6.0 in /home/crsnell/.local/lib/python3.6/site-packages (from tensorboard<2.7,>=2.6.0->tensorflow) (0.6.1)
Requirement already satisfied: setuptools>=41.0.0 in /home/crsnell/.local/lib/python3.6/site-packages (from tensorboard<2.7,>=2.6.0->tensorflow) (59.6.0)
Requirement already satisfied: markdown>=2.6.8 in /home/crsnell/.local/lib/python3.6/site-packages (from tensorboard<2.7,>=2.6.0->tensorflow) (3.3.7)
Requirement already satisfied: google-auth-oauthlib<0.5,>=0.4.1 in /home/crsnell/.local/lib/python3.6/site-packages (from tensorboard<2.7,>=2.6.0->tensorflow) (0.4.6)
Requirement already satisfied: werkzeug>=0.11.15 in /home/crsnell/.local/lib/python3.6/site-packages (from tensorboard<2.7,>=2.6.0->tensorflow) (2.0.3)
Requirement already satisfied: requests<3,>=2.21.0 in /home/crsnell/.local/lib/python3.6/site-packages (from tensorboard<2.7,>=2.6.0->tensorflow) (2.27.1)
Requirement already satisfied: pyasn1-modules>=0.2.1 in /home/crsnell/.local/lib/python3.6/site-packages (from google-auth<2,>=1.6.3->tensorboard<2.7,>=2.6.0->tensorflow) (0.3.0)
Requirement already satisfied: rsa<5,>=3.1.4 in /home/crsnell/.local/lib/python3.6/site-packages (from google-auth<2,>=1.6.3->tensorboard<2.7,>=2.6.0->tensorflow) (4.9)
Requirement already satisfied: cachetools<5.0,>=2.0.0 in /home/crsnell/.local/lib/python3.6/site-packages (from google-auth<2,>=1.6.3->tensorboard<2.7,>=2.6.0->tensorflow) (4.2.4)
Requirement already satisfied: requests-oauthlib>=0.7.0 in /home/crsnell/.local/lib/python3.6/site-packages (from google-auth-oauthlib<0.5,>=0.4.1->tensorboard<2.7,>=2.6.0->tensorflow) (2.0.0)
Requirement already satisfied: importlib-metadata>=4.4 in /home/crsnell/.local/lib/python3.6/site-packages (from markdown>=2.6.8->tensorboard<2.7,>=2.6.0->tensorflow) (4.8.3)
Requirement already satisfied: idna<4,>=2.5 in /usr/lib/python3.6/site-packages (from requests<3,>=2.21.0->tensorboard<2.7,>=2.6.0->tensorflow) (2.5)
Requirement already satisfied: urllib3<1.27,>=1.21.1 in /usr/lib/python3.6/site-packages (from requests<3,>=2.21.0->tensorboard<2.7,>=2.6.0->tensorflow) (1.24.2)
Requirement already satisfied: charset-normalizer~=2.0.0 in /home/crsnell/.local/lib/python3.6/site-packages (from requests<3,>=2.21.0->tensorboard<2.7,>=2.6.0->tensorflow) (2.0.12)
Requirement already satisfied: certifi>=2017.4.17 in /home/crsnell/.local/lib/python3.6/site-packages (from requests<3,>=2.21.0->tensorboard<2.7,>=2.6.0->tensorflow) (2024.2.2)
Requirement already satisfied: dataclasses in /home/crsnell/.local/lib/python3.6/site-packages (from werkzeug>=0.11.15->tensorboard<2.7,>=2.6.0->tensorflow) (0.8)
Requirement already satisfied: zipp>=0.5 in /home/crsnell/.local/lib/python3.6/site-packages (from importlib-metadata>=4.4->markdown>=2.6.8->tensorboard<2.7,>=2.6.0->tensorflow) (3.6.0)
Requirement already satisfied: pyasn1<0.6.0,>=0.4.6 in /home/crsnell/.local/lib/python3.6/site-packages (from pyasn1-modules>=0.2.1->google-auth<2,>=1.6.3->tensorboard<2.7,>=2.6.0->tensorflow) (0.5.1)
Requirement already satisfied: oauthlib>=3.0.0 in /home/crsnell/.local/lib/python3.6/site-packages (from requests-oauthlib>=0.7.0->google-auth-oauthlib<0.5,>=0.4.1->tensorboard<2.7,>=2.6.0->tensorflow) (3.2.2)
Requirement already satisfied: scikit-learn in /home/crsnell/.local/lib/python3.6/site-packages (0.24.2)
Requirement already satisfied: scipy>=0.19.1 in /home/crsnell/.local/lib/python3.6/site-packages (from scikit-learn) (1.5.4)
Requirement already satisfied: joblib>=0.11 in /home/crsnell/.local/lib/python3.6/site-packages (from scikit-learn) (1.1.1)
Requirement already satisfied: threadpoolctl>=2.0.0 in /home/crsnell/.local/lib/python3.6/site-packages (from scikit-learn) (3.1.0)
Requirement already satisfied: numpy>=1.13.3 in /home/crsnell/.local/lib/python3.6/site-packages (from scikit-learn) (1.19.5)
Requirement already satisfied: keras in /home/crsnell/.local/lib/python3.6/site-packages (2.6.0)
Requirement already satisfied: numpy in /home/crsnell/.local/lib/python3.6/site-packages (1.19.5)

RUN_NAME: unique
RUN_NOTES: these are notes, if needed
DATASET_DIR: binned_by_drive_0
BINNING_POLICY: spike
NORM_POLICY: standard
CLASS_POLICY: ternary

THRESHOLD: 0.05
random_state: 345
BATCH_SIZE: 32
DROPOUT_RATE: 0.2
dnn_layers: [77, 800, 3]

PATIENCE: 5
MAX_EPOCHS: 20
LEARNING_RATE: 0.001
GRAD_CLIP_NORM_MAX_NORM: 1.0

NaN values found in features, replacing with 0
Next Dataset . . .pca_val=40
Training with Seed=748
torch.Size([32, 40])
[40, 800, 3]
Epoch 1/20 - Loss: 1.1542, Acc: 0.3938
Validation Loss: 1.1701
Epoch 2/20 - Loss: 1.0210, Acc: 0.5166
Validation Loss: 1.1234
Epoch 3/20 - Loss: 0.9943, Acc: 0.5319
Validation Loss: 1.1346
Epoch 4/20 - Loss: 0.9378, Acc: 0.5452
Validation Loss: 1.0757
Epoch 5/20 - Loss: 0.9089, Acc: 0.5770
Validation Loss: 1.1625
Epoch 6/20 - Loss: 0.8393, Acc: 0.6062
Validation Loss: 1.2043
Epoch 7/20 - Loss: 0.8407, Acc: 0.6142
Validation Loss: 1.1557
Epoch 8/20 - Loss: 0.7870, Acc: 0.6514
Validation Loss: 1.1649
Epoch 9/20 - Loss: 0.7985, Acc: 0.6368
Validation Loss: 1.1960
Early stopping triggered
Test Accuracy: 0.4543524416135881
Confusion Matrix:
[[128  51  35]
 [ 65  49  18]
 [ 62  26  37]]
Training with Seed=87209
torch.Size([32, 40])
[40, 800, 3]
Epoch 1/20 - Loss: 1.1430, Acc: 0.4170
Validation Loss: 1.0867
Epoch 2/20 - Loss: 1.0219, Acc: 0.5020
Validation Loss: 1.1301
Epoch 3/20 - Loss: 0.9558, Acc: 0.5246
Validation Loss: 1.1308
Epoch 4/20 - Loss: 0.9612, Acc: 0.5485
Validation Loss: 1.0903
Epoch 5/20 - Loss: 0.9046, Acc: 0.5677
Validation Loss: 1.1425
Epoch 6/20 - Loss: 0.8743, Acc: 0.5950
Validation Loss: 1.1901
Early stopping triggered
Test Accuracy: 0.36942675159235666
Confusion Matrix:
[[ 49 114  51]
 [ 24  76  32]
 [ 23  53  49]]
Training with Seed=679
torch.Size([32, 40])
[40, 800, 3]
Epoch 1/20 - Loss: 1.1267, Acc: 0.4296
Validation Loss: 1.1929
Epoch 2/20 - Loss: 1.0407, Acc: 0.4841
Validation Loss: 1.1363
Epoch 3/20 - Loss: 0.9812, Acc: 0.5345
Validation Loss: 1.0719
Epoch 4/20 - Loss: 0.9266, Acc: 0.5671
Validation Loss: 1.1187
Epoch 5/20 - Loss: 0.8964, Acc: 0.5784
Validation Loss: 1.1933
Epoch 6/20 - Loss: 0.8821, Acc: 0.5817
Validation Loss: 1.1579
Epoch 7/20 - Loss: 0.8183, Acc: 0.6461
Validation Loss: 1.1253
Epoch 8/20 - Loss: 0.7810, Acc: 0.6487
Validation Loss: 1.1804
Early stopping triggered
Test Accuracy: 0.39065817409766457
Confusion Matrix:
[[85 50 79]
 [52 36 44]
 [33 29 63]]
Training with Seed=222
torch.Size([32, 40])
[40, 800, 3]
Epoch 1/20 - Loss: 1.1199, Acc: 0.4290
Validation Loss: 1.1565
Epoch 2/20 - Loss: 1.0472, Acc: 0.4934
Validation Loss: 1.0934
Epoch 3/20 - Loss: 0.9891, Acc: 0.5186
Validation Loss: 1.0913
Epoch 4/20 - Loss: 0.9169, Acc: 0.5870
Validation Loss: 1.1159
Epoch 5/20 - Loss: 0.9164, Acc: 0.5644
Validation Loss: 1.1286
Epoch 6/20 - Loss: 0.8381, Acc: 0.6175
Validation Loss: 1.1248
Epoch 7/20 - Loss: 0.8566, Acc: 0.6129
Validation Loss: 1.2890
Epoch 8/20 - Loss: 0.8145, Acc: 0.6507
Validation Loss: 1.1528
Early stopping triggered
Test Accuracy: 0.38004246284501064
Confusion Matrix:
[[ 81  32 101]
 [ 45  27  60]
 [ 38  16  71]]
Training with Seed=62
torch.Size([32, 40])
[40, 800, 3]
Epoch 1/20 - Loss: 1.1330, Acc: 0.4190
Validation Loss: 1.1348
Epoch 2/20 - Loss: 1.0380, Acc: 0.4827
Validation Loss: 1.0872
Epoch 3/20 - Loss: 0.9608, Acc: 0.5312
Validation Loss: 1.1161
Epoch 4/20 - Loss: 0.9602, Acc: 0.5352
Validation Loss: 1.1800
Epoch 5/20 - Loss: 0.8826, Acc: 0.6109
Validation Loss: 1.1370
Epoch 6/20 - Loss: 0.8715, Acc: 0.5996
Validation Loss: 1.1162
Epoch 7/20 - Loss: 0.8298, Acc: 0.6282
Validation Loss: 1.1592
Early stopping triggered
Test Accuracy: 0.3673036093418259
Confusion Matrix:
[[68 50 96]
 [36 33 63]
 [23 30 72]]
Training with Seed=45
torch.Size([32, 40])
[40, 800, 3]
Epoch 1/20 - Loss: 1.1156, Acc: 0.4197
Validation Loss: 1.1283
Epoch 2/20 - Loss: 1.0183, Acc: 0.4874
Validation Loss: 1.0690
Epoch 3/20 - Loss: 0.9585, Acc: 0.5518
Validation Loss: 1.1057
Epoch 4/20 - Loss: 0.9469, Acc: 0.5644
Validation Loss: 1.1510
Epoch 5/20 - Loss: 0.8885, Acc: 0.5876
Validation Loss: 1.1565
Epoch 6/20 - Loss: 0.8557, Acc: 0.6195
Validation Loss: 1.1700
Epoch 7/20 - Loss: 0.8193, Acc: 0.6149
Validation Loss: 1.1383
Early stopping triggered
Test Accuracy: 0.45010615711252655
Confusion Matrix:
[[130  50  34]
 [ 67  47  18]
 [ 65  25  35]]
Training with Seed=235
torch.Size([32, 40])
[40, 800, 3]
Epoch 1/20 - Loss: 1.1152, Acc: 0.4296
Validation Loss: 1.1066
Epoch 2/20 - Loss: 1.0428, Acc: 0.4668
Validation Loss: 1.1081
Epoch 3/20 - Loss: 0.9737, Acc: 0.5432
Validation Loss: 1.1373
Epoch 4/20 - Loss: 0.9328, Acc: 0.5644
Validation Loss: 1.0817
Epoch 5/20 - Loss: 0.8654, Acc: 0.5883
Validation Loss: 1.2038
Epoch 6/20 - Loss: 0.8568, Acc: 0.6042
Validation Loss: 1.1775
Epoch 7/20 - Loss: 0.8589, Acc: 0.6155
Validation Loss: 1.1189
Epoch 8/20 - Loss: 0.7832, Acc: 0.6461
Validation Loss: 1.1753
Epoch 9/20 - Loss: 0.7780, Acc: 0.6607
Validation Loss: 1.1341
Early stopping triggered
Test Accuracy: 0.4585987261146497
Confusion Matrix:
[[143  35  36]
 [ 73  39  20]
 [ 69  22  34]]
Training with Seed=333
torch.Size([32, 40])
[40, 800, 3]
Epoch 1/20 - Loss: 1.1349, Acc: 0.4150
Validation Loss: 1.1305
Epoch 2/20 - Loss: 1.0579, Acc: 0.5046
Validation Loss: 1.1486
Epoch 3/20 - Loss: 0.9738, Acc: 0.5378
Validation Loss: 1.1442
Epoch 4/20 - Loss: 0.9360, Acc: 0.5558
Validation Loss: 1.1096
Epoch 5/20 - Loss: 0.8740, Acc: 0.5903
Validation Loss: 1.1627
Epoch 6/20 - Loss: 0.8605, Acc: 0.5996
Validation Loss: 1.2171
Epoch 7/20 - Loss: 0.8060, Acc: 0.6341
Validation Loss: 1.1397
Epoch 8/20 - Loss: 0.7935, Acc: 0.6441
Validation Loss: 1.1980
Epoch 9/20 - Loss: 0.7427, Acc: 0.7105
Validation Loss: 1.2022
Early stopping triggered
Test Accuracy: 0.4437367303609342
Confusion Matrix:
[[140  39  35]
 [ 78  31  23]
 [ 68  19  38]]
Training with Seed=35744
torch.Size([32, 40])
[40, 800, 3]
Epoch 1/20 - Loss: 1.1147, Acc: 0.4349
Validation Loss: 1.1866
Epoch 2/20 - Loss: 1.0120, Acc: 0.4987
Validation Loss: 1.1229
Epoch 3/20 - Loss: 0.9550, Acc: 0.5332
Validation Loss: 1.1281
Epoch 4/20 - Loss: 0.9081, Acc: 0.5750
Validation Loss: 1.1802
Epoch 5/20 - Loss: 0.8829, Acc: 0.5890
Validation Loss: 1.1673
Epoch 6/20 - Loss: 0.8570, Acc: 0.6089
Validation Loss: 1.1550
Epoch 7/20 - Loss: 0.8575, Acc: 0.6076
Validation Loss: 1.1400
Early stopping triggered
Test Accuracy: 0.4585987261146497
Confusion Matrix:
[[142  38  34]
 [ 78  39  15]
 [ 69  21  35]]
Training with Seed=2523
torch.Size([32, 40])
[40, 800, 3]
Epoch 1/20 - Loss: 1.1462, Acc: 0.4216
Validation Loss: 1.1029
Epoch 2/20 - Loss: 1.0096, Acc: 0.5086
Validation Loss: 1.1400
Epoch 3/20 - Loss: 0.9982, Acc: 0.5345
Validation Loss: 1.0876
Epoch 4/20 - Loss: 0.9276, Acc: 0.5664
Validation Loss: 1.1206
Epoch 5/20 - Loss: 0.9022, Acc: 0.5684
Validation Loss: 1.0976
Epoch 6/20 - Loss: 0.8542, Acc: 0.5989
Validation Loss: 1.1304
Epoch 7/20 - Loss: 0.8239, Acc: 0.6308
Validation Loss: 1.1728
Epoch 8/20 - Loss: 0.8416, Acc: 0.6268
Validation Loss: 1.1383
Early stopping triggered
Test Accuracy: 0.47770700636942676
Confusion Matrix:
[[137  40  37]
 [ 66  43  23]
 [ 60  20  45]]
Training with Seed=235
torch.Size([32, 40])
[40, 800, 3]
Epoch 1/20 - Loss: 1.1295, Acc: 0.4283
Validation Loss: 1.1301
Epoch 2/20 - Loss: 1.0433, Acc: 0.4894
Validation Loss: 1.1125
Epoch 3/20 - Loss: 0.9666, Acc: 0.5405
Validation Loss: 1.0929
Epoch 4/20 - Loss: 0.9141, Acc: 0.5843
Validation Loss: 1.1301
Epoch 5/20 - Loss: 0.9131, Acc: 0.5744
Validation Loss: 1.1263
Epoch 6/20 - Loss: 0.8589, Acc: 0.6036
Validation Loss: 1.1420
Epoch 7/20 - Loss: 0.8348, Acc: 0.6208
Validation Loss: 1.1372
Epoch 8/20 - Loss: 0.8124, Acc: 0.6534
Validation Loss: 1.1901
Early stopping triggered
Test Accuracy: 0.3651804670912951
Confusion Matrix:
[[60 67 87]
 [35 48 49]
 [30 31 64]]
Avg perf for seed=235: 0.4196101138776298
Next Dataset . . .pca_val=41
Training with Seed=748
torch.Size([32, 41])
[41, 800, 3]
Epoch 1/20 - Loss: 1.1147, Acc: 0.4363
Validation Loss: 1.1358
Epoch 2/20 - Loss: 1.0316, Acc: 0.4954
Validation Loss: 1.1821
Epoch 3/20 - Loss: 0.9457, Acc: 0.5624
Validation Loss: 1.2140
Epoch 4/20 - Loss: 0.9771, Acc: 0.5352
Validation Loss: 1.2087
Epoch 5/20 - Loss: 0.8719, Acc: 0.5830
Validation Loss: 1.1867
Epoch 6/20 - Loss: 0.8727, Acc: 0.5996
Validation Loss: 1.1869
Early stopping triggered
Test Accuracy: 0.416135881104034
Confusion Matrix:
[[92 84 49]
 [29 62 32]
 [34 47 42]]
Training with Seed=87209
torch.Size([32, 41])
[41, 800, 3]
Epoch 1/20 - Loss: 1.1077, Acc: 0.4203
Validation Loss: 1.1510
Epoch 2/20 - Loss: 1.0448, Acc: 0.4880
Validation Loss: 1.2826
Epoch 3/20 - Loss: 0.9846, Acc: 0.5186
Validation Loss: 1.1821
Epoch 4/20 - Loss: 0.9276, Acc: 0.5637
Validation Loss: 1.2063
Epoch 5/20 - Loss: 0.9164, Acc: 0.5770
Validation Loss: 1.1962
Epoch 6/20 - Loss: 0.8933, Acc: 0.6023
Validation Loss: 1.1543
Early stopping triggered
Test Accuracy: 0.42038216560509556
Confusion Matrix:
[[101  94  30]
 [ 38  69  16]
 [ 51  44  28]]
Training with Seed=679
torch.Size([32, 41])
[41, 800, 3]
Epoch 1/20 - Loss: 1.1694, Acc: 0.3997
Validation Loss: 1.2080
Epoch 2/20 - Loss: 1.0097, Acc: 0.5073
Validation Loss: 1.1666
Epoch 3/20 - Loss: 1.0114, Acc: 0.4954
Validation Loss: 1.2261
Epoch 4/20 - Loss: 0.9555, Acc: 0.5531
Validation Loss: 1.1845
Epoch 5/20 - Loss: 0.9192, Acc: 0.5883
Validation Loss: 1.1678
Epoch 6/20 - Loss: 0.8709, Acc: 0.5876
Validation Loss: 1.2131
Epoch 7/20 - Loss: 0.8538, Acc: 0.6036
Validation Loss: 1.2076
Early stopping triggered
Test Accuracy: 0.42250530785562634
Confusion Matrix:
[[91 85 49]
 [25 73 25]
 [37 51 35]]
Training with Seed=222
torch.Size([32, 41])
[41, 800, 3]
Epoch 1/20 - Loss: 1.0771, Acc: 0.4495
Validation Loss: 1.1296
Epoch 2/20 - Loss: 1.0310, Acc: 0.5113
Validation Loss: 1.2151
Epoch 3/20 - Loss: 0.9938, Acc: 0.5179
Validation Loss: 1.1976
Epoch 4/20 - Loss: 0.9373, Acc: 0.5505
Validation Loss: 1.2404
Epoch 5/20 - Loss: 0.9221, Acc: 0.5664
Validation Loss: 1.2121
Epoch 6/20 - Loss: 0.8561, Acc: 0.6129
Validation Loss: 1.1756
Early stopping triggered
Test Accuracy: 0.4267515923566879
Confusion Matrix:
[[108  32  85]
 [ 33  31  59]
 [ 42  19  62]]
Training with Seed=62
torch.Size([32, 41])
[41, 800, 3]
Epoch 1/20 - Loss: 1.1268, Acc: 0.4449
Validation Loss: 1.2276
Epoch 2/20 - Loss: 1.0591, Acc: 0.4788
Validation Loss: 1.1846
Epoch 3/20 - Loss: 0.9693, Acc: 0.5438
Validation Loss: 1.1558
Epoch 4/20 - Loss: 0.9504, Acc: 0.5671
Validation Loss: 1.1215
Epoch 5/20 - Loss: 0.8994, Acc: 0.5870
Validation Loss: 1.2218
Epoch 6/20 - Loss: 0.8854, Acc: 0.5936
Validation Loss: 1.1803
Epoch 7/20 - Loss: 0.8491, Acc: 0.6036
Validation Loss: 1.1806
Epoch 8/20 - Loss: 0.8013, Acc: 0.6375
Validation Loss: 1.1825
Epoch 9/20 - Loss: 0.7939, Acc: 0.6587
Validation Loss: 1.2631
Early stopping triggered
Test Accuracy: 0.3630573248407643
Confusion Matrix:
[[72 61 92]
 [25 41 57]
 [34 31 58]]
Training with Seed=45
torch.Size([32, 41])
[41, 800, 3]
Epoch 1/20 - Loss: 1.1105, Acc: 0.4356
Validation Loss: 1.1447
Epoch 2/20 - Loss: 1.0284, Acc: 0.5066
Validation Loss: 1.1783
Epoch 3/20 - Loss: 0.9863, Acc: 0.5345
Validation Loss: 1.1360
Epoch 4/20 - Loss: 0.9398, Acc: 0.5485
Validation Loss: 1.1808
Epoch 5/20 - Loss: 0.8943, Acc: 0.5790
Validation Loss: 1.2404
Epoch 6/20 - Loss: 0.8870, Acc: 0.5989
Validation Loss: 1.1747
Epoch 7/20 - Loss: 0.8475, Acc: 0.6076
Validation Loss: 1.1973
Epoch 8/20 - Loss: 0.8283, Acc: 0.6295
Validation Loss: 1.1563
Early stopping triggered
Test Accuracy: 0.46709129511677283
Confusion Matrix:
[[168  31  26]
 [ 83  27  13]
 [ 84  14  25]]
Training with Seed=235
torch.Size([32, 41])
[41, 800, 3]
Epoch 1/20 - Loss: 1.1396, Acc: 0.4090
Validation Loss: 1.2015
Epoch 2/20 - Loss: 1.0496, Acc: 0.4754
Validation Loss: 1.1240
Epoch 3/20 - Loss: 0.9953, Acc: 0.5120
Validation Loss: 1.2515
Epoch 4/20 - Loss: 0.9486, Acc: 0.5365
Validation Loss: 1.2166
Epoch 5/20 - Loss: 0.8916, Acc: 0.5976
Validation Loss: 1.2392
Epoch 6/20 - Loss: 0.8809, Acc: 0.5863
Validation Loss: 1.1817
Epoch 7/20 - Loss: 0.8369, Acc: 0.6335
Validation Loss: 1.1976
Early stopping triggered
Test Accuracy: 0.4288747346072187
Confusion Matrix:
[[95 98 32]
 [31 71 21]
 [34 53 36]]
Training with Seed=333
torch.Size([32, 41])
[41, 800, 3]
Epoch 1/20 - Loss: 1.1548, Acc: 0.4256
Validation Loss: 1.2163
Epoch 2/20 - Loss: 1.0401, Acc: 0.4973
Validation Loss: 1.1591
Epoch 3/20 - Loss: 1.0184, Acc: 0.5040
Validation Loss: 1.1640
Epoch 4/20 - Loss: 0.9570, Acc: 0.5432
Validation Loss: 1.1923
Epoch 5/20 - Loss: 0.9167, Acc: 0.5777
Validation Loss: 1.1945
Epoch 6/20 - Loss: 0.8746, Acc: 0.6089
Validation Loss: 1.1820
Epoch 7/20 - Loss: 0.7833, Acc: 0.6567
Validation Loss: 1.2260
Early stopping triggered
Test Accuracy: 0.39278131634819535
Confusion Matrix:
[[75 66 84]
 [22 45 56]
 [27 31 65]]
Training with Seed=35744
torch.Size([32, 41])
[41, 800, 3]
Epoch 1/20 - Loss: 1.1149, Acc: 0.4323
Validation Loss: 1.1332
Epoch 2/20 - Loss: 1.0215, Acc: 0.4993
Validation Loss: 1.2412
Epoch 3/20 - Loss: 0.9650, Acc: 0.5352
Validation Loss: 1.2142
Epoch 4/20 - Loss: 0.9412, Acc: 0.5485
Validation Loss: 1.1515
Epoch 5/20 - Loss: 0.9005, Acc: 0.5717
Validation Loss: 1.1698
Epoch 6/20 - Loss: 0.9047, Acc: 0.5717
Validation Loss: 1.1807
Early stopping triggered
Test Accuracy: 0.39278131634819535
Confusion Matrix:
[[84 61 80]
 [29 47 47]
 [32 37 54]]
Training with Seed=2523
torch.Size([32, 41])
[41, 800, 3]
Epoch 1/20 - Loss: 1.1400, Acc: 0.4263
Validation Loss: 1.2119
Epoch 2/20 - Loss: 1.0362, Acc: 0.4934
Validation Loss: 1.1521
Epoch 3/20 - Loss: 0.9768, Acc: 0.5518
Validation Loss: 1.1975
Epoch 4/20 - Loss: 0.9636, Acc: 0.5352
Validation Loss: 1.1350
Epoch 5/20 - Loss: 0.9063, Acc: 0.5830
Validation Loss: 1.2165
Epoch 6/20 - Loss: 0.8704, Acc: 0.5857
Validation Loss: 1.1851
Epoch 7/20 - Loss: 0.8402, Acc: 0.6142
Validation Loss: 1.1900
Epoch 8/20 - Loss: 0.8199, Acc: 0.6401
Validation Loss: 1.2160
Epoch 9/20 - Loss: 0.7753, Acc: 0.6421
Validation Loss: 1.2349
Early stopping triggered
Test Accuracy: 0.3842887473460722
Confusion Matrix:
[[69 58 98]
 [17 39 67]
 [21 29 73]]
Training with Seed=235
torch.Size([32, 41])
[41, 800, 3]
Epoch 1/20 - Loss: 1.1308, Acc: 0.4157
Validation Loss: 1.1911
Epoch 2/20 - Loss: 1.0018, Acc: 0.5113
Validation Loss: 1.2136
Epoch 3/20 - Loss: 1.0016, Acc: 0.5133
Validation Loss: 1.2168
Epoch 4/20 - Loss: 0.9341, Acc: 0.5631
Validation Loss: 1.1901
Epoch 5/20 - Loss: 0.9075, Acc: 0.5757
Validation Loss: 1.2132
Epoch 6/20 - Loss: 0.8571, Acc: 0.6122
Validation Loss: 1.1951
Epoch 7/20 - Loss: 0.8261, Acc: 0.6375
Validation Loss: 1.2623
Epoch 8/20 - Loss: 0.8276, Acc: 0.6215
Validation Loss: 1.1642
Epoch 9/20 - Loss: 0.7877, Acc: 0.6547
Validation Loss: 1.2447
Epoch 10/20 - Loss: 0.7664, Acc: 0.6494
Validation Loss: 1.2205
Epoch 11/20 - Loss: 0.7710, Acc: 0.6567
Validation Loss: 1.3450
Epoch 12/20 - Loss: 0.7350, Acc: 0.6693
Validation Loss: 1.1903
Epoch 13/20 - Loss: 0.6977, Acc: 0.7085
Validation Loss: 1.2421
Early stopping triggered
Test Accuracy: 0.43524416135881105
Confusion Matrix:
[[129  53  43]
 [ 65  41  17]
 [ 61  27  35]]
Avg perf for seed=235: 0.41362671298977033
Next Dataset . . .pca_val=42
Training with Seed=748
torch.Size([32, 42])
[42, 800, 3]
Epoch 1/20 - Loss: 1.1418, Acc: 0.4064
Validation Loss: 1.1750
Epoch 2/20 - Loss: 1.0176, Acc: 0.4927
Validation Loss: 1.1114
Epoch 3/20 - Loss: 0.9692, Acc: 0.5259
Validation Loss: 1.1552
Epoch 4/20 - Loss: 0.9620, Acc: 0.5378
Validation Loss: 1.1400
Epoch 5/20 - Loss: 0.8928, Acc: 0.5817
Validation Loss: 1.1712
Epoch 6/20 - Loss: 0.8815, Acc: 0.5744
Validation Loss: 1.3901
Epoch 7/20 - Loss: 0.8886, Acc: 0.5916
Validation Loss: 1.2160
Early stopping triggered
Test Accuracy: 0.38004246284501064
Confusion Matrix:
[[ 81  40 104]
 [ 38  28  57]
 [ 29  24  70]]
Training with Seed=87209
torch.Size([32, 42])
[42, 800, 3]
Epoch 1/20 - Loss: 1.1222, Acc: 0.4303
Validation Loss: 1.1555
Epoch 2/20 - Loss: 1.0259, Acc: 0.4954
Validation Loss: 1.1116
Epoch 3/20 - Loss: 0.9575, Acc: 0.5438
Validation Loss: 1.1631
Epoch 4/20 - Loss: 0.9475, Acc: 0.5544
Validation Loss: 1.1899
Epoch 5/20 - Loss: 0.9045, Acc: 0.5697
Validation Loss: 1.1610
Epoch 6/20 - Loss: 0.8751, Acc: 0.5870
Validation Loss: 1.1316
Epoch 7/20 - Loss: 0.8557, Acc: 0.6142
Validation Loss: 1.1753
Early stopping triggered
Test Accuracy: 0.40976645435244163
Confusion Matrix:
[[115  69  41]
 [ 54  45  24]
 [ 47  43  33]]
Training with Seed=679
torch.Size([32, 42])
[42, 800, 3]
Epoch 1/20 - Loss: 1.1075, Acc: 0.4270
Validation Loss: 1.2228
Epoch 2/20 - Loss: 1.0315, Acc: 0.4954
Validation Loss: 1.2131
Epoch 3/20 - Loss: 0.9839, Acc: 0.5438
Validation Loss: 1.1684
Epoch 4/20 - Loss: 0.9418, Acc: 0.5611
Validation Loss: 1.1774
Epoch 5/20 - Loss: 0.8946, Acc: 0.5870
Validation Loss: 1.1512
Epoch 6/20 - Loss: 0.8876, Acc: 0.5890
Validation Loss: 1.1792
Epoch 7/20 - Loss: 0.8442, Acc: 0.6076
Validation Loss: 1.2064
Epoch 8/20 - Loss: 0.8642, Acc: 0.6162
Validation Loss: 1.2249
Epoch 9/20 - Loss: 0.8081, Acc: 0.6554
Validation Loss: 1.1533
Epoch 10/20 - Loss: 0.7876, Acc: 0.6454
Validation Loss: 1.1856
Early stopping triggered
Test Accuracy: 0.44798301486199577
Confusion Matrix:
[[140  27  58]
 [ 63  29  31]
 [ 62  19  42]]
Training with Seed=222
torch.Size([32, 42])
[42, 800, 3]
Epoch 1/20 - Loss: 1.1432, Acc: 0.4124
Validation Loss: 1.1899
Epoch 2/20 - Loss: 1.0230, Acc: 0.5173
Validation Loss: 1.1754
Epoch 3/20 - Loss: 0.9829, Acc: 0.5246
Validation Loss: 1.2010
Epoch 4/20 - Loss: 0.9651, Acc: 0.5505
Validation Loss: 1.2142
Epoch 5/20 - Loss: 0.9134, Acc: 0.5518
Validation Loss: 1.2310
Epoch 6/20 - Loss: 0.8840, Acc: 0.5969
Validation Loss: 1.2172
Epoch 7/20 - Loss: 0.8572, Acc: 0.6109
Validation Loss: 1.2058
Early stopping triggered
Test Accuracy: 0.4033970276008493
Confusion Matrix:
[[84 82 59]
 [30 60 33]
 [32 45 46]]
Training with Seed=62
torch.Size([32, 42])
[42, 800, 3]
Epoch 1/20 - Loss: 1.1157, Acc: 0.4462
Validation Loss: 1.1488
Epoch 2/20 - Loss: 1.0234, Acc: 0.4960
Validation Loss: 1.1597
Epoch 3/20 - Loss: 0.9911, Acc: 0.5239
Validation Loss: 1.1764
Epoch 4/20 - Loss: 0.9180, Acc: 0.5478
Validation Loss: 1.1874
Epoch 5/20 - Loss: 0.9123, Acc: 0.5817
Validation Loss: 1.1834
Epoch 6/20 - Loss: 0.9041, Acc: 0.5710
Validation Loss: 1.1422
Epoch 7/20 - Loss: 0.8603, Acc: 0.6255
Validation Loss: 1.1228
Epoch 8/20 - Loss: 0.8132, Acc: 0.6129
Validation Loss: 1.1424
Epoch 9/20 - Loss: 0.7622, Acc: 0.6799
Validation Loss: 1.1389
Epoch 10/20 - Loss: 0.7510, Acc: 0.6786
Validation Loss: 1.1949
Epoch 11/20 - Loss: 0.7831, Acc: 0.6514
Validation Loss: 1.2093
Epoch 12/20 - Loss: 0.7239, Acc: 0.6859
Validation Loss: 1.1691
Early stopping triggered
Test Accuracy: 0.416135881104034
Confusion Matrix:
[[112  92  21]
 [ 44  64  15]
 [ 54  49  20]]
Training with Seed=45
torch.Size([32, 42])
[42, 800, 3]
Epoch 1/20 - Loss: 1.1275, Acc: 0.4183
Validation Loss: 1.1623
Epoch 2/20 - Loss: 1.0406, Acc: 0.4867
Validation Loss: 1.1262
Epoch 3/20 - Loss: 0.9493, Acc: 0.5432
Validation Loss: 1.1087
Epoch 4/20 - Loss: 0.9350, Acc: 0.5292
Validation Loss: 1.1728
Epoch 5/20 - Loss: 0.8835, Acc: 0.5777
Validation Loss: 1.2104
Epoch 6/20 - Loss: 0.8649, Acc: 0.5976
Validation Loss: 1.1240
Epoch 7/20 - Loss: 0.8185, Acc: 0.6454
Validation Loss: 1.1386
Epoch 8/20 - Loss: 0.7923, Acc: 0.6448
Validation Loss: 1.2042
Early stopping triggered
Test Accuracy: 0.3673036093418259
Confusion Matrix:
[[ 53 114  58]
 [ 18  77  28]
 [ 18  62  43]]
Training with Seed=235
torch.Size([32, 42])
[42, 800, 3]
Epoch 1/20 - Loss: 1.1432, Acc: 0.4409
Validation Loss: 1.1275
Epoch 2/20 - Loss: 1.0309, Acc: 0.4861
Validation Loss: 1.1457
Epoch 3/20 - Loss: 0.9875, Acc: 0.5093
Validation Loss: 1.1899
Epoch 4/20 - Loss: 0.9347, Acc: 0.5611
Validation Loss: 1.2309
Epoch 5/20 - Loss: 0.8774, Acc: 0.5916
Validation Loss: 1.1704
Epoch 6/20 - Loss: 0.9180, Acc: 0.5777
Validation Loss: 1.1863
Early stopping triggered
Test Accuracy: 0.37579617834394907
Confusion Matrix:
[[82 76 67]
 [34 42 47]
 [33 37 53]]
Training with Seed=333
torch.Size([32, 42])
[42, 800, 3]
Epoch 1/20 - Loss: 1.1347, Acc: 0.4216
Validation Loss: 1.1817
Epoch 2/20 - Loss: 1.0534, Acc: 0.4900
Validation Loss: 1.2343
Epoch 3/20 - Loss: 1.0089, Acc: 0.5252
Validation Loss: 1.1956
Epoch 4/20 - Loss: 0.9556, Acc: 0.5564
Validation Loss: 1.1663
Epoch 5/20 - Loss: 0.9020, Acc: 0.5883
Validation Loss: 1.1253
Epoch 6/20 - Loss: 0.8627, Acc: 0.5976
Validation Loss: 1.2049
Epoch 7/20 - Loss: 0.8476, Acc: 0.6182
Validation Loss: 1.1168
Epoch 8/20 - Loss: 0.8819, Acc: 0.6016
Validation Loss: 1.2498
Epoch 9/20 - Loss: 0.7975, Acc: 0.6388
Validation Loss: 1.2123
Epoch 10/20 - Loss: 0.7773, Acc: 0.6514
Validation Loss: 1.2041
Epoch 11/20 - Loss: 0.7384, Acc: 0.6932
Validation Loss: 1.1316
Epoch 12/20 - Loss: 0.7334, Acc: 0.6879
Validation Loss: 1.3374
Early stopping triggered
Test Accuracy: 0.3481953290870488
Confusion Matrix:
[[ 63  54 108]
 [ 20  34  69]
 [ 23  33  67]]
Training with Seed=35744
torch.Size([32, 42])
[42, 800, 3]
Epoch 1/20 - Loss: 1.1043, Acc: 0.4575
Validation Loss: 1.1649
Epoch 2/20 - Loss: 1.0444, Acc: 0.4993
Validation Loss: 1.1791
Epoch 3/20 - Loss: 0.9807, Acc: 0.5093
Validation Loss: 1.1226
Epoch 4/20 - Loss: 0.9459, Acc: 0.5551
Validation Loss: 1.1560
Epoch 5/20 - Loss: 0.9291, Acc: 0.5691
Validation Loss: 1.1503
Epoch 6/20 - Loss: 0.8735, Acc: 0.6069
Validation Loss: 1.1497
Epoch 7/20 - Loss: 0.8362, Acc: 0.6275
Validation Loss: 1.2796
Epoch 8/20 - Loss: 0.8545, Acc: 0.6082
Validation Loss: 1.2505
Early stopping triggered
Test Accuracy: 0.37579617834394907
Confusion Matrix:
[[ 73  49 103]
 [ 26  35  62]
 [ 31  23  69]]
Training with Seed=2523
torch.Size([32, 42])
[42, 800, 3]
Epoch 1/20 - Loss: 1.1015, Acc: 0.4582
Validation Loss: 1.1002
Epoch 2/20 - Loss: 1.0032, Acc: 0.5126
Validation Loss: 1.1902
Epoch 3/20 - Loss: 0.9849, Acc: 0.5193
Validation Loss: 1.1326
Epoch 4/20 - Loss: 0.9459, Acc: 0.5485
Validation Loss: 1.1203
Epoch 5/20 - Loss: 0.8948, Acc: 0.5843
Validation Loss: 1.1546
Epoch 6/20 - Loss: 0.8674, Acc: 0.5936
Validation Loss: 1.2394
Early stopping triggered
Test Accuracy: 0.4033970276008493
Confusion Matrix:
[[97 40 88]
 [35 33 55]
 [39 24 60]]
Training with Seed=235
torch.Size([32, 42])
[42, 800, 3]
Epoch 1/20 - Loss: 1.1481, Acc: 0.3958
Validation Loss: 1.1369
Epoch 2/20 - Loss: 1.0071, Acc: 0.5086
Validation Loss: 1.1811
Epoch 3/20 - Loss: 0.9712, Acc: 0.5372
Validation Loss: 1.1278
Epoch 4/20 - Loss: 0.9525, Acc: 0.5458
Validation Loss: 1.1286
Epoch 5/20 - Loss: 0.9098, Acc: 0.5717
Validation Loss: 1.1748
Epoch 6/20 - Loss: 0.8719, Acc: 0.6082
Validation Loss: 1.2141
Epoch 7/20 - Loss: 0.8351, Acc: 0.6135
Validation Loss: 1.1678
Epoch 8/20 - Loss: 0.8257, Acc: 0.6255
Validation Loss: 1.1634
Early stopping triggered
Test Accuracy: 0.42038216560509556
Confusion Matrix:
[[126  52  47]
 [ 62  33  28]
 [ 53  31  39]]
Avg perf for seed=235: 0.39529048446245896
Next Dataset . . .pca_val=43
Training with Seed=748
torch.Size([32, 43])
[43, 800, 3]
Epoch 1/20 - Loss: 1.1223, Acc: 0.4336
Validation Loss: 1.1993
Epoch 2/20 - Loss: 1.0297, Acc: 0.5073
Validation Loss: 1.1629
Epoch 3/20 - Loss: 1.0006, Acc: 0.5319
Validation Loss: 1.2119
Epoch 4/20 - Loss: 0.9452, Acc: 0.5518
Validation Loss: 1.1967
Epoch 5/20 - Loss: 0.9070, Acc: 0.5717
Validation Loss: 1.1556
Epoch 6/20 - Loss: 0.8809, Acc: 0.5989
Validation Loss: 1.1938
Epoch 7/20 - Loss: 0.8550, Acc: 0.6235
Validation Loss: 1.2511
Epoch 8/20 - Loss: 0.8307, Acc: 0.6242
Validation Loss: 1.2085
Epoch 9/20 - Loss: 0.8220, Acc: 0.6414
Validation Loss: 1.2110
Epoch 10/20 - Loss: 0.7850, Acc: 0.6567
Validation Loss: 1.1951
Early stopping triggered
Test Accuracy: 0.45222929936305734
Confusion Matrix:
[[141  46  38]
 [ 68  37  18]
 [ 56  32  35]]
Training with Seed=87209
torch.Size([32, 43])
[43, 800, 3]
Epoch 1/20 - Loss: 1.1475, Acc: 0.4024
Validation Loss: 1.1252
Epoch 2/20 - Loss: 1.0096, Acc: 0.5013
Validation Loss: 1.1649
Epoch 3/20 - Loss: 0.9652, Acc: 0.5272
Validation Loss: 1.3061
Epoch 4/20 - Loss: 0.9364, Acc: 0.5544
Validation Loss: 1.2601
Epoch 5/20 - Loss: 0.9113, Acc: 0.5697
Validation Loss: 1.2057
Epoch 6/20 - Loss: 0.8277, Acc: 0.6255
Validation Loss: 1.2250
Early stopping triggered
Test Accuracy: 0.346072186836518
Confusion Matrix:
[[67 71 87]
 [29 41 53]
 [26 42 55]]
Training with Seed=679
torch.Size([32, 43])
[43, 800, 3]
Epoch 1/20 - Loss: 1.1280, Acc: 0.4190
Validation Loss: 1.2035
Epoch 2/20 - Loss: 1.0406, Acc: 0.4980
Validation Loss: 1.1906
Epoch 3/20 - Loss: 0.9857, Acc: 0.5252
Validation Loss: 1.2383
Epoch 4/20 - Loss: 0.9243, Acc: 0.5803
Validation Loss: 1.1743
Epoch 5/20 - Loss: 0.9232, Acc: 0.5637
Validation Loss: 1.2514
Epoch 6/20 - Loss: 0.8891, Acc: 0.5969
Validation Loss: 1.2016
Epoch 7/20 - Loss: 0.8366, Acc: 0.6414
Validation Loss: 1.1774
Epoch 8/20 - Loss: 0.8091, Acc: 0.6474
Validation Loss: 1.1730
Epoch 9/20 - Loss: 0.7780, Acc: 0.6355
Validation Loss: 1.2611
Epoch 10/20 - Loss: 0.7375, Acc: 0.6886
Validation Loss: 1.2281
Epoch 11/20 - Loss: 0.7404, Acc: 0.6773
Validation Loss: 1.2064
Epoch 12/20 - Loss: 0.7016, Acc: 0.6946
Validation Loss: 1.2763
Epoch 13/20 - Loss: 0.7429, Acc: 0.6707
Validation Loss: 1.3126
Early stopping triggered
Test Accuracy: 0.386411889596603
Confusion Matrix:
[[80 70 75]
 [27 47 49]
 [36 32 55]]
Training with Seed=222
torch.Size([32, 43])
[43, 800, 3]
Epoch 1/20 - Loss: 1.1114, Acc: 0.4416
Validation Loss: 1.1500
Epoch 2/20 - Loss: 1.0127, Acc: 0.4993
Validation Loss: 1.1677
Epoch 3/20 - Loss: 0.9492, Acc: 0.5478
Validation Loss: 1.2044
Epoch 4/20 - Loss: 0.9292, Acc: 0.5438
Validation Loss: 1.2359
Epoch 5/20 - Loss: 0.9115, Acc: 0.5823
Validation Loss: 1.1634
Epoch 6/20 - Loss: 0.8549, Acc: 0.6142
Validation Loss: 1.1602
Early stopping triggered
Test Accuracy: 0.40552016985138006
Confusion Matrix:
[[111  49  65]
 [ 40  35  48]
 [ 49  29  45]]
Training with Seed=62
torch.Size([32, 43])
[43, 800, 3]
Epoch 1/20 - Loss: 1.0993, Acc: 0.4349
Validation Loss: 1.1556
Epoch 2/20 - Loss: 1.0076, Acc: 0.4914
Validation Loss: 1.1654
Epoch 3/20 - Loss: 1.0028, Acc: 0.5033
Validation Loss: 1.1802
Epoch 4/20 - Loss: 0.9103, Acc: 0.5644
Validation Loss: 1.2561
Epoch 5/20 - Loss: 0.8590, Acc: 0.6042
Validation Loss: 1.2363
Epoch 6/20 - Loss: 0.8761, Acc: 0.5803
Validation Loss: 1.1851
Early stopping triggered
Test Accuracy: 0.4012738853503185
Confusion Matrix:
[[115  85  25]
 [ 61  50  12]
 [ 61  38  24]]
Training with Seed=45
torch.Size([32, 43])
[43, 800, 3]
Epoch 1/20 - Loss: 1.1349, Acc: 0.4336
Validation Loss: 1.1315
Epoch 2/20 - Loss: 1.0425, Acc: 0.4940
Validation Loss: 1.2010
Epoch 3/20 - Loss: 0.9921, Acc: 0.5212
Validation Loss: 1.2007
Epoch 4/20 - Loss: 0.9196, Acc: 0.5757
Validation Loss: 1.1984
Epoch 5/20 - Loss: 0.8793, Acc: 0.6003
Validation Loss: 1.2565
Epoch 6/20 - Loss: 0.8560, Acc: 0.5963
Validation Loss: 1.2498
Early stopping triggered
Test Accuracy: 0.40552016985138006
Confusion Matrix:
[[113  65  47]
 [ 53  40  30]
 [ 51  34  38]]
Training with Seed=235
torch.Size([32, 43])
[43, 800, 3]
Epoch 1/20 - Loss: 1.1336, Acc: 0.4011
Validation Loss: 1.1519
Epoch 2/20 - Loss: 1.0199, Acc: 0.5139
Validation Loss: 1.1761
Epoch 3/20 - Loss: 0.9699, Acc: 0.5232
Validation Loss: 1.1477
Epoch 4/20 - Loss: 0.9464, Acc: 0.5511
Validation Loss: 1.1576
Epoch 5/20 - Loss: 0.9284, Acc: 0.5644
Validation Loss: 1.1669
Epoch 6/20 - Loss: 0.8923, Acc: 0.5764
Validation Loss: 1.1655
Epoch 7/20 - Loss: 0.8519, Acc: 0.6242
Validation Loss: 1.1669
Epoch 8/20 - Loss: 0.8052, Acc: 0.6580
Validation Loss: 1.1622
Early stopping triggered
Test Accuracy: 0.4012738853503185
Confusion Matrix:
[[113  67  45]
 [ 61  40  22]
 [ 57  30  36]]
Training with Seed=333
torch.Size([32, 43])
[43, 800, 3]
Epoch 1/20 - Loss: 1.1067, Acc: 0.4495
Validation Loss: 1.1876
Epoch 2/20 - Loss: 1.0341, Acc: 0.4967
Validation Loss: 1.1639
Epoch 3/20 - Loss: 1.0189, Acc: 0.5080
Validation Loss: 1.2470
Epoch 4/20 - Loss: 0.9770, Acc: 0.5378
Validation Loss: 1.2334
Epoch 5/20 - Loss: 0.9280, Acc: 0.5445
Validation Loss: 1.1729
Epoch 6/20 - Loss: 0.8776, Acc: 0.5983
Validation Loss: 1.2091
Epoch 7/20 - Loss: 0.8600, Acc: 0.5896
Validation Loss: 1.1571
Epoch 8/20 - Loss: 0.8006, Acc: 0.6501
Validation Loss: 1.2441
Epoch 9/20 - Loss: 0.7864, Acc: 0.6753
Validation Loss: 1.2673
Epoch 10/20 - Loss: 0.7824, Acc: 0.6580
Validation Loss: 1.2351
Epoch 11/20 - Loss: 0.7727, Acc: 0.6541
Validation Loss: 1.2105
Epoch 12/20 - Loss: 0.7527, Acc: 0.6859
Validation Loss: 1.2678
Early stopping triggered
Test Accuracy: 0.4182590233545648
Confusion Matrix:
[[106  70  49]
 [ 55  48  20]
 [ 44  36  43]]
Training with Seed=35744
torch.Size([32, 43])
[43, 800, 3]
Epoch 1/20 - Loss: 1.1157, Acc: 0.4436
Validation Loss: 1.1744
Epoch 2/20 - Loss: 1.0090, Acc: 0.4973
Validation Loss: 1.2470
Epoch 3/20 - Loss: 0.9949, Acc: 0.5478
Validation Loss: 1.2077
Epoch 4/20 - Loss: 0.9489, Acc: 0.5717
Validation Loss: 1.1646
Epoch 5/20 - Loss: 0.8781, Acc: 0.5983
Validation Loss: 1.1435
Epoch 6/20 - Loss: 0.8625, Acc: 0.6049
Validation Loss: 1.1717
Epoch 7/20 - Loss: 0.8405, Acc: 0.6122
Validation Loss: 1.2201
Epoch 8/20 - Loss: 0.8249, Acc: 0.6388
Validation Loss: 1.1850
Epoch 9/20 - Loss: 0.8080, Acc: 0.6301
Validation Loss: 1.1832
Epoch 10/20 - Loss: 0.7464, Acc: 0.6746
Validation Loss: 1.1958
Early stopping triggered
Test Accuracy: 0.42038216560509556
Confusion Matrix:
[[124  39  62]
 [ 65  28  30]
 [ 55  22  46]]
Training with Seed=2523
torch.Size([32, 43])
[43, 800, 3]
Epoch 1/20 - Loss: 1.1434, Acc: 0.4170
Validation Loss: 1.2148
Epoch 2/20 - Loss: 1.0442, Acc: 0.4774
Validation Loss: 1.1997
Epoch 3/20 - Loss: 0.9495, Acc: 0.5432
Validation Loss: 1.1823
Epoch 4/20 - Loss: 0.9437, Acc: 0.5471
Validation Loss: 1.2265
Epoch 5/20 - Loss: 0.9240, Acc: 0.5624
Validation Loss: 1.1594
Epoch 6/20 - Loss: 0.8751, Acc: 0.6056
Validation Loss: 1.1643
Epoch 7/20 - Loss: 0.8413, Acc: 0.6102
Validation Loss: 1.1937
Epoch 8/20 - Loss: 0.8113, Acc: 0.6368
Validation Loss: 1.2181
Epoch 9/20 - Loss: 0.8122, Acc: 0.6441
Validation Loss: 1.1622
Epoch 10/20 - Loss: 0.7829, Acc: 0.6335
Validation Loss: 1.2666
Early stopping triggered
Test Accuracy: 0.35668789808917195
Confusion Matrix:
[[72 68 85]
 [27 40 56]
 [29 38 56]]
Training with Seed=235
torch.Size([32, 43])
[43, 800, 3]
Epoch 1/20 - Loss: 1.1047, Acc: 0.4283
Validation Loss: 1.2605
Epoch 2/20 - Loss: 1.0159, Acc: 0.5007
Validation Loss: 1.1311
Epoch 3/20 - Loss: 0.9763, Acc: 0.5332
Validation Loss: 1.1374
Epoch 4/20 - Loss: 0.9510, Acc: 0.5465
Validation Loss: 1.1900
Epoch 5/20 - Loss: 0.9335, Acc: 0.5717
Validation Loss: 1.2059
Epoch 6/20 - Loss: 0.8467, Acc: 0.5983
Validation Loss: 1.1313
Epoch 7/20 - Loss: 0.8447, Acc: 0.6042
Validation Loss: 1.2234
Early stopping triggered
Test Accuracy: 0.37154989384288745
Confusion Matrix:
[[ 68 135  22]
 [ 25  90   8]
 [ 33  73  17]]
Avg perf for seed=235: 0.3968345879173905
Next Dataset . . .pca_val=44
Training with Seed=748
torch.Size([32, 44])
[44, 800, 3]
Epoch 1/20 - Loss: 1.1215, Acc: 0.4316
Validation Loss: 1.2861
Epoch 2/20 - Loss: 1.0131, Acc: 0.5080
Validation Loss: 1.2116
Epoch 3/20 - Loss: 0.9623, Acc: 0.5445
Validation Loss: 1.1477
Epoch 4/20 - Loss: 0.9023, Acc: 0.5810
Validation Loss: 1.1497
Epoch 5/20 - Loss: 0.8787, Acc: 0.6029
Validation Loss: 1.2421
Epoch 6/20 - Loss: 0.8325, Acc: 0.6321
Validation Loss: 1.1442
Epoch 7/20 - Loss: 0.8062, Acc: 0.6315
Validation Loss: 1.1779
Epoch 8/20 - Loss: 0.8121, Acc: 0.6288
Validation Loss: 1.2112
Epoch 9/20 - Loss: 0.7458, Acc: 0.6799
Validation Loss: 1.1830
Epoch 10/20 - Loss: 0.7435, Acc: 0.6667
Validation Loss: 1.2149
Epoch 11/20 - Loss: 0.7180, Acc: 0.6846
Validation Loss: 1.2277
Early stopping triggered
Test Accuracy: 0.4140127388535032
Confusion Matrix:
[[93 84 48]
 [29 61 33]
 [31 51 41]]
Training with Seed=87209
torch.Size([32, 44])
[44, 800, 3]
Epoch 1/20 - Loss: 1.1300, Acc: 0.4197
Validation Loss: 1.2211
Epoch 2/20 - Loss: 1.0371, Acc: 0.4947
Validation Loss: 1.1071
Epoch 3/20 - Loss: 0.9867, Acc: 0.5239
Validation Loss: 1.2029
Epoch 4/20 - Loss: 0.9330, Acc: 0.5657
Validation Loss: 1.1886
Epoch 5/20 - Loss: 0.8901, Acc: 0.5764
Validation Loss: 1.2339
Epoch 6/20 - Loss: 0.8217, Acc: 0.6308
Validation Loss: 1.2752
Epoch 7/20 - Loss: 0.8390, Acc: 0.6295
Validation Loss: 1.2312
Early stopping triggered
Test Accuracy: 0.3885350318471338
Confusion Matrix:
[[ 69 117  39]
 [ 23  79  21]
 [ 25  63  35]]
Training with Seed=679
torch.Size([32, 44])
[44, 800, 3]
Epoch 1/20 - Loss: 1.1471, Acc: 0.4004
Validation Loss: 1.2367
Epoch 2/20 - Loss: 1.0390, Acc: 0.4973
Validation Loss: 1.2333
Epoch 3/20 - Loss: 0.9673, Acc: 0.5292
Validation Loss: 1.2381
Epoch 4/20 - Loss: 0.9381, Acc: 0.5458
Validation Loss: 1.1712
Epoch 5/20 - Loss: 0.8855, Acc: 0.5983
Validation Loss: 1.1637
Epoch 6/20 - Loss: 0.8506, Acc: 0.6129
Validation Loss: 1.2312
Epoch 7/20 - Loss: 0.8210, Acc: 0.6375
Validation Loss: 1.1855
Epoch 8/20 - Loss: 0.8384, Acc: 0.6228
Validation Loss: 1.2601
Epoch 9/20 - Loss: 0.7829, Acc: 0.6687
Validation Loss: 1.2078
Epoch 10/20 - Loss: 0.7627, Acc: 0.6707
Validation Loss: 1.2693
Early stopping triggered
Test Accuracy: 0.3673036093418259
Confusion Matrix:
[[69 61 95]
 [20 39 64]
 [20 38 65]]
Training with Seed=222
torch.Size([32, 44])
[44, 800, 3]
Epoch 1/20 - Loss: 1.1071, Acc: 0.4283
Validation Loss: 1.2132
Epoch 2/20 - Loss: 1.0116, Acc: 0.5046
Validation Loss: 1.1798
Epoch 3/20 - Loss: 0.9551, Acc: 0.5518
Validation Loss: 1.1913
Epoch 4/20 - Loss: 0.9067, Acc: 0.5710
Validation Loss: 1.1446
Epoch 5/20 - Loss: 0.8867, Acc: 0.5837
Validation Loss: 1.1886
Epoch 6/20 - Loss: 0.8567, Acc: 0.5956
Validation Loss: 1.1300
Epoch 7/20 - Loss: 0.8114, Acc: 0.6421
Validation Loss: 1.1845
Epoch 8/20 - Loss: 0.7863, Acc: 0.6388
Validation Loss: 1.2276
Epoch 9/20 - Loss: 0.7743, Acc: 0.6873
Validation Loss: 1.2070
Epoch 10/20 - Loss: 0.7397, Acc: 0.6746
Validation Loss: 1.2624
Epoch 11/20 - Loss: 0.7213, Acc: 0.6839
Validation Loss: 1.2044
Early stopping triggered
Test Accuracy: 0.4288747346072187
Confusion Matrix:
[[133  57  35]
 [ 65  40  18]
 [ 60  34  29]]
Training with Seed=62
torch.Size([32, 44])
[44, 800, 3]
Epoch 1/20 - Loss: 1.1195, Acc: 0.4290
Validation Loss: 1.1770
Epoch 2/20 - Loss: 1.0380, Acc: 0.4847
Validation Loss: 1.1897
Epoch 3/20 - Loss: 0.9818, Acc: 0.5232
Validation Loss: 1.2410
Epoch 4/20 - Loss: 0.9184, Acc: 0.5730
Validation Loss: 1.1226
Epoch 5/20 - Loss: 0.8495, Acc: 0.6162
Validation Loss: 1.1201
Epoch 6/20 - Loss: 0.8478, Acc: 0.6135
Validation Loss: 1.1512
Epoch 7/20 - Loss: 0.7796, Acc: 0.6467
Validation Loss: 1.1882
Epoch 8/20 - Loss: 0.8053, Acc: 0.6275
Validation Loss: 1.1833
Epoch 9/20 - Loss: 0.7618, Acc: 0.6673
Validation Loss: 1.1912
Epoch 10/20 - Loss: 0.7256, Acc: 0.6946
Validation Loss: 1.2106
Early stopping triggered
Test Accuracy: 0.3885350318471338
Confusion Matrix:
[[80 57 88]
 [24 44 55]
 [29 35 59]]
Training with Seed=45
torch.Size([32, 44])
[44, 800, 3]
Epoch 1/20 - Loss: 1.1305, Acc: 0.4263
Validation Loss: 1.1686
Epoch 2/20 - Loss: 1.0309, Acc: 0.4788
Validation Loss: 1.1593
Epoch 3/20 - Loss: 0.9638, Acc: 0.5312
Validation Loss: 1.1989
Epoch 4/20 - Loss: 0.9622, Acc: 0.5372
Validation Loss: 1.1521
Epoch 5/20 - Loss: 0.9074, Acc: 0.5817
Validation Loss: 1.1682
Epoch 6/20 - Loss: 0.8420, Acc: 0.6069
Validation Loss: 1.2091
Epoch 7/20 - Loss: 0.8202, Acc: 0.6315
Validation Loss: 1.2173
Epoch 8/20 - Loss: 0.7698, Acc: 0.6541
Validation Loss: 1.2013
Epoch 9/20 - Loss: 0.7460, Acc: 0.6587
Validation Loss: 1.2033
Early stopping triggered
Test Accuracy: 0.4012738853503185
Confusion Matrix:
[[87 92 46]
 [32 63 28]
 [33 51 39]]
Training with Seed=235
torch.Size([32, 44])
[44, 800, 3]
Epoch 1/20 - Loss: 1.1074, Acc: 0.4290
Validation Loss: 1.1899
Epoch 2/20 - Loss: 1.0226, Acc: 0.5040
Validation Loss: 1.1514
Epoch 3/20 - Loss: 0.9564, Acc: 0.5392
Validation Loss: 1.1609
Epoch 4/20 - Loss: 0.9313, Acc: 0.5538
Validation Loss: 1.1620
Epoch 5/20 - Loss: 0.8964, Acc: 0.5810
Validation Loss: 1.1541
Epoch 6/20 - Loss: 0.8772, Acc: 0.6069
Validation Loss: 1.1470
Epoch 7/20 - Loss: 0.8335, Acc: 0.6096
Validation Loss: 1.2566
Epoch 8/20 - Loss: 0.8259, Acc: 0.6368
Validation Loss: 1.2402
Epoch 9/20 - Loss: 0.8030, Acc: 0.6242
Validation Loss: 1.2275
Epoch 10/20 - Loss: 0.7634, Acc: 0.6614
Validation Loss: 1.2548
Epoch 11/20 - Loss: 0.7403, Acc: 0.6853
Validation Loss: 1.2240
Early stopping triggered
Test Accuracy: 0.4118895966029724
Confusion Matrix:
[[101  39  85]
 [ 36  26  61]
 [ 45  11  67]]
Training with Seed=333
torch.Size([32, 44])
[44, 800, 3]
Epoch 1/20 - Loss: 1.1409, Acc: 0.4363
Validation Loss: 1.1871
Epoch 2/20 - Loss: 1.0083, Acc: 0.4940
Validation Loss: 1.1691
Epoch 3/20 - Loss: 0.9527, Acc: 0.5359
Validation Loss: 1.2226
Epoch 4/20 - Loss: 0.9250, Acc: 0.5591
Validation Loss: 1.1661
Epoch 5/20 - Loss: 0.8976, Acc: 0.5883
Validation Loss: 1.1906
Epoch 6/20 - Loss: 0.8578, Acc: 0.6195
Validation Loss: 1.1826
Epoch 7/20 - Loss: 0.8086, Acc: 0.6335
Validation Loss: 1.2000
Epoch 8/20 - Loss: 0.7906, Acc: 0.6481
Validation Loss: 1.1686
Epoch 9/20 - Loss: 0.7801, Acc: 0.6707
Validation Loss: 1.2107
Early stopping triggered
Test Accuracy: 0.4182590233545648
Confusion Matrix:
[[93 87 45]
 [31 60 32]
 [35 44 44]]
Training with Seed=35744
torch.Size([32, 44])
[44, 800, 3]
Epoch 1/20 - Loss: 1.1436, Acc: 0.4236
Validation Loss: 1.2157
Epoch 2/20 - Loss: 1.0357, Acc: 0.5166
Validation Loss: 1.2064
Epoch 3/20 - Loss: 0.9863, Acc: 0.5246
Validation Loss: 1.1749
Epoch 4/20 - Loss: 0.9475, Acc: 0.5312
Validation Loss: 1.1653
Epoch 5/20 - Loss: 0.8804, Acc: 0.5943
Validation Loss: 1.2010
Epoch 6/20 - Loss: 0.8558, Acc: 0.6023
Validation Loss: 1.1739
Epoch 7/20 - Loss: 0.8276, Acc: 0.6268
Validation Loss: 1.2142
Epoch 8/20 - Loss: 0.7840, Acc: 0.6660
Validation Loss: 1.1764
Epoch 9/20 - Loss: 0.7874, Acc: 0.6600
Validation Loss: 1.1901
Early stopping triggered
Test Accuracy: 0.4182590233545648
Confusion Matrix:
[[123  48  54]
 [ 61  35  27]
 [ 55  29  39]]
Training with Seed=2523
torch.Size([32, 44])
[44, 800, 3]
Epoch 1/20 - Loss: 1.1522, Acc: 0.4077
Validation Loss: 1.2673
Epoch 2/20 - Loss: 1.0413, Acc: 0.4814
Validation Loss: 1.1565
Epoch 3/20 - Loss: 0.9515, Acc: 0.5445
Validation Loss: 1.2861
Epoch 4/20 - Loss: 0.9382, Acc: 0.5611
Validation Loss: 1.2304
Epoch 5/20 - Loss: 0.9144, Acc: 0.5737
Validation Loss: 1.1716
Epoch 6/20 - Loss: 0.8589, Acc: 0.6023
Validation Loss: 1.1524
Epoch 7/20 - Loss: 0.8037, Acc: 0.6361
Validation Loss: 1.2586
Epoch 8/20 - Loss: 0.7926, Acc: 0.6454
Validation Loss: 1.2346
Epoch 9/20 - Loss: 0.7679, Acc: 0.6600
Validation Loss: 1.2393
Epoch 10/20 - Loss: 0.7495, Acc: 0.6687
Validation Loss: 1.2193
Epoch 11/20 - Loss: 0.7268, Acc: 0.6906
Validation Loss: 1.1964
Early stopping triggered
Test Accuracy: 0.4118895966029724
Confusion Matrix:
[[124  58  43]
 [ 61  39  23]
 [ 55  37  31]]
Training with Seed=235
torch.Size([32, 44])
[44, 800, 3]
Epoch 1/20 - Loss: 1.1334, Acc: 0.4163
Validation Loss: 1.1530
Epoch 2/20 - Loss: 1.0354, Acc: 0.4841
Validation Loss: 1.1786
Epoch 3/20 - Loss: 1.0153, Acc: 0.5179
Validation Loss: 1.1200
Epoch 4/20 - Loss: 0.9279, Acc: 0.5564
Validation Loss: 1.1676
Epoch 5/20 - Loss: 0.8874, Acc: 0.5710
Validation Loss: 1.1604
Epoch 6/20 - Loss: 0.8655, Acc: 0.5956
Validation Loss: 1.1844
Epoch 7/20 - Loss: 0.8401, Acc: 0.6175
Validation Loss: 1.2172
Epoch 8/20 - Loss: 0.8276, Acc: 0.6381
Validation Loss: 1.2810
Early stopping triggered
Test Accuracy: 0.35881104033970274
Confusion Matrix:
[[ 71  51 103]
 [ 22  34  67]
 [ 25  34  64]]
Avg perf for seed=235: 0.40069484655471915
Next Dataset . . .pca_val=48
Training with Seed=748
torch.Size([32, 48])
[48, 800, 3]
Epoch 1/20 - Loss: 1.1217, Acc: 0.4150
Validation Loss: 1.1564
Epoch 2/20 - Loss: 1.0147, Acc: 0.5066
Validation Loss: 1.2049
Epoch 3/20 - Loss: 0.9423, Acc: 0.5591
Validation Loss: 1.1727
Epoch 4/20 - Loss: 0.9135, Acc: 0.5624
Validation Loss: 1.1993
Epoch 5/20 - Loss: 0.8845, Acc: 0.5963
Validation Loss: 1.1283
Epoch 6/20 - Loss: 0.8477, Acc: 0.6288
Validation Loss: 1.1738
Epoch 7/20 - Loss: 0.7854, Acc: 0.6461
Validation Loss: 1.1842
Epoch 8/20 - Loss: 0.7625, Acc: 0.6687
Validation Loss: 1.1919
Epoch 9/20 - Loss: 0.7312, Acc: 0.6826
Validation Loss: 1.1765
Epoch 10/20 - Loss: 0.7640, Acc: 0.6899
Validation Loss: 1.2301
Early stopping triggered
Test Accuracy: 0.39278131634819535
Confusion Matrix:
[[ 86 104  35]
 [ 36  68  19]
 [ 37  55  31]]
Training with Seed=87209
torch.Size([32, 48])
[48, 800, 3]
Epoch 1/20 - Loss: 1.1298, Acc: 0.4283
Validation Loss: 1.2313
Epoch 2/20 - Loss: 1.0227, Acc: 0.5007
Validation Loss: 1.1939
Epoch 3/20 - Loss: 0.9766, Acc: 0.5279
Validation Loss: 1.1791
Epoch 4/20 - Loss: 0.9494, Acc: 0.5498
Validation Loss: 1.1388
Epoch 5/20 - Loss: 0.8644, Acc: 0.6089
Validation Loss: 1.1707
Epoch 6/20 - Loss: 0.8476, Acc: 0.6129
Validation Loss: 1.1942
Epoch 7/20 - Loss: 0.7787, Acc: 0.6487
Validation Loss: 1.2872
Epoch 8/20 - Loss: 0.8082, Acc: 0.6720
Validation Loss: 1.1648
Epoch 9/20 - Loss: 0.7816, Acc: 0.6600
Validation Loss: 1.2304
Early stopping triggered
Test Accuracy: 0.3970276008492569
Confusion Matrix:
[[89 46 90]
 [26 35 62]
 [34 26 63]]
Training with Seed=679
torch.Size([32, 48])
[48, 800, 3]
Epoch 1/20 - Loss: 1.1049, Acc: 0.4489
Validation Loss: 1.3494
Epoch 2/20 - Loss: 1.0457, Acc: 0.4907
Validation Loss: 1.2276
Epoch 3/20 - Loss: 0.9727, Acc: 0.5385
Validation Loss: 1.1709
Epoch 4/20 - Loss: 0.9071, Acc: 0.5803
Validation Loss: 1.1729
Epoch 5/20 - Loss: 0.8394, Acc: 0.6029
Validation Loss: 1.1799
Epoch 6/20 - Loss: 0.8320, Acc: 0.6042
Validation Loss: 1.2095
Epoch 7/20 - Loss: 0.8103, Acc: 0.6275
Validation Loss: 1.2056
Epoch 8/20 - Loss: 0.7603, Acc: 0.6600
Validation Loss: 1.2148
Early stopping triggered
Test Accuracy: 0.40552016985138006
Confusion Matrix:
[[95 37 93]
 [38 28 57]
 [40 15 68]]
Training with Seed=222
torch.Size([32, 48])
[48, 800, 3]
Epoch 1/20 - Loss: 1.1024, Acc: 0.4502
Validation Loss: 1.1412
Epoch 2/20 - Loss: 1.0308, Acc: 0.4880
Validation Loss: 1.2020
Epoch 3/20 - Loss: 0.9424, Acc: 0.5458
Validation Loss: 1.1898
Epoch 4/20 - Loss: 0.9432, Acc: 0.5584
Validation Loss: 1.2178
Epoch 5/20 - Loss: 0.9098, Acc: 0.5916
Validation Loss: 1.1785
Epoch 6/20 - Loss: 0.8365, Acc: 0.6301
Validation Loss: 1.1820
Early stopping triggered
Test Accuracy: 0.40552016985138006
Confusion Matrix:
[[100  76  49]
 [ 56  51  16]
 [ 46  37  40]]
Training with Seed=62
torch.Size([32, 48])
[48, 800, 3]
Epoch 1/20 - Loss: 1.1219, Acc: 0.4177
Validation Loss: 1.2575
Epoch 2/20 - Loss: 1.0239, Acc: 0.5000
Validation Loss: 1.2046
Epoch 3/20 - Loss: 0.9677, Acc: 0.5518
Validation Loss: 1.1532
Epoch 4/20 - Loss: 0.9808, Acc: 0.5359
Validation Loss: 1.1953
Epoch 5/20 - Loss: 0.8727, Acc: 0.6042
Validation Loss: 1.1502
Epoch 6/20 - Loss: 0.8852, Acc: 0.5956
Validation Loss: 1.1869
Epoch 7/20 - Loss: 0.7933, Acc: 0.6375
Validation Loss: 1.1503
Epoch 8/20 - Loss: 0.8223, Acc: 0.6348
Validation Loss: 1.1986
Epoch 9/20 - Loss: 0.7402, Acc: 0.6839
Validation Loss: 1.3001
Epoch 10/20 - Loss: 0.7709, Acc: 0.6720
Validation Loss: 1.2392
Early stopping triggered
Test Accuracy: 0.4182590233545648
Confusion Matrix:
[[104  77  44]
 [ 53  51  19]
 [ 48  33  42]]
Training with Seed=45
torch.Size([32, 48])
[48, 800, 3]
Epoch 1/20 - Loss: 1.1037, Acc: 0.4336
Validation Loss: 1.2171
Epoch 2/20 - Loss: 1.0445, Acc: 0.4927
Validation Loss: 1.2961
Epoch 3/20 - Loss: 1.0021, Acc: 0.5412
Validation Loss: 1.1854
Epoch 4/20 - Loss: 0.9182, Acc: 0.5571
Validation Loss: 1.1529
Epoch 5/20 - Loss: 0.8677, Acc: 0.6116
Validation Loss: 1.2060
Epoch 6/20 - Loss: 0.8526, Acc: 0.6295
Validation Loss: 1.1573
Epoch 7/20 - Loss: 0.8199, Acc: 0.6282
Validation Loss: 1.1913
Epoch 8/20 - Loss: 0.7897, Acc: 0.6547
Validation Loss: 1.1985
Epoch 9/20 - Loss: 0.7729, Acc: 0.6594
Validation Loss: 1.2013
Early stopping triggered
Test Accuracy: 0.3524416135881104
Confusion Matrix:
[[73 63 89]
 [26 36 61]
 [33 33 57]]
Training with Seed=235
torch.Size([32, 48])
[48, 800, 3]
Epoch 1/20 - Loss: 1.1124, Acc: 0.4309
Validation Loss: 1.2241
Epoch 2/20 - Loss: 1.0271, Acc: 0.4973
Validation Loss: 1.1677
Epoch 3/20 - Loss: 0.9518, Acc: 0.5385
Validation Loss: 1.2066
Epoch 4/20 - Loss: 0.9099, Acc: 0.5850
Validation Loss: 1.1532
Epoch 5/20 - Loss: 0.8895, Acc: 0.5863
Validation Loss: 1.1498
Epoch 6/20 - Loss: 0.8684, Acc: 0.6062
Validation Loss: 1.1406
Epoch 7/20 - Loss: 0.8211, Acc: 0.6514
Validation Loss: 1.2061
Epoch 8/20 - Loss: 0.7768, Acc: 0.6647
Validation Loss: 1.2129
Epoch 9/20 - Loss: 0.7769, Acc: 0.6494
Validation Loss: 1.1993
Epoch 10/20 - Loss: 0.7239, Acc: 0.6879
Validation Loss: 1.2042
Epoch 11/20 - Loss: 0.7166, Acc: 0.7085
Validation Loss: 1.2500
Early stopping triggered
Test Accuracy: 0.4012738853503185
Confusion Matrix:
[[ 82 108  35]
 [ 26  80  17]
 [ 31  65  27]]
Training with Seed=333
torch.Size([32, 48])
[48, 800, 3]
Epoch 1/20 - Loss: 1.0945, Acc: 0.4402
Validation Loss: 1.3535
Epoch 2/20 - Loss: 1.0082, Acc: 0.5438
Validation Loss: 1.1662
Epoch 3/20 - Loss: 0.9821, Acc: 0.5372
Validation Loss: 1.2018
Epoch 4/20 - Loss: 0.9192, Acc: 0.5584
Validation Loss: 1.2354
Epoch 5/20 - Loss: 0.8860, Acc: 0.5943
Validation Loss: 1.1861
Epoch 6/20 - Loss: 0.8378, Acc: 0.6169
Validation Loss: 1.1334
Epoch 7/20 - Loss: 0.7915, Acc: 0.6275
Validation Loss: 1.1568
Epoch 8/20 - Loss: 0.7862, Acc: 0.6494
Validation Loss: 1.2460
Epoch 9/20 - Loss: 0.7704, Acc: 0.6640
Validation Loss: 1.1591
Epoch 10/20 - Loss: 0.7357, Acc: 0.6985
Validation Loss: 1.1877
Epoch 11/20 - Loss: 0.6998, Acc: 0.6906
Validation Loss: 1.1900
Early stopping triggered
Test Accuracy: 0.3885350318471338
Confusion Matrix:
[[94 41 90]
 [38 32 53]
 [38 28 57]]
Training with Seed=35744
torch.Size([32, 48])
[48, 800, 3]
Epoch 1/20 - Loss: 1.0751, Acc: 0.4436
Validation Loss: 1.1633
Epoch 2/20 - Loss: 1.0404, Acc: 0.4880
Validation Loss: 1.1918
Epoch 3/20 - Loss: 0.9496, Acc: 0.5378
Validation Loss: 1.1485
Epoch 4/20 - Loss: 0.9262, Acc: 0.5551
Validation Loss: 1.2315
Epoch 5/20 - Loss: 0.8632, Acc: 0.6149
Validation Loss: 1.1849
Epoch 6/20 - Loss: 0.8273, Acc: 0.6401
Validation Loss: 1.2282
Epoch 7/20 - Loss: 0.8135, Acc: 0.6341
Validation Loss: 1.1696
Epoch 8/20 - Loss: 0.7714, Acc: 0.6594
Validation Loss: 1.2001
Early stopping triggered
Test Accuracy: 0.3651804670912951
Confusion Matrix:
[[ 72  51 102]
 [ 26  34  63]
 [ 30  27  66]]
Training with Seed=2523
torch.Size([32, 48])
[48, 800, 3]
Epoch 1/20 - Loss: 1.0915, Acc: 0.4363
Validation Loss: 1.1854
Epoch 2/20 - Loss: 0.9895, Acc: 0.5173
Validation Loss: 1.2435
Epoch 3/20 - Loss: 0.9838, Acc: 0.5392
Validation Loss: 1.3482
Epoch 4/20 - Loss: 0.9297, Acc: 0.5651
Validation Loss: 1.1758
Epoch 5/20 - Loss: 0.8561, Acc: 0.6003
Validation Loss: 1.1494
Epoch 6/20 - Loss: 0.8796, Acc: 0.6116
Validation Loss: 1.1770
Epoch 7/20 - Loss: 0.7986, Acc: 0.6461
Validation Loss: 1.2094
Epoch 8/20 - Loss: 0.7897, Acc: 0.6633
Validation Loss: 1.2402
Epoch 9/20 - Loss: 0.7601, Acc: 0.6773
Validation Loss: 1.1797
Epoch 10/20 - Loss: 0.7635, Acc: 0.6726
Validation Loss: 1.2996
Early stopping triggered
Test Accuracy: 0.3630573248407643
Confusion Matrix:
[[51 90 84]
 [21 61 41]
 [19 45 59]]
Training with Seed=235
classify.py:388: UserWarning: Creating a tensor from a list of numpy.ndarrays is extremely slow. Please consider converting the list to a single numpy.ndarray with numpy.array() before converting to a tensor. (Triggered internally at  ../torch/csrc/utils/tensor_new.cpp:201.)
  features = torch.tensor(features, dtype=torch.float32)
torch.Size([32, 48])
[48, 800, 3]
Epoch 1/20 - Loss: 1.1448, Acc: 0.4057
Validation Loss: 1.2026
Epoch 2/20 - Loss: 1.0255, Acc: 0.4947
Validation Loss: 1.1626
Epoch 3/20 - Loss: 0.9638, Acc: 0.5292
Validation Loss: 1.1463
Epoch 4/20 - Loss: 0.9248, Acc: 0.5717
Validation Loss: 1.1968
Epoch 5/20 - Loss: 0.8839, Acc: 0.5969
Validation Loss: 1.1711
Epoch 6/20 - Loss: 0.8259, Acc: 0.6268
Validation Loss: 1.2685
Epoch 7/20 - Loss: 0.8264, Acc: 0.6401
Validation Loss: 1.2761
Epoch 8/20 - Loss: 0.7753, Acc: 0.6394
Validation Loss: 1.1574
Early stopping triggered
Test Accuracy: 0.4394904458598726
Confusion Matrix:
[[134  51  40]
 [ 65  34  24]
 [ 64  20  39]]
Avg perf for seed=235: 0.3935533680756611
pca_vals=[40, 41, 42, 43, 44, 48]
pca_perfs=[0.4196101138776298, 0.41362671298977033, 0.39529048446245896, 0.3968345879173905, 0.40069484655471915, 0.3935533680756611]
