Requirement already satisfied: pandas in /home/crsnell/.local/lib/python3.6/site-packages (1.1.5)
Requirement already satisfied: python-dateutil>=2.7.3 in /home/crsnell/.local/lib/python3.6/site-packages (from pandas) (2.8.2)
Requirement already satisfied: pytz>=2017.2 in /usr/lib/python3.6/site-packages (from pandas) (2017.2)
Requirement already satisfied: numpy>=1.15.4 in /home/crsnell/.local/lib/python3.6/site-packages (from pandas) (1.19.5)
Requirement already satisfied: six>=1.5 in /home/crsnell/.local/lib/python3.6/site-packages (from python-dateutil>=2.7.3->pandas) (1.15.0)
Requirement already satisfied: tensorflow in /home/crsnell/.local/lib/python3.6/site-packages (2.6.2)
Requirement already satisfied: h5py~=3.1.0 in /home/crsnell/.local/lib/python3.6/site-packages (from tensorflow) (3.1.0)
Requirement already satisfied: clang~=5.0 in /home/crsnell/.local/lib/python3.6/site-packages (from tensorflow) (5.0)
Requirement already satisfied: protobuf>=3.9.2 in /home/crsnell/.local/lib/python3.6/site-packages (from tensorflow) (3.19.6)
Requirement already satisfied: termcolor~=1.1.0 in /home/crsnell/.local/lib/python3.6/site-packages (from tensorflow) (1.1.0)
Requirement already satisfied: opt-einsum~=3.3.0 in /home/crsnell/.local/lib/python3.6/site-packages (from tensorflow) (3.3.0)
Requirement already satisfied: flatbuffers~=1.12.0 in /home/crsnell/.local/lib/python3.6/site-packages (from tensorflow) (1.12)
Requirement already satisfied: typing-extensions~=3.7.4 in /home/crsnell/.local/lib/python3.6/site-packages (from tensorflow) (3.7.4.3)
Requirement already satisfied: six~=1.15.0 in /home/crsnell/.local/lib/python3.6/site-packages (from tensorflow) (1.15.0)
Requirement already satisfied: tensorboard<2.7,>=2.6.0 in /home/crsnell/.local/lib/python3.6/site-packages (from tensorflow) (2.6.0)
Requirement already satisfied: grpcio<2.0,>=1.37.0 in /home/crsnell/.local/lib/python3.6/site-packages (from tensorflow) (1.48.2)
Requirement already satisfied: astunparse~=1.6.3 in /home/crsnell/.local/lib/python3.6/site-packages (from tensorflow) (1.6.3)
Requirement already satisfied: absl-py~=0.10 in /home/crsnell/.local/lib/python3.6/site-packages (from tensorflow) (0.15.0)
Requirement already satisfied: google-pasta~=0.2 in /home/crsnell/.local/lib/python3.6/site-packages (from tensorflow) (0.2.0)
Requirement already satisfied: numpy~=1.19.2 in /home/crsnell/.local/lib/python3.6/site-packages (from tensorflow) (1.19.5)
Requirement already satisfied: keras-preprocessing~=1.1.2 in /home/crsnell/.local/lib/python3.6/site-packages (from tensorflow) (1.1.2)
Requirement already satisfied: wheel~=0.35 in /home/crsnell/.local/lib/python3.6/site-packages (from tensorflow) (0.37.1)
Requirement already satisfied: keras<2.7,>=2.6.0 in /home/crsnell/.local/lib/python3.6/site-packages (from tensorflow) (2.6.0)
Requirement already satisfied: gast==0.4.0 in /home/crsnell/.local/lib/python3.6/site-packages (from tensorflow) (0.4.0)
Requirement already satisfied: wrapt~=1.12.1 in /home/crsnell/.local/lib/python3.6/site-packages (from tensorflow) (1.12.1)
Requirement already satisfied: tensorflow-estimator<2.7,>=2.6.0 in /home/crsnell/.local/lib/python3.6/site-packages (from tensorflow) (2.6.0)
Requirement already satisfied: cached-property in /home/crsnell/.local/lib/python3.6/site-packages (from h5py~=3.1.0->tensorflow) (1.5.2)
Requirement already satisfied: google-auth<2,>=1.6.3 in /home/crsnell/.local/lib/python3.6/site-packages (from tensorboard<2.7,>=2.6.0->tensorflow) (1.35.0)
Requirement already satisfied: google-auth-oauthlib<0.5,>=0.4.1 in /home/crsnell/.local/lib/python3.6/site-packages (from tensorboard<2.7,>=2.6.0->tensorflow) (0.4.6)
Requirement already satisfied: tensorboard-plugin-wit>=1.6.0 in /home/crsnell/.local/lib/python3.6/site-packages (from tensorboard<2.7,>=2.6.0->tensorflow) (1.8.1)
Requirement already satisfied: werkzeug>=0.11.15 in /home/crsnell/.local/lib/python3.6/site-packages (from tensorboard<2.7,>=2.6.0->tensorflow) (2.0.3)
Requirement already satisfied: setuptools>=41.0.0 in /home/crsnell/.local/lib/python3.6/site-packages (from tensorboard<2.7,>=2.6.0->tensorflow) (59.6.0)
Requirement already satisfied: requests<3,>=2.21.0 in /home/crsnell/.local/lib/python3.6/site-packages (from tensorboard<2.7,>=2.6.0->tensorflow) (2.27.1)
Requirement already satisfied: tensorboard-data-server<0.7.0,>=0.6.0 in /home/crsnell/.local/lib/python3.6/site-packages (from tensorboard<2.7,>=2.6.0->tensorflow) (0.6.1)
Requirement already satisfied: markdown>=2.6.8 in /home/crsnell/.local/lib/python3.6/site-packages (from tensorboard<2.7,>=2.6.0->tensorflow) (3.3.7)
Requirement already satisfied: cachetools<5.0,>=2.0.0 in /home/crsnell/.local/lib/python3.6/site-packages (from google-auth<2,>=1.6.3->tensorboard<2.7,>=2.6.0->tensorflow) (4.2.4)
Requirement already satisfied: rsa<5,>=3.1.4 in /home/crsnell/.local/lib/python3.6/site-packages (from google-auth<2,>=1.6.3->tensorboard<2.7,>=2.6.0->tensorflow) (4.9)
Requirement already satisfied: pyasn1-modules>=0.2.1 in /home/crsnell/.local/lib/python3.6/site-packages (from google-auth<2,>=1.6.3->tensorboard<2.7,>=2.6.0->tensorflow) (0.3.0)
Requirement already satisfied: requests-oauthlib>=0.7.0 in /home/crsnell/.local/lib/python3.6/site-packages (from google-auth-oauthlib<0.5,>=0.4.1->tensorboard<2.7,>=2.6.0->tensorflow) (2.0.0)
Requirement already satisfied: importlib-metadata>=4.4 in /home/crsnell/.local/lib/python3.6/site-packages (from markdown>=2.6.8->tensorboard<2.7,>=2.6.0->tensorflow) (4.8.3)
Requirement already satisfied: charset-normalizer~=2.0.0 in /home/crsnell/.local/lib/python3.6/site-packages (from requests<3,>=2.21.0->tensorboard<2.7,>=2.6.0->tensorflow) (2.0.12)
Requirement already satisfied: certifi>=2017.4.17 in /home/crsnell/.local/lib/python3.6/site-packages (from requests<3,>=2.21.0->tensorboard<2.7,>=2.6.0->tensorflow) (2024.2.2)
Requirement already satisfied: idna<4,>=2.5 in /usr/lib/python3.6/site-packages (from requests<3,>=2.21.0->tensorboard<2.7,>=2.6.0->tensorflow) (2.5)
Requirement already satisfied: urllib3<1.27,>=1.21.1 in /usr/lib/python3.6/site-packages (from requests<3,>=2.21.0->tensorboard<2.7,>=2.6.0->tensorflow) (1.24.2)
Requirement already satisfied: dataclasses in /home/crsnell/.local/lib/python3.6/site-packages (from werkzeug>=0.11.15->tensorboard<2.7,>=2.6.0->tensorflow) (0.8)
Requirement already satisfied: zipp>=0.5 in /home/crsnell/.local/lib/python3.6/site-packages (from importlib-metadata>=4.4->markdown>=2.6.8->tensorboard<2.7,>=2.6.0->tensorflow) (3.6.0)
Requirement already satisfied: pyasn1<0.6.0,>=0.4.6 in /home/crsnell/.local/lib/python3.6/site-packages (from pyasn1-modules>=0.2.1->google-auth<2,>=1.6.3->tensorboard<2.7,>=2.6.0->tensorflow) (0.5.1)
Requirement already satisfied: oauthlib>=3.0.0 in /home/crsnell/.local/lib/python3.6/site-packages (from requests-oauthlib>=0.7.0->google-auth-oauthlib<0.5,>=0.4.1->tensorboard<2.7,>=2.6.0->tensorflow) (3.2.2)
Requirement already satisfied: scikit-learn in /home/crsnell/.local/lib/python3.6/site-packages (0.24.2)
Requirement already satisfied: numpy>=1.13.3 in /home/crsnell/.local/lib/python3.6/site-packages (from scikit-learn) (1.19.5)
Requirement already satisfied: joblib>=0.11 in /home/crsnell/.local/lib/python3.6/site-packages (from scikit-learn) (1.1.1)
Requirement already satisfied: scipy>=0.19.1 in /home/crsnell/.local/lib/python3.6/site-packages (from scikit-learn) (1.5.4)
Requirement already satisfied: threadpoolctl>=2.0.0 in /home/crsnell/.local/lib/python3.6/site-packages (from scikit-learn) (3.1.0)
Requirement already satisfied: keras in /home/crsnell/.local/lib/python3.6/site-packages (2.6.0)
Requirement already satisfied: numpy in /home/crsnell/.local/lib/python3.6/site-packages (1.19.5)

RUN_NAME: unique
RUN_NOTES: these are notes, if needed
DATASET_DIR: binned_by_drive_0
BINNING_POLICY: spike
NORM_POLICY: standard
CLASS_POLICY: binary

THRESHOLD: 0.05
random_state: 345
BATCH_SIZE: 32
DROPOUT_RATE: 0.2
dnn_layers: [77, 800, 2]

PATIENCE: 5
MAX_EPOCHS: 20
LEARNING_RATE: 0.001
GRAD_CLIP_NORM_MAX_NORM: 1.0

NaN values found in features, replacing with 0
Next Dataset . . .pca_val=40
Training with Seed=748
torch.Size([32, 40])
[40, 800, 2]
Epoch 1/20 - Loss: 0.7406, Acc: 0.5737
Validation Loss: 0.7157
Epoch 2/20 - Loss: 0.6747, Acc: 0.6142
Validation Loss: 0.6939
Epoch 3/20 - Loss: 0.6282, Acc: 0.6414
Validation Loss: 0.7554
Epoch 4/20 - Loss: 0.6216, Acc: 0.6428
Validation Loss: 0.7223
Epoch 5/20 - Loss: 0.6035, Acc: 0.6746
Validation Loss: 0.7490
Epoch 6/20 - Loss: 0.5726, Acc: 0.6859
Validation Loss: 0.7690
Epoch 7/20 - Loss: 0.5966, Acc: 0.7072
Validation Loss: 0.7465
Early stopping triggered
Test Accuracy: 0.5605095541401274
Confusion Matrix:
[[ 97 121]
 [ 86 167]]
Training with Seed=87209
torch.Size([32, 40])
[40, 800, 2]
Epoch 1/20 - Loss: 0.7629, Acc: 0.5299
Validation Loss: 0.7034
Epoch 2/20 - Loss: 0.6660, Acc: 0.6215
Validation Loss: 0.7572
Epoch 3/20 - Loss: 0.6805, Acc: 0.6155
Validation Loss: 0.7671
Epoch 4/20 - Loss: 0.6400, Acc: 0.6474
Validation Loss: 0.7144
Epoch 5/20 - Loss: 0.6078, Acc: 0.6640
Validation Loss: 0.7364
Epoch 6/20 - Loss: 0.5758, Acc: 0.6919
Validation Loss: 0.7575
Early stopping triggered
Test Accuracy: 0.5138004246284501
Confusion Matrix:
[[158  60]
 [169  84]]
Training with Seed=679
torch.Size([32, 40])
[40, 800, 2]
Epoch 1/20 - Loss: 0.7407, Acc: 0.5498
Validation Loss: 0.7277
Epoch 2/20 - Loss: 0.6904, Acc: 0.6076
Validation Loss: 0.7367
Epoch 3/20 - Loss: 0.6572, Acc: 0.6202
Validation Loss: 0.7272
Epoch 4/20 - Loss: 0.6073, Acc: 0.6793
Validation Loss: 0.7552
Epoch 5/20 - Loss: 0.6183, Acc: 0.6693
Validation Loss: 0.7461
Epoch 6/20 - Loss: 0.5951, Acc: 0.6760
Validation Loss: 0.7266
Epoch 7/20 - Loss: 0.5950, Acc: 0.6892
Validation Loss: 0.7308
Epoch 8/20 - Loss: 0.5515, Acc: 0.7039
Validation Loss: 0.8052
Epoch 9/20 - Loss: 0.5507, Acc: 0.7171
Validation Loss: 0.7686
Epoch 10/20 - Loss: 0.5478, Acc: 0.7371
Validation Loss: 0.7675
Epoch 11/20 - Loss: 0.5363, Acc: 0.7158
Validation Loss: 0.8272
Early stopping triggered
Test Accuracy: 0.535031847133758
Confusion Matrix:
[[151  67]
 [152 101]]
Training with Seed=222
torch.Size([32, 40])
[40, 800, 2]
Epoch 1/20 - Loss: 0.7252, Acc: 0.5704
Validation Loss: 0.7233
Epoch 2/20 - Loss: 0.6684, Acc: 0.6162
Validation Loss: 0.7676
Epoch 3/20 - Loss: 0.6329, Acc: 0.6481
Validation Loss: 0.7005
Epoch 4/20 - Loss: 0.6095, Acc: 0.6687
Validation Loss: 0.7649
Epoch 5/20 - Loss: 0.5923, Acc: 0.6806
Validation Loss: 0.7382
Epoch 6/20 - Loss: 0.5650, Acc: 0.6939
Validation Loss: 0.7283
Epoch 7/20 - Loss: 0.5486, Acc: 0.7185
Validation Loss: 0.7194
Epoch 8/20 - Loss: 0.5201, Acc: 0.7271
Validation Loss: 0.7400
Early stopping triggered
Test Accuracy: 0.49469214437367304
Confusion Matrix:
[[144  74]
 [164  89]]
Training with Seed=62
torch.Size([32, 40])
[40, 800, 2]
Epoch 1/20 - Loss: 0.7388, Acc: 0.5558
Validation Loss: 0.7228
Epoch 2/20 - Loss: 0.6596, Acc: 0.6295
Validation Loss: 0.7431
Epoch 3/20 - Loss: 0.6689, Acc: 0.6208
Validation Loss: 0.7461
Epoch 4/20 - Loss: 0.6092, Acc: 0.6627
Validation Loss: 0.7304
Epoch 5/20 - Loss: 0.6194, Acc: 0.6879
Validation Loss: 0.7615
Epoch 6/20 - Loss: 0.5862, Acc: 0.6833
Validation Loss: 0.7367
Early stopping triggered
Test Accuracy: 0.5265392781316348
Confusion Matrix:
[[129  89]
 [134 119]]
Training with Seed=45
torch.Size([32, 40])
[40, 800, 2]
Epoch 1/20 - Loss: 0.7353, Acc: 0.5657
Validation Loss: 0.7213
Epoch 2/20 - Loss: 0.6806, Acc: 0.6155
Validation Loss: 0.7031
Epoch 3/20 - Loss: 0.6429, Acc: 0.6321
Validation Loss: 0.7155
Epoch 4/20 - Loss: 0.6458, Acc: 0.6461
Validation Loss: 0.7096
Epoch 5/20 - Loss: 0.5907, Acc: 0.6833
Validation Loss: 0.7012
Epoch 6/20 - Loss: 0.6040, Acc: 0.6773
Validation Loss: 0.7039
Epoch 7/20 - Loss: 0.5456, Acc: 0.7145
Validation Loss: 0.7588
Epoch 8/20 - Loss: 0.5601, Acc: 0.7098
Validation Loss: 0.7345
Epoch 9/20 - Loss: 0.5141, Acc: 0.7483
Validation Loss: 0.7363
Epoch 10/20 - Loss: 0.5092, Acc: 0.7417
Validation Loss: 0.7953
Early stopping triggered
Test Accuracy: 0.5414012738853503
Confusion Matrix:
[[117 101]
 [115 138]]
Training with Seed=235
torch.Size([32, 40])
[40, 800, 2]
Epoch 1/20 - Loss: 0.7397, Acc: 0.5425
Validation Loss: 0.7261
Epoch 2/20 - Loss: 0.6728, Acc: 0.6175
Validation Loss: 0.7476
Epoch 3/20 - Loss: 0.6403, Acc: 0.6527
Validation Loss: 0.7852
Epoch 4/20 - Loss: 0.6522, Acc: 0.6368
Validation Loss: 0.7334
Epoch 5/20 - Loss: 0.5982, Acc: 0.6979
Validation Loss: 0.7585
Epoch 6/20 - Loss: 0.6028, Acc: 0.6813
Validation Loss: 0.7475
Early stopping triggered
Test Accuracy: 0.5116772823779193
Confusion Matrix:
[[129  89]
 [141 112]]
Training with Seed=333
torch.Size([32, 40])
[40, 800, 2]
Epoch 1/20 - Loss: 0.7564, Acc: 0.5491
Validation Loss: 0.7264
Epoch 2/20 - Loss: 0.6817, Acc: 0.5989
Validation Loss: 0.7342
Epoch 3/20 - Loss: 0.6153, Acc: 0.6467
Validation Loss: 0.6975
Epoch 4/20 - Loss: 0.5948, Acc: 0.6813
Validation Loss: 0.7207
Epoch 5/20 - Loss: 0.5892, Acc: 0.7032
Validation Loss: 0.7273
Epoch 6/20 - Loss: 0.5726, Acc: 0.6972
Validation Loss: 0.7254
Epoch 7/20 - Loss: 0.5738, Acc: 0.7231
Validation Loss: 0.7080
Epoch 8/20 - Loss: 0.5534, Acc: 0.7271
Validation Loss: 0.7986
Early stopping triggered
Test Accuracy: 0.5138004246284501
Confusion Matrix:
[[159  59]
 [170  83]]
Training with Seed=35744
torch.Size([32, 40])
[40, 800, 2]
Epoch 1/20 - Loss: 0.7126, Acc: 0.5691
Validation Loss: 0.7533
Epoch 2/20 - Loss: 0.6803, Acc: 0.6023
Validation Loss: 0.7541
Epoch 3/20 - Loss: 0.6606, Acc: 0.6301
Validation Loss: 0.7244
Epoch 4/20 - Loss: 0.6399, Acc: 0.6567
Validation Loss: 0.7239
Epoch 5/20 - Loss: 0.6126, Acc: 0.6780
Validation Loss: 0.7460
Epoch 6/20 - Loss: 0.5842, Acc: 0.6985
Validation Loss: 0.7516
Epoch 7/20 - Loss: 0.5488, Acc: 0.7112
Validation Loss: 0.7396
Epoch 8/20 - Loss: 0.5253, Acc: 0.7304
Validation Loss: 0.7529
Epoch 9/20 - Loss: 0.5346, Acc: 0.7205
Validation Loss: 0.7769
Early stopping triggered
Test Accuracy: 0.5010615711252654
Confusion Matrix:
[[141  77]
 [158  95]]
Training with Seed=2523
torch.Size([32, 40])
[40, 800, 2]
Epoch 1/20 - Loss: 0.7565, Acc: 0.5511
Validation Loss: 0.7014
Epoch 2/20 - Loss: 0.6777, Acc: 0.6109
Validation Loss: 0.7197
Epoch 3/20 - Loss: 0.6519, Acc: 0.6321
Validation Loss: 0.7470
Epoch 4/20 - Loss: 0.6435, Acc: 0.6627
Validation Loss: 0.7035
Epoch 5/20 - Loss: 0.6178, Acc: 0.6567
Validation Loss: 0.7240
Epoch 6/20 - Loss: 0.5591, Acc: 0.7158
Validation Loss: 0.7315
Early stopping triggered
Test Accuracy: 0.5329087048832272
Confusion Matrix:
[[129  89]
 [131 122]]
Training with Seed=235
torch.Size([32, 40])
[40, 800, 2]
Epoch 1/20 - Loss: 0.7282, Acc: 0.5558
Validation Loss: 0.7205
Epoch 2/20 - Loss: 0.6840, Acc: 0.5943
Validation Loss: 0.6835
Epoch 3/20 - Loss: 0.6376, Acc: 0.6554
Validation Loss: 0.7045
Epoch 4/20 - Loss: 0.6202, Acc: 0.6594
Validation Loss: 0.6992
Epoch 5/20 - Loss: 0.5875, Acc: 0.6853
Validation Loss: 0.7112
Epoch 6/20 - Loss: 0.5700, Acc: 0.6826
Validation Loss: 0.7451
Epoch 7/20 - Loss: 0.5506, Acc: 0.7271
Validation Loss: 0.7118
Early stopping triggered
Test Accuracy: 0.535031847133758
Confusion Matrix:
[[ 76 142]
 [ 77 176]]
Avg perf for seed=235: 0.5242231229492377
Next Dataset . . .pca_val=41
Training with Seed=748
torch.Size([32, 41])
[41, 800, 2]
Epoch 1/20 - Loss: 0.7225, Acc: 0.5717
Validation Loss: 0.7412
Epoch 2/20 - Loss: 0.7038, Acc: 0.5963
Validation Loss: 0.7262
Epoch 3/20 - Loss: 0.6412, Acc: 0.6321
Validation Loss: 0.7475
Epoch 4/20 - Loss: 0.6204, Acc: 0.6700
Validation Loss: 0.7372
Epoch 5/20 - Loss: 0.5831, Acc: 0.6959
Validation Loss: 0.7273
Epoch 6/20 - Loss: 0.5678, Acc: 0.6965
Validation Loss: 0.7650
Epoch 7/20 - Loss: 0.5398, Acc: 0.7165
Validation Loss: 0.7714
Early stopping triggered
Test Accuracy: 0.6220806794055201
Confusion Matrix:
[[112 104]
 [ 74 181]]
Training with Seed=87209
torch.Size([32, 41])
[41, 800, 2]
Epoch 1/20 - Loss: 0.7433, Acc: 0.5478
Validation Loss: 0.7362
Epoch 2/20 - Loss: 0.7001, Acc: 0.5916
Validation Loss: 0.7270
Epoch 3/20 - Loss: 0.6434, Acc: 0.6441
Validation Loss: 0.7240
Epoch 4/20 - Loss: 0.6340, Acc: 0.6401
Validation Loss: 0.7266
Epoch 5/20 - Loss: 0.5855, Acc: 0.6866
Validation Loss: 0.7781
Epoch 6/20 - Loss: 0.5749, Acc: 0.6912
Validation Loss: 0.7580
Epoch 7/20 - Loss: 0.5702, Acc: 0.6892
Validation Loss: 0.7430
Epoch 8/20 - Loss: 0.5911, Acc: 0.6806
Validation Loss: 0.7734
Early stopping triggered
Test Accuracy: 0.6072186836518046
Confusion Matrix:
[[ 88 128]
 [ 57 198]]
Training with Seed=679
torch.Size([32, 41])
[41, 800, 2]
Epoch 1/20 - Loss: 0.7299, Acc: 0.5657
Validation Loss: 0.7361
Epoch 2/20 - Loss: 0.6726, Acc: 0.6162
Validation Loss: 0.7292
Epoch 3/20 - Loss: 0.6725, Acc: 0.6235
Validation Loss: 0.7419
Epoch 4/20 - Loss: 0.6096, Acc: 0.6726
Validation Loss: 0.7261
Epoch 5/20 - Loss: 0.6143, Acc: 0.6773
Validation Loss: 0.8430
Epoch 6/20 - Loss: 0.5851, Acc: 0.6946
Validation Loss: 0.7417
Epoch 7/20 - Loss: 0.6083, Acc: 0.6594
Validation Loss: 0.8167
Epoch 8/20 - Loss: 0.5656, Acc: 0.7012
Validation Loss: 0.7986
Epoch 9/20 - Loss: 0.5257, Acc: 0.7324
Validation Loss: 0.7900
Early stopping triggered
Test Accuracy: 0.5902335456475584
Confusion Matrix:
[[103 113]
 [ 80 175]]
Training with Seed=222
torch.Size([32, 41])
[41, 800, 2]
Epoch 1/20 - Loss: 0.7281, Acc: 0.5830
Validation Loss: 0.7303
Epoch 2/20 - Loss: 0.6836, Acc: 0.6262
Validation Loss: 0.7339
Epoch 3/20 - Loss: 0.6306, Acc: 0.6474
Validation Loss: 0.7439
Epoch 4/20 - Loss: 0.6261, Acc: 0.6501
Validation Loss: 0.7240
Epoch 5/20 - Loss: 0.6053, Acc: 0.6813
Validation Loss: 0.7664
Epoch 6/20 - Loss: 0.5970, Acc: 0.6780
Validation Loss: 0.7298
Epoch 7/20 - Loss: 0.5562, Acc: 0.7112
Validation Loss: 0.8171
Epoch 8/20 - Loss: 0.5501, Acc: 0.7191
Validation Loss: 0.7811
Epoch 9/20 - Loss: 0.5219, Acc: 0.7317
Validation Loss: 0.7867
Early stopping triggered
Test Accuracy: 0.535031847133758
Confusion Matrix:
[[128  88]
 [131 124]]
Training with Seed=62
torch.Size([32, 41])
[41, 800, 2]
Epoch 1/20 - Loss: 0.7296, Acc: 0.5724
Validation Loss: 0.7222
Epoch 2/20 - Loss: 0.6730, Acc: 0.6042
Validation Loss: 0.7359
Epoch 3/20 - Loss: 0.6432, Acc: 0.6375
Validation Loss: 0.7470
Epoch 4/20 - Loss: 0.6192, Acc: 0.6574
Validation Loss: 0.7946
Epoch 5/20 - Loss: 0.5950, Acc: 0.6813
Validation Loss: 0.7641
Epoch 6/20 - Loss: 0.5652, Acc: 0.6799
Validation Loss: 0.7988
Early stopping triggered
Test Accuracy: 0.5753715498938429
Confusion Matrix:
[[109 107]
 [ 93 162]]
Training with Seed=45
torch.Size([32, 41])
[41, 800, 2]
Epoch 1/20 - Loss: 0.7395, Acc: 0.5604
Validation Loss: 0.7415
Epoch 2/20 - Loss: 0.6725, Acc: 0.6169
Validation Loss: 0.7914
Epoch 3/20 - Loss: 0.6571, Acc: 0.6222
Validation Loss: 0.8057
Epoch 4/20 - Loss: 0.6282, Acc: 0.6414
Validation Loss: 0.7402
Epoch 5/20 - Loss: 0.6134, Acc: 0.6693
Validation Loss: 0.7760
Epoch 6/20 - Loss: 0.5794, Acc: 0.6859
Validation Loss: 0.7915
Epoch 7/20 - Loss: 0.5618, Acc: 0.7198
Validation Loss: 0.7633
Epoch 8/20 - Loss: 0.5826, Acc: 0.7019
Validation Loss: 0.7703
Epoch 9/20 - Loss: 0.5387, Acc: 0.7390
Validation Loss: 0.7882
Early stopping triggered
Test Accuracy: 0.5817409766454352
Confusion Matrix:
[[ 63 153]
 [ 44 211]]
Training with Seed=235
torch.Size([32, 41])
[41, 800, 2]
Epoch 1/20 - Loss: 0.7272, Acc: 0.5671
Validation Loss: 0.7429
Epoch 2/20 - Loss: 0.6711, Acc: 0.6189
Validation Loss: 0.7672
Epoch 3/20 - Loss: 0.6446, Acc: 0.6189
Validation Loss: 0.7393
Epoch 4/20 - Loss: 0.6299, Acc: 0.6494
Validation Loss: 0.7508
Epoch 5/20 - Loss: 0.5947, Acc: 0.6647
Validation Loss: 0.7590
Epoch 6/20 - Loss: 0.6107, Acc: 0.6713
Validation Loss: 0.7437
Epoch 7/20 - Loss: 0.5629, Acc: 0.7178
Validation Loss: 0.7437
Epoch 8/20 - Loss: 0.5385, Acc: 0.7377
Validation Loss: 0.7762
Early stopping triggered
Test Accuracy: 0.5774946921443737
Confusion Matrix:
[[103 113]
 [ 86 169]]
Training with Seed=333
torch.Size([32, 41])
[41, 800, 2]
Epoch 1/20 - Loss: 0.7244, Acc: 0.5983
Validation Loss: 0.7341
Epoch 2/20 - Loss: 0.6542, Acc: 0.6341
Validation Loss: 0.7758
Epoch 3/20 - Loss: 0.6758, Acc: 0.6242
Validation Loss: 0.7201
Epoch 4/20 - Loss: 0.6406, Acc: 0.6653
Validation Loss: 0.7742
Epoch 5/20 - Loss: 0.6095, Acc: 0.6707
Validation Loss: 0.7351
Epoch 6/20 - Loss: 0.5859, Acc: 0.6866
Validation Loss: 0.7495
Epoch 7/20 - Loss: 0.5597, Acc: 0.7032
Validation Loss: 0.7544
Epoch 8/20 - Loss: 0.5467, Acc: 0.7131
Validation Loss: 0.7703
Early stopping triggered
Test Accuracy: 0.5668789808917197
Confusion Matrix:
[[ 75 141]
 [ 63 192]]
Training with Seed=35744
torch.Size([32, 41])
[41, 800, 2]
Epoch 1/20 - Loss: 0.7309, Acc: 0.5724
Validation Loss: 0.7025
Epoch 2/20 - Loss: 0.6745, Acc: 0.6089
Validation Loss: 0.7336
Epoch 3/20 - Loss: 0.6542, Acc: 0.6554
Validation Loss: 0.7765
Epoch 4/20 - Loss: 0.6221, Acc: 0.6441
Validation Loss: 0.7934
Epoch 5/20 - Loss: 0.5975, Acc: 0.6627
Validation Loss: 0.7989
Epoch 6/20 - Loss: 0.5743, Acc: 0.6906
Validation Loss: 0.7684
Early stopping triggered
Test Accuracy: 0.5201698513800425
Confusion Matrix:
[[120  96]
 [130 125]]
Training with Seed=2523
torch.Size([32, 41])
[41, 800, 2]
Epoch 1/20 - Loss: 0.7609, Acc: 0.5352
Validation Loss: 0.8038
Epoch 2/20 - Loss: 0.6577, Acc: 0.6228
Validation Loss: 0.7472
Epoch 3/20 - Loss: 0.6673, Acc: 0.6215
Validation Loss: 0.7141
Epoch 4/20 - Loss: 0.5960, Acc: 0.6687
Validation Loss: 0.7431
Epoch 5/20 - Loss: 0.5858, Acc: 0.6687
Validation Loss: 0.7681
Epoch 6/20 - Loss: 0.5766, Acc: 0.6899
Validation Loss: 0.7473
Epoch 7/20 - Loss: 0.5574, Acc: 0.6906
Validation Loss: 0.8099
Epoch 8/20 - Loss: 0.5504, Acc: 0.7211
Validation Loss: 0.7991
Early stopping triggered
Test Accuracy: 0.5201698513800425
Confusion Matrix:
[[116 100]
 [126 129]]
Training with Seed=235
torch.Size([32, 41])
[41, 800, 2]
Epoch 1/20 - Loss: 0.7413, Acc: 0.5618
Validation Loss: 0.7271
Epoch 2/20 - Loss: 0.6916, Acc: 0.6096
Validation Loss: 0.7246
Epoch 3/20 - Loss: 0.6337, Acc: 0.6434
Validation Loss: 0.7443
Epoch 4/20 - Loss: 0.6093, Acc: 0.6753
Validation Loss: 0.7280
Epoch 5/20 - Loss: 0.5957, Acc: 0.6660
Validation Loss: 0.7443
Epoch 6/20 - Loss: 0.5695, Acc: 0.7025
Validation Loss: 0.7367
Epoch 7/20 - Loss: 0.5678, Acc: 0.6952
Validation Loss: 0.7402
Early stopping triggered
Test Accuracy: 0.6178343949044586
Confusion Matrix:
[[104 112]
 [ 68 187]]
Avg perf for seed=235: 0.5740204593707777
Next Dataset . . .pca_val=42
Training with Seed=748
torch.Size([32, 42])
[42, 800, 2]
Epoch 1/20 - Loss: 0.7636, Acc: 0.5452
Validation Loss: 0.7140
Epoch 2/20 - Loss: 0.6872, Acc: 0.6082
Validation Loss: 0.7243
Epoch 3/20 - Loss: 0.6446, Acc: 0.6242
Validation Loss: 0.7024
Epoch 4/20 - Loss: 0.5981, Acc: 0.6560
Validation Loss: 0.7779
Epoch 5/20 - Loss: 0.6119, Acc: 0.6574
Validation Loss: 0.7707
Epoch 6/20 - Loss: 0.5910, Acc: 0.7052
Validation Loss: 0.7569
Epoch 7/20 - Loss: 0.5506, Acc: 0.6985
Validation Loss: 0.7715
Epoch 8/20 - Loss: 0.5170, Acc: 0.7470
Validation Loss: 0.8204
Early stopping triggered
Test Accuracy: 0.5881104033970276
Confusion Matrix:
[[138  78]
 [116 139]]
Training with Seed=87209
torch.Size([32, 42])
[42, 800, 2]
Epoch 1/20 - Loss: 0.7188, Acc: 0.5777
Validation Loss: 0.7433
Epoch 2/20 - Loss: 0.6846, Acc: 0.6102
Validation Loss: 0.7160
Epoch 3/20 - Loss: 0.6465, Acc: 0.6275
Validation Loss: 0.7495
Epoch 4/20 - Loss: 0.6262, Acc: 0.6355
Validation Loss: 0.7522
Epoch 5/20 - Loss: 0.5843, Acc: 0.6873
Validation Loss: 0.7577
Epoch 6/20 - Loss: 0.5857, Acc: 0.6753
Validation Loss: 0.7755
Epoch 7/20 - Loss: 0.5926, Acc: 0.6906
Validation Loss: 0.8142
Early stopping triggered
Test Accuracy: 0.535031847133758
Confusion Matrix:
[[149  67]
 [152 103]]
Training with Seed=679
torch.Size([32, 42])
[42, 800, 2]
Epoch 1/20 - Loss: 0.7488, Acc: 0.5471
Validation Loss: 0.7858
Epoch 2/20 - Loss: 0.6710, Acc: 0.5989
Validation Loss: 0.7336
Epoch 3/20 - Loss: 0.6479, Acc: 0.6381
Validation Loss: 0.7453
Epoch 4/20 - Loss: 0.6173, Acc: 0.6501
Validation Loss: 0.7539
Epoch 5/20 - Loss: 0.5698, Acc: 0.6952
Validation Loss: 0.7438
Epoch 6/20 - Loss: 0.5779, Acc: 0.6892
Validation Loss: 0.8114
Epoch 7/20 - Loss: 0.5267, Acc: 0.7444
Validation Loss: 0.7635
Early stopping triggered
Test Accuracy: 0.6157112526539278
Confusion Matrix:
[[100 116]
 [ 65 190]]
Training with Seed=222
torch.Size([32, 42])
[42, 800, 2]
Epoch 1/20 - Loss: 0.7529, Acc: 0.5651
Validation Loss: 0.8662
Epoch 2/20 - Loss: 0.7153, Acc: 0.6109
Validation Loss: 0.7960
Epoch 3/20 - Loss: 0.6498, Acc: 0.6315
Validation Loss: 0.7715
Epoch 4/20 - Loss: 0.6130, Acc: 0.6547
Validation Loss: 0.7424
Epoch 5/20 - Loss: 0.5859, Acc: 0.6713
Validation Loss: 0.7486
Epoch 6/20 - Loss: 0.5648, Acc: 0.6946
Validation Loss: 0.7555
Epoch 7/20 - Loss: 0.5327, Acc: 0.7297
Validation Loss: 0.7763
Epoch 8/20 - Loss: 0.5480, Acc: 0.7191
Validation Loss: 0.8445
Epoch 9/20 - Loss: 0.5124, Acc: 0.7463
Validation Loss: 0.8093
Early stopping triggered
Test Accuracy: 0.5329087048832272
Confusion Matrix:
[[130  86]
 [134 121]]
Training with Seed=62
torch.Size([32, 42])
[42, 800, 2]
Epoch 1/20 - Loss: 0.7051, Acc: 0.5890
Validation Loss: 0.7502
Epoch 2/20 - Loss: 0.6569, Acc: 0.6288
Validation Loss: 0.7597
Epoch 3/20 - Loss: 0.6521, Acc: 0.6421
Validation Loss: 0.7702
Epoch 4/20 - Loss: 0.6300, Acc: 0.6547
Validation Loss: 0.7429
Epoch 5/20 - Loss: 0.5830, Acc: 0.6899
Validation Loss: 0.7419
Epoch 6/20 - Loss: 0.5583, Acc: 0.7165
Validation Loss: 0.7420
Epoch 7/20 - Loss: 0.5415, Acc: 0.7205
Validation Loss: 0.7492
Epoch 8/20 - Loss: 0.5514, Acc: 0.6972
Validation Loss: 0.7759
Epoch 9/20 - Loss: 0.5111, Acc: 0.7271
Validation Loss: 0.7691
Epoch 10/20 - Loss: 0.5077, Acc: 0.7410
Validation Loss: 0.8378
Early stopping triggered
Test Accuracy: 0.5456475583864119
Confusion Matrix:
[[127  89]
 [125 130]]
Training with Seed=45
torch.Size([32, 42])
[42, 800, 2]
Epoch 1/20 - Loss: 0.7106, Acc: 0.5750
Validation Loss: 0.7682
Epoch 2/20 - Loss: 0.6678, Acc: 0.6268
Validation Loss: 0.7647
Epoch 3/20 - Loss: 0.6384, Acc: 0.6607
Validation Loss: 0.7486
Epoch 4/20 - Loss: 0.6246, Acc: 0.6527
Validation Loss: 0.7445
Epoch 5/20 - Loss: 0.5847, Acc: 0.6627
Validation Loss: 0.7587
Epoch 6/20 - Loss: 0.5917, Acc: 0.6926
Validation Loss: 0.7611
Epoch 7/20 - Loss: 0.5491, Acc: 0.7251
Validation Loss: 0.7841
Epoch 8/20 - Loss: 0.5477, Acc: 0.7198
Validation Loss: 0.8045
Epoch 9/20 - Loss: 0.5204, Acc: 0.7185
Validation Loss: 0.8129
Early stopping triggered
Test Accuracy: 0.6114649681528662
Confusion Matrix:
[[ 94 122]
 [ 61 194]]
Training with Seed=235
torch.Size([32, 42])
[42, 800, 2]
Epoch 1/20 - Loss: 0.7356, Acc: 0.5730
Validation Loss: 0.7615
Epoch 2/20 - Loss: 0.6729, Acc: 0.6029
Validation Loss: 0.7149
Epoch 3/20 - Loss: 0.6408, Acc: 0.6514
Validation Loss: 0.7642
Epoch 4/20 - Loss: 0.6070, Acc: 0.6726
Validation Loss: 0.7921
Epoch 5/20 - Loss: 0.6323, Acc: 0.6693
Validation Loss: 0.7744
Epoch 6/20 - Loss: 0.5616, Acc: 0.7131
Validation Loss: 0.8201
Epoch 7/20 - Loss: 0.5595, Acc: 0.7191
Validation Loss: 0.7856
Early stopping triggered
Test Accuracy: 0.5392781316348195
Confusion Matrix:
[[109 107]
 [110 145]]
Training with Seed=333
torch.Size([32, 42])
[42, 800, 2]
Epoch 1/20 - Loss: 0.7273, Acc: 0.5870
Validation Loss: 0.7977
Epoch 2/20 - Loss: 0.6756, Acc: 0.6169
Validation Loss: 0.7261
Epoch 3/20 - Loss: 0.6611, Acc: 0.6388
Validation Loss: 0.7704
Epoch 4/20 - Loss: 0.6152, Acc: 0.6620
Validation Loss: 0.7619
Epoch 5/20 - Loss: 0.6208, Acc: 0.6554
Validation Loss: 0.7393
Epoch 6/20 - Loss: 0.5891, Acc: 0.6879
Validation Loss: 0.7405
Epoch 7/20 - Loss: 0.5847, Acc: 0.6826
Validation Loss: 0.7765
Early stopping triggered
Test Accuracy: 0.5371549893842887
Confusion Matrix:
[[111 105]
 [113 142]]
Training with Seed=35744
torch.Size([32, 42])
[42, 800, 2]
Epoch 1/20 - Loss: 0.7183, Acc: 0.5671
Validation Loss: 0.7288
Epoch 2/20 - Loss: 0.6847, Acc: 0.5896
Validation Loss: 0.7525
Epoch 3/20 - Loss: 0.6367, Acc: 0.6348
Validation Loss: 0.7328
Epoch 4/20 - Loss: 0.6087, Acc: 0.6653
Validation Loss: 0.7526
Epoch 5/20 - Loss: 0.5744, Acc: 0.6799
Validation Loss: 0.7690
Epoch 6/20 - Loss: 0.5724, Acc: 0.6799
Validation Loss: 0.7434
Early stopping triggered
Test Accuracy: 0.583864118895966
Confusion Matrix:
[[103 113]
 [ 83 172]]
Training with Seed=2523
torch.Size([32, 42])
[42, 800, 2]
Epoch 1/20 - Loss: 0.7236, Acc: 0.5730
Validation Loss: 0.7922
Epoch 2/20 - Loss: 0.6683, Acc: 0.6169
Validation Loss: 0.7247
Epoch 3/20 - Loss: 0.6211, Acc: 0.6660
Validation Loss: 0.7547
Epoch 4/20 - Loss: 0.6298, Acc: 0.6527
Validation Loss: 0.7371
Epoch 5/20 - Loss: 0.5834, Acc: 0.6866
Validation Loss: 0.8354
Epoch 6/20 - Loss: 0.5652, Acc: 0.6965
Validation Loss: 0.7490
Epoch 7/20 - Loss: 0.5714, Acc: 0.6879
Validation Loss: 0.7694
Early stopping triggered
Test Accuracy: 0.5520169851380042
Confusion Matrix:
[[140  76]
 [135 120]]
Training with Seed=235
torch.Size([32, 42])
[42, 800, 2]
Epoch 1/20 - Loss: 0.7253, Acc: 0.5651
Validation Loss: 0.7691
Epoch 2/20 - Loss: 0.6999, Acc: 0.5810
Validation Loss: 0.7704
Epoch 3/20 - Loss: 0.6506, Acc: 0.6381
Validation Loss: 0.7965
Epoch 4/20 - Loss: 0.6102, Acc: 0.6680
Validation Loss: 0.7421
Epoch 5/20 - Loss: 0.5816, Acc: 0.6866
Validation Loss: 0.7672
Epoch 6/20 - Loss: 0.5859, Acc: 0.6873
Validation Loss: 0.7960
Epoch 7/20 - Loss: 0.5797, Acc: 0.7158
Validation Loss: 0.7467
Epoch 8/20 - Loss: 0.5589, Acc: 0.7032
Validation Loss: 0.7591
Epoch 9/20 - Loss: 0.5346, Acc: 0.7337
Validation Loss: 0.8015
Early stopping triggered
Test Accuracy: 0.5286624203821656
Confusion Matrix:
[[140  76]
 [146 109]]
Avg perf for seed=235: 0.5608955800038602
Next Dataset . . .pca_val=43
Training with Seed=748
torch.Size([32, 43])
[43, 800, 2]
Epoch 1/20 - Loss: 0.7550, Acc: 0.5365
Validation Loss: 0.7384
Epoch 2/20 - Loss: 0.6732, Acc: 0.6049
Validation Loss: 0.7256
Epoch 3/20 - Loss: 0.6353, Acc: 0.6401
Validation Loss: 0.7969
Epoch 4/20 - Loss: 0.5975, Acc: 0.6680
Validation Loss: 0.7605
Epoch 5/20 - Loss: 0.6167, Acc: 0.6647
Validation Loss: 0.7293
Epoch 6/20 - Loss: 0.5778, Acc: 0.6992
Validation Loss: 0.8096
Epoch 7/20 - Loss: 0.5657, Acc: 0.7131
Validation Loss: 0.7579
Early stopping triggered
Test Accuracy: 0.5944798301486199
Confusion Matrix:
[[ 79 137]
 [ 54 201]]
Training with Seed=87209
torch.Size([32, 43])
[43, 800, 2]
Epoch 1/20 - Loss: 0.7501, Acc: 0.5558
Validation Loss: 0.7905
Epoch 2/20 - Loss: 0.6591, Acc: 0.6109
Validation Loss: 0.7349
Epoch 3/20 - Loss: 0.6351, Acc: 0.6527
Validation Loss: 0.7543
Epoch 4/20 - Loss: 0.6318, Acc: 0.6740
Validation Loss: 0.7352
Epoch 5/20 - Loss: 0.5807, Acc: 0.6912
Validation Loss: 0.7525
Epoch 6/20 - Loss: 0.5521, Acc: 0.6985
Validation Loss: 0.7501
Epoch 7/20 - Loss: 0.5432, Acc: 0.7185
Validation Loss: 0.7818
Early stopping triggered
Test Accuracy: 0.5180467091295117
Confusion Matrix:
[[137  79]
 [148 107]]
Training with Seed=679
torch.Size([32, 43])
[43, 800, 2]
Epoch 1/20 - Loss: 0.7318, Acc: 0.5657
Validation Loss: 0.7242
Epoch 2/20 - Loss: 0.6878, Acc: 0.6082
Validation Loss: 0.7241
Epoch 3/20 - Loss: 0.6390, Acc: 0.6255
Validation Loss: 0.7538
Epoch 4/20 - Loss: 0.6067, Acc: 0.6580
Validation Loss: 0.7914
Epoch 5/20 - Loss: 0.5844, Acc: 0.6780
Validation Loss: 0.7805
Epoch 6/20 - Loss: 0.5802, Acc: 0.6899
Validation Loss: 0.7448
Epoch 7/20 - Loss: 0.5399, Acc: 0.7351
Validation Loss: 0.8136
Early stopping triggered
Test Accuracy: 0.5477707006369427
Confusion Matrix:
[[147  69]
 [144 111]]
Training with Seed=222
torch.Size([32, 43])
[43, 800, 2]
Epoch 1/20 - Loss: 0.7179, Acc: 0.5697
Validation Loss: 0.7671
Epoch 2/20 - Loss: 0.6834, Acc: 0.6016
Validation Loss: 0.7843
Epoch 3/20 - Loss: 0.6672, Acc: 0.6202
Validation Loss: 0.7324
Epoch 4/20 - Loss: 0.6184, Acc: 0.6600
Validation Loss: 0.7351
Epoch 5/20 - Loss: 0.5991, Acc: 0.6740
Validation Loss: 0.7247
Epoch 6/20 - Loss: 0.5802, Acc: 0.6952
Validation Loss: 0.7682
Epoch 7/20 - Loss: 0.5698, Acc: 0.6899
Validation Loss: 0.7813
Epoch 8/20 - Loss: 0.5441, Acc: 0.7138
Validation Loss: 0.8004
Epoch 9/20 - Loss: 0.5475, Acc: 0.7331
Validation Loss: 0.7691
Epoch 10/20 - Loss: 0.5349, Acc: 0.7417
Validation Loss: 0.7762
Early stopping triggered
Test Accuracy: 0.5690021231422505
Confusion Matrix:
[[107 109]
 [ 94 161]]
Training with Seed=62
torch.Size([32, 43])
[43, 800, 2]
Epoch 1/20 - Loss: 0.7283, Acc: 0.5651
Validation Loss: 0.7240
Epoch 2/20 - Loss: 0.6859, Acc: 0.5969
Validation Loss: 0.8019
Epoch 3/20 - Loss: 0.6450, Acc: 0.6368
Validation Loss: 0.7262
Epoch 4/20 - Loss: 0.6139, Acc: 0.6580
Validation Loss: 0.7462
Epoch 5/20 - Loss: 0.5948, Acc: 0.6713
Validation Loss: 0.7760
Epoch 6/20 - Loss: 0.5591, Acc: 0.7025
Validation Loss: 0.7795
Early stopping triggered
Test Accuracy: 0.5286624203821656
Confusion Matrix:
[[152  64]
 [158  97]]
Training with Seed=45
torch.Size([32, 43])
[43, 800, 2]
Epoch 1/20 - Loss: 0.7570, Acc: 0.5445
Validation Loss: 0.7868
Epoch 2/20 - Loss: 0.6800, Acc: 0.6036
Validation Loss: 0.8583
Epoch 3/20 - Loss: 0.6559, Acc: 0.6341
Validation Loss: 0.7458
Epoch 4/20 - Loss: 0.6027, Acc: 0.6746
Validation Loss: 0.7779
Epoch 5/20 - Loss: 0.6097, Acc: 0.6700
Validation Loss: 0.7798
Epoch 6/20 - Loss: 0.5571, Acc: 0.7012
Validation Loss: 0.8112
Epoch 7/20 - Loss: 0.5675, Acc: 0.6899
Validation Loss: 0.7591
Epoch 8/20 - Loss: 0.5522, Acc: 0.7158
Validation Loss: 0.7891
Early stopping triggered
Test Accuracy: 0.6050955414012739
Confusion Matrix:
[[112 104]
 [ 82 173]]
Training with Seed=235
torch.Size([32, 43])
[43, 800, 2]
Epoch 1/20 - Loss: 0.7430, Acc: 0.5611
Validation Loss: 0.7508
Epoch 2/20 - Loss: 0.6920, Acc: 0.6082
Validation Loss: 0.7464
Epoch 3/20 - Loss: 0.6445, Acc: 0.6162
Validation Loss: 0.8174
Epoch 4/20 - Loss: 0.6248, Acc: 0.6620
Validation Loss: 0.7317
Epoch 5/20 - Loss: 0.6005, Acc: 0.6580
Validation Loss: 0.7260
Epoch 6/20 - Loss: 0.5847, Acc: 0.6979
Validation Loss: 0.7413
Epoch 7/20 - Loss: 0.5766, Acc: 0.6965
Validation Loss: 0.7666
Epoch 8/20 - Loss: 0.5532, Acc: 0.7112
Validation Loss: 0.7607
Epoch 9/20 - Loss: 0.5400, Acc: 0.7125
Validation Loss: 0.7868
Epoch 10/20 - Loss: 0.4957, Acc: 0.7603
Validation Loss: 0.7872
Early stopping triggered
Test Accuracy: 0.5966029723991507
Confusion Matrix:
[[ 99 117]
 [ 73 182]]
Training with Seed=333
torch.Size([32, 43])
[43, 800, 2]
Epoch 1/20 - Loss: 0.7219, Acc: 0.5611
Validation Loss: 0.7645
Epoch 2/20 - Loss: 0.7085, Acc: 0.6069
Validation Loss: 0.8278
Epoch 3/20 - Loss: 0.6647, Acc: 0.6335
Validation Loss: 0.7941
Epoch 4/20 - Loss: 0.6284, Acc: 0.6580
Validation Loss: 0.7591
Epoch 5/20 - Loss: 0.5831, Acc: 0.6912
Validation Loss: 0.7600
Epoch 6/20 - Loss: 0.5790, Acc: 0.6819
Validation Loss: 0.7705
Epoch 7/20 - Loss: 0.5564, Acc: 0.6985
Validation Loss: 0.8085
Epoch 8/20 - Loss: 0.5421, Acc: 0.7218
Validation Loss: 0.7962
Epoch 9/20 - Loss: 0.5286, Acc: 0.7231
Validation Loss: 0.7860
Early stopping triggered
Test Accuracy: 0.6157112526539278
Confusion Matrix:
[[ 96 120]
 [ 61 194]]
Training with Seed=35744
torch.Size([32, 43])
[43, 800, 2]
Epoch 1/20 - Loss: 0.7382, Acc: 0.5505
Validation Loss: 0.7374
Epoch 2/20 - Loss: 0.6906, Acc: 0.6069
Validation Loss: 0.7544
Epoch 3/20 - Loss: 0.6363, Acc: 0.6308
Validation Loss: 0.7575
Epoch 4/20 - Loss: 0.5997, Acc: 0.6720
Validation Loss: 0.7461
Epoch 5/20 - Loss: 0.5856, Acc: 0.6892
Validation Loss: 0.7537
Epoch 6/20 - Loss: 0.5778, Acc: 0.6819
Validation Loss: 0.7473
Early stopping triggered
Test Accuracy: 0.5774946921443737
Confusion Matrix:
[[103 113]
 [ 86 169]]
Training with Seed=2523
torch.Size([32, 43])
[43, 800, 2]
Epoch 1/20 - Loss: 0.7332, Acc: 0.5551
Validation Loss: 0.7889
Epoch 2/20 - Loss: 0.6742, Acc: 0.6009
Validation Loss: 0.7510
Epoch 3/20 - Loss: 0.6295, Acc: 0.6461
Validation Loss: 0.7332
Epoch 4/20 - Loss: 0.6140, Acc: 0.6567
Validation Loss: 0.7428
Epoch 5/20 - Loss: 0.5918, Acc: 0.6919
Validation Loss: 0.7867
Epoch 6/20 - Loss: 0.5661, Acc: 0.6959
Validation Loss: 0.7912
Epoch 7/20 - Loss: 0.5599, Acc: 0.7112
Validation Loss: 0.7889
Epoch 8/20 - Loss: 0.5521, Acc: 0.7151
Validation Loss: 0.8087
Early stopping triggered
Test Accuracy: 0.5180467091295117
Confusion Matrix:
[[158  58]
 [169  86]]
Training with Seed=235
torch.Size([32, 43])
[43, 800, 2]
Epoch 1/20 - Loss: 0.7420, Acc: 0.5591
Validation Loss: 0.7384
Epoch 2/20 - Loss: 0.6754, Acc: 0.6082
Validation Loss: 0.7346
Epoch 3/20 - Loss: 0.6521, Acc: 0.6208
Validation Loss: 0.7939
Epoch 4/20 - Loss: 0.6788, Acc: 0.6315
Validation Loss: 0.7514
Epoch 5/20 - Loss: 0.6012, Acc: 0.6653
Validation Loss: 0.8064
Epoch 6/20 - Loss: 0.5836, Acc: 0.6833
Validation Loss: 0.7415
Epoch 7/20 - Loss: 0.5364, Acc: 0.7291
Validation Loss: 0.7826
Early stopping triggered
Test Accuracy: 0.5265392781316348
Confusion Matrix:
[[112 104]
 [119 136]]
Avg perf for seed=235: 0.5634047481181239
Next Dataset . . .pca_val=44
Training with Seed=748
torch.Size([32, 44])
[44, 800, 2]
Epoch 1/20 - Loss: 0.7453, Acc: 0.5624
Validation Loss: 0.7452
Epoch 2/20 - Loss: 0.6627, Acc: 0.6182
Validation Loss: 0.7576
Epoch 3/20 - Loss: 0.6673, Acc: 0.6262
Validation Loss: 0.7538
Epoch 4/20 - Loss: 0.6134, Acc: 0.6527
Validation Loss: 0.7481
Epoch 5/20 - Loss: 0.6030, Acc: 0.6866
Validation Loss: 0.7519
Epoch 6/20 - Loss: 0.5744, Acc: 0.6972
Validation Loss: 0.8079
Early stopping triggered
Test Accuracy: 0.5817409766454352
Confusion Matrix:
[[126  90]
 [107 148]]
Training with Seed=87209
torch.Size([32, 44])
[44, 800, 2]
Epoch 1/20 - Loss: 0.7614, Acc: 0.5525
Validation Loss: 0.7281
Epoch 2/20 - Loss: 0.6758, Acc: 0.6003
Validation Loss: 0.7530
Epoch 3/20 - Loss: 0.6455, Acc: 0.6547
Validation Loss: 0.7297
Epoch 4/20 - Loss: 0.6547, Acc: 0.6414
Validation Loss: 0.7472
Epoch 5/20 - Loss: 0.5849, Acc: 0.6932
Validation Loss: 0.8030
Epoch 6/20 - Loss: 0.5670, Acc: 0.7118
Validation Loss: 0.7696
Early stopping triggered
Test Accuracy: 0.5371549893842887
Confusion Matrix:
[[135  81]
 [137 118]]
Training with Seed=679
torch.Size([32, 44])
[44, 800, 2]
Epoch 1/20 - Loss: 0.7119, Acc: 0.5857
Validation Loss: 0.7185
Epoch 2/20 - Loss: 0.6603, Acc: 0.6321
Validation Loss: 0.7538
Epoch 3/20 - Loss: 0.6229, Acc: 0.6487
Validation Loss: 0.7886
Epoch 4/20 - Loss: 0.6124, Acc: 0.6707
Validation Loss: 0.7829
Epoch 5/20 - Loss: 0.5972, Acc: 0.6746
Validation Loss: 0.8298
Epoch 6/20 - Loss: 0.5958, Acc: 0.6866
Validation Loss: 0.8145
Early stopping triggered
Test Accuracy: 0.5435244161358811
Confusion Matrix:
[[106 110]
 [105 150]]
Training with Seed=222
torch.Size([32, 44])
[44, 800, 2]
Epoch 1/20 - Loss: 0.7101, Acc: 0.5764
Validation Loss: 0.7849
Epoch 2/20 - Loss: 0.7104, Acc: 0.5797
Validation Loss: 0.7630
Epoch 3/20 - Loss: 0.6235, Acc: 0.6693
Validation Loss: 0.7522
Epoch 4/20 - Loss: 0.5938, Acc: 0.6534
Validation Loss: 0.7594
Epoch 5/20 - Loss: 0.5773, Acc: 0.6972
Validation Loss: 0.7416
Epoch 6/20 - Loss: 0.5377, Acc: 0.7278
Validation Loss: 0.7979
Epoch 7/20 - Loss: 0.5692, Acc: 0.6906
Validation Loss: 0.8329
Epoch 8/20 - Loss: 0.5467, Acc: 0.7005
Validation Loss: 0.8298
Epoch 9/20 - Loss: 0.5167, Acc: 0.7444
Validation Loss: 0.7887
Epoch 10/20 - Loss: 0.4953, Acc: 0.7390
Validation Loss: 0.8019
Early stopping triggered
Test Accuracy: 0.5987261146496815
Confusion Matrix:
[[ 83 133]
 [ 56 199]]
Training with Seed=62
torch.Size([32, 44])
[44, 800, 2]
Epoch 1/20 - Loss: 0.7181, Acc: 0.5803
Validation Loss: 0.7124
Epoch 2/20 - Loss: 0.6853, Acc: 0.6049
Validation Loss: 0.7158
Epoch 3/20 - Loss: 0.6290, Acc: 0.6521
Validation Loss: 0.7344
Epoch 4/20 - Loss: 0.6260, Acc: 0.6514
Validation Loss: 0.7622
Epoch 5/20 - Loss: 0.5944, Acc: 0.6667
Validation Loss: 0.7627
Epoch 6/20 - Loss: 0.5566, Acc: 0.7178
Validation Loss: 0.7871
Early stopping triggered
Test Accuracy: 0.5498938428874734
Confusion Matrix:
[[139  77]
 [135 120]]
Training with Seed=45
torch.Size([32, 44])
[44, 800, 2]
Epoch 1/20 - Loss: 0.7309, Acc: 0.5578
Validation Loss: 0.7495
Epoch 2/20 - Loss: 0.7037, Acc: 0.5936
Validation Loss: 0.7916
Epoch 3/20 - Loss: 0.6138, Acc: 0.6614
Validation Loss: 0.7653
Epoch 4/20 - Loss: 0.6204, Acc: 0.6580
Validation Loss: 0.7595
Epoch 5/20 - Loss: 0.5775, Acc: 0.6932
Validation Loss: 0.8179
Epoch 6/20 - Loss: 0.5695, Acc: 0.6932
Validation Loss: 0.8054
Early stopping triggered
Test Accuracy: 0.5456475583864119
Confusion Matrix:
[[125  91]
 [123 132]]
Training with Seed=235
torch.Size([32, 44])
[44, 800, 2]
Epoch 1/20 - Loss: 0.7303, Acc: 0.5651
Validation Loss: 0.7492
Epoch 2/20 - Loss: 0.6477, Acc: 0.6202
Validation Loss: 0.7489
Epoch 3/20 - Loss: 0.6695, Acc: 0.6282
Validation Loss: 0.7465
Epoch 4/20 - Loss: 0.6254, Acc: 0.6607
Validation Loss: 0.7952
Epoch 5/20 - Loss: 0.5734, Acc: 0.6952
Validation Loss: 0.8044
Epoch 6/20 - Loss: 0.5671, Acc: 0.6886
Validation Loss: 0.7610
Epoch 7/20 - Loss: 0.5492, Acc: 0.7092
Validation Loss: 0.7823
Epoch 8/20 - Loss: 0.5295, Acc: 0.7231
Validation Loss: 0.7511
Early stopping triggered
Test Accuracy: 0.6050955414012739
Confusion Matrix:
[[100 116]
 [ 70 185]]
Training with Seed=333
torch.Size([32, 44])
[44, 800, 2]
Epoch 1/20 - Loss: 0.7177, Acc: 0.5591
Validation Loss: 0.7418
Epoch 2/20 - Loss: 0.6631, Acc: 0.6301
Validation Loss: 0.7203
Epoch 3/20 - Loss: 0.6383, Acc: 0.6487
Validation Loss: 0.7110
Epoch 4/20 - Loss: 0.6006, Acc: 0.6813
Validation Loss: 0.7488
Epoch 5/20 - Loss: 0.6000, Acc: 0.6653
Validation Loss: 0.7328
Epoch 6/20 - Loss: 0.5629, Acc: 0.6946
Validation Loss: 0.7475
Epoch 7/20 - Loss: 0.5506, Acc: 0.7118
Validation Loss: 0.7971
Epoch 8/20 - Loss: 0.5352, Acc: 0.7125
Validation Loss: 0.7978
Early stopping triggered
Test Accuracy: 0.5923566878980892
Confusion Matrix:
[[ 68 148]
 [ 44 211]]
Training with Seed=35744
torch.Size([32, 44])
[44, 800, 2]
Epoch 1/20 - Loss: 0.7242, Acc: 0.5684
Validation Loss: 0.7177
Epoch 2/20 - Loss: 0.6553, Acc: 0.6335
Validation Loss: 0.7490
Epoch 3/20 - Loss: 0.6320, Acc: 0.6640
Validation Loss: 0.7545
Epoch 4/20 - Loss: 0.6064, Acc: 0.6660
Validation Loss: 0.7530
Epoch 5/20 - Loss: 0.5841, Acc: 0.6819
Validation Loss: 0.7957
Epoch 6/20 - Loss: 0.5632, Acc: 0.6946
Validation Loss: 0.8522
Early stopping triggered
Test Accuracy: 0.5371549893842887
Confusion Matrix:
[[120  96]
 [122 133]]
Training with Seed=2523
torch.Size([32, 44])
[44, 800, 2]
Epoch 1/20 - Loss: 0.7436, Acc: 0.5471
Validation Loss: 0.7404
Epoch 2/20 - Loss: 0.6883, Acc: 0.5930
Validation Loss: 0.7345
Epoch 3/20 - Loss: 0.6397, Acc: 0.6328
Validation Loss: 0.7843
Epoch 4/20 - Loss: 0.5994, Acc: 0.6667
Validation Loss: 0.7553
Epoch 5/20 - Loss: 0.6096, Acc: 0.6620
Validation Loss: 0.7678
Epoch 6/20 - Loss: 0.5603, Acc: 0.7012
Validation Loss: 0.7328
Epoch 7/20 - Loss: 0.5530, Acc: 0.7151
Validation Loss: 0.7743
Epoch 8/20 - Loss: 0.5544, Acc: 0.6992
Validation Loss: 0.7738
Epoch 9/20 - Loss: 0.4994, Acc: 0.7530
Validation Loss: 0.7936
Epoch 10/20 - Loss: 0.4807, Acc: 0.7716
Validation Loss: 0.8093
Epoch 11/20 - Loss: 0.4973, Acc: 0.7437
Validation Loss: 0.8413
Early stopping triggered
Test Accuracy: 0.5668789808917197
Confusion Matrix:
[[144  72]
 [132 123]]
Training with Seed=235
torch.Size([32, 44])
[44, 800, 2]
Epoch 1/20 - Loss: 0.7195, Acc: 0.5710
Validation Loss: 0.7140
Epoch 2/20 - Loss: 0.6516, Acc: 0.6335
Validation Loss: 0.7341
Epoch 3/20 - Loss: 0.6287, Acc: 0.6368
Validation Loss: 0.7445
Epoch 4/20 - Loss: 0.5990, Acc: 0.6786
Validation Loss: 0.8231
Epoch 5/20 - Loss: 0.6100, Acc: 0.6799
Validation Loss: 0.7768
Epoch 6/20 - Loss: 0.5853, Acc: 0.6946
Validation Loss: 0.7643
Early stopping triggered
Test Accuracy: 0.564755838641189
Confusion Matrix:
[[129  87]
 [118 137]]
Avg perf for seed=235: 0.5657209033005212
Next Dataset . . .pca_val=48
Training with Seed=748
torch.Size([32, 48])
[48, 800, 2]
Epoch 1/20 - Loss: 0.7239, Acc: 0.5810
Validation Loss: 0.7229
Epoch 2/20 - Loss: 0.6410, Acc: 0.6315
Validation Loss: 0.7274
Epoch 3/20 - Loss: 0.6475, Acc: 0.6494
Validation Loss: 0.7778
Epoch 4/20 - Loss: 0.6030, Acc: 0.6700
Validation Loss: 0.7487
Epoch 5/20 - Loss: 0.5773, Acc: 0.6846
Validation Loss: 0.7806
Epoch 6/20 - Loss: 0.5610, Acc: 0.6866
Validation Loss: 0.7732
Early stopping triggered
Test Accuracy: 0.5329087048832272
Confusion Matrix:
[[142  74]
 [146 109]]
Training with Seed=87209
torch.Size([32, 48])
[48, 800, 2]
Epoch 1/20 - Loss: 0.7468, Acc: 0.5412
Validation Loss: 0.7449
Epoch 2/20 - Loss: 0.6627, Acc: 0.6182
Validation Loss: 0.7422
Epoch 3/20 - Loss: 0.6517, Acc: 0.6487
Validation Loss: 0.8030
Epoch 4/20 - Loss: 0.6173, Acc: 0.6560
Validation Loss: 0.7491
Epoch 5/20 - Loss: 0.5765, Acc: 0.6773
Validation Loss: 0.7608
Epoch 6/20 - Loss: 0.5486, Acc: 0.7271
Validation Loss: 0.7772
Epoch 7/20 - Loss: 0.5286, Acc: 0.7231
Validation Loss: 0.7606
Early stopping triggered
Test Accuracy: 0.6050955414012739
Confusion Matrix:
[[ 90 126]
 [ 60 195]]
Training with Seed=679
torch.Size([32, 48])
[48, 800, 2]
Epoch 1/20 - Loss: 0.7486, Acc: 0.5657
Validation Loss: 0.7265
Epoch 2/20 - Loss: 0.6597, Acc: 0.6142
Validation Loss: 0.7983
Epoch 3/20 - Loss: 0.6414, Acc: 0.6454
Validation Loss: 0.7538
Epoch 4/20 - Loss: 0.6177, Acc: 0.6607
Validation Loss: 0.8251
Epoch 5/20 - Loss: 0.6004, Acc: 0.6594
Validation Loss: 0.7515
Epoch 6/20 - Loss: 0.5525, Acc: 0.7158
Validation Loss: 0.7837
Early stopping triggered
Test Accuracy: 0.5520169851380042
Confusion Matrix:
[[127  89]
 [122 133]]
Training with Seed=222
torch.Size([32, 48])
[48, 800, 2]
Epoch 1/20 - Loss: 0.7335, Acc: 0.5730
Validation Loss: 0.8017
Epoch 2/20 - Loss: 0.6929, Acc: 0.6069
Validation Loss: 0.7396
Epoch 3/20 - Loss: 0.6084, Acc: 0.6587
Validation Loss: 0.7466
Epoch 4/20 - Loss: 0.6115, Acc: 0.6793
Validation Loss: 0.7709
Epoch 5/20 - Loss: 0.5753, Acc: 0.6839
Validation Loss: 0.7589
Epoch 6/20 - Loss: 0.5431, Acc: 0.7065
Validation Loss: 0.7670
Epoch 7/20 - Loss: 0.5249, Acc: 0.7424
Validation Loss: 0.7660
Early stopping triggered
Test Accuracy: 0.5605095541401274
Confusion Matrix:
[[137  79]
 [128 127]]
Training with Seed=62
torch.Size([32, 48])
[48, 800, 2]
Epoch 1/20 - Loss: 0.7438, Acc: 0.5644
Validation Loss: 0.8131
Epoch 2/20 - Loss: 0.6670, Acc: 0.6242
Validation Loss: 0.8009
Epoch 3/20 - Loss: 0.6596, Acc: 0.6381
Validation Loss: 0.7352
Epoch 4/20 - Loss: 0.5850, Acc: 0.6886
Validation Loss: 0.8056
Epoch 5/20 - Loss: 0.5946, Acc: 0.6660
Validation Loss: 0.7590
Epoch 6/20 - Loss: 0.5412, Acc: 0.7045
Validation Loss: 0.7813
Epoch 7/20 - Loss: 0.5284, Acc: 0.7364
Validation Loss: 0.8101
Epoch 8/20 - Loss: 0.5214, Acc: 0.7351
Validation Loss: 0.8261
Early stopping triggered
Test Accuracy: 0.5010615711252654
Confusion Matrix:
[[101 115]
 [120 135]]
Training with Seed=45
torch.Size([32, 48])
[48, 800, 2]
Epoch 1/20 - Loss: 0.7513, Acc: 0.5757
Validation Loss: 0.7477
Epoch 2/20 - Loss: 0.6478, Acc: 0.6315
Validation Loss: 0.7400
Epoch 3/20 - Loss: 0.6419, Acc: 0.6348
Validation Loss: 0.7617
Epoch 4/20 - Loss: 0.5942, Acc: 0.6839
Validation Loss: 0.8474
Epoch 5/20 - Loss: 0.5827, Acc: 0.6926
Validation Loss: 0.7838
Epoch 6/20 - Loss: 0.5666, Acc: 0.6839
Validation Loss: 0.7994
Epoch 7/20 - Loss: 0.5396, Acc: 0.7092
Validation Loss: 0.7755
Early stopping triggered
Test Accuracy: 0.6114649681528662
Confusion Matrix:
[[103 113]
 [ 70 185]]
Training with Seed=235
torch.Size([32, 48])
[48, 800, 2]
Epoch 1/20 - Loss: 0.7479, Acc: 0.5757
Validation Loss: 0.8263
Epoch 2/20 - Loss: 0.6580, Acc: 0.6355
Validation Loss: 0.7522
Epoch 3/20 - Loss: 0.6535, Acc: 0.6348
Validation Loss: 0.7708
Epoch 4/20 - Loss: 0.6288, Acc: 0.6740
Validation Loss: 0.7396
Epoch 5/20 - Loss: 0.5936, Acc: 0.6793
Validation Loss: 0.7867
Epoch 6/20 - Loss: 0.5371, Acc: 0.7078
Validation Loss: 0.7884
Epoch 7/20 - Loss: 0.5589, Acc: 0.7118
Validation Loss: 0.7966
Epoch 8/20 - Loss: 0.5006, Acc: 0.7390
Validation Loss: 0.7976
Epoch 9/20 - Loss: 0.4982, Acc: 0.7643
Validation Loss: 0.8129
Early stopping triggered
Test Accuracy: 0.5435244161358811
Confusion Matrix:
[[150  66]
 [149 106]]
Training with Seed=333
torch.Size([32, 48])
[48, 800, 2]
Epoch 1/20 - Loss: 0.7259, Acc: 0.5757
Validation Loss: 0.7102
Epoch 2/20 - Loss: 0.6709, Acc: 0.6348
Validation Loss: 0.7213
Epoch 3/20 - Loss: 0.6260, Acc: 0.6288
Validation Loss: 0.7334
Epoch 4/20 - Loss: 0.6045, Acc: 0.6753
Validation Loss: 0.7596
Epoch 5/20 - Loss: 0.5993, Acc: 0.6653
Validation Loss: 0.7496
Epoch 6/20 - Loss: 0.5502, Acc: 0.7092
Validation Loss: 0.7865
Early stopping triggered
Test Accuracy: 0.5371549893842887
Confusion Matrix:
[[136  80]
 [138 117]]
Training with Seed=35744
torch.Size([32, 48])
[48, 800, 2]
Epoch 1/20 - Loss: 0.7511, Acc: 0.5551
Validation Loss: 0.7764
Epoch 2/20 - Loss: 0.6728, Acc: 0.6149
Validation Loss: 0.7712
Epoch 3/20 - Loss: 0.6317, Acc: 0.6527
Validation Loss: 0.7364
Epoch 4/20 - Loss: 0.5947, Acc: 0.6587
Validation Loss: 0.7514
Epoch 5/20 - Loss: 0.5552, Acc: 0.7165
Validation Loss: 0.7809
Epoch 6/20 - Loss: 0.5536, Acc: 0.7264
Validation Loss: 0.7523
Epoch 7/20 - Loss: 0.5161, Acc: 0.7390
Validation Loss: 0.8110
Epoch 8/20 - Loss: 0.5112, Acc: 0.7357
Validation Loss: 0.8254
Early stopping triggered
Test Accuracy: 0.5605095541401274
Confusion Matrix:
[[ 90 126]
 [ 81 174]]
Training with Seed=2523
torch.Size([32, 48])
[48, 800, 2]
Epoch 1/20 - Loss: 0.7590, Acc: 0.5518
Validation Loss: 0.7572
Epoch 2/20 - Loss: 0.6648, Acc: 0.6169
Validation Loss: 0.7438
Epoch 3/20 - Loss: 0.6580, Acc: 0.6228
Validation Loss: 0.7363
Epoch 4/20 - Loss: 0.6268, Acc: 0.6521
Validation Loss: 0.7661
Epoch 5/20 - Loss: 0.5927, Acc: 0.6620
Validation Loss: 0.7482
Epoch 6/20 - Loss: 0.5645, Acc: 0.7171
Validation Loss: 0.7614
Epoch 7/20 - Loss: 0.5568, Acc: 0.7211
Validation Loss: 0.8064
Epoch 8/20 - Loss: 0.5046, Acc: 0.7477
Validation Loss: 0.7991
Early stopping triggered
Test Accuracy: 0.6008492569002123
Confusion Matrix:
[[ 86 130]
 [ 58 197]]
Training with Seed=235
classify.py:387: UserWarning: Creating a tensor from a list of numpy.ndarrays is extremely slow. Please consider converting the list to a single numpy.ndarray with numpy.array() before converting to a tensor. (Triggered internally at  ../torch/csrc/utils/tensor_new.cpp:201.)
  features = torch.tensor(features, dtype=torch.float32)
torch.Size([32, 48])
[48, 800, 2]
Epoch 1/20 - Loss: 0.7138, Acc: 0.5764
Validation Loss: 0.8143
Epoch 2/20 - Loss: 0.6774, Acc: 0.6116
Validation Loss: 0.7169
Epoch 3/20 - Loss: 0.6293, Acc: 0.6501
Validation Loss: 0.7471
Epoch 4/20 - Loss: 0.5900, Acc: 0.6733
Validation Loss: 0.7558
Epoch 5/20 - Loss: 0.5800, Acc: 0.6892
Validation Loss: 0.7607
Epoch 6/20 - Loss: 0.5809, Acc: 0.6859
Validation Loss: 0.7606
Epoch 7/20 - Loss: 0.5593, Acc: 0.7264
Validation Loss: 0.7657
Early stopping triggered
Test Accuracy: 0.5881104033970276
Confusion Matrix:
[[ 65 151]
 [ 43 212]]
Avg perf for seed=235: 0.563018722254391
pca_vals=[40, 41, 42, 43, 44, 48]
pca_perfs=[0.5242231229492377, 0.5740204593707777, 0.5608955800038602, 0.5634047481181239, 0.5657209033005212, 0.563018722254391]
