Requirement already satisfied: pandas in /home/crsnell/.local/lib/python3.6/site-packages (1.1.5)
Requirement already satisfied: pytz>=2017.2 in /usr/lib/python3.6/site-packages (from pandas) (2017.2)
Requirement already satisfied: numpy>=1.15.4 in /home/crsnell/.local/lib/python3.6/site-packages (from pandas) (1.19.5)
Requirement already satisfied: python-dateutil>=2.7.3 in /home/crsnell/.local/lib/python3.6/site-packages (from pandas) (2.8.2)
Requirement already satisfied: six>=1.5 in /home/crsnell/.local/lib/python3.6/site-packages (from python-dateutil>=2.7.3->pandas) (1.15.0)
Requirement already satisfied: tensorflow in /home/crsnell/.local/lib/python3.6/site-packages (2.6.2)
Requirement already satisfied: typing-extensions~=3.7.4 in /home/crsnell/.local/lib/python3.6/site-packages (from tensorflow) (3.7.4.3)
Requirement already satisfied: keras<2.7,>=2.6.0 in /home/crsnell/.local/lib/python3.6/site-packages (from tensorflow) (2.6.0)
Requirement already satisfied: grpcio<2.0,>=1.37.0 in /home/crsnell/.local/lib/python3.6/site-packages (from tensorflow) (1.48.2)
Requirement already satisfied: protobuf>=3.9.2 in /home/crsnell/.local/lib/python3.6/site-packages (from tensorflow) (3.19.6)
Requirement already satisfied: opt-einsum~=3.3.0 in /home/crsnell/.local/lib/python3.6/site-packages (from tensorflow) (3.3.0)
Requirement already satisfied: keras-preprocessing~=1.1.2 in /home/crsnell/.local/lib/python3.6/site-packages (from tensorflow) (1.1.2)
Requirement already satisfied: wrapt~=1.12.1 in /home/crsnell/.local/lib/python3.6/site-packages (from tensorflow) (1.12.1)
Requirement already satisfied: wheel~=0.35 in /home/crsnell/.local/lib/python3.6/site-packages (from tensorflow) (0.37.1)
Requirement already satisfied: gast==0.4.0 in /home/crsnell/.local/lib/python3.6/site-packages (from tensorflow) (0.4.0)
Requirement already satisfied: tensorflow-estimator<2.7,>=2.6.0 in /home/crsnell/.local/lib/python3.6/site-packages (from tensorflow) (2.6.0)
Requirement already satisfied: tensorboard<2.7,>=2.6.0 in /home/crsnell/.local/lib/python3.6/site-packages (from tensorflow) (2.6.0)
Requirement already satisfied: google-pasta~=0.2 in /home/crsnell/.local/lib/python3.6/site-packages (from tensorflow) (0.2.0)
Requirement already satisfied: clang~=5.0 in /home/crsnell/.local/lib/python3.6/site-packages (from tensorflow) (5.0)
Requirement already satisfied: astunparse~=1.6.3 in /home/crsnell/.local/lib/python3.6/site-packages (from tensorflow) (1.6.3)
Requirement already satisfied: flatbuffers~=1.12.0 in /home/crsnell/.local/lib/python3.6/site-packages (from tensorflow) (1.12)
Requirement already satisfied: termcolor~=1.1.0 in /home/crsnell/.local/lib/python3.6/site-packages (from tensorflow) (1.1.0)
Requirement already satisfied: absl-py~=0.10 in /home/crsnell/.local/lib/python3.6/site-packages (from tensorflow) (0.15.0)
Requirement already satisfied: h5py~=3.1.0 in /home/crsnell/.local/lib/python3.6/site-packages (from tensorflow) (3.1.0)
Requirement already satisfied: numpy~=1.19.2 in /home/crsnell/.local/lib/python3.6/site-packages (from tensorflow) (1.19.5)
Requirement already satisfied: six~=1.15.0 in /home/crsnell/.local/lib/python3.6/site-packages (from tensorflow) (1.15.0)
Requirement already satisfied: cached-property in /home/crsnell/.local/lib/python3.6/site-packages (from h5py~=3.1.0->tensorflow) (1.5.2)
Requirement already satisfied: werkzeug>=0.11.15 in /home/crsnell/.local/lib/python3.6/site-packages (from tensorboard<2.7,>=2.6.0->tensorflow) (2.0.3)
Requirement already satisfied: google-auth-oauthlib<0.5,>=0.4.1 in /home/crsnell/.local/lib/python3.6/site-packages (from tensorboard<2.7,>=2.6.0->tensorflow) (0.4.6)
Requirement already satisfied: tensorboard-plugin-wit>=1.6.0 in /home/crsnell/.local/lib/python3.6/site-packages (from tensorboard<2.7,>=2.6.0->tensorflow) (1.8.1)
Requirement already satisfied: requests<3,>=2.21.0 in /home/crsnell/.local/lib/python3.6/site-packages (from tensorboard<2.7,>=2.6.0->tensorflow) (2.27.1)
Requirement already satisfied: markdown>=2.6.8 in /home/crsnell/.local/lib/python3.6/site-packages (from tensorboard<2.7,>=2.6.0->tensorflow) (3.3.7)
Requirement already satisfied: google-auth<2,>=1.6.3 in /home/crsnell/.local/lib/python3.6/site-packages (from tensorboard<2.7,>=2.6.0->tensorflow) (1.35.0)
Requirement already satisfied: setuptools>=41.0.0 in /home/crsnell/.local/lib/python3.6/site-packages (from tensorboard<2.7,>=2.6.0->tensorflow) (59.6.0)
Requirement already satisfied: tensorboard-data-server<0.7.0,>=0.6.0 in /home/crsnell/.local/lib/python3.6/site-packages (from tensorboard<2.7,>=2.6.0->tensorflow) (0.6.1)
Requirement already satisfied: cachetools<5.0,>=2.0.0 in /home/crsnell/.local/lib/python3.6/site-packages (from google-auth<2,>=1.6.3->tensorboard<2.7,>=2.6.0->tensorflow) (4.2.4)
Requirement already satisfied: pyasn1-modules>=0.2.1 in /home/crsnell/.local/lib/python3.6/site-packages (from google-auth<2,>=1.6.3->tensorboard<2.7,>=2.6.0->tensorflow) (0.3.0)
Requirement already satisfied: rsa<5,>=3.1.4 in /home/crsnell/.local/lib/python3.6/site-packages (from google-auth<2,>=1.6.3->tensorboard<2.7,>=2.6.0->tensorflow) (4.9)
Requirement already satisfied: requests-oauthlib>=0.7.0 in /home/crsnell/.local/lib/python3.6/site-packages (from google-auth-oauthlib<0.5,>=0.4.1->tensorboard<2.7,>=2.6.0->tensorflow) (2.0.0)
Requirement already satisfied: importlib-metadata>=4.4 in /home/crsnell/.local/lib/python3.6/site-packages (from markdown>=2.6.8->tensorboard<2.7,>=2.6.0->tensorflow) (4.8.3)
Requirement already satisfied: charset-normalizer~=2.0.0 in /home/crsnell/.local/lib/python3.6/site-packages (from requests<3,>=2.21.0->tensorboard<2.7,>=2.6.0->tensorflow) (2.0.12)
Requirement already satisfied: urllib3<1.27,>=1.21.1 in /usr/lib/python3.6/site-packages (from requests<3,>=2.21.0->tensorboard<2.7,>=2.6.0->tensorflow) (1.24.2)
Requirement already satisfied: idna<4,>=2.5 in /usr/lib/python3.6/site-packages (from requests<3,>=2.21.0->tensorboard<2.7,>=2.6.0->tensorflow) (2.5)
Requirement already satisfied: certifi>=2017.4.17 in /home/crsnell/.local/lib/python3.6/site-packages (from requests<3,>=2.21.0->tensorboard<2.7,>=2.6.0->tensorflow) (2024.2.2)
Requirement already satisfied: dataclasses in /home/crsnell/.local/lib/python3.6/site-packages (from werkzeug>=0.11.15->tensorboard<2.7,>=2.6.0->tensorflow) (0.8)
Requirement already satisfied: zipp>=0.5 in /home/crsnell/.local/lib/python3.6/site-packages (from importlib-metadata>=4.4->markdown>=2.6.8->tensorboard<2.7,>=2.6.0->tensorflow) (3.6.0)
Requirement already satisfied: pyasn1<0.6.0,>=0.4.6 in /home/crsnell/.local/lib/python3.6/site-packages (from pyasn1-modules>=0.2.1->google-auth<2,>=1.6.3->tensorboard<2.7,>=2.6.0->tensorflow) (0.5.1)
Requirement already satisfied: oauthlib>=3.0.0 in /home/crsnell/.local/lib/python3.6/site-packages (from requests-oauthlib>=0.7.0->google-auth-oauthlib<0.5,>=0.4.1->tensorboard<2.7,>=2.6.0->tensorflow) (3.2.2)
Requirement already satisfied: scikit-learn in /home/crsnell/.local/lib/python3.6/site-packages (0.24.2)
Requirement already satisfied: threadpoolctl>=2.0.0 in /home/crsnell/.local/lib/python3.6/site-packages (from scikit-learn) (3.1.0)
Requirement already satisfied: joblib>=0.11 in /home/crsnell/.local/lib/python3.6/site-packages (from scikit-learn) (1.1.1)
Requirement already satisfied: scipy>=0.19.1 in /home/crsnell/.local/lib/python3.6/site-packages (from scikit-learn) (1.5.4)
Requirement already satisfied: numpy>=1.13.3 in /home/crsnell/.local/lib/python3.6/site-packages (from scikit-learn) (1.19.5)
Requirement already satisfied: keras in /home/crsnell/.local/lib/python3.6/site-packages (2.6.0)
Requirement already satisfied: numpy in /home/crsnell/.local/lib/python3.6/site-packages (1.19.5)

RUN_NAME: unique
RUN_NOTES: these are notes, if needed
DATASET_DIR: binned_by_drive_0
BINNING_POLICY: drive
NORM_POLICY: standard
CLASS_POLICY: ternary

THRESHOLD: 0.03
random_state: 345
BATCH_SIZE: 32
DROPOUT_RATE: 0.2
dnn_layers: [77, 400, 200, 3]

PATIENCE: 5
MAX_EPOCHS: 20
LEARNING_RATE: 0.001
GRAD_CLIP_NORM_MAX_NORM: 1.0

NaN values found in features, replacing with 0
Next Dataset . . .pca_val=2
Training with Seed=748
torch.Size([32, 2])
[2, 400, 200, 3]
Epoch 1/20 - Loss: 1.2047, Acc: 0.3280
Validation Loss: 1.1069
Epoch 2/20 - Loss: 1.1404, Acc: 0.3705
Validation Loss: 1.1413
Epoch 3/20 - Loss: 1.1395, Acc: 0.3373
Validation Loss: 1.1028
Epoch 4/20 - Loss: 1.1170, Acc: 0.3420
Validation Loss: 1.1401
Epoch 5/20 - Loss: 1.1128, Acc: 0.3645
Validation Loss: 1.1021
Epoch 6/20 - Loss: 1.1047, Acc: 0.3260
Validation Loss: 1.1047
Epoch 7/20 - Loss: 1.1037, Acc: 0.3420
Validation Loss: 1.0963
Epoch 8/20 - Loss: 1.1003, Acc: 0.3546
Validation Loss: 1.0935
Epoch 9/20 - Loss: 1.1024, Acc: 0.3327
Validation Loss: 1.0960
Epoch 10/20 - Loss: 1.0985, Acc: 0.3367
Validation Loss: 1.0953
Epoch 11/20 - Loss: 1.0950, Acc: 0.3606
Validation Loss: 1.0991
Epoch 12/20 - Loss: 1.0972, Acc: 0.3592
Validation Loss: 1.0983
Epoch 13/20 - Loss: 1.0992, Acc: 0.3393
Validation Loss: 1.0994
Early stopping triggered
Test Accuracy: 0.32696390658174096
Confusion Matrix:
[[16 88 48]
 [30 94 41]
 [20 90 44]]
Training with Seed=87209
torch.Size([32, 2])
[2, 400, 200, 3]
Epoch 1/20 - Loss: 1.1753, Acc: 0.3260
Validation Loss: 1.1125
Epoch 2/20 - Loss: 1.1402, Acc: 0.3393
Validation Loss: 1.1227
Epoch 3/20 - Loss: 1.1284, Acc: 0.3486
Validation Loss: 1.1193
Epoch 4/20 - Loss: 1.1174, Acc: 0.3386
Validation Loss: 1.1071
Epoch 5/20 - Loss: 1.1116, Acc: 0.3659
Validation Loss: 1.1182
Epoch 6/20 - Loss: 1.1019, Acc: 0.3679
Validation Loss: 1.1029
Epoch 7/20 - Loss: 1.1006, Acc: 0.3513
Validation Loss: 1.1013
Epoch 8/20 - Loss: 1.0996, Acc: 0.3453
Validation Loss: 1.0976
Epoch 9/20 - Loss: 1.0946, Acc: 0.3533
Validation Loss: 1.0955
Epoch 10/20 - Loss: 1.0969, Acc: 0.3566
Validation Loss: 1.0989
Epoch 11/20 - Loss: 1.0957, Acc: 0.3725
Validation Loss: 1.0950
Epoch 12/20 - Loss: 1.0955, Acc: 0.3705
Validation Loss: 1.0967
Epoch 13/20 - Loss: 1.0870, Acc: 0.3971
Validation Loss: 1.1013
Epoch 14/20 - Loss: 1.0953, Acc: 0.3453
Validation Loss: 1.1003
Epoch 15/20 - Loss: 1.0977, Acc: 0.3659
Validation Loss: 1.0982
Epoch 16/20 - Loss: 1.0927, Acc: 0.3632
Validation Loss: 1.1006
Early stopping triggered
Test Accuracy: 0.3205944798301486
Confusion Matrix:
[[45 59 48]
 [55 62 48]
 [49 61 44]]
Training with Seed=679
torch.Size([32, 2])
[2, 400, 200, 3]
Epoch 1/20 - Loss: 1.1734, Acc: 0.3513
Validation Loss: 1.1661
Epoch 2/20 - Loss: 1.1305, Acc: 0.3539
Validation Loss: 1.1146
Epoch 3/20 - Loss: 1.1223, Acc: 0.3353
Validation Loss: 1.1058
Epoch 4/20 - Loss: 1.1147, Acc: 0.3386
Validation Loss: 1.1090
Epoch 5/20 - Loss: 1.1016, Acc: 0.3393
Validation Loss: 1.1020
Epoch 6/20 - Loss: 1.1010, Acc: 0.3466
Validation Loss: 1.1082
Epoch 7/20 - Loss: 1.0990, Acc: 0.3552
Validation Loss: 1.0957
Epoch 8/20 - Loss: 1.0995, Acc: 0.3652
Validation Loss: 1.0976
Epoch 9/20 - Loss: 1.0960, Acc: 0.3274
Validation Loss: 1.1026
Epoch 10/20 - Loss: 1.0981, Acc: 0.3393
Validation Loss: 1.0969
Epoch 11/20 - Loss: 1.0917, Acc: 0.3426
Validation Loss: 1.0942
Epoch 12/20 - Loss: 1.0967, Acc: 0.3453
Validation Loss: 1.0995
Epoch 13/20 - Loss: 1.0901, Acc: 0.3685
Validation Loss: 1.1086
Epoch 14/20 - Loss: 1.0939, Acc: 0.3718
Validation Loss: 1.0980
Epoch 15/20 - Loss: 1.0926, Acc: 0.3772
Validation Loss: 1.1006
Epoch 16/20 - Loss: 1.1014, Acc: 0.3426
Validation Loss: 1.0982
Early stopping triggered
Test Accuracy: 0.33121019108280253
Confusion Matrix:
[[23 76 53]
 [30 72 63]
 [25 68 61]]
Training with Seed=222
torch.Size([32, 2])
[2, 400, 200, 3]
Epoch 1/20 - Loss: 1.2066, Acc: 0.3313
Validation Loss: 1.1568
Epoch 2/20 - Loss: 1.1584, Acc: 0.3519
Validation Loss: 1.1257
Epoch 3/20 - Loss: 1.1304, Acc: 0.3493
Validation Loss: 1.1149
Epoch 4/20 - Loss: 1.1111, Acc: 0.3519
Validation Loss: 1.1074
Epoch 5/20 - Loss: 1.0960, Acc: 0.3546
Validation Loss: 1.1019
Epoch 6/20 - Loss: 1.1018, Acc: 0.3446
Validation Loss: 1.0970
Epoch 7/20 - Loss: 1.1007, Acc: 0.3579
Validation Loss: 1.1118
Epoch 8/20 - Loss: 1.0989, Acc: 0.3552
Validation Loss: 1.1024
Epoch 9/20 - Loss: 1.0965, Acc: 0.3513
Validation Loss: 1.0969
Epoch 10/20 - Loss: 1.0945, Acc: 0.3785
Validation Loss: 1.0961
Epoch 11/20 - Loss: 1.0942, Acc: 0.3533
Validation Loss: 1.1058
Epoch 12/20 - Loss: 1.0971, Acc: 0.3440
Validation Loss: 1.0980
Epoch 13/20 - Loss: 1.0939, Acc: 0.3579
Validation Loss: 1.1064
Epoch 14/20 - Loss: 1.0984, Acc: 0.3433
Validation Loss: 1.0982
Epoch 15/20 - Loss: 1.0960, Acc: 0.3639
Validation Loss: 1.1009
Early stopping triggered
Test Accuracy: 0.32696390658174096
Confusion Matrix:
[[ 18  24 110]
 [ 30  20 115]
 [ 24  14 116]]
Training with Seed=62
torch.Size([32, 2])
[2, 400, 200, 3]
Epoch 1/20 - Loss: 1.2777, Acc: 0.3393
Validation Loss: 1.2325
Epoch 2/20 - Loss: 1.1612, Acc: 0.3420
Validation Loss: 1.1060
Epoch 3/20 - Loss: 1.1561, Acc: 0.3473
Validation Loss: 1.1141
Epoch 4/20 - Loss: 1.1286, Acc: 0.3320
Validation Loss: 1.1593
Epoch 5/20 - Loss: 1.1213, Acc: 0.3426
Validation Loss: 1.0959
Epoch 6/20 - Loss: 1.1094, Acc: 0.3240
Validation Loss: 1.1035
Epoch 7/20 - Loss: 1.1049, Acc: 0.3539
Validation Loss: 1.0981
Epoch 8/20 - Loss: 1.0994, Acc: 0.3459
Validation Loss: 1.0989
Epoch 9/20 - Loss: 1.0969, Acc: 0.3679
Validation Loss: 1.1000
Epoch 10/20 - Loss: 1.0959, Acc: 0.3685
Validation Loss: 1.0974
Early stopping triggered
Test Accuracy: 0.3057324840764331
Confusion Matrix:
[[ 25 118   9]
 [ 38  98  29]
 [ 28 105  21]]
Avg perf for seed=62: 0.32229299363057323
Next Dataset . . .pca_val=8
Training with Seed=748
torch.Size([32, 8])
[8, 400, 200, 3]
Epoch 1/20 - Loss: 1.1681, Acc: 0.3679
Validation Loss: 1.1764
Epoch 2/20 - Loss: 1.1098, Acc: 0.3977
Validation Loss: 1.1246
Epoch 3/20 - Loss: 1.0874, Acc: 0.4170
Validation Loss: 1.2258
Epoch 4/20 - Loss: 1.0626, Acc: 0.4349
Validation Loss: 1.1326
Epoch 5/20 - Loss: 1.0498, Acc: 0.4436
Validation Loss: 1.1538
Epoch 6/20 - Loss: 1.0660, Acc: 0.4290
Validation Loss: 1.1410
Epoch 7/20 - Loss: 1.0413, Acc: 0.4529
Validation Loss: 1.1273
Early stopping triggered
Test Accuracy: 0.3651804670912951
Confusion Matrix:
[[ 48 104   7]
 [ 42  96  18]
 [ 31  97  28]]
Training with Seed=87209
torch.Size([32, 8])
[8, 400, 200, 3]
Epoch 1/20 - Loss: 1.1875, Acc: 0.3493
Validation Loss: 1.1282
Epoch 2/20 - Loss: 1.1543, Acc: 0.3792
Validation Loss: 1.1465
Epoch 3/20 - Loss: 1.0814, Acc: 0.4296
Validation Loss: 1.1369
Epoch 4/20 - Loss: 1.0816, Acc: 0.3971
Validation Loss: 1.1785
Epoch 5/20 - Loss: 1.0743, Acc: 0.4223
Validation Loss: 1.1137
Epoch 6/20 - Loss: 1.0538, Acc: 0.4250
Validation Loss: 1.1208
Epoch 7/20 - Loss: 1.0265, Acc: 0.4542
Validation Loss: 1.1440
Epoch 8/20 - Loss: 1.0418, Acc: 0.4356
Validation Loss: 1.1388
Epoch 9/20 - Loss: 1.0422, Acc: 0.4462
Validation Loss: 1.1169
Epoch 10/20 - Loss: 1.0276, Acc: 0.4475
Validation Loss: 1.1482
Early stopping triggered
Test Accuracy: 0.3673036093418259
Confusion Matrix:
[[85 37 37]
 [79 43 34]
 [71 40 45]]
Training with Seed=679
torch.Size([32, 8])
[8, 400, 200, 3]
Epoch 1/20 - Loss: 1.2163, Acc: 0.3738
Validation Loss: 1.1049
Epoch 2/20 - Loss: 1.1017, Acc: 0.4137
Validation Loss: 1.1374
Epoch 3/20 - Loss: 1.0851, Acc: 0.4104
Validation Loss: 1.1541
Epoch 4/20 - Loss: 1.0725, Acc: 0.4303
Validation Loss: 1.1465
Epoch 5/20 - Loss: 1.0817, Acc: 0.4203
Validation Loss: 1.1489
Epoch 6/20 - Loss: 1.0596, Acc: 0.4190
Validation Loss: 1.1333
Early stopping triggered
Test Accuracy: 0.35456475583864117
Confusion Matrix:
[[ 23  31 105]
 [ 20  41  95]
 [ 16  37 103]]
Training with Seed=222
torch.Size([32, 8])
[8, 400, 200, 3]
Epoch 1/20 - Loss: 1.1781, Acc: 0.3685
Validation Loss: 1.1127
Epoch 2/20 - Loss: 1.1165, Acc: 0.3904
Validation Loss: 1.1176
Epoch 3/20 - Loss: 1.0815, Acc: 0.3891
Validation Loss: 1.1591
Epoch 4/20 - Loss: 1.0520, Acc: 0.4575
Validation Loss: 1.1499
Epoch 5/20 - Loss: 1.0607, Acc: 0.4263
Validation Loss: 1.1319
Epoch 6/20 - Loss: 1.0608, Acc: 0.4137
Validation Loss: 1.1288
Early stopping triggered
Test Accuracy: 0.37154989384288745
Confusion Matrix:
[[38 75 46]
 [24 80 52]
 [22 77 57]]
Training with Seed=62
torch.Size([32, 8])
[8, 400, 200, 3]
Epoch 1/20 - Loss: 1.1978, Acc: 0.3732
Validation Loss: 1.1159
Epoch 2/20 - Loss: 1.1058, Acc: 0.3944
Validation Loss: 1.1390
Epoch 3/20 - Loss: 1.0723, Acc: 0.4256
Validation Loss: 1.1431
Epoch 4/20 - Loss: 1.0700, Acc: 0.4216
Validation Loss: 1.1176
Epoch 5/20 - Loss: 1.0398, Acc: 0.4648
Validation Loss: 1.1451
Epoch 6/20 - Loss: 1.0565, Acc: 0.4243
Validation Loss: 1.1285
Early stopping triggered
Test Accuracy: 0.33970276008492567
Confusion Matrix:
[[24 76 59]
 [23 68 65]
 [18 70 68]]
Avg perf for seed=62: 0.35966029723991505
Next Dataset . . .pca_val=14
Training with Seed=748
torch.Size([32, 14])
[14, 400, 200, 3]
Epoch 1/20 - Loss: 1.1847, Acc: 0.3858
Validation Loss: 1.1264
Epoch 2/20 - Loss: 1.1020, Acc: 0.4449
Validation Loss: 1.1562
Epoch 3/20 - Loss: 1.0598, Acc: 0.4475
Validation Loss: 1.1616
Epoch 4/20 - Loss: 1.0401, Acc: 0.4734
Validation Loss: 1.1169
Epoch 5/20 - Loss: 1.0098, Acc: 0.4954
Validation Loss: 1.1412
Epoch 6/20 - Loss: 1.0019, Acc: 0.4880
Validation Loss: 1.1175
Epoch 7/20 - Loss: 0.9766, Acc: 0.5046
Validation Loss: 1.1424
Epoch 8/20 - Loss: 0.9651, Acc: 0.5179
Validation Loss: 1.1387
Epoch 9/20 - Loss: 0.9409, Acc: 0.5332
Validation Loss: 1.1335
Early stopping triggered
Test Accuracy: 0.4118895966029724
Confusion Matrix:
[[54 35 70]
 [37 64 55]
 [35 45 76]]
Training with Seed=87209
torch.Size([32, 14])
[14, 400, 200, 3]
Epoch 1/20 - Loss: 1.1505, Acc: 0.3805
Validation Loss: 1.1419
Epoch 2/20 - Loss: 1.0580, Acc: 0.4582
Validation Loss: 1.1602
Epoch 3/20 - Loss: 1.0484, Acc: 0.4701
Validation Loss: 1.1365
Epoch 4/20 - Loss: 1.0353, Acc: 0.4655
Validation Loss: 1.1034
Epoch 5/20 - Loss: 1.0092, Acc: 0.4894
Validation Loss: 1.1317
Epoch 6/20 - Loss: 0.9812, Acc: 0.5013
Validation Loss: 1.1274
Epoch 7/20 - Loss: 0.9707, Acc: 0.5133
Validation Loss: 1.1365
Epoch 8/20 - Loss: 0.9640, Acc: 0.5292
Validation Loss: 1.1757
Epoch 9/20 - Loss: 0.9763, Acc: 0.5332
Validation Loss: 1.1584
Early stopping triggered
Test Accuracy: 0.3970276008492569
Confusion Matrix:
[[53 29 77]
 [46 45 65]
 [32 35 89]]
Training with Seed=679
torch.Size([32, 14])
[14, 400, 200, 3]
Epoch 1/20 - Loss: 1.1857, Acc: 0.3958
Validation Loss: 1.2206
Epoch 2/20 - Loss: 1.1264, Acc: 0.4223
Validation Loss: 1.1848
Epoch 3/20 - Loss: 1.0696, Acc: 0.4515
Validation Loss: 1.1376
Epoch 4/20 - Loss: 1.0446, Acc: 0.4668
Validation Loss: 1.1022
Epoch 5/20 - Loss: 1.0150, Acc: 0.4920
Validation Loss: 1.1576
Epoch 6/20 - Loss: 1.0235, Acc: 0.4608
Validation Loss: 1.1428
Epoch 7/20 - Loss: 1.0065, Acc: 0.4814
Validation Loss: 1.1093
Epoch 8/20 - Loss: 0.9752, Acc: 0.4973
Validation Loss: 1.1155
Epoch 9/20 - Loss: 0.9502, Acc: 0.5332
Validation Loss: 1.1130
Early stopping triggered
Test Accuracy: 0.4012738853503185
Confusion Matrix:
[[34 55 70]
 [24 73 59]
 [20 54 82]]
Training with Seed=222
torch.Size([32, 14])
[14, 400, 200, 3]
Epoch 1/20 - Loss: 1.2268, Acc: 0.3911
Validation Loss: 1.1358
Epoch 2/20 - Loss: 1.0921, Acc: 0.4197
Validation Loss: 1.1835
Epoch 3/20 - Loss: 1.0535, Acc: 0.4462
Validation Loss: 1.1062
Epoch 4/20 - Loss: 1.0265, Acc: 0.4887
Validation Loss: 1.1143
Epoch 5/20 - Loss: 1.0141, Acc: 0.4741
Validation Loss: 1.1286
Epoch 6/20 - Loss: 0.9841, Acc: 0.5120
Validation Loss: 1.1368
Epoch 7/20 - Loss: 0.9751, Acc: 0.5139
Validation Loss: 1.1502
Epoch 8/20 - Loss: 0.9646, Acc: 0.5219
Validation Loss: 1.1499
Early stopping triggered
Test Accuracy: 0.39065817409766457
Confusion Matrix:
[[72 64 23]
 [64 68 24]
 [58 54 44]]
Training with Seed=62
torch.Size([32, 14])
[14, 400, 200, 3]
Epoch 1/20 - Loss: 1.1803, Acc: 0.3765
Validation Loss: 1.1309
Epoch 2/20 - Loss: 1.0805, Acc: 0.4316
Validation Loss: 1.1320
Epoch 3/20 - Loss: 1.0508, Acc: 0.4695
Validation Loss: 1.1541
Epoch 4/20 - Loss: 1.0388, Acc: 0.4622
Validation Loss: 1.1322
Epoch 5/20 - Loss: 1.0259, Acc: 0.4595
Validation Loss: 1.1146
Epoch 6/20 - Loss: 0.9703, Acc: 0.4954
Validation Loss: 1.1716
Epoch 7/20 - Loss: 0.9908, Acc: 0.4920
Validation Loss: 1.1451
Epoch 8/20 - Loss: 0.9696, Acc: 0.5120
Validation Loss: 1.1668
Epoch 9/20 - Loss: 0.9575, Acc: 0.5186
Validation Loss: 1.1619
Epoch 10/20 - Loss: 0.9384, Acc: 0.5452
Validation Loss: 1.1392
Early stopping triggered
Test Accuracy: 0.3673036093418259
Confusion Matrix:
[[37 89 33]
 [35 87 34]
 [24 83 49]]
Avg perf for seed=62: 0.39363057324840767
Next Dataset . . .pca_val=20
Training with Seed=748
torch.Size([32, 20])
[20, 400, 200, 3]
Epoch 1/20 - Loss: 1.1687, Acc: 0.3911
Validation Loss: 1.1401
Epoch 2/20 - Loss: 1.0569, Acc: 0.4575
Validation Loss: 1.1863
Epoch 3/20 - Loss: 1.0043, Acc: 0.4927
Validation Loss: 1.1340
Epoch 4/20 - Loss: 0.9848, Acc: 0.5046
Validation Loss: 1.2120
Epoch 5/20 - Loss: 0.9486, Acc: 0.5465
Validation Loss: 1.1800
Epoch 6/20 - Loss: 0.9342, Acc: 0.5458
Validation Loss: 1.2037
Epoch 7/20 - Loss: 0.8887, Acc: 0.5691
Validation Loss: 1.2155
Epoch 8/20 - Loss: 0.8797, Acc: 0.5697
Validation Loss: 1.1722
Early stopping triggered
Test Accuracy: 0.39065817409766457
Confusion Matrix:
[[ 36  89  34]
 [ 22 109  25]
 [ 28  89  39]]
Training with Seed=87209
torch.Size([32, 20])
[20, 400, 200, 3]
Epoch 1/20 - Loss: 1.1316, Acc: 0.4163
Validation Loss: 1.1529
Epoch 2/20 - Loss: 1.0762, Acc: 0.4522
Validation Loss: 1.1368
Epoch 3/20 - Loss: 1.0171, Acc: 0.4900
Validation Loss: 1.1053
Epoch 4/20 - Loss: 0.9924, Acc: 0.5100
Validation Loss: 1.1470
Epoch 5/20 - Loss: 0.9757, Acc: 0.5080
Validation Loss: 1.1273
Epoch 6/20 - Loss: 0.9307, Acc: 0.5378
Validation Loss: 1.1570
Epoch 7/20 - Loss: 0.9086, Acc: 0.5558
Validation Loss: 1.1428
Epoch 8/20 - Loss: 0.9028, Acc: 0.5664
Validation Loss: 1.1414
Early stopping triggered
Test Accuracy: 0.3970276008492569
Confusion Matrix:
[[75 29 55]
 [54 49 53]
 [57 36 63]]
Training with Seed=679
torch.Size([32, 20])
[20, 400, 200, 3]
Epoch 1/20 - Loss: 1.1371, Acc: 0.3938
Validation Loss: 1.1622
Epoch 2/20 - Loss: 1.0603, Acc: 0.4748
Validation Loss: 1.1293
Epoch 3/20 - Loss: 1.0224, Acc: 0.4754
Validation Loss: 1.1484
Epoch 4/20 - Loss: 0.9899, Acc: 0.5000
Validation Loss: 1.1528
Epoch 5/20 - Loss: 0.9627, Acc: 0.5166
Validation Loss: 1.1409
Epoch 6/20 - Loss: 0.9485, Acc: 0.5219
Validation Loss: 1.1748
Epoch 7/20 - Loss: 0.9144, Acc: 0.5637
Validation Loss: 1.1807
Early stopping triggered
Test Accuracy: 0.3885350318471338
Confusion Matrix:
[[23 82 54]
 [18 89 49]
 [15 70 71]]
Training with Seed=222
torch.Size([32, 20])
[20, 400, 200, 3]
Epoch 1/20 - Loss: 1.1893, Acc: 0.3878
Validation Loss: 1.1746
Epoch 2/20 - Loss: 1.0682, Acc: 0.4429
Validation Loss: 1.1674
Epoch 3/20 - Loss: 1.0202, Acc: 0.4861
Validation Loss: 1.1657
Epoch 4/20 - Loss: 1.0026, Acc: 0.5126
Validation Loss: 1.1296
Epoch 5/20 - Loss: 0.9687, Acc: 0.5106
Validation Loss: 1.1553
Epoch 6/20 - Loss: 0.9483, Acc: 0.5378
Validation Loss: 1.1858
Epoch 7/20 - Loss: 0.9152, Acc: 0.5644
Validation Loss: 1.1907
Epoch 8/20 - Loss: 0.9072, Acc: 0.5438
Validation Loss: 1.1998
Epoch 9/20 - Loss: 0.8856, Acc: 0.5883
Validation Loss: 1.2191
Early stopping triggered
Test Accuracy: 0.3970276008492569
Confusion Matrix:
[[62 25 72]
 [56 45 55]
 [44 32 80]]
Training with Seed=62
torch.Size([32, 20])
[20, 400, 200, 3]
Epoch 1/20 - Loss: 1.2107, Acc: 0.3944
Validation Loss: 1.1394
Epoch 2/20 - Loss: 1.0613, Acc: 0.4575
Validation Loss: 1.1022
Epoch 3/20 - Loss: 1.0450, Acc: 0.4668
Validation Loss: 1.1155
Epoch 4/20 - Loss: 0.9979, Acc: 0.5159
Validation Loss: 1.1738
Epoch 5/20 - Loss: 0.9524, Acc: 0.5352
Validation Loss: 1.1856
Epoch 6/20 - Loss: 0.9486, Acc: 0.5372
Validation Loss: 1.1191
Epoch 7/20 - Loss: 0.9262, Acc: 0.5471
Validation Loss: 1.1695
Early stopping triggered
Test Accuracy: 0.40552016985138006
Confusion Matrix:
[[106  23  30]
 [ 84  48  24]
 [ 83  36  37]]
Avg perf for seed=62: 0.3957537154989385
Next Dataset . . .pca_val=26
Training with Seed=748
torch.Size([32, 26])
[26, 400, 200, 3]
Epoch 1/20 - Loss: 1.1755, Acc: 0.3984
Validation Loss: 1.1346
Epoch 2/20 - Loss: 1.0500, Acc: 0.4608
Validation Loss: 1.1127
Epoch 3/20 - Loss: 1.0074, Acc: 0.5060
Validation Loss: 1.1627
Epoch 4/20 - Loss: 0.9680, Acc: 0.5292
Validation Loss: 1.1473
Epoch 5/20 - Loss: 0.9379, Acc: 0.5458
Validation Loss: 1.1589
Epoch 6/20 - Loss: 0.9258, Acc: 0.5578
Validation Loss: 1.1531
Epoch 7/20 - Loss: 0.8661, Acc: 0.5883
Validation Loss: 1.1819
Early stopping triggered
Test Accuracy: 0.4182590233545648
Confusion Matrix:
[[101  36  22]
 [ 78  60  18]
 [ 81  39  36]]
Training with Seed=87209
torch.Size([32, 26])
[26, 400, 200, 3]
Epoch 1/20 - Loss: 1.1722, Acc: 0.3884
Validation Loss: 1.1225
Epoch 2/20 - Loss: 1.0302, Acc: 0.4834
Validation Loss: 1.1843
Epoch 3/20 - Loss: 1.0066, Acc: 0.5080
Validation Loss: 1.1431
Epoch 4/20 - Loss: 0.9441, Acc: 0.5412
Validation Loss: 1.1843
Epoch 5/20 - Loss: 0.9516, Acc: 0.5345
Validation Loss: 1.1113
Epoch 6/20 - Loss: 0.8952, Acc: 0.5651
Validation Loss: 1.1561
Epoch 7/20 - Loss: 0.8463, Acc: 0.6089
Validation Loss: 1.1759
Epoch 8/20 - Loss: 0.8040, Acc: 0.6142
Validation Loss: 1.2332
Epoch 9/20 - Loss: 0.7827, Acc: 0.6421
Validation Loss: 1.2443
Epoch 10/20 - Loss: 0.7492, Acc: 0.6594
Validation Loss: 1.2908
Early stopping triggered
Test Accuracy: 0.3842887473460722
Confusion Matrix:
[[50 71 38]
 [42 84 30]
 [41 68 47]]
Training with Seed=679
torch.Size([32, 26])
[26, 400, 200, 3]
Epoch 1/20 - Loss: 1.1394, Acc: 0.4150
Validation Loss: 1.1143
Epoch 2/20 - Loss: 1.0272, Acc: 0.4847
Validation Loss: 1.1167
Epoch 3/20 - Loss: 0.9785, Acc: 0.5100
Validation Loss: 1.1256
Epoch 4/20 - Loss: 0.9589, Acc: 0.5279
Validation Loss: 1.1419
Epoch 5/20 - Loss: 0.9253, Acc: 0.5564
Validation Loss: 1.1482
Epoch 6/20 - Loss: 0.9120, Acc: 0.5478
Validation Loss: 1.2392
Early stopping triggered
Test Accuracy: 0.3885350318471338
Confusion Matrix:
[[ 37  24  98]
 [ 30  29  97]
 [ 17  22 117]]
Training with Seed=222
torch.Size([32, 26])
[26, 400, 200, 3]
Epoch 1/20 - Loss: 1.1463, Acc: 0.4143
Validation Loss: 1.1315
Epoch 2/20 - Loss: 1.0330, Acc: 0.4847
Validation Loss: 1.1526
Epoch 3/20 - Loss: 0.9906, Acc: 0.5080
Validation Loss: 1.2260
Epoch 4/20 - Loss: 0.9864, Acc: 0.5173
Validation Loss: 1.1822
Epoch 5/20 - Loss: 0.9434, Acc: 0.5312
Validation Loss: 1.1489
Epoch 6/20 - Loss: 0.8845, Acc: 0.5644
Validation Loss: 1.2262
Early stopping triggered
Test Accuracy: 0.3842887473460722
Confusion Matrix:
[[30 70 59]
 [19 87 50]
 [18 74 64]]
Training with Seed=62
torch.Size([32, 26])
[26, 400, 200, 3]
Epoch 1/20 - Loss: 1.1850, Acc: 0.4017
Validation Loss: 1.1562
Epoch 2/20 - Loss: 1.0296, Acc: 0.4827
Validation Loss: 1.1472
Epoch 3/20 - Loss: 0.9853, Acc: 0.5007
Validation Loss: 1.1436
Epoch 4/20 - Loss: 0.9545, Acc: 0.5372
Validation Loss: 1.1456
Epoch 5/20 - Loss: 0.8965, Acc: 0.5671
Validation Loss: 1.2086
Epoch 6/20 - Loss: 0.8629, Acc: 0.5930
Validation Loss: 1.1983
Epoch 7/20 - Loss: 0.8329, Acc: 0.6069
Validation Loss: 1.2146
Epoch 8/20 - Loss: 0.7917, Acc: 0.6341
Validation Loss: 1.2806
Early stopping triggered
Test Accuracy: 0.4012738853503185
Confusion Matrix:
[[54 27 78]
 [43 49 64]
 [44 26 86]]
Avg perf for seed=62: 0.3953290870488323
Next Dataset . . .pca_val=32
Training with Seed=748
torch.Size([32, 32])
[32, 400, 200, 3]
Epoch 1/20 - Loss: 1.1533, Acc: 0.4303
Validation Loss: 1.1942
Epoch 2/20 - Loss: 1.0499, Acc: 0.4622
Validation Loss: 1.1196
Epoch 3/20 - Loss: 0.9943, Acc: 0.5272
Validation Loss: 1.1542
Epoch 4/20 - Loss: 0.9295, Acc: 0.5505
Validation Loss: 1.2034
Epoch 5/20 - Loss: 0.8833, Acc: 0.5936
Validation Loss: 1.1629
Epoch 6/20 - Loss: 0.8380, Acc: 0.5989
Validation Loss: 1.1985
Epoch 7/20 - Loss: 0.8348, Acc: 0.5969
Validation Loss: 1.1788
Early stopping triggered
Test Accuracy: 0.3842887473460722
Confusion Matrix:
[[83 53 23]
 [70 66 20]
 [72 52 32]]
Training with Seed=87209
torch.Size([32, 32])
[32, 400, 200, 3]
Epoch 1/20 - Loss: 1.1833, Acc: 0.4004
Validation Loss: 1.1490
Epoch 2/20 - Loss: 1.0456, Acc: 0.4801
Validation Loss: 1.1278
Epoch 3/20 - Loss: 0.9821, Acc: 0.5199
Validation Loss: 1.1629
Epoch 4/20 - Loss: 0.9425, Acc: 0.5445
Validation Loss: 1.1496
Epoch 5/20 - Loss: 0.8803, Acc: 0.5764
Validation Loss: 1.1593
Epoch 6/20 - Loss: 0.7969, Acc: 0.6481
Validation Loss: 1.2193
Epoch 7/20 - Loss: 0.7998, Acc: 0.6268
Validation Loss: 1.2107
Early stopping triggered
Test Accuracy: 0.4033970276008493
Confusion Matrix:
[[ 47  84  28]
 [ 28 102  26]
 [ 32  83  41]]
Training with Seed=679
torch.Size([32, 32])
[32, 400, 200, 3]
Epoch 1/20 - Loss: 1.1690, Acc: 0.3911
Validation Loss: 1.1551
Epoch 2/20 - Loss: 1.0370, Acc: 0.4854
Validation Loss: 1.1466
Epoch 3/20 - Loss: 0.9613, Acc: 0.5252
Validation Loss: 1.1658
Epoch 4/20 - Loss: 0.9307, Acc: 0.5584
Validation Loss: 1.1639
Epoch 5/20 - Loss: 0.9115, Acc: 0.5691
Validation Loss: 1.1791
Epoch 6/20 - Loss: 0.8338, Acc: 0.5983
Validation Loss: 1.1924
Epoch 7/20 - Loss: 0.7861, Acc: 0.6341
Validation Loss: 1.2226
Early stopping triggered
Test Accuracy: 0.3991507430997877
Confusion Matrix:
[[110  21  28]
 [ 88  36  32]
 [ 83  31  42]]
Training with Seed=222
torch.Size([32, 32])
[32, 400, 200, 3]
Epoch 1/20 - Loss: 1.1495, Acc: 0.4203
Validation Loss: 1.1392
Epoch 2/20 - Loss: 1.0353, Acc: 0.4794
Validation Loss: 1.1838
Epoch 3/20 - Loss: 0.9979, Acc: 0.5120
Validation Loss: 1.1908
Epoch 4/20 - Loss: 0.9295, Acc: 0.5531
Validation Loss: 1.2095
Epoch 5/20 - Loss: 0.9109, Acc: 0.5704
Validation Loss: 1.2140
Epoch 6/20 - Loss: 0.8709, Acc: 0.5717
Validation Loss: 1.1906
Early stopping triggered
Test Accuracy: 0.3885350318471338
Confusion Matrix:
[[58 73 28]
 [44 80 32]
 [45 66 45]]
Training with Seed=62
torch.Size([32, 32])
[32, 400, 200, 3]
Epoch 1/20 - Loss: 1.1646, Acc: 0.4070
Validation Loss: 1.1428
Epoch 2/20 - Loss: 1.0408, Acc: 0.4841
Validation Loss: 1.1472
Epoch 3/20 - Loss: 0.9823, Acc: 0.5113
Validation Loss: 1.1482
Epoch 4/20 - Loss: 0.9152, Acc: 0.5691
Validation Loss: 1.1955
Epoch 5/20 - Loss: 0.9121, Acc: 0.5664
Validation Loss: 1.1727
Epoch 6/20 - Loss: 0.8265, Acc: 0.6222
Validation Loss: 1.2062
Early stopping triggered
Test Accuracy: 0.36942675159235666
Confusion Matrix:
[[52 76 31]
 [46 79 31]
 [43 70 43]]
Avg perf for seed=62: 0.38895966029723994
Next Dataset . . .pca_val=38
Training with Seed=748
torch.Size([32, 38])
[38, 400, 200, 3]
Epoch 1/20 - Loss: 1.1386, Acc: 0.4084
Validation Loss: 1.1305
Epoch 2/20 - Loss: 1.0023, Acc: 0.5146
Validation Loss: 1.1903
Epoch 3/20 - Loss: 0.9912, Acc: 0.5153
Validation Loss: 1.1536
Epoch 4/20 - Loss: 0.9275, Acc: 0.5292
Validation Loss: 1.2080
Epoch 5/20 - Loss: 0.8893, Acc: 0.5790
Validation Loss: 1.2369
Epoch 6/20 - Loss: 0.8118, Acc: 0.6235
Validation Loss: 1.3023
Early stopping triggered
Test Accuracy: 0.3885350318471338
Confusion Matrix:
[[117  11  31]
 [100  28  28]
 [ 96  22  38]]
Training with Seed=87209
torch.Size([32, 38])
[38, 400, 200, 3]
Epoch 1/20 - Loss: 1.1722, Acc: 0.4077
Validation Loss: 1.1527
Epoch 2/20 - Loss: 1.0272, Acc: 0.4861
Validation Loss: 1.2091
Epoch 3/20 - Loss: 0.9530, Acc: 0.5339
Validation Loss: 1.1955
Epoch 4/20 - Loss: 0.9028, Acc: 0.5578
Validation Loss: 1.1898
Epoch 5/20 - Loss: 0.8626, Acc: 0.6096
Validation Loss: 1.2291
Epoch 6/20 - Loss: 0.8078, Acc: 0.6295
Validation Loss: 1.2180
Early stopping triggered
Test Accuracy: 0.3885350318471338
Confusion Matrix:
[[55 66 38]
 [46 71 39]
 [30 69 57]]
Training with Seed=679
torch.Size([32, 38])
[38, 400, 200, 3]
Epoch 1/20 - Loss: 1.1794, Acc: 0.4084
Validation Loss: 1.1507
Epoch 2/20 - Loss: 1.0044, Acc: 0.4894
Validation Loss: 1.1800
Epoch 3/20 - Loss: 0.9701, Acc: 0.5299
Validation Loss: 1.2440
Epoch 4/20 - Loss: 0.8913, Acc: 0.5770
Validation Loss: 1.1800
Epoch 5/20 - Loss: 0.8342, Acc: 0.6215
Validation Loss: 1.2662
Epoch 6/20 - Loss: 0.8002, Acc: 0.6414
Validation Loss: 1.2387
Early stopping triggered
Test Accuracy: 0.3842887473460722
Confusion Matrix:
[[ 34 109  16]
 [ 28 111  17]
 [ 25  95  36]]
Training with Seed=222
torch.Size([32, 38])
[38, 400, 200, 3]
Epoch 1/20 - Loss: 1.1458, Acc: 0.4044
Validation Loss: 1.1524
Epoch 2/20 - Loss: 1.0548, Acc: 0.4608
Validation Loss: 1.1359
Epoch 3/20 - Loss: 0.9717, Acc: 0.5551
Validation Loss: 1.1672
Epoch 4/20 - Loss: 0.9576, Acc: 0.5432
Validation Loss: 1.2042
Epoch 5/20 - Loss: 0.8974, Acc: 0.5631
Validation Loss: 1.1875
Epoch 6/20 - Loss: 0.8184, Acc: 0.6268
Validation Loss: 1.2704
Epoch 7/20 - Loss: 0.7733, Acc: 0.6567
Validation Loss: 1.2134
Early stopping triggered
Test Accuracy: 0.3991507430997877
Confusion Matrix:
[[49 33 77]
 [32 55 69]
 [34 38 84]]
Training with Seed=62
torch.Size([32, 38])
[38, 400, 200, 3]
Epoch 1/20 - Loss: 1.1528, Acc: 0.4024
Validation Loss: 1.3085
Epoch 2/20 - Loss: 1.0340, Acc: 0.4940
Validation Loss: 1.2206
Epoch 3/20 - Loss: 0.9530, Acc: 0.5551
Validation Loss: 1.1623
Epoch 4/20 - Loss: 0.8880, Acc: 0.5691
Validation Loss: 1.2085
Epoch 5/20 - Loss: 0.8566, Acc: 0.5903
Validation Loss: 1.2094
Epoch 6/20 - Loss: 0.8095, Acc: 0.6335
Validation Loss: 1.2339
Epoch 7/20 - Loss: 0.7787, Acc: 0.6514
Validation Loss: 1.2555
Epoch 8/20 - Loss: 0.7313, Acc: 0.6607
Validation Loss: 1.2735
Early stopping triggered
Test Accuracy: 0.40976645435244163
Confusion Matrix:
[[82 53 24]
 [65 71 20]
 [62 54 40]]
Avg perf for seed=62: 0.3940552016985138
Next Dataset . . .pca_val=44
Training with Seed=748
torch.Size([32, 44])
[44, 400, 200, 3]
Epoch 1/20 - Loss: 1.1773, Acc: 0.3944
Validation Loss: 1.2236
Epoch 2/20 - Loss: 1.0085, Acc: 0.4821
Validation Loss: 1.1454
Epoch 3/20 - Loss: 0.9507, Acc: 0.5199
Validation Loss: 1.1752
Epoch 4/20 - Loss: 0.8829, Acc: 0.6036
Validation Loss: 1.1619
Epoch 5/20 - Loss: 0.8034, Acc: 0.6375
Validation Loss: 1.1965
Epoch 6/20 - Loss: 0.7673, Acc: 0.6667
Validation Loss: 1.2393
Epoch 7/20 - Loss: 0.7121, Acc: 0.6839
Validation Loss: 1.2715
Early stopping triggered
Test Accuracy: 0.39490445859872614
Confusion Matrix:
[[85 52 22]
 [71 64 21]
 [70 49 37]]
Training with Seed=87209
torch.Size([32, 44])
[44, 400, 200, 3]
Epoch 1/20 - Loss: 1.1492, Acc: 0.4110
Validation Loss: 1.1722
Epoch 2/20 - Loss: 1.0195, Acc: 0.4907
Validation Loss: 1.1964
Epoch 3/20 - Loss: 0.9561, Acc: 0.5432
Validation Loss: 1.1761
Epoch 4/20 - Loss: 0.8999, Acc: 0.5704
Validation Loss: 1.1884
Epoch 5/20 - Loss: 0.8207, Acc: 0.6202
Validation Loss: 1.1836
Epoch 6/20 - Loss: 0.8363, Acc: 0.6228
Validation Loss: 1.2371
Early stopping triggered
Test Accuracy: 0.42250530785562634
Confusion Matrix:
[[89 23 47]
 [60 43 53]
 [63 26 67]]
Training with Seed=679
torch.Size([32, 44])
[44, 400, 200, 3]
Epoch 1/20 - Loss: 1.1407, Acc: 0.4124
Validation Loss: 1.1912
Epoch 2/20 - Loss: 1.0369, Acc: 0.4714
Validation Loss: 1.1602
Epoch 3/20 - Loss: 0.9355, Acc: 0.5531
Validation Loss: 1.2117
Epoch 4/20 - Loss: 0.8842, Acc: 0.5910
Validation Loss: 1.1808
Epoch 5/20 - Loss: 0.8594, Acc: 0.5870
Validation Loss: 1.1634
Epoch 6/20 - Loss: 0.7778, Acc: 0.6514
Validation Loss: 1.2572
Epoch 7/20 - Loss: 0.7225, Acc: 0.6766
Validation Loss: 1.2283
Early stopping triggered
Test Accuracy: 0.39490445859872614
Confusion Matrix:
[[61 62 36]
 [52 78 26]
 [47 62 47]]
Training with Seed=222
torch.Size([32, 44])
[44, 400, 200, 3]
Epoch 1/20 - Loss: 1.1769, Acc: 0.4197
Validation Loss: 1.1583
Epoch 2/20 - Loss: 0.9976, Acc: 0.5139
Validation Loss: 1.1873
Epoch 3/20 - Loss: 0.9767, Acc: 0.5292
Validation Loss: 1.1770
Epoch 4/20 - Loss: 0.8825, Acc: 0.5916
Validation Loss: 1.2012
Epoch 5/20 - Loss: 0.8165, Acc: 0.6182
Validation Loss: 1.2044
Epoch 6/20 - Loss: 0.7706, Acc: 0.6627
Validation Loss: 1.2392
Early stopping triggered
Test Accuracy: 0.4607218683651805
Confusion Matrix:
[[91 35 33]
 [58 65 33]
 [66 29 61]]
Training with Seed=62
classify.py:387: UserWarning: Creating a tensor from a list of numpy.ndarrays is extremely slow. Please consider converting the list to a single numpy.ndarray with numpy.array() before converting to a tensor. (Triggered internally at  ../torch/csrc/utils/tensor_new.cpp:201.)
  features = torch.tensor(features, dtype=torch.float32)
/home/crsnell/pivot_repo/dnn.py:20: UserWarning: nn.init.xavier_uniform is now deprecated in favor of nn.init.xavier_uniform_.
  nn.init.xavier_uniform(layer.weight)
/home/crsnell/pivot_repo/dnn.py:25: UserWarning: nn.init.xavier_uniform is now deprecated in favor of nn.init.xavier_uniform_.
  nn.init.xavier_uniform(self.output.weight)
/home/crsnell/pivot_repo/dnn.py:20: UserWarning: nn.init.xavier_uniform is now deprecated in favor of nn.init.xavier_uniform_.
  nn.init.xavier_uniform(layer.weight)
/home/crsnell/pivot_repo/dnn.py:25: UserWarning: nn.init.xavier_uniform is now deprecated in favor of nn.init.xavier_uniform_.
  nn.init.xavier_uniform(self.output.weight)
/home/crsnell/pivot_repo/dnn.py:20: UserWarning: nn.init.xavier_uniform is now deprecated in favor of nn.init.xavier_uniform_.
  nn.init.xavier_uniform(layer.weight)
/home/crsnell/pivot_repo/dnn.py:25: UserWarning: nn.init.xavier_uniform is now deprecated in favor of nn.init.xavier_uniform_.
  nn.init.xavier_uniform(self.output.weight)
/home/crsnell/pivot_repo/dnn.py:20: UserWarning: nn.init.xavier_uniform is now deprecated in favor of nn.init.xavier_uniform_.
  nn.init.xavier_uniform(layer.weight)
/home/crsnell/pivot_repo/dnn.py:25: UserWarning: nn.init.xavier_uniform is now deprecated in favor of nn.init.xavier_uniform_.
  nn.init.xavier_uniform(self.output.weight)
/home/crsnell/pivot_repo/dnn.py:20: UserWarning: nn.init.xavier_uniform is now deprecated in favor of nn.init.xavier_uniform_.
  nn.init.xavier_uniform(layer.weight)
/home/crsnell/pivot_repo/dnn.py:25: UserWarning: nn.init.xavier_uniform is now deprecated in favor of nn.init.xavier_uniform_.
  nn.init.xavier_uniform(self.output.weight)
/home/crsnell/pivot_repo/dnn.py:20: UserWarning: nn.init.xavier_uniform is now deprecated in favor of nn.init.xavier_uniform_.
  nn.init.xavier_uniform(layer.weight)
/home/crsnell/pivot_repo/dnn.py:25: UserWarning: nn.init.xavier_uniform is now deprecated in favor of nn.init.xavier_uniform_.
  nn.init.xavier_uniform(self.output.weight)
/home/crsnell/pivot_repo/dnn.py:20: UserWarning: nn.init.xavier_uniform is now deprecated in favor of nn.init.xavier_uniform_.
  nn.init.xavier_uniform(layer.weight)
/home/crsnell/pivot_repo/dnn.py:25: UserWarning: nn.init.xavier_uniform is now deprecated in favor of nn.init.xavier_uniform_.
  nn.init.xavier_uniform(self.output.weight)
/home/crsnell/pivot_repo/dnn.py:20: UserWarning: nn.init.xavier_uniform is now deprecated in favor of nn.init.xavier_uniform_.
  nn.init.xavier_uniform(layer.weight)
/home/crsnell/pivot_repo/dnn.py:25: UserWarning: nn.init.xavier_uniform is now deprecated in favor of nn.init.xavier_uniform_.
  nn.init.xavier_uniform(self.output.weight)
/home/crsnell/pivot_repo/dnn.py:20: UserWarning: nn.init.xavier_uniform is now deprecated in favor of nn.init.xavier_uniform_.
  nn.init.xavier_uniform(layer.weight)
/home/crsnell/pivot_repo/dnn.py:25: UserWarning: nn.init.xavier_uniform is now deprecated in favor of nn.init.xavier_uniform_.
  nn.init.xavier_uniform(self.output.weight)
/home/crsnell/pivot_repo/dnn.py:20: UserWarning: nn.init.xavier_uniform is now deprecated in favor of nn.init.xavier_uniform_.
  nn.init.xavier_uniform(layer.weight)
/home/crsnell/pivot_repo/dnn.py:25: UserWarning: nn.init.xavier_uniform is now deprecated in favor of nn.init.xavier_uniform_.
  nn.init.xavier_uniform(self.output.weight)
/home/crsnell/pivot_repo/dnn.py:20: UserWarning: nn.init.xavier_uniform is now deprecated in favor of nn.init.xavier_uniform_.
  nn.init.xavier_uniform(layer.weight)
/home/crsnell/pivot_repo/dnn.py:25: UserWarning: nn.init.xavier_uniform is now deprecated in favor of nn.init.xavier_uniform_.
  nn.init.xavier_uniform(self.output.weight)
/home/crsnell/pivot_repo/dnn.py:20: UserWarning: nn.init.xavier_uniform is now deprecated in favor of nn.init.xavier_uniform_.
  nn.init.xavier_uniform(layer.weight)
/home/crsnell/pivot_repo/dnn.py:25: UserWarning: nn.init.xavier_uniform is now deprecated in favor of nn.init.xavier_uniform_.
  nn.init.xavier_uniform(self.output.weight)
/home/crsnell/pivot_repo/dnn.py:20: UserWarning: nn.init.xavier_uniform is now deprecated in favor of nn.init.xavier_uniform_.
  nn.init.xavier_uniform(layer.weight)
/home/crsnell/pivot_repo/dnn.py:25: UserWarning: nn.init.xavier_uniform is now deprecated in favor of nn.init.xavier_uniform_.
  nn.init.xavier_uniform(self.output.weight)
/home/crsnell/pivot_repo/dnn.py:20: UserWarning: nn.init.xavier_uniform is now deprecated in favor of nn.init.xavier_uniform_.
  nn.init.xavier_uniform(layer.weight)
/home/crsnell/pivot_repo/dnn.py:25: UserWarning: nn.init.xavier_uniform is now deprecated in favor of nn.init.xavier_uniform_.
  nn.init.xavier_uniform(self.output.weight)
/home/crsnell/pivot_repo/dnn.py:20: UserWarning: nn.init.xavier_uniform is now deprecated in favor of nn.init.xavier_uniform_.
  nn.init.xavier_uniform(layer.weight)
/home/crsnell/pivot_repo/dnn.py:25: UserWarning: nn.init.xavier_uniform is now deprecated in favor of nn.init.xavier_uniform_.
  nn.init.xavier_uniform(self.output.weight)
/home/crsnell/pivot_repo/dnn.py:20: UserWarning: nn.init.xavier_uniform is now deprecated in favor of nn.init.xavier_uniform_.
  nn.init.xavier_uniform(layer.weight)
/home/crsnell/pivot_repo/dnn.py:25: UserWarning: nn.init.xavier_uniform is now deprecated in favor of nn.init.xavier_uniform_.
  nn.init.xavier_uniform(self.output.weight)
/home/crsnell/pivot_repo/dnn.py:20: UserWarning: nn.init.xavier_uniform is now deprecated in favor of nn.init.xavier_uniform_.
  nn.init.xavier_uniform(layer.weight)
/home/crsnell/pivot_repo/dnn.py:25: UserWarning: nn.init.xavier_uniform is now deprecated in favor of nn.init.xavier_uniform_.
  nn.init.xavier_uniform(self.output.weight)
/home/crsnell/pivot_repo/dnn.py:20: UserWarning: nn.init.xavier_uniform is now deprecated in favor of nn.init.xavier_uniform_.
  nn.init.xavier_uniform(layer.weight)
/home/crsnell/pivot_repo/dnn.py:25: UserWarning: nn.init.xavier_uniform is now deprecated in favor of nn.init.xavier_uniform_.
  nn.init.xavier_uniform(self.output.weight)
/home/crsnell/pivot_repo/dnn.py:20: UserWarning: nn.init.xavier_uniform is now deprecated in favor of nn.init.xavier_uniform_.
  nn.init.xavier_uniform(layer.weight)
/home/crsnell/pivot_repo/dnn.py:25: UserWarning: nn.init.xavier_uniform is now deprecated in favor of nn.init.xavier_uniform_.
  nn.init.xavier_uniform(self.output.weight)
/home/crsnell/pivot_repo/dnn.py:20: UserWarning: nn.init.xavier_uniform is now deprecated in favor of nn.init.xavier_uniform_.
  nn.init.xavier_uniform(layer.weight)
/home/crsnell/pivot_repo/dnn.py:25: UserWarning: nn.init.xavier_uniform is now deprecated in favor of nn.init.xavier_uniform_.
  nn.init.xavier_uniform(self.output.weight)
/home/crsnell/pivot_repo/dnn.py:20: UserWarning: nn.init.xavier_uniform is now deprecated in favor of nn.init.xavier_uniform_.
  nn.init.xavier_uniform(layer.weight)
/home/crsnell/pivot_repo/dnn.py:25: UserWarning: nn.init.xavier_uniform is now deprecated in favor of nn.init.xavier_uniform_.
  nn.init.xavier_uniform(self.output.weight)
/home/crsnell/pivot_repo/dnn.py:20: UserWarning: nn.init.xavier_uniform is now deprecated in favor of nn.init.xavier_uniform_.
  nn.init.xavier_uniform(layer.weight)
/home/crsnell/pivot_repo/dnn.py:25: UserWarning: nn.init.xavier_uniform is now deprecated in favor of nn.init.xavier_uniform_.
  nn.init.xavier_uniform(self.output.weight)
/home/crsnell/pivot_repo/dnn.py:20: UserWarning: nn.init.xavier_uniform is now deprecated in favor of nn.init.xavier_uniform_.
  nn.init.xavier_uniform(layer.weight)
/home/crsnell/pivot_repo/dnn.py:25: UserWarning: nn.init.xavier_uniform is now deprecated in favor of nn.init.xavier_uniform_.
  nn.init.xavier_uniform(self.output.weight)
/home/crsnell/pivot_repo/dnn.py:20: UserWarning: nn.init.xavier_uniform is now deprecated in favor of nn.init.xavier_uniform_.
  nn.init.xavier_uniform(layer.weight)
/home/crsnell/pivot_repo/dnn.py:25: UserWarning: nn.init.xavier_uniform is now deprecated in favor of nn.init.xavier_uniform_.
  nn.init.xavier_uniform(self.output.weight)
/home/crsnell/pivot_repo/dnn.py:20: UserWarning: nn.init.xavier_uniform is now deprecated in favor of nn.init.xavier_uniform_.
  nn.init.xavier_uniform(layer.weight)
/home/crsnell/pivot_repo/dnn.py:25: UserWarning: nn.init.xavier_uniform is now deprecated in favor of nn.init.xavier_uniform_.
  nn.init.xavier_uniform(self.output.weight)
/home/crsnell/pivot_repo/dnn.py:20: UserWarning: nn.init.xavier_uniform is now deprecated in favor of nn.init.xavier_uniform_.
  nn.init.xavier_uniform(layer.weight)
/home/crsnell/pivot_repo/dnn.py:25: UserWarning: nn.init.xavier_uniform is now deprecated in favor of nn.init.xavier_uniform_.
  nn.init.xavier_uniform(self.output.weight)
/home/crsnell/pivot_repo/dnn.py:20: UserWarning: nn.init.xavier_uniform is now deprecated in favor of nn.init.xavier_uniform_.
  nn.init.xavier_uniform(layer.weight)
/home/crsnell/pivot_repo/dnn.py:25: UserWarning: nn.init.xavier_uniform is now deprecated in favor of nn.init.xavier_uniform_.
  nn.init.xavier_uniform(self.output.weight)
/home/crsnell/pivot_repo/dnn.py:20: UserWarning: nn.init.xavier_uniform is now deprecated in favor of nn.init.xavier_uniform_.
  nn.init.xavier_uniform(layer.weight)
/home/crsnell/pivot_repo/dnn.py:25: UserWarning: nn.init.xavier_uniform is now deprecated in favor of nn.init.xavier_uniform_.
  nn.init.xavier_uniform(self.output.weight)
/home/crsnell/pivot_repo/dnn.py:20: UserWarning: nn.init.xavier_uniform is now deprecated in favor of nn.init.xavier_uniform_.
  nn.init.xavier_uniform(layer.weight)
/home/crsnell/pivot_repo/dnn.py:25: UserWarning: nn.init.xavier_uniform is now deprecated in favor of nn.init.xavier_uniform_.
  nn.init.xavier_uniform(self.output.weight)
/home/crsnell/pivot_repo/dnn.py:20: UserWarning: nn.init.xavier_uniform is now deprecated in favor of nn.init.xavier_uniform_.
  nn.init.xavier_uniform(layer.weight)
/home/crsnell/pivot_repo/dnn.py:25: UserWarning: nn.init.xavier_uniform is now deprecated in favor of nn.init.xavier_uniform_.
  nn.init.xavier_uniform(self.output.weight)
/home/crsnell/pivot_repo/dnn.py:20: UserWarning: nn.init.xavier_uniform is now deprecated in favor of nn.init.xavier_uniform_.
  nn.init.xavier_uniform(layer.weight)
/home/crsnell/pivot_repo/dnn.py:25: UserWarning: nn.init.xavier_uniform is now deprecated in favor of nn.init.xavier_uniform_.
  nn.init.xavier_uniform(self.output.weight)
/home/crsnell/pivot_repo/dnn.py:20: UserWarning: nn.init.xavier_uniform is now deprecated in favor of nn.init.xavier_uniform_.
  nn.init.xavier_uniform(layer.weight)
/home/crsnell/pivot_repo/dnn.py:25: UserWarning: nn.init.xavier_uniform is now deprecated in favor of nn.init.xavier_uniform_.
  nn.init.xavier_uniform(self.output.weight)
/home/crsnell/pivot_repo/dnn.py:20: UserWarning: nn.init.xavier_uniform is now deprecated in favor of nn.init.xavier_uniform_.
  nn.init.xavier_uniform(layer.weight)
/home/crsnell/pivot_repo/dnn.py:25: UserWarning: nn.init.xavier_uniform is now deprecated in favor of nn.init.xavier_uniform_.
  nn.init.xavier_uniform(self.output.weight)
/home/crsnell/pivot_repo/dnn.py:20: UserWarning: nn.init.xavier_uniform is now deprecated in favor of nn.init.xavier_uniform_.
  nn.init.xavier_uniform(layer.weight)
/home/crsnell/pivot_repo/dnn.py:25: UserWarning: nn.init.xavier_uniform is now deprecated in favor of nn.init.xavier_uniform_.
  nn.init.xavier_uniform(self.output.weight)
/home/crsnell/pivot_repo/dnn.py:20: UserWarning: nn.init.xavier_uniform is now deprecated in favor of nn.init.xavier_uniform_.
  nn.init.xavier_uniform(layer.weight)
/home/crsnell/pivot_repo/dnn.py:25: UserWarning: nn.init.xavier_uniform is now deprecated in favor of nn.init.xavier_uniform_.
  nn.init.xavier_uniform(self.output.weight)
/home/crsnell/pivot_repo/dnn.py:20: UserWarning: nn.init.xavier_uniform is now deprecated in favor of nn.init.xavier_uniform_.
  nn.init.xavier_uniform(layer.weight)
/home/crsnell/pivot_repo/dnn.py:25: UserWarning: nn.init.xavier_uniform is now deprecated in favor of nn.init.xavier_uniform_.
  nn.init.xavier_uniform(self.output.weight)
/home/crsnell/pivot_repo/dnn.py:20: UserWarning: nn.init.xavier_uniform is now deprecated in favor of nn.init.xavier_uniform_.
  nn.init.xavier_uniform(layer.weight)
/home/crsnell/pivot_repo/dnn.py:25: UserWarning: nn.init.xavier_uniform is now deprecated in favor of nn.init.xavier_uniform_.
  nn.init.xavier_uniform(self.output.weight)
/home/crsnell/pivot_repo/dnn.py:20: UserWarning: nn.init.xavier_uniform is now deprecated in favor of nn.init.xavier_uniform_.
  nn.init.xavier_uniform(layer.weight)
/home/crsnell/pivot_repo/dnn.py:25: UserWarning: nn.init.xavier_uniform is now deprecated in favor of nn.init.xavier_uniform_.
  nn.init.xavier_uniform(self.output.weight)
/home/crsnell/pivot_repo/dnn.py:20: UserWarning: nn.init.xavier_uniform is now deprecated in favor of nn.init.xavier_uniform_.
  nn.init.xavier_uniform(layer.weight)
/home/crsnell/pivot_repo/dnn.py:25: UserWarning: nn.init.xavier_uniform is now deprecated in favor of nn.init.xavier_uniform_.
  nn.init.xavier_uniform(self.output.weight)
/home/crsnell/pivot_repo/dnn.py:20: UserWarning: nn.init.xavier_uniform is now deprecated in favor of nn.init.xavier_uniform_.
  nn.init.xavier_uniform(layer.weight)
/home/crsnell/pivot_repo/dnn.py:25: UserWarning: nn.init.xavier_uniform is now deprecated in favor of nn.init.xavier_uniform_.
  nn.init.xavier_uniform(self.output.weight)
torch.Size([32, 44])
[44, 400, 200, 3]
Epoch 1/20 - Loss: 1.1462, Acc: 0.4004
Validation Loss: 1.1033
Epoch 2/20 - Loss: 1.0046, Acc: 0.5007
Validation Loss: 1.1960
Epoch 3/20 - Loss: 0.9501, Acc: 0.5452
Validation Loss: 1.1989
Epoch 4/20 - Loss: 0.8821, Acc: 0.5790
Validation Loss: 1.1874
Epoch 5/20 - Loss: 0.8024, Acc: 0.6368
Validation Loss: 1.1731
Epoch 6/20 - Loss: 0.7555, Acc: 0.6633
Validation Loss: 1.2529
Early stopping triggered
Test Accuracy: 0.40976645435244163
Confusion Matrix:
[[ 46  18  95]
 [ 31  45  80]
 [ 32  22 102]]
Avg perf for seed=62: 0.41656050955414015
pca_vals=[2, 8, 14, 20, 26, 32, 38, 44]
pca_perfs=[0.32229299363057323, 0.35966029723991505, 0.39363057324840767, 0.3957537154989385, 0.3953290870488323, 0.38895966029723994, 0.3940552016985138, 0.41656050955414015]
