Requirement already satisfied: pandas in /home/crsnell/.local/lib/python3.6/site-packages (1.1.5)
Requirement already satisfied: numpy>=1.15.4 in /home/crsnell/.local/lib/python3.6/site-packages (from pandas) (1.19.5)
Requirement already satisfied: python-dateutil>=2.7.3 in /home/crsnell/.local/lib/python3.6/site-packages (from pandas) (2.8.2)
Requirement already satisfied: pytz>=2017.2 in /usr/lib/python3.6/site-packages (from pandas) (2017.2)
Requirement already satisfied: six>=1.5 in /home/crsnell/.local/lib/python3.6/site-packages (from python-dateutil>=2.7.3->pandas) (1.15.0)
Requirement already satisfied: tensorflow in /home/crsnell/.local/lib/python3.6/site-packages (2.6.2)
Requirement already satisfied: wrapt~=1.12.1 in /home/crsnell/.local/lib/python3.6/site-packages (from tensorflow) (1.12.1)
Requirement already satisfied: typing-extensions~=3.7.4 in /home/crsnell/.local/lib/python3.6/site-packages (from tensorflow) (3.7.4.3)
Requirement already satisfied: absl-py~=0.10 in /home/crsnell/.local/lib/python3.6/site-packages (from tensorflow) (0.15.0)
Requirement already satisfied: tensorflow-estimator<2.7,>=2.6.0 in /home/crsnell/.local/lib/python3.6/site-packages (from tensorflow) (2.6.0)
Requirement already satisfied: tensorboard<2.7,>=2.6.0 in /home/crsnell/.local/lib/python3.6/site-packages (from tensorflow) (2.6.0)
Requirement already satisfied: opt-einsum~=3.3.0 in /home/crsnell/.local/lib/python3.6/site-packages (from tensorflow) (3.3.0)
Requirement already satisfied: protobuf>=3.9.2 in /home/crsnell/.local/lib/python3.6/site-packages (from tensorflow) (3.19.6)
Requirement already satisfied: termcolor~=1.1.0 in /home/crsnell/.local/lib/python3.6/site-packages (from tensorflow) (1.1.0)
Requirement already satisfied: keras<2.7,>=2.6.0 in /home/crsnell/.local/lib/python3.6/site-packages (from tensorflow) (2.6.0)
Requirement already satisfied: grpcio<2.0,>=1.37.0 in /home/crsnell/.local/lib/python3.6/site-packages (from tensorflow) (1.48.2)
Requirement already satisfied: astunparse~=1.6.3 in /home/crsnell/.local/lib/python3.6/site-packages (from tensorflow) (1.6.3)
Requirement already satisfied: six~=1.15.0 in /home/crsnell/.local/lib/python3.6/site-packages (from tensorflow) (1.15.0)
Requirement already satisfied: wheel~=0.35 in /home/crsnell/.local/lib/python3.6/site-packages (from tensorflow) (0.37.1)
Requirement already satisfied: gast==0.4.0 in /home/crsnell/.local/lib/python3.6/site-packages (from tensorflow) (0.4.0)
Requirement already satisfied: keras-preprocessing~=1.1.2 in /home/crsnell/.local/lib/python3.6/site-packages (from tensorflow) (1.1.2)
Requirement already satisfied: flatbuffers~=1.12.0 in /home/crsnell/.local/lib/python3.6/site-packages (from tensorflow) (1.12)
Requirement already satisfied: numpy~=1.19.2 in /home/crsnell/.local/lib/python3.6/site-packages (from tensorflow) (1.19.5)
Requirement already satisfied: h5py~=3.1.0 in /home/crsnell/.local/lib/python3.6/site-packages (from tensorflow) (3.1.0)
Requirement already satisfied: clang~=5.0 in /home/crsnell/.local/lib/python3.6/site-packages (from tensorflow) (5.0)
Requirement already satisfied: google-pasta~=0.2 in /home/crsnell/.local/lib/python3.6/site-packages (from tensorflow) (0.2.0)
Requirement already satisfied: cached-property in /home/crsnell/.local/lib/python3.6/site-packages (from h5py~=3.1.0->tensorflow) (1.5.2)
Requirement already satisfied: werkzeug>=0.11.15 in /home/crsnell/.local/lib/python3.6/site-packages (from tensorboard<2.7,>=2.6.0->tensorflow) (2.0.3)
Requirement already satisfied: google-auth<2,>=1.6.3 in /home/crsnell/.local/lib/python3.6/site-packages (from tensorboard<2.7,>=2.6.0->tensorflow) (1.35.0)
Requirement already satisfied: markdown>=2.6.8 in /home/crsnell/.local/lib/python3.6/site-packages (from tensorboard<2.7,>=2.6.0->tensorflow) (3.3.7)
Requirement already satisfied: tensorboard-data-server<0.7.0,>=0.6.0 in /home/crsnell/.local/lib/python3.6/site-packages (from tensorboard<2.7,>=2.6.0->tensorflow) (0.6.1)
Requirement already satisfied: requests<3,>=2.21.0 in /home/crsnell/.local/lib/python3.6/site-packages (from tensorboard<2.7,>=2.6.0->tensorflow) (2.27.1)
Requirement already satisfied: tensorboard-plugin-wit>=1.6.0 in /home/crsnell/.local/lib/python3.6/site-packages (from tensorboard<2.7,>=2.6.0->tensorflow) (1.8.1)
Requirement already satisfied: google-auth-oauthlib<0.5,>=0.4.1 in /home/crsnell/.local/lib/python3.6/site-packages (from tensorboard<2.7,>=2.6.0->tensorflow) (0.4.6)
Requirement already satisfied: setuptools>=41.0.0 in /home/crsnell/.local/lib/python3.6/site-packages (from tensorboard<2.7,>=2.6.0->tensorflow) (59.6.0)
Requirement already satisfied: cachetools<5.0,>=2.0.0 in /home/crsnell/.local/lib/python3.6/site-packages (from google-auth<2,>=1.6.3->tensorboard<2.7,>=2.6.0->tensorflow) (4.2.4)
Requirement already satisfied: rsa<5,>=3.1.4 in /home/crsnell/.local/lib/python3.6/site-packages (from google-auth<2,>=1.6.3->tensorboard<2.7,>=2.6.0->tensorflow) (4.9)
Requirement already satisfied: pyasn1-modules>=0.2.1 in /home/crsnell/.local/lib/python3.6/site-packages (from google-auth<2,>=1.6.3->tensorboard<2.7,>=2.6.0->tensorflow) (0.3.0)
Requirement already satisfied: requests-oauthlib>=0.7.0 in /home/crsnell/.local/lib/python3.6/site-packages (from google-auth-oauthlib<0.5,>=0.4.1->tensorboard<2.7,>=2.6.0->tensorflow) (2.0.0)
Requirement already satisfied: importlib-metadata>=4.4 in /home/crsnell/.local/lib/python3.6/site-packages (from markdown>=2.6.8->tensorboard<2.7,>=2.6.0->tensorflow) (4.8.3)
Requirement already satisfied: idna<4,>=2.5 in /usr/lib/python3.6/site-packages (from requests<3,>=2.21.0->tensorboard<2.7,>=2.6.0->tensorflow) (2.5)
Requirement already satisfied: urllib3<1.27,>=1.21.1 in /usr/lib/python3.6/site-packages (from requests<3,>=2.21.0->tensorboard<2.7,>=2.6.0->tensorflow) (1.24.2)
Requirement already satisfied: certifi>=2017.4.17 in /home/crsnell/.local/lib/python3.6/site-packages (from requests<3,>=2.21.0->tensorboard<2.7,>=2.6.0->tensorflow) (2024.2.2)
Requirement already satisfied: charset-normalizer~=2.0.0 in /home/crsnell/.local/lib/python3.6/site-packages (from requests<3,>=2.21.0->tensorboard<2.7,>=2.6.0->tensorflow) (2.0.12)
Requirement already satisfied: dataclasses in /home/crsnell/.local/lib/python3.6/site-packages (from werkzeug>=0.11.15->tensorboard<2.7,>=2.6.0->tensorflow) (0.8)
Requirement already satisfied: zipp>=0.5 in /home/crsnell/.local/lib/python3.6/site-packages (from importlib-metadata>=4.4->markdown>=2.6.8->tensorboard<2.7,>=2.6.0->tensorflow) (3.6.0)
Requirement already satisfied: pyasn1<0.6.0,>=0.4.6 in /home/crsnell/.local/lib/python3.6/site-packages (from pyasn1-modules>=0.2.1->google-auth<2,>=1.6.3->tensorboard<2.7,>=2.6.0->tensorflow) (0.5.1)
Requirement already satisfied: oauthlib>=3.0.0 in /home/crsnell/.local/lib/python3.6/site-packages (from requests-oauthlib>=0.7.0->google-auth-oauthlib<0.5,>=0.4.1->tensorboard<2.7,>=2.6.0->tensorflow) (3.2.2)
Requirement already satisfied: scikit-learn in /home/crsnell/.local/lib/python3.6/site-packages (0.24.2)
Requirement already satisfied: numpy>=1.13.3 in /home/crsnell/.local/lib/python3.6/site-packages (from scikit-learn) (1.19.5)
Requirement already satisfied: threadpoolctl>=2.0.0 in /home/crsnell/.local/lib/python3.6/site-packages (from scikit-learn) (3.1.0)
Requirement already satisfied: scipy>=0.19.1 in /home/crsnell/.local/lib/python3.6/site-packages (from scikit-learn) (1.5.4)
Requirement already satisfied: joblib>=0.11 in /home/crsnell/.local/lib/python3.6/site-packages (from scikit-learn) (1.1.1)
Requirement already satisfied: keras in /home/crsnell/.local/lib/python3.6/site-packages (2.6.0)
Requirement already satisfied: numpy in /home/crsnell/.local/lib/python3.6/site-packages (1.19.5)

RUN_NAME: unique
RUN_NOTES: these are notes, if needed
DATASET_DIR: binned_by_drive_0
BINNING_POLICY: drive
NORM_POLICY: standard
CLASS_POLICY: binary

THRESHOLD: 0.05
random_state: 345
BATCH_SIZE: 32
DROPOUT_RATE: 0.2
dnn_layers: [77, 800, 2]

PATIENCE: 5
MAX_EPOCHS: 20
LEARNING_RATE: 0.001
GRAD_CLIP_NORM_MAX_NORM: 1.0

NaN values found in features, replacing with 0
Next Dataset . . .pca_val=40
Training with Seed=748
torch.Size([32, 40])
[40, 800, 2]
Epoch 1/20 - Loss: 0.7121, Acc: 0.5843
Validation Loss: 0.6867
Epoch 2/20 - Loss: 0.6693, Acc: 0.6202
Validation Loss: 0.7212
Epoch 3/20 - Loss: 0.6141, Acc: 0.6673
Validation Loss: 0.7789
Epoch 4/20 - Loss: 0.6315, Acc: 0.6454
Validation Loss: 0.7106
Epoch 5/20 - Loss: 0.5841, Acc: 0.6839
Validation Loss: 0.7359
Epoch 6/20 - Loss: 0.5669, Acc: 0.7125
Validation Loss: 0.7398
Early stopping triggered
Test Accuracy: 0.5201698513800425
Confusion Matrix:
[[158  60]
 [166  87]]
Training with Seed=87209
torch.Size([32, 40])
[40, 800, 2]
Epoch 1/20 - Loss: 0.7330, Acc: 0.5551
Validation Loss: 0.7204
Epoch 2/20 - Loss: 0.6803, Acc: 0.6129
Validation Loss: 0.7282
Epoch 3/20 - Loss: 0.6290, Acc: 0.6574
Validation Loss: 0.7076
Epoch 4/20 - Loss: 0.6049, Acc: 0.6700
Validation Loss: 0.7179
Epoch 5/20 - Loss: 0.5973, Acc: 0.7032
Validation Loss: 0.7309
Epoch 6/20 - Loss: 0.5890, Acc: 0.6999
Validation Loss: 0.7629
Epoch 7/20 - Loss: 0.5709, Acc: 0.6965
Validation Loss: 0.7545
Epoch 8/20 - Loss: 0.5466, Acc: 0.7131
Validation Loss: 0.7477
Early stopping triggered
Test Accuracy: 0.5477707006369427
Confusion Matrix:
[[117 101]
 [112 141]]
Training with Seed=679
torch.Size([32, 40])
[40, 800, 2]
Epoch 1/20 - Loss: 0.7719, Acc: 0.5432
Validation Loss: 0.7194
Epoch 2/20 - Loss: 0.7046, Acc: 0.5896
Validation Loss: 0.7364
Epoch 3/20 - Loss: 0.6476, Acc: 0.6222
Validation Loss: 0.7391
Epoch 4/20 - Loss: 0.6397, Acc: 0.6434
Validation Loss: 0.7257
Epoch 5/20 - Loss: 0.5891, Acc: 0.6866
Validation Loss: 0.7111
Epoch 6/20 - Loss: 0.5815, Acc: 0.7065
Validation Loss: 0.7477
Epoch 7/20 - Loss: 0.5762, Acc: 0.6899
Validation Loss: 0.7540
Epoch 8/20 - Loss: 0.5433, Acc: 0.7118
Validation Loss: 0.7770
Epoch 9/20 - Loss: 0.5422, Acc: 0.7224
Validation Loss: 0.7681
Epoch 10/20 - Loss: 0.5162, Acc: 0.7444
Validation Loss: 0.7974
Early stopping triggered
Test Accuracy: 0.4819532908704883
Confusion Matrix:
[[136  82]
 [162  91]]
Training with Seed=222
torch.Size([32, 40])
[40, 800, 2]
Epoch 1/20 - Loss: 0.7418, Acc: 0.5299
Validation Loss: 0.6981
Epoch 2/20 - Loss: 0.6822, Acc: 0.6023
Validation Loss: 0.7155
Epoch 3/20 - Loss: 0.6521, Acc: 0.6288
Validation Loss: 0.7011
Epoch 4/20 - Loss: 0.6282, Acc: 0.6640
Validation Loss: 0.7723
Epoch 5/20 - Loss: 0.6097, Acc: 0.6760
Validation Loss: 0.7549
Epoch 6/20 - Loss: 0.6170, Acc: 0.6873
Validation Loss: 0.7318
Early stopping triggered
Test Accuracy: 0.5711252653927813
Confusion Matrix:
[[ 75 143]
 [ 59 194]]
Training with Seed=62
torch.Size([32, 40])
[40, 800, 2]
Epoch 1/20 - Loss: 0.7383, Acc: 0.5505
Validation Loss: 0.6820
Epoch 2/20 - Loss: 0.6717, Acc: 0.6208
Validation Loss: 0.7189
Epoch 3/20 - Loss: 0.6444, Acc: 0.6328
Validation Loss: 0.7032
Epoch 4/20 - Loss: 0.6370, Acc: 0.6487
Validation Loss: 0.7355
Epoch 5/20 - Loss: 0.5930, Acc: 0.6806
Validation Loss: 0.7295
Epoch 6/20 - Loss: 0.5919, Acc: 0.6760
Validation Loss: 0.7254
Early stopping triggered
Test Accuracy: 0.5222929936305732
Confusion Matrix:
[[131  87]
 [138 115]]
Training with Seed=45
torch.Size([32, 40])
[40, 800, 2]
Epoch 1/20 - Loss: 0.7191, Acc: 0.5916
Validation Loss: 0.7370
Epoch 2/20 - Loss: 0.6814, Acc: 0.6248
Validation Loss: 0.6988
Epoch 3/20 - Loss: 0.6383, Acc: 0.6487
Validation Loss: 0.7046
Epoch 4/20 - Loss: 0.6261, Acc: 0.6501
Validation Loss: 0.7611
Epoch 5/20 - Loss: 0.5887, Acc: 0.6926
Validation Loss: 0.7135
Epoch 6/20 - Loss: 0.5844, Acc: 0.6899
Validation Loss: 0.7248
Epoch 7/20 - Loss: 0.5650, Acc: 0.6939
Validation Loss: 0.7656
Early stopping triggered
Test Accuracy: 0.524416135881104
Confusion Matrix:
[[135  83]
 [141 112]]
Training with Seed=235
torch.Size([32, 40])
[40, 800, 2]
Epoch 1/20 - Loss: 0.7417, Acc: 0.5604
Validation Loss: 0.7109
Epoch 2/20 - Loss: 0.6576, Acc: 0.6122
Validation Loss: 0.7065
Epoch 3/20 - Loss: 0.6645, Acc: 0.6262
Validation Loss: 0.7130
Epoch 4/20 - Loss: 0.5978, Acc: 0.6580
Validation Loss: 0.7338
Epoch 5/20 - Loss: 0.5755, Acc: 0.6846
Validation Loss: 0.7398
Epoch 6/20 - Loss: 0.5801, Acc: 0.6946
Validation Loss: 0.7837
Epoch 7/20 - Loss: 0.5636, Acc: 0.6959
Validation Loss: 0.7562
Early stopping triggered
Test Accuracy: 0.5286624203821656
Confusion Matrix:
[[153  65]
 [157  96]]
Training with Seed=333
torch.Size([32, 40])
[40, 800, 2]
Epoch 1/20 - Loss: 0.7355, Acc: 0.5551
Validation Loss: 0.7048
Epoch 2/20 - Loss: 0.6937, Acc: 0.5890
Validation Loss: 0.7083
Epoch 3/20 - Loss: 0.6525, Acc: 0.6301
Validation Loss: 0.6788
Epoch 4/20 - Loss: 0.6251, Acc: 0.6693
Validation Loss: 0.7740
Epoch 5/20 - Loss: 0.5900, Acc: 0.6873
Validation Loss: 0.6910
Epoch 6/20 - Loss: 0.5750, Acc: 0.6926
Validation Loss: 0.7205
Epoch 7/20 - Loss: 0.5952, Acc: 0.6813
Validation Loss: 0.7066
Epoch 8/20 - Loss: 0.5386, Acc: 0.7131
Validation Loss: 0.7519
Early stopping triggered
Test Accuracy: 0.5435244161358811
Confusion Matrix:
[[120  98]
 [117 136]]
Training with Seed=35744
torch.Size([32, 40])
[40, 800, 2]
Epoch 1/20 - Loss: 0.7374, Acc: 0.5465
Validation Loss: 0.7344
Epoch 2/20 - Loss: 0.6875, Acc: 0.6116
Validation Loss: 0.6747
Epoch 3/20 - Loss: 0.6310, Acc: 0.6547
Validation Loss: 0.7462
Epoch 4/20 - Loss: 0.6137, Acc: 0.6547
Validation Loss: 0.6928
Epoch 5/20 - Loss: 0.5795, Acc: 0.6985
Validation Loss: 0.7517
Epoch 6/20 - Loss: 0.5962, Acc: 0.6733
Validation Loss: 0.7006
Epoch 7/20 - Loss: 0.5724, Acc: 0.6932
Validation Loss: 0.7194
Early stopping triggered
Test Accuracy: 0.5180467091295117
Confusion Matrix:
[[131  87]
 [140 113]]
Training with Seed=2523
torch.Size([32, 40])
[40, 800, 2]
Epoch 1/20 - Loss: 0.7250, Acc: 0.5591
Validation Loss: 0.7721
Epoch 2/20 - Loss: 0.6747, Acc: 0.6195
Validation Loss: 0.8162
Epoch 3/20 - Loss: 0.6696, Acc: 0.6142
Validation Loss: 0.7059
Epoch 4/20 - Loss: 0.6172, Acc: 0.6580
Validation Loss: 0.7529
Epoch 5/20 - Loss: 0.6185, Acc: 0.6614
Validation Loss: 0.7596
Epoch 6/20 - Loss: 0.5902, Acc: 0.6680
Validation Loss: 0.7662
Epoch 7/20 - Loss: 0.5762, Acc: 0.7032
Validation Loss: 0.8086
Epoch 8/20 - Loss: 0.5425, Acc: 0.7112
Validation Loss: 0.7433
Early stopping triggered
Test Accuracy: 0.583864118895966
Confusion Matrix:
[[ 71 147]
 [ 49 204]]
Training with Seed=235
torch.Size([32, 40])
[40, 800, 2]
Epoch 1/20 - Loss: 0.7300, Acc: 0.5478
Validation Loss: 0.7060
Epoch 2/20 - Loss: 0.6740, Acc: 0.6096
Validation Loss: 0.7028
Epoch 3/20 - Loss: 0.6363, Acc: 0.6355
Validation Loss: 0.7170
Epoch 4/20 - Loss: 0.6242, Acc: 0.6547
Validation Loss: 0.7339
Epoch 5/20 - Loss: 0.6047, Acc: 0.6633
Validation Loss: 0.7730
Epoch 6/20 - Loss: 0.6013, Acc: 0.6766
Validation Loss: 0.7425
Epoch 7/20 - Loss: 0.5559, Acc: 0.7032
Validation Loss: 0.7729
Early stopping triggered
Test Accuracy: 0.5626326963906582
Confusion Matrix:
[[117 101]
 [105 148]]
Avg perf for seed=235: 0.5367689635205559
Next Dataset . . .pca_val=41
Training with Seed=748
torch.Size([32, 41])
[41, 800, 2]
Epoch 1/20 - Loss: 0.7438, Acc: 0.5531
Validation Loss: 0.7220
Epoch 2/20 - Loss: 0.6815, Acc: 0.6069
Validation Loss: 0.7083
Epoch 3/20 - Loss: 0.6348, Acc: 0.6487
Validation Loss: 0.7380
Epoch 4/20 - Loss: 0.6282, Acc: 0.6375
Validation Loss: 0.7692
Epoch 5/20 - Loss: 0.6072, Acc: 0.6527
Validation Loss: 0.7332
Epoch 6/20 - Loss: 0.5607, Acc: 0.7112
Validation Loss: 0.7675
Epoch 7/20 - Loss: 0.5537, Acc: 0.7131
Validation Loss: 0.7799
Early stopping triggered
Test Accuracy: 0.6199575371549894
Confusion Matrix:
[[105 111]
 [ 68 187]]
Training with Seed=87209
torch.Size([32, 41])
[41, 800, 2]
Epoch 1/20 - Loss: 0.7217, Acc: 0.5624
Validation Loss: 0.7587
Epoch 2/20 - Loss: 0.6837, Acc: 0.6182
Validation Loss: 0.7558
Epoch 3/20 - Loss: 0.6387, Acc: 0.6335
Validation Loss: 0.8108
Epoch 4/20 - Loss: 0.6372, Acc: 0.6295
Validation Loss: 0.7834
Epoch 5/20 - Loss: 0.5922, Acc: 0.6853
Validation Loss: 0.7369
Epoch 6/20 - Loss: 0.5757, Acc: 0.6952
Validation Loss: 0.7728
Epoch 7/20 - Loss: 0.5556, Acc: 0.7065
Validation Loss: 0.7675
Epoch 8/20 - Loss: 0.5390, Acc: 0.7178
Validation Loss: 0.7993
Epoch 9/20 - Loss: 0.5547, Acc: 0.7297
Validation Loss: 0.7933
Epoch 10/20 - Loss: 0.5495, Acc: 0.7304
Validation Loss: 0.8384
Early stopping triggered
Test Accuracy: 0.554140127388535
Confusion Matrix:
[[134  82]
 [128 127]]
Training with Seed=679
torch.Size([32, 41])
[41, 800, 2]
Epoch 1/20 - Loss: 0.7317, Acc: 0.5511
Validation Loss: 0.7544
Epoch 2/20 - Loss: 0.6817, Acc: 0.6042
Validation Loss: 0.7218
Epoch 3/20 - Loss: 0.6516, Acc: 0.6381
Validation Loss: 0.7204
Epoch 4/20 - Loss: 0.6280, Acc: 0.6467
Validation Loss: 0.7793
Epoch 5/20 - Loss: 0.6041, Acc: 0.6640
Validation Loss: 0.7470
Epoch 6/20 - Loss: 0.5698, Acc: 0.7052
Validation Loss: 0.7386
Epoch 7/20 - Loss: 0.5599, Acc: 0.6965
Validation Loss: 0.7451
Epoch 8/20 - Loss: 0.5211, Acc: 0.7344
Validation Loss: 0.7698
Early stopping triggered
Test Accuracy: 0.583864118895966
Confusion Matrix:
[[ 77 139]
 [ 57 198]]
Training with Seed=222
torch.Size([32, 41])
[41, 800, 2]
Epoch 1/20 - Loss: 0.7259, Acc: 0.5598
Validation Loss: 0.7381
Epoch 2/20 - Loss: 0.6841, Acc: 0.6122
Validation Loss: 0.7608
Epoch 3/20 - Loss: 0.6516, Acc: 0.6534
Validation Loss: 0.8035
Epoch 4/20 - Loss: 0.6333, Acc: 0.6567
Validation Loss: 0.7564
Epoch 5/20 - Loss: 0.5869, Acc: 0.6640
Validation Loss: 0.7459
Epoch 6/20 - Loss: 0.5770, Acc: 0.6892
Validation Loss: 0.7726
Early stopping triggered
Test Accuracy: 0.554140127388535
Confusion Matrix:
[[144  72]
 [138 117]]
Training with Seed=62
torch.Size([32, 41])
[41, 800, 2]
Epoch 1/20 - Loss: 0.7099, Acc: 0.5744
Validation Loss: 0.7362
Epoch 2/20 - Loss: 0.6870, Acc: 0.6275
Validation Loss: 0.7512
Epoch 3/20 - Loss: 0.6738, Acc: 0.6268
Validation Loss: 0.7414
Epoch 4/20 - Loss: 0.6160, Acc: 0.6806
Validation Loss: 0.7999
Epoch 5/20 - Loss: 0.5883, Acc: 0.6819
Validation Loss: 0.7321
Epoch 6/20 - Loss: 0.6198, Acc: 0.6720
Validation Loss: 0.7286
Epoch 7/20 - Loss: 0.5746, Acc: 0.6892
Validation Loss: 0.7605
Epoch 8/20 - Loss: 0.5476, Acc: 0.7112
Validation Loss: 0.7715
Epoch 9/20 - Loss: 0.5252, Acc: 0.7463
Validation Loss: 0.7885
Epoch 10/20 - Loss: 0.5050, Acc: 0.7364
Validation Loss: 0.7812
Epoch 11/20 - Loss: 0.4962, Acc: 0.7543
Validation Loss: 0.8240
Early stopping triggered
Test Accuracy: 0.5414012738853503
Confusion Matrix:
[[119  97]
 [119 136]]
Training with Seed=45
torch.Size([32, 41])
[41, 800, 2]
Epoch 1/20 - Loss: 0.7436, Acc: 0.5505
Validation Loss: 0.7329
Epoch 2/20 - Loss: 0.6760, Acc: 0.6029
Validation Loss: 0.7226
Epoch 3/20 - Loss: 0.6481, Acc: 0.6248
Validation Loss: 0.7160
Epoch 4/20 - Loss: 0.6166, Acc: 0.6594
Validation Loss: 0.7476
Epoch 5/20 - Loss: 0.6240, Acc: 0.6454
Validation Loss: 0.7394
Epoch 6/20 - Loss: 0.5846, Acc: 0.6780
Validation Loss: 0.7309
Epoch 7/20 - Loss: 0.5588, Acc: 0.7105
Validation Loss: 0.7696
Epoch 8/20 - Loss: 0.5579, Acc: 0.7258
Validation Loss: 0.8532
Early stopping triggered
Test Accuracy: 0.5562632696390658
Confusion Matrix:
[[156  60]
 [149 106]]
Training with Seed=235
torch.Size([32, 41])
[41, 800, 2]
Epoch 1/20 - Loss: 0.7336, Acc: 0.5691
Validation Loss: 0.7132
Epoch 2/20 - Loss: 0.6750, Acc: 0.5943
Validation Loss: 0.7309
Epoch 3/20 - Loss: 0.6412, Acc: 0.6321
Validation Loss: 0.7713
Epoch 4/20 - Loss: 0.6076, Acc: 0.6534
Validation Loss: 0.7166
Epoch 5/20 - Loss: 0.6336, Acc: 0.6461
Validation Loss: 0.7584
Epoch 6/20 - Loss: 0.5695, Acc: 0.6952
Validation Loss: 0.7566
Early stopping triggered
Test Accuracy: 0.554140127388535
Confusion Matrix:
[[135  81]
 [129 126]]
Training with Seed=333
torch.Size([32, 41])
[41, 800, 2]
Epoch 1/20 - Loss: 0.7241, Acc: 0.5631
Validation Loss: 0.7151
Epoch 2/20 - Loss: 0.6795, Acc: 0.6155
Validation Loss: 0.6995
Epoch 3/20 - Loss: 0.6503, Acc: 0.6315
Validation Loss: 0.7433
Epoch 4/20 - Loss: 0.5952, Acc: 0.6707
Validation Loss: 0.7285
Epoch 5/20 - Loss: 0.5836, Acc: 0.6859
Validation Loss: 0.7636
Epoch 6/20 - Loss: 0.5737, Acc: 0.7019
Validation Loss: 0.7770
Epoch 7/20 - Loss: 0.5521, Acc: 0.7231
Validation Loss: 0.7386
Early stopping triggered
Test Accuracy: 0.5923566878980892
Confusion Matrix:
[[ 75 141]
 [ 51 204]]
Training with Seed=35744
torch.Size([32, 41])
[41, 800, 2]
Epoch 1/20 - Loss: 0.7272, Acc: 0.5604
Validation Loss: 0.7141
Epoch 2/20 - Loss: 0.6645, Acc: 0.6375
Validation Loss: 0.7315
Epoch 3/20 - Loss: 0.6537, Acc: 0.6394
Validation Loss: 0.7396
Epoch 4/20 - Loss: 0.6078, Acc: 0.6673
Validation Loss: 0.7986
Epoch 5/20 - Loss: 0.6101, Acc: 0.6620
Validation Loss: 0.7719
Epoch 6/20 - Loss: 0.5664, Acc: 0.6946
Validation Loss: 0.8398
Early stopping triggered
Test Accuracy: 0.5520169851380042
Confusion Matrix:
[[140  76]
 [135 120]]
Training with Seed=2523
torch.Size([32, 41])
[41, 800, 2]
Epoch 1/20 - Loss: 0.7342, Acc: 0.5558
Validation Loss: 0.7530
Epoch 2/20 - Loss: 0.7053, Acc: 0.5684
Validation Loss: 0.7408
Epoch 3/20 - Loss: 0.6480, Acc: 0.6162
Validation Loss: 0.7268
Epoch 4/20 - Loss: 0.6385, Acc: 0.6441
Validation Loss: 0.7447
Epoch 5/20 - Loss: 0.5999, Acc: 0.6587
Validation Loss: 0.7404
Epoch 6/20 - Loss: 0.5656, Acc: 0.7092
Validation Loss: 0.7776
Epoch 7/20 - Loss: 0.5523, Acc: 0.7072
Validation Loss: 0.7816
Epoch 8/20 - Loss: 0.5371, Acc: 0.7065
Validation Loss: 0.7801
Early stopping triggered
Test Accuracy: 0.524416135881104
Confusion Matrix:
[[145  71]
 [153 102]]
Training with Seed=235
torch.Size([32, 41])
[41, 800, 2]
Epoch 1/20 - Loss: 0.7322, Acc: 0.5989
Validation Loss: 0.7598
Epoch 2/20 - Loss: 0.6829, Acc: 0.6076
Validation Loss: 0.7419
Epoch 3/20 - Loss: 0.6497, Acc: 0.6348
Validation Loss: 0.7437
Epoch 4/20 - Loss: 0.5992, Acc: 0.6667
Validation Loss: 0.7370
Epoch 5/20 - Loss: 0.5979, Acc: 0.6700
Validation Loss: 0.7224
Epoch 6/20 - Loss: 0.5800, Acc: 0.7065
Validation Loss: 0.7426
Epoch 7/20 - Loss: 0.5744, Acc: 0.6919
Validation Loss: 0.7575
Epoch 8/20 - Loss: 0.5471, Acc: 0.7112
Validation Loss: 0.7831
Epoch 9/20 - Loss: 0.5251, Acc: 0.7371
Validation Loss: 0.7820
Epoch 10/20 - Loss: 0.5134, Acc: 0.7357
Validation Loss: 0.8317
Early stopping triggered
Test Accuracy: 0.5498938428874734
Confusion Matrix:
[[153  63]
 [149 106]]
Avg perf for seed=235: 0.5620536575950589
Next Dataset . . .pca_val=42
Training with Seed=748
torch.Size([32, 42])
[42, 800, 2]
Epoch 1/20 - Loss: 0.7190, Acc: 0.5671
Validation Loss: 0.7286
Epoch 2/20 - Loss: 0.6515, Acc: 0.6288
Validation Loss: 0.7156
Epoch 3/20 - Loss: 0.6260, Acc: 0.6527
Validation Loss: 0.7665
Epoch 4/20 - Loss: 0.6186, Acc: 0.6527
Validation Loss: 0.7521
Epoch 5/20 - Loss: 0.5902, Acc: 0.6833
Validation Loss: 0.7965
Epoch 6/20 - Loss: 0.5814, Acc: 0.6886
Validation Loss: 0.7798
Epoch 7/20 - Loss: 0.5598, Acc: 0.7105
Validation Loss: 0.7903
Early stopping triggered
Test Accuracy: 0.5307855626326964
Confusion Matrix:
[[107 109]
 [112 143]]
Training with Seed=87209
torch.Size([32, 42])
[42, 800, 2]
Epoch 1/20 - Loss: 0.7437, Acc: 0.5478
Validation Loss: 0.7130
Epoch 2/20 - Loss: 0.6616, Acc: 0.6109
Validation Loss: 0.7773
Epoch 3/20 - Loss: 0.6609, Acc: 0.6056
Validation Loss: 0.7273
Epoch 4/20 - Loss: 0.6220, Acc: 0.6587
Validation Loss: 0.7456
Epoch 5/20 - Loss: 0.6120, Acc: 0.6547
Validation Loss: 0.7429
Epoch 6/20 - Loss: 0.5662, Acc: 0.6959
Validation Loss: 0.7513
Early stopping triggered
Test Accuracy: 0.5923566878980892
Confusion Matrix:
[[ 84 132]
 [ 60 195]]
Training with Seed=679
torch.Size([32, 42])
[42, 800, 2]
Epoch 1/20 - Loss: 0.7296, Acc: 0.5518
Validation Loss: 0.7055
Epoch 2/20 - Loss: 0.6848, Acc: 0.6082
Validation Loss: 0.7517
Epoch 3/20 - Loss: 0.6680, Acc: 0.6235
Validation Loss: 0.7809
Epoch 4/20 - Loss: 0.6282, Acc: 0.6461
Validation Loss: 0.7449
Epoch 5/20 - Loss: 0.5999, Acc: 0.6660
Validation Loss: 0.7733
Epoch 6/20 - Loss: 0.5734, Acc: 0.6873
Validation Loss: 0.7339
Early stopping triggered
Test Accuracy: 0.5307855626326964
Confusion Matrix:
[[125  91]
 [130 125]]
Training with Seed=222
torch.Size([32, 42])
[42, 800, 2]
Epoch 1/20 - Loss: 0.7382, Acc: 0.5644
Validation Loss: 0.7340
Epoch 2/20 - Loss: 0.6791, Acc: 0.6016
Validation Loss: 0.7319
Epoch 3/20 - Loss: 0.6316, Acc: 0.6348
Validation Loss: 0.7402
Epoch 4/20 - Loss: 0.6484, Acc: 0.6355
Validation Loss: 0.7278
Epoch 5/20 - Loss: 0.6215, Acc: 0.6547
Validation Loss: 0.7910
Epoch 6/20 - Loss: 0.5718, Acc: 0.7025
Validation Loss: 0.7627
Epoch 7/20 - Loss: 0.5451, Acc: 0.7178
Validation Loss: 0.8061
Epoch 8/20 - Loss: 0.5720, Acc: 0.7078
Validation Loss: 0.7859
Epoch 9/20 - Loss: 0.5152, Acc: 0.7397
Validation Loss: 0.7974
Early stopping triggered
Test Accuracy: 0.5902335456475584
Confusion Matrix:
[[ 87 129]
 [ 64 191]]
Training with Seed=62
torch.Size([32, 42])
[42, 800, 2]
Epoch 1/20 - Loss: 0.7457, Acc: 0.5558
Validation Loss: 0.7317
Epoch 2/20 - Loss: 0.6725, Acc: 0.6049
Validation Loss: 0.7455
Epoch 3/20 - Loss: 0.6249, Acc: 0.6567
Validation Loss: 0.8636
Epoch 4/20 - Loss: 0.6359, Acc: 0.6448
Validation Loss: 0.7527
Epoch 5/20 - Loss: 0.5956, Acc: 0.6680
Validation Loss: 0.7742
Epoch 6/20 - Loss: 0.5868, Acc: 0.6939
Validation Loss: 0.7452
Early stopping triggered
Test Accuracy: 0.5414012738853503
Confusion Matrix:
[[126  90]
 [126 129]]
Training with Seed=45
torch.Size([32, 42])
[42, 800, 2]
Epoch 1/20 - Loss: 0.7520, Acc: 0.5511
Validation Loss: 0.7489
Epoch 2/20 - Loss: 0.6665, Acc: 0.6301
Validation Loss: 0.7350
Epoch 3/20 - Loss: 0.6490, Acc: 0.6428
Validation Loss: 0.7212
Epoch 4/20 - Loss: 0.6277, Acc: 0.6594
Validation Loss: 0.7485
Epoch 5/20 - Loss: 0.6083, Acc: 0.6693
Validation Loss: 0.7269
Epoch 6/20 - Loss: 0.5460, Acc: 0.7072
Validation Loss: 0.8061
Epoch 7/20 - Loss: 0.5573, Acc: 0.7092
Validation Loss: 0.7706
Epoch 8/20 - Loss: 0.5366, Acc: 0.7198
Validation Loss: 0.8088
Early stopping triggered
Test Accuracy: 0.535031847133758
Confusion Matrix:
[[152  64]
 [155 100]]
Training with Seed=235
torch.Size([32, 42])
[42, 800, 2]
Epoch 1/20 - Loss: 0.7448, Acc: 0.5724
Validation Loss: 0.8608
Epoch 2/20 - Loss: 0.7185, Acc: 0.6135
Validation Loss: 0.7452
Epoch 3/20 - Loss: 0.6465, Acc: 0.6262
Validation Loss: 0.7358
Epoch 4/20 - Loss: 0.5892, Acc: 0.6833
Validation Loss: 0.7365
Epoch 5/20 - Loss: 0.6245, Acc: 0.6534
Validation Loss: 0.7418
Epoch 6/20 - Loss: 0.5804, Acc: 0.6873
Validation Loss: 0.7608
Epoch 7/20 - Loss: 0.5527, Acc: 0.7205
Validation Loss: 0.7625
Epoch 8/20 - Loss: 0.5248, Acc: 0.7291
Validation Loss: 0.7592
Early stopping triggered
Test Accuracy: 0.5859872611464968
Confusion Matrix:
[[108 108]
 [ 87 168]]
Training with Seed=333
torch.Size([32, 42])
[42, 800, 2]
Epoch 1/20 - Loss: 0.7463, Acc: 0.5564
Validation Loss: 0.7274
Epoch 2/20 - Loss: 0.6730, Acc: 0.6082
Validation Loss: 0.7249
Epoch 3/20 - Loss: 0.6432, Acc: 0.6401
Validation Loss: 0.7245
Epoch 4/20 - Loss: 0.6124, Acc: 0.6600
Validation Loss: 0.7266
Epoch 5/20 - Loss: 0.6056, Acc: 0.6547
Validation Loss: 0.8143
Epoch 6/20 - Loss: 0.5840, Acc: 0.6912
Validation Loss: 0.7477
Epoch 7/20 - Loss: 0.5695, Acc: 0.7171
Validation Loss: 0.7391
Epoch 8/20 - Loss: 0.5585, Acc: 0.7118
Validation Loss: 0.7541
Early stopping triggered
Test Accuracy: 0.5371549893842887
Confusion Matrix:
[[128  88]
 [130 125]]
Training with Seed=35744
torch.Size([32, 42])
[42, 800, 2]
Epoch 1/20 - Loss: 0.7491, Acc: 0.5544
Validation Loss: 0.7564
Epoch 2/20 - Loss: 0.6799, Acc: 0.6122
Validation Loss: 0.7256
Epoch 3/20 - Loss: 0.6459, Acc: 0.6275
Validation Loss: 0.7307
Epoch 4/20 - Loss: 0.6474, Acc: 0.6328
Validation Loss: 0.7182
Epoch 5/20 - Loss: 0.5944, Acc: 0.6614
Validation Loss: 0.7648
Epoch 6/20 - Loss: 0.5823, Acc: 0.6839
Validation Loss: 0.8043
Epoch 7/20 - Loss: 0.5607, Acc: 0.7244
Validation Loss: 0.7887
Epoch 8/20 - Loss: 0.5556, Acc: 0.6985
Validation Loss: 0.7814
Epoch 9/20 - Loss: 0.5292, Acc: 0.7264
Validation Loss: 0.7947
Early stopping triggered
Test Accuracy: 0.5201698513800425
Confusion Matrix:
[[130  86]
 [140 115]]
Training with Seed=2523
torch.Size([32, 42])
[42, 800, 2]
Epoch 1/20 - Loss: 0.7286, Acc: 0.5644
Validation Loss: 0.7251
Epoch 2/20 - Loss: 0.6905, Acc: 0.6129
Validation Loss: 0.7220
Epoch 3/20 - Loss: 0.6284, Acc: 0.6494
Validation Loss: 0.7391
Epoch 4/20 - Loss: 0.6208, Acc: 0.6733
Validation Loss: 0.7433
Epoch 5/20 - Loss: 0.5890, Acc: 0.6886
Validation Loss: 0.8500
Epoch 6/20 - Loss: 0.5895, Acc: 0.6866
Validation Loss: 0.7891
Epoch 7/20 - Loss: 0.5644, Acc: 0.7178
Validation Loss: 0.7743
Early stopping triggered
Test Accuracy: 0.554140127388535
Confusion Matrix:
[[144  72]
 [138 117]]
Training with Seed=235
torch.Size([32, 42])
[42, 800, 2]
Epoch 1/20 - Loss: 0.7310, Acc: 0.5531
Validation Loss: 0.7445
Epoch 2/20 - Loss: 0.6921, Acc: 0.6096
Validation Loss: 0.7155
Epoch 3/20 - Loss: 0.6527, Acc: 0.6388
Validation Loss: 0.7761
Epoch 4/20 - Loss: 0.6184, Acc: 0.6494
Validation Loss: 0.7626
Epoch 5/20 - Loss: 0.5975, Acc: 0.6839
Validation Loss: 0.7469
Epoch 6/20 - Loss: 0.5793, Acc: 0.6879
Validation Loss: 0.7689
Epoch 7/20 - Loss: 0.5668, Acc: 0.7032
Validation Loss: 0.7485
Early stopping triggered
Test Accuracy: 0.5265392781316348
Confusion Matrix:
[[118  98]
 [125 130]]
Avg perf for seed=235: 0.5495078170237405
Next Dataset . . .pca_val=43
Training with Seed=748
torch.Size([32, 43])
[43, 800, 2]
Epoch 1/20 - Loss: 0.7478, Acc: 0.5518
Validation Loss: 0.7362
Epoch 2/20 - Loss: 0.6832, Acc: 0.6169
Validation Loss: 0.7552
Epoch 3/20 - Loss: 0.6748, Acc: 0.6102
Validation Loss: 0.7632
Epoch 4/20 - Loss: 0.6401, Acc: 0.6501
Validation Loss: 0.7627
Epoch 5/20 - Loss: 0.6107, Acc: 0.6507
Validation Loss: 0.7472
Epoch 6/20 - Loss: 0.5662, Acc: 0.7078
Validation Loss: 0.7614
Early stopping triggered
Test Accuracy: 0.5753715498938429
Confusion Matrix:
[[150  66]
 [134 121]]
Training with Seed=87209
torch.Size([32, 43])
[43, 800, 2]
Epoch 1/20 - Loss: 0.7323, Acc: 0.5458
Validation Loss: 0.7525
Epoch 2/20 - Loss: 0.6730, Acc: 0.6228
Validation Loss: 0.7782
Epoch 3/20 - Loss: 0.6573, Acc: 0.6262
Validation Loss: 0.7807
Epoch 4/20 - Loss: 0.6468, Acc: 0.6414
Validation Loss: 0.7267
Epoch 5/20 - Loss: 0.5929, Acc: 0.6673
Validation Loss: 0.7816
Epoch 6/20 - Loss: 0.5833, Acc: 0.6859
Validation Loss: 0.7595
Epoch 7/20 - Loss: 0.5526, Acc: 0.6999
Validation Loss: 0.8053
Epoch 8/20 - Loss: 0.5316, Acc: 0.7238
Validation Loss: 0.7998
Epoch 9/20 - Loss: 0.5108, Acc: 0.7550
Validation Loss: 0.7761
Early stopping triggered
Test Accuracy: 0.6220806794055201
Confusion Matrix:
[[ 90 126]
 [ 52 203]]
Training with Seed=679
torch.Size([32, 43])
[43, 800, 2]
Epoch 1/20 - Loss: 0.7488, Acc: 0.5485
Validation Loss: 0.7610
Epoch 2/20 - Loss: 0.6987, Acc: 0.6082
Validation Loss: 0.7620
Epoch 3/20 - Loss: 0.6647, Acc: 0.6109
Validation Loss: 0.7338
Epoch 4/20 - Loss: 0.6076, Acc: 0.6700
Validation Loss: 0.8241
Epoch 5/20 - Loss: 0.5981, Acc: 0.6673
Validation Loss: 0.7585
Epoch 6/20 - Loss: 0.5676, Acc: 0.6946
Validation Loss: 0.8140
Epoch 7/20 - Loss: 0.5662, Acc: 0.6979
Validation Loss: 0.7801
Epoch 8/20 - Loss: 0.5551, Acc: 0.7158
Validation Loss: 0.8293
Early stopping triggered
Test Accuracy: 0.535031847133758
Confusion Matrix:
[[151  65]
 [154 101]]
Training with Seed=222
torch.Size([32, 43])
[43, 800, 2]
Epoch 1/20 - Loss: 0.7444, Acc: 0.5405
Validation Loss: 0.7916
Epoch 2/20 - Loss: 0.6879, Acc: 0.6016
Validation Loss: 0.7378
Epoch 3/20 - Loss: 0.6461, Acc: 0.6321
Validation Loss: 0.7198
Epoch 4/20 - Loss: 0.6048, Acc: 0.6833
Validation Loss: 0.8158
Epoch 5/20 - Loss: 0.6106, Acc: 0.6806
Validation Loss: 0.7658
Epoch 6/20 - Loss: 0.5669, Acc: 0.6866
Validation Loss: 0.7796
Epoch 7/20 - Loss: 0.5656, Acc: 0.6912
Validation Loss: 0.7840
Epoch 8/20 - Loss: 0.5302, Acc: 0.7317
Validation Loss: 0.8092
Early stopping triggered
Test Accuracy: 0.5265392781316348
Confusion Matrix:
[[129  87]
 [136 119]]
Training with Seed=62
torch.Size([32, 43])
[43, 800, 2]
Epoch 1/20 - Loss: 0.7371, Acc: 0.5717
Validation Loss: 0.7383
Epoch 2/20 - Loss: 0.6587, Acc: 0.6082
Validation Loss: 0.7847
Epoch 3/20 - Loss: 0.6279, Acc: 0.6653
Validation Loss: 0.7445
Epoch 4/20 - Loss: 0.6118, Acc: 0.6773
Validation Loss: 0.7484
Epoch 5/20 - Loss: 0.5976, Acc: 0.6726
Validation Loss: 0.7379
Epoch 6/20 - Loss: 0.6082, Acc: 0.6680
Validation Loss: 0.7849
Epoch 7/20 - Loss: 0.5589, Acc: 0.7131
Validation Loss: 0.7747
Epoch 8/20 - Loss: 0.5487, Acc: 0.7251
Validation Loss: 0.7844
Epoch 9/20 - Loss: 0.5372, Acc: 0.7138
Validation Loss: 0.8264
Epoch 10/20 - Loss: 0.5008, Acc: 0.7543
Validation Loss: 0.8189
Early stopping triggered
Test Accuracy: 0.5435244161358811
Confusion Matrix:
[[126  90]
 [125 130]]
Training with Seed=45
torch.Size([32, 43])
[43, 800, 2]
Epoch 1/20 - Loss: 0.7185, Acc: 0.5956
Validation Loss: 0.7204
Epoch 2/20 - Loss: 0.6819, Acc: 0.6069
Validation Loss: 0.7821
Epoch 3/20 - Loss: 0.6409, Acc: 0.6321
Validation Loss: 0.7949
Epoch 4/20 - Loss: 0.6531, Acc: 0.6687
Validation Loss: 0.8229
Epoch 5/20 - Loss: 0.6004, Acc: 0.6740
Validation Loss: 0.7724
Epoch 6/20 - Loss: 0.5660, Acc: 0.6972
Validation Loss: 0.7694
Early stopping triggered
Test Accuracy: 0.6263269639065817
Confusion Matrix:
[[102 114]
 [ 62 193]]
Training with Seed=235
torch.Size([32, 43])
[43, 800, 2]
Epoch 1/20 - Loss: 0.7300, Acc: 0.5797
Validation Loss: 0.7414
Epoch 2/20 - Loss: 0.6643, Acc: 0.5950
Validation Loss: 0.7266
Epoch 3/20 - Loss: 0.6258, Acc: 0.6401
Validation Loss: 0.7199
Epoch 4/20 - Loss: 0.5904, Acc: 0.6786
Validation Loss: 0.7692
Epoch 5/20 - Loss: 0.5752, Acc: 0.6660
Validation Loss: 0.7786
Epoch 6/20 - Loss: 0.5555, Acc: 0.7058
Validation Loss: 0.7850
Epoch 7/20 - Loss: 0.5427, Acc: 0.6999
Validation Loss: 0.7745
Epoch 8/20 - Loss: 0.5398, Acc: 0.7258
Validation Loss: 0.7801
Early stopping triggered
Test Accuracy: 0.564755838641189
Confusion Matrix:
[[ 76 140]
 [ 65 190]]
Training with Seed=333
torch.Size([32, 43])
[43, 800, 2]
Epoch 1/20 - Loss: 0.7549, Acc: 0.5538
Validation Loss: 0.7322
Epoch 2/20 - Loss: 0.7138, Acc: 0.5770
Validation Loss: 0.7096
Epoch 3/20 - Loss: 0.6659, Acc: 0.6155
Validation Loss: 0.7235
Epoch 4/20 - Loss: 0.6201, Acc: 0.6673
Validation Loss: 0.7115
Epoch 5/20 - Loss: 0.5933, Acc: 0.6733
Validation Loss: 0.7598
Epoch 6/20 - Loss: 0.5836, Acc: 0.6760
Validation Loss: 0.7573
Epoch 7/20 - Loss: 0.5497, Acc: 0.7118
Validation Loss: 0.7769
Early stopping triggered
Test Accuracy: 0.5392781316348195
Confusion Matrix:
[[146  70]
 [147 108]]
Training with Seed=35744
torch.Size([32, 43])
[43, 800, 2]
Epoch 1/20 - Loss: 0.7176, Acc: 0.5558
Validation Loss: 0.7364
Epoch 2/20 - Loss: 0.6888, Acc: 0.6155
Validation Loss: 0.7417
Epoch 3/20 - Loss: 0.6169, Acc: 0.6594
Validation Loss: 0.7437
Epoch 4/20 - Loss: 0.5974, Acc: 0.6833
Validation Loss: 0.8105
Epoch 5/20 - Loss: 0.6184, Acc: 0.6514
Validation Loss: 0.8183
Epoch 6/20 - Loss: 0.5700, Acc: 0.6926
Validation Loss: 0.8224
Early stopping triggered
Test Accuracy: 0.5414012738853503
Confusion Matrix:
[[117  99]
 [117 138]]
Training with Seed=2523
torch.Size([32, 43])
[43, 800, 2]
Epoch 1/20 - Loss: 0.7554, Acc: 0.5598
Validation Loss: 0.7739
Epoch 2/20 - Loss: 0.6692, Acc: 0.6242
Validation Loss: 0.7698
Epoch 3/20 - Loss: 0.6685, Acc: 0.6116
Validation Loss: 0.7137
Epoch 4/20 - Loss: 0.6173, Acc: 0.6507
Validation Loss: 0.7255
Epoch 5/20 - Loss: 0.5985, Acc: 0.6773
Validation Loss: 0.7636
Epoch 6/20 - Loss: 0.5956, Acc: 0.6859
Validation Loss: 0.7531
Epoch 7/20 - Loss: 0.5677, Acc: 0.7025
Validation Loss: 0.7704
Epoch 8/20 - Loss: 0.5372, Acc: 0.7404
Validation Loss: 0.7720
Early stopping triggered
Test Accuracy: 0.5520169851380042
Confusion Matrix:
[[124  92]
 [119 136]]
Training with Seed=235
torch.Size([32, 43])
[43, 800, 2]
Epoch 1/20 - Loss: 0.7517, Acc: 0.5677
Validation Loss: 0.7541
Epoch 2/20 - Loss: 0.6660, Acc: 0.6288
Validation Loss: 0.7413
Epoch 3/20 - Loss: 0.6313, Acc: 0.6461
Validation Loss: 0.7384
Epoch 4/20 - Loss: 0.6311, Acc: 0.6375
Validation Loss: 0.7697
Epoch 5/20 - Loss: 0.6006, Acc: 0.6799
Validation Loss: 0.7585
Epoch 6/20 - Loss: 0.5730, Acc: 0.6926
Validation Loss: 0.7726
Epoch 7/20 - Loss: 0.5290, Acc: 0.7271
Validation Loss: 0.7665
Epoch 8/20 - Loss: 0.5462, Acc: 0.7165
Validation Loss: 0.7779
Early stopping triggered
Test Accuracy: 0.6008492569002123
Confusion Matrix:
[[104 112]
 [ 76 179]]
Avg perf for seed=235: 0.566106929164254
Next Dataset . . .pca_val=44
Training with Seed=748
torch.Size([32, 44])
[44, 800, 2]
Epoch 1/20 - Loss: 0.7124, Acc: 0.5724
Validation Loss: 0.7625
Epoch 2/20 - Loss: 0.6663, Acc: 0.6189
Validation Loss: 0.7176
Epoch 3/20 - Loss: 0.6406, Acc: 0.6487
Validation Loss: 0.7676
Epoch 4/20 - Loss: 0.6544, Acc: 0.6315
Validation Loss: 0.7574
Epoch 5/20 - Loss: 0.5616, Acc: 0.6912
Validation Loss: 0.7410
Epoch 6/20 - Loss: 0.5790, Acc: 0.6906
Validation Loss: 0.7510
Epoch 7/20 - Loss: 0.5951, Acc: 0.6946
Validation Loss: 0.7963
Early stopping triggered
Test Accuracy: 0.6050955414012739
Confusion Matrix:
[[102 114]
 [ 72 183]]
Training with Seed=87209
torch.Size([32, 44])
[44, 800, 2]
Epoch 1/20 - Loss: 0.7393, Acc: 0.5637
Validation Loss: 0.7928
Epoch 2/20 - Loss: 0.6926, Acc: 0.5989
Validation Loss: 0.7382
Epoch 3/20 - Loss: 0.6754, Acc: 0.6069
Validation Loss: 0.7833
Epoch 4/20 - Loss: 0.6193, Acc: 0.6580
Validation Loss: 0.7549
Epoch 5/20 - Loss: 0.5948, Acc: 0.6859
Validation Loss: 0.7414
Epoch 6/20 - Loss: 0.5777, Acc: 0.6899
Validation Loss: 0.7507
Epoch 7/20 - Loss: 0.5562, Acc: 0.7131
Validation Loss: 0.7758
Early stopping triggered
Test Accuracy: 0.5265392781316348
Confusion Matrix:
[[126  90]
 [133 122]]
Training with Seed=679
torch.Size([32, 44])
[44, 800, 2]
Epoch 1/20 - Loss: 0.7484, Acc: 0.5591
Validation Loss: 0.7255
Epoch 2/20 - Loss: 0.6689, Acc: 0.6175
Validation Loss: 0.7304
Epoch 3/20 - Loss: 0.6417, Acc: 0.6461
Validation Loss: 0.7204
Epoch 4/20 - Loss: 0.6214, Acc: 0.6667
Validation Loss: 0.7462
Epoch 5/20 - Loss: 0.6064, Acc: 0.6839
Validation Loss: 0.7659
Epoch 6/20 - Loss: 0.5763, Acc: 0.7025
Validation Loss: 0.8050
Epoch 7/20 - Loss: 0.5628, Acc: 0.7145
Validation Loss: 0.7915
Epoch 8/20 - Loss: 0.5317, Acc: 0.7311
Validation Loss: 0.8698
Early stopping triggered
Test Accuracy: 0.524416135881104
Confusion Matrix:
[[135  81]
 [143 112]]
Training with Seed=222
torch.Size([32, 44])
[44, 800, 2]
Epoch 1/20 - Loss: 0.7203, Acc: 0.5724
Validation Loss: 0.7109
Epoch 2/20 - Loss: 0.6621, Acc: 0.6208
Validation Loss: 0.7510
Epoch 3/20 - Loss: 0.6549, Acc: 0.6388
Validation Loss: 0.7430
Epoch 4/20 - Loss: 0.6346, Acc: 0.6574
Validation Loss: 0.8054
Epoch 5/20 - Loss: 0.6253, Acc: 0.6361
Validation Loss: 0.7648
Epoch 6/20 - Loss: 0.5987, Acc: 0.6753
Validation Loss: 0.7496
Early stopping triggered
Test Accuracy: 0.5435244161358811
Confusion Matrix:
[[122  94]
 [121 134]]
Training with Seed=62
torch.Size([32, 44])
[44, 800, 2]
Epoch 1/20 - Loss: 0.7638, Acc: 0.5438
Validation Loss: 0.7791
Epoch 2/20 - Loss: 0.6803, Acc: 0.6076
Validation Loss: 0.7516
Epoch 3/20 - Loss: 0.6558, Acc: 0.6182
Validation Loss: 0.7402
Epoch 4/20 - Loss: 0.6127, Acc: 0.6614
Validation Loss: 0.7827
Epoch 5/20 - Loss: 0.6332, Acc: 0.6408
Validation Loss: 0.8122
Epoch 6/20 - Loss: 0.5793, Acc: 0.6952
Validation Loss: 0.7506
Epoch 7/20 - Loss: 0.5536, Acc: 0.6932
Validation Loss: 0.7855
Epoch 8/20 - Loss: 0.5534, Acc: 0.7065
Validation Loss: 0.7616
Early stopping triggered
Test Accuracy: 0.5944798301486199
Confusion Matrix:
[[109 107]
 [ 84 171]]
Training with Seed=45
torch.Size([32, 44])
[44, 800, 2]
Epoch 1/20 - Loss: 0.7202, Acc: 0.5518
Validation Loss: 0.7626
Epoch 2/20 - Loss: 0.7019, Acc: 0.5857
Validation Loss: 0.7235
Epoch 3/20 - Loss: 0.6481, Acc: 0.6248
Validation Loss: 0.7254
Epoch 4/20 - Loss: 0.6237, Acc: 0.6494
Validation Loss: 0.7252
Epoch 5/20 - Loss: 0.5781, Acc: 0.7098
Validation Loss: 0.7586
Epoch 6/20 - Loss: 0.5859, Acc: 0.6640
Validation Loss: 0.7576
Epoch 7/20 - Loss: 0.5444, Acc: 0.7125
Validation Loss: 0.7644
Early stopping triggered
Test Accuracy: 0.6029723991507431
Confusion Matrix:
[[ 88 128]
 [ 59 196]]
Training with Seed=235
torch.Size([32, 44])
[44, 800, 2]
Epoch 1/20 - Loss: 0.7322, Acc: 0.5558
Validation Loss: 0.7255
Epoch 2/20 - Loss: 0.6806, Acc: 0.6189
Validation Loss: 0.7664
Epoch 3/20 - Loss: 0.6362, Acc: 0.6481
Validation Loss: 0.7597
Epoch 4/20 - Loss: 0.6060, Acc: 0.6700
Validation Loss: 0.7421
Epoch 5/20 - Loss: 0.5805, Acc: 0.7058
Validation Loss: 0.7383
Epoch 6/20 - Loss: 0.5515, Acc: 0.7092
Validation Loss: 0.7591
Early stopping triggered
Test Accuracy: 0.5498938428874734
Confusion Matrix:
[[133  83]
 [129 126]]
Training with Seed=333
torch.Size([32, 44])
[44, 800, 2]
Epoch 1/20 - Loss: 0.7242, Acc: 0.5730
Validation Loss: 0.7428
Epoch 2/20 - Loss: 0.6760, Acc: 0.6222
Validation Loss: 0.7183
Epoch 3/20 - Loss: 0.6456, Acc: 0.6182
Validation Loss: 0.7230
Epoch 4/20 - Loss: 0.6106, Acc: 0.6467
Validation Loss: 0.7963
Epoch 5/20 - Loss: 0.5978, Acc: 0.6839
Validation Loss: 0.7407
Epoch 6/20 - Loss: 0.5816, Acc: 0.6892
Validation Loss: 0.7428
Epoch 7/20 - Loss: 0.5577, Acc: 0.7165
Validation Loss: 0.7981
Early stopping triggered
Test Accuracy: 0.5732484076433121
Confusion Matrix:
[[152  64]
 [137 118]]
Training with Seed=35744
torch.Size([32, 44])
[44, 800, 2]
Epoch 1/20 - Loss: 0.7238, Acc: 0.5651
Validation Loss: 0.8313
Epoch 2/20 - Loss: 0.7156, Acc: 0.5890
Validation Loss: 0.7554
Epoch 3/20 - Loss: 0.6370, Acc: 0.6461
Validation Loss: 0.7389
Epoch 4/20 - Loss: 0.6128, Acc: 0.6527
Validation Loss: 0.7325
Epoch 5/20 - Loss: 0.6161, Acc: 0.6554
Validation Loss: 0.7317
Epoch 6/20 - Loss: 0.5482, Acc: 0.7045
Validation Loss: 0.7579
Epoch 7/20 - Loss: 0.5633, Acc: 0.6972
Validation Loss: 0.7681
Epoch 8/20 - Loss: 0.5258, Acc: 0.7297
Validation Loss: 0.7755
Epoch 9/20 - Loss: 0.5090, Acc: 0.7351
Validation Loss: 0.8327
Epoch 10/20 - Loss: 0.5251, Acc: 0.7377
Validation Loss: 0.8170
Early stopping triggered
Test Accuracy: 0.5456475583864119
Confusion Matrix:
[[126  90]
 [124 131]]
Training with Seed=2523
torch.Size([32, 44])
[44, 800, 2]
Epoch 1/20 - Loss: 0.7133, Acc: 0.5757
Validation Loss: 0.7115
Epoch 2/20 - Loss: 0.6776, Acc: 0.6062
Validation Loss: 0.7265
Epoch 3/20 - Loss: 0.6414, Acc: 0.6448
Validation Loss: 0.7632
Epoch 4/20 - Loss: 0.6236, Acc: 0.6454
Validation Loss: 0.7382
Epoch 5/20 - Loss: 0.5935, Acc: 0.6726
Validation Loss: 0.7636
Epoch 6/20 - Loss: 0.5508, Acc: 0.7151
Validation Loss: 0.7788
Early stopping triggered
Test Accuracy: 0.5307855626326964
Confusion Matrix:
[[129  87]
 [134 121]]
Training with Seed=235
torch.Size([32, 44])
[44, 800, 2]
Epoch 1/20 - Loss: 0.7302, Acc: 0.5578
Validation Loss: 0.7314
Epoch 2/20 - Loss: 0.6724, Acc: 0.6049
Validation Loss: 0.7385
Epoch 3/20 - Loss: 0.6675, Acc: 0.6554
Validation Loss: 0.7504
Epoch 4/20 - Loss: 0.6034, Acc: 0.6760
Validation Loss: 0.7370
Epoch 5/20 - Loss: 0.5802, Acc: 0.6806
Validation Loss: 0.7495
Epoch 6/20 - Loss: 0.5549, Acc: 0.7098
Validation Loss: 0.7923
Early stopping triggered
Test Accuracy: 0.535031847133758
Confusion Matrix:
[[134  82]
 [137 118]]
Avg perf for seed=235: 0.5574213472302644
Next Dataset . . .pca_val=48
Training with Seed=748
torch.Size([32, 48])
[48, 800, 2]
Epoch 1/20 - Loss: 0.7484, Acc: 0.5797
Validation Loss: 0.7749
Epoch 2/20 - Loss: 0.6775, Acc: 0.6182
Validation Loss: 0.8429
Epoch 3/20 - Loss: 0.6434, Acc: 0.6414
Validation Loss: 0.7671
Epoch 4/20 - Loss: 0.5915, Acc: 0.6839
Validation Loss: 0.7400
Epoch 5/20 - Loss: 0.5397, Acc: 0.7125
Validation Loss: 0.8112
Epoch 6/20 - Loss: 0.5321, Acc: 0.7463
Validation Loss: 0.7792
Epoch 7/20 - Loss: 0.5403, Acc: 0.7165
Validation Loss: 0.7915
Epoch 8/20 - Loss: 0.5216, Acc: 0.7390
Validation Loss: 0.7834
Epoch 9/20 - Loss: 0.5095, Acc: 0.7371
Validation Loss: 0.8106
Early stopping triggered
Test Accuracy: 0.554140127388535
Confusion Matrix:
[[115 101]
 [109 146]]
Training with Seed=87209
torch.Size([32, 48])
[48, 800, 2]
Epoch 1/20 - Loss: 0.7253, Acc: 0.5598
Validation Loss: 0.7657
Epoch 2/20 - Loss: 0.6844, Acc: 0.6169
Validation Loss: 0.8013
Epoch 3/20 - Loss: 0.6330, Acc: 0.6375
Validation Loss: 0.7288
Epoch 4/20 - Loss: 0.6055, Acc: 0.6726
Validation Loss: 0.7433
Epoch 5/20 - Loss: 0.5752, Acc: 0.6985
Validation Loss: 0.7561
Epoch 6/20 - Loss: 0.5404, Acc: 0.7151
Validation Loss: 0.7923
Epoch 7/20 - Loss: 0.5484, Acc: 0.7284
Validation Loss: 0.7899
Epoch 8/20 - Loss: 0.5088, Acc: 0.7304
Validation Loss: 0.7827
Early stopping triggered
Test Accuracy: 0.5881104033970276
Confusion Matrix:
[[ 87 129]
 [ 65 190]]
Training with Seed=679
torch.Size([32, 48])
[48, 800, 2]
Epoch 1/20 - Loss: 0.7268, Acc: 0.5784
Validation Loss: 0.7234
Epoch 2/20 - Loss: 0.6474, Acc: 0.6368
Validation Loss: 0.7300
Epoch 3/20 - Loss: 0.6340, Acc: 0.6541
Validation Loss: 0.8199
Epoch 4/20 - Loss: 0.6076, Acc: 0.6992
Validation Loss: 0.8998
Epoch 5/20 - Loss: 0.5805, Acc: 0.6912
Validation Loss: 0.7862
Epoch 6/20 - Loss: 0.5353, Acc: 0.7145
Validation Loss: 0.7645
Early stopping triggered
Test Accuracy: 0.5732484076433121
Confusion Matrix:
[[ 86 130]
 [ 71 184]]
Training with Seed=222
torch.Size([32, 48])
[48, 800, 2]
Epoch 1/20 - Loss: 0.7284, Acc: 0.5531
Validation Loss: 0.7447
Epoch 2/20 - Loss: 0.6952, Acc: 0.6149
Validation Loss: 0.7349
Epoch 3/20 - Loss: 0.6118, Acc: 0.6527
Validation Loss: 0.7639
Epoch 4/20 - Loss: 0.5844, Acc: 0.6799
Validation Loss: 0.7717
Epoch 5/20 - Loss: 0.5843, Acc: 0.6813
Validation Loss: 0.7720
Epoch 6/20 - Loss: 0.5438, Acc: 0.7138
Validation Loss: 0.7635
Epoch 7/20 - Loss: 0.5222, Acc: 0.7331
Validation Loss: 0.7572
Early stopping triggered
Test Accuracy: 0.5456475583864119
Confusion Matrix:
[[147  69]
 [145 110]]
Training with Seed=62
torch.Size([32, 48])
[48, 800, 2]
Epoch 1/20 - Loss: 0.7404, Acc: 0.5704
Validation Loss: 0.7351
Epoch 2/20 - Loss: 0.6601, Acc: 0.6255
Validation Loss: 0.7143
Epoch 3/20 - Loss: 0.6181, Acc: 0.6527
Validation Loss: 0.7479
Epoch 4/20 - Loss: 0.5946, Acc: 0.6786
Validation Loss: 0.7553
Epoch 5/20 - Loss: 0.5758, Acc: 0.6899
Validation Loss: 0.7591
Epoch 6/20 - Loss: 0.5561, Acc: 0.7045
Validation Loss: 0.7950
Epoch 7/20 - Loss: 0.5335, Acc: 0.7058
Validation Loss: 0.7689
Early stopping triggered
Test Accuracy: 0.613588110403397
Confusion Matrix:
[[ 94 122]
 [ 60 195]]
Training with Seed=45
torch.Size([32, 48])
[48, 800, 2]
Epoch 1/20 - Loss: 0.7373, Acc: 0.5664
Validation Loss: 0.7357
Epoch 2/20 - Loss: 0.6885, Acc: 0.6155
Validation Loss: 0.7453
Epoch 3/20 - Loss: 0.6260, Acc: 0.6514
Validation Loss: 0.7364
Epoch 4/20 - Loss: 0.6078, Acc: 0.6707
Validation Loss: 0.7516
Epoch 5/20 - Loss: 0.5715, Acc: 0.6906
Validation Loss: 0.7982
Epoch 6/20 - Loss: 0.5767, Acc: 0.7131
Validation Loss: 0.7827
Early stopping triggered
Test Accuracy: 0.5944798301486199
Confusion Matrix:
[[108 108]
 [ 83 172]]
Training with Seed=235
torch.Size([32, 48])
[48, 800, 2]
Epoch 1/20 - Loss: 0.7504, Acc: 0.5551
Validation Loss: 0.8084
Epoch 2/20 - Loss: 0.6475, Acc: 0.6282
Validation Loss: 0.7453
Epoch 3/20 - Loss: 0.6181, Acc: 0.6594
Validation Loss: 0.7729
Epoch 4/20 - Loss: 0.6083, Acc: 0.6620
Validation Loss: 0.7967
Epoch 5/20 - Loss: 0.5794, Acc: 0.6979
Validation Loss: 0.7785
Epoch 6/20 - Loss: 0.5690, Acc: 0.6979
Validation Loss: 0.7991
Epoch 7/20 - Loss: 0.5295, Acc: 0.7171
Validation Loss: 0.7715
Early stopping triggered
Test Accuracy: 0.583864118895966
Confusion Matrix:
[[102 114]
 [ 82 173]]
Training with Seed=333
torch.Size([32, 48])
[48, 800, 2]
Epoch 1/20 - Loss: 0.7741, Acc: 0.5452
Validation Loss: 0.7641
Epoch 2/20 - Loss: 0.6885, Acc: 0.5883
Validation Loss: 0.7488
Epoch 3/20 - Loss: 0.6376, Acc: 0.6454
Validation Loss: 0.7447
Epoch 4/20 - Loss: 0.5961, Acc: 0.6673
Validation Loss: 0.7730
Epoch 5/20 - Loss: 0.5724, Acc: 0.6972
Validation Loss: 0.7955
Epoch 6/20 - Loss: 0.5641, Acc: 0.6979
Validation Loss: 0.7876
Epoch 7/20 - Loss: 0.5305, Acc: 0.7351
Validation Loss: 0.8247
Epoch 8/20 - Loss: 0.5313, Acc: 0.7291
Validation Loss: 0.7832
Early stopping triggered
Test Accuracy: 0.5859872611464968
Confusion Matrix:
[[ 68 148]
 [ 47 208]]
Training with Seed=35744
torch.Size([32, 48])
[48, 800, 2]
Epoch 1/20 - Loss: 0.7337, Acc: 0.5651
Validation Loss: 0.7797
Epoch 2/20 - Loss: 0.6564, Acc: 0.6355
Validation Loss: 0.7609
Epoch 3/20 - Loss: 0.6313, Acc: 0.6587
Validation Loss: 0.7755
Epoch 4/20 - Loss: 0.5890, Acc: 0.6587
Validation Loss: 0.8290
Epoch 5/20 - Loss: 0.6025, Acc: 0.6680
Validation Loss: 0.8063
Epoch 6/20 - Loss: 0.5523, Acc: 0.7171
Validation Loss: 0.7853
Epoch 7/20 - Loss: 0.5121, Acc: 0.7231
Validation Loss: 0.8341
Early stopping triggered
Test Accuracy: 0.5881104033970276
Confusion Matrix:
[[141  75]
 [119 136]]
Training with Seed=2523
torch.Size([32, 48])
[48, 800, 2]
Epoch 1/20 - Loss: 0.7329, Acc: 0.5764
Validation Loss: 0.7587
Epoch 2/20 - Loss: 0.6781, Acc: 0.6122
Validation Loss: 0.7397
Epoch 3/20 - Loss: 0.6295, Acc: 0.6454
Validation Loss: 0.7602
Epoch 4/20 - Loss: 0.6158, Acc: 0.6740
Validation Loss: 0.7759
Epoch 5/20 - Loss: 0.6068, Acc: 0.6899
Validation Loss: 0.8052
Epoch 6/20 - Loss: 0.5362, Acc: 0.7145
Validation Loss: 0.7971
Epoch 7/20 - Loss: 0.5385, Acc: 0.7151
Validation Loss: 0.7476
Early stopping triggered
Test Accuracy: 0.5987261146496815
Confusion Matrix:
[[ 90 126]
 [ 63 192]]
Training with Seed=235
classify.py:387: UserWarning: Creating a tensor from a list of numpy.ndarrays is extremely slow. Please consider converting the list to a single numpy.ndarray with numpy.array() before converting to a tensor. (Triggered internally at  ../torch/csrc/utils/tensor_new.cpp:201.)
  features = torch.tensor(features, dtype=torch.float32)
torch.Size([32, 48])
[48, 800, 2]
Epoch 1/20 - Loss: 0.7446, Acc: 0.5511
Validation Loss: 0.7335
Epoch 2/20 - Loss: 0.6517, Acc: 0.6361
Validation Loss: 0.7396
Epoch 3/20 - Loss: 0.6276, Acc: 0.6481
Validation Loss: 0.7436
Epoch 4/20 - Loss: 0.6150, Acc: 0.6607
Validation Loss: 0.7492
Epoch 5/20 - Loss: 0.5919, Acc: 0.6999
Validation Loss: 0.7882
Epoch 6/20 - Loss: 0.5686, Acc: 0.7065
Validation Loss: 0.7942
Early stopping triggered
Test Accuracy: 0.5222929936305732
Confusion Matrix:
[[150  66]
 [159  96]]
Avg perf for seed=235: 0.5771086662806408
pca_vals=[40, 41, 42, 43, 44, 48]
pca_perfs=[0.5367689635205559, 0.5620536575950589, 0.5495078170237405, 0.566106929164254, 0.5574213472302644, 0.5771086662806408]
