Requirement already satisfied: pandas in /home/crsnell/.local/lib/python3.6/site-packages (1.1.5)
Requirement already satisfied: pytz>=2017.2 in /usr/lib/python3.6/site-packages (from pandas) (2017.2)
Requirement already satisfied: python-dateutil>=2.7.3 in /home/crsnell/.local/lib/python3.6/site-packages (from pandas) (2.8.2)
Requirement already satisfied: numpy>=1.15.4 in /home/crsnell/.local/lib/python3.6/site-packages (from pandas) (1.19.5)
Requirement already satisfied: six>=1.5 in /home/crsnell/.local/lib/python3.6/site-packages (from python-dateutil>=2.7.3->pandas) (1.15.0)
Requirement already satisfied: tensorflow in /home/crsnell/.local/lib/python3.6/site-packages (2.6.2)
Requirement already satisfied: protobuf>=3.9.2 in /home/crsnell/.local/lib/python3.6/site-packages (from tensorflow) (3.19.6)
Requirement already satisfied: wrapt~=1.12.1 in /home/crsnell/.local/lib/python3.6/site-packages (from tensorflow) (1.12.1)
Requirement already satisfied: opt-einsum~=3.3.0 in /home/crsnell/.local/lib/python3.6/site-packages (from tensorflow) (3.3.0)
Requirement already satisfied: typing-extensions~=3.7.4 in /home/crsnell/.local/lib/python3.6/site-packages (from tensorflow) (3.7.4.3)
Requirement already satisfied: h5py~=3.1.0 in /home/crsnell/.local/lib/python3.6/site-packages (from tensorflow) (3.1.0)
Requirement already satisfied: gast==0.4.0 in /home/crsnell/.local/lib/python3.6/site-packages (from tensorflow) (0.4.0)
Requirement already satisfied: tensorflow-estimator<2.7,>=2.6.0 in /home/crsnell/.local/lib/python3.6/site-packages (from tensorflow) (2.6.0)
Requirement already satisfied: wheel~=0.35 in /home/crsnell/.local/lib/python3.6/site-packages (from tensorflow) (0.37.1)
Requirement already satisfied: tensorboard<2.7,>=2.6.0 in /home/crsnell/.local/lib/python3.6/site-packages (from tensorflow) (2.6.0)
Requirement already satisfied: keras<2.7,>=2.6.0 in /home/crsnell/.local/lib/python3.6/site-packages (from tensorflow) (2.6.0)
Requirement already satisfied: astunparse~=1.6.3 in /home/crsnell/.local/lib/python3.6/site-packages (from tensorflow) (1.6.3)
Requirement already satisfied: termcolor~=1.1.0 in /home/crsnell/.local/lib/python3.6/site-packages (from tensorflow) (1.1.0)
Requirement already satisfied: keras-preprocessing~=1.1.2 in /home/crsnell/.local/lib/python3.6/site-packages (from tensorflow) (1.1.2)
Requirement already satisfied: flatbuffers~=1.12.0 in /home/crsnell/.local/lib/python3.6/site-packages (from tensorflow) (1.12)
Requirement already satisfied: clang~=5.0 in /home/crsnell/.local/lib/python3.6/site-packages (from tensorflow) (5.0)
Requirement already satisfied: absl-py~=0.10 in /home/crsnell/.local/lib/python3.6/site-packages (from tensorflow) (0.15.0)
Requirement already satisfied: grpcio<2.0,>=1.37.0 in /home/crsnell/.local/lib/python3.6/site-packages (from tensorflow) (1.48.2)
Requirement already satisfied: numpy~=1.19.2 in /home/crsnell/.local/lib/python3.6/site-packages (from tensorflow) (1.19.5)
Requirement already satisfied: six~=1.15.0 in /home/crsnell/.local/lib/python3.6/site-packages (from tensorflow) (1.15.0)
Requirement already satisfied: google-pasta~=0.2 in /home/crsnell/.local/lib/python3.6/site-packages (from tensorflow) (0.2.0)
Requirement already satisfied: cached-property in /home/crsnell/.local/lib/python3.6/site-packages (from h5py~=3.1.0->tensorflow) (1.5.2)
Requirement already satisfied: tensorboard-plugin-wit>=1.6.0 in /home/crsnell/.local/lib/python3.6/site-packages (from tensorboard<2.7,>=2.6.0->tensorflow) (1.8.1)
Requirement already satisfied: markdown>=2.6.8 in /home/crsnell/.local/lib/python3.6/site-packages (from tensorboard<2.7,>=2.6.0->tensorflow) (3.3.7)
Requirement already satisfied: werkzeug>=0.11.15 in /home/crsnell/.local/lib/python3.6/site-packages (from tensorboard<2.7,>=2.6.0->tensorflow) (2.0.3)
Requirement already satisfied: setuptools>=41.0.0 in /home/crsnell/.local/lib/python3.6/site-packages (from tensorboard<2.7,>=2.6.0->tensorflow) (59.6.0)
Requirement already satisfied: google-auth<2,>=1.6.3 in /home/crsnell/.local/lib/python3.6/site-packages (from tensorboard<2.7,>=2.6.0->tensorflow) (1.35.0)
Requirement already satisfied: tensorboard-data-server<0.7.0,>=0.6.0 in /home/crsnell/.local/lib/python3.6/site-packages (from tensorboard<2.7,>=2.6.0->tensorflow) (0.6.1)
Requirement already satisfied: google-auth-oauthlib<0.5,>=0.4.1 in /home/crsnell/.local/lib/python3.6/site-packages (from tensorboard<2.7,>=2.6.0->tensorflow) (0.4.6)
Requirement already satisfied: requests<3,>=2.21.0 in /home/crsnell/.local/lib/python3.6/site-packages (from tensorboard<2.7,>=2.6.0->tensorflow) (2.27.1)
Requirement already satisfied: rsa<5,>=3.1.4 in /home/crsnell/.local/lib/python3.6/site-packages (from google-auth<2,>=1.6.3->tensorboard<2.7,>=2.6.0->tensorflow) (4.9)
Requirement already satisfied: pyasn1-modules>=0.2.1 in /home/crsnell/.local/lib/python3.6/site-packages (from google-auth<2,>=1.6.3->tensorboard<2.7,>=2.6.0->tensorflow) (0.3.0)
Requirement already satisfied: cachetools<5.0,>=2.0.0 in /home/crsnell/.local/lib/python3.6/site-packages (from google-auth<2,>=1.6.3->tensorboard<2.7,>=2.6.0->tensorflow) (4.2.4)
Requirement already satisfied: requests-oauthlib>=0.7.0 in /home/crsnell/.local/lib/python3.6/site-packages (from google-auth-oauthlib<0.5,>=0.4.1->tensorboard<2.7,>=2.6.0->tensorflow) (2.0.0)
Requirement already satisfied: importlib-metadata>=4.4 in /home/crsnell/.local/lib/python3.6/site-packages (from markdown>=2.6.8->tensorboard<2.7,>=2.6.0->tensorflow) (4.8.3)
Requirement already satisfied: idna<4,>=2.5 in /usr/lib/python3.6/site-packages (from requests<3,>=2.21.0->tensorboard<2.7,>=2.6.0->tensorflow) (2.5)
Requirement already satisfied: charset-normalizer~=2.0.0 in /home/crsnell/.local/lib/python3.6/site-packages (from requests<3,>=2.21.0->tensorboard<2.7,>=2.6.0->tensorflow) (2.0.12)
Requirement already satisfied: certifi>=2017.4.17 in /home/crsnell/.local/lib/python3.6/site-packages (from requests<3,>=2.21.0->tensorboard<2.7,>=2.6.0->tensorflow) (2024.2.2)
Requirement already satisfied: urllib3<1.27,>=1.21.1 in /usr/lib/python3.6/site-packages (from requests<3,>=2.21.0->tensorboard<2.7,>=2.6.0->tensorflow) (1.24.2)
Requirement already satisfied: dataclasses in /home/crsnell/.local/lib/python3.6/site-packages (from werkzeug>=0.11.15->tensorboard<2.7,>=2.6.0->tensorflow) (0.8)
Requirement already satisfied: zipp>=0.5 in /home/crsnell/.local/lib/python3.6/site-packages (from importlib-metadata>=4.4->markdown>=2.6.8->tensorboard<2.7,>=2.6.0->tensorflow) (3.6.0)
Requirement already satisfied: pyasn1<0.6.0,>=0.4.6 in /home/crsnell/.local/lib/python3.6/site-packages (from pyasn1-modules>=0.2.1->google-auth<2,>=1.6.3->tensorboard<2.7,>=2.6.0->tensorflow) (0.5.1)
Requirement already satisfied: oauthlib>=3.0.0 in /home/crsnell/.local/lib/python3.6/site-packages (from requests-oauthlib>=0.7.0->google-auth-oauthlib<0.5,>=0.4.1->tensorboard<2.7,>=2.6.0->tensorflow) (3.2.2)
Requirement already satisfied: scikit-learn in /home/crsnell/.local/lib/python3.6/site-packages (0.24.2)
Requirement already satisfied: scipy>=0.19.1 in /home/crsnell/.local/lib/python3.6/site-packages (from scikit-learn) (1.5.4)
Requirement already satisfied: joblib>=0.11 in /home/crsnell/.local/lib/python3.6/site-packages (from scikit-learn) (1.1.1)
Requirement already satisfied: threadpoolctl>=2.0.0 in /home/crsnell/.local/lib/python3.6/site-packages (from scikit-learn) (3.1.0)
Requirement already satisfied: numpy>=1.13.3 in /home/crsnell/.local/lib/python3.6/site-packages (from scikit-learn) (1.19.5)
Requirement already satisfied: keras in /home/crsnell/.local/lib/python3.6/site-packages (2.6.0)
Requirement already satisfied: numpy in /home/crsnell/.local/lib/python3.6/site-packages (1.19.5)
classify.py:387: UserWarning: Creating a tensor from a list of numpy.ndarrays is extremely slow. Please consider converting the list to a single numpy.ndarray with numpy.array() before converting to a tensor. (Triggered internally at  ../torch/csrc/utils/tensor_new.cpp:201.)
  features = torch.tensor(features, dtype=torch.float32)

RUN_NAME: unique
RUN_NOTES: these are notes, if needed
DATASET_DIR: binned_by_drive_0
BINNING_POLICY: drive
NORM_POLICY: standard
CLASS_POLICY: ternary

THRESHOLD: 0.03
random_state: 345
BATCH_SIZE: 32
DROPOUT_RATE: 0.2
dnn_layers: [77, 400, 200, 3]

PATIENCE: 5
MAX_EPOCHS: 20
LEARNING_RATE: 0.001
GRAD_CLIP_NORM_MAX_NORM: 1.0

NaN values found in features, replacing with 0
Traceback (most recent call last):
  File "classify.py", line 394, in <module>
    train_loader, val_loader, test_loader = make_dataloaders(PCA(pca_val), features, targets)
  File "classify.py", line 148, in make_dataloaders
    print(targets.count(0) / len(targets))
AttributeError: 'Tensor' object has no attribute 'count'
