Requirement already satisfied: pandas in /home/crsnell/.local/lib/python3.6/site-packages (1.1.5)
Requirement already satisfied: numpy>=1.15.4 in /home/crsnell/.local/lib/python3.6/site-packages (from pandas) (1.19.5)
Requirement already satisfied: pytz>=2017.2 in /usr/lib/python3.6/site-packages (from pandas) (2017.2)
Requirement already satisfied: python-dateutil>=2.7.3 in /home/crsnell/.local/lib/python3.6/site-packages (from pandas) (2.8.2)
Requirement already satisfied: six>=1.5 in /home/crsnell/.local/lib/python3.6/site-packages (from python-dateutil>=2.7.3->pandas) (1.15.0)
Requirement already satisfied: tensorflow in /home/crsnell/.local/lib/python3.6/site-packages (2.6.2)
Requirement already satisfied: tensorboard<2.7,>=2.6.0 in /home/crsnell/.local/lib/python3.6/site-packages (from tensorflow) (2.6.0)
Requirement already satisfied: tensorflow-estimator<2.7,>=2.6.0 in /home/crsnell/.local/lib/python3.6/site-packages (from tensorflow) (2.6.0)
Requirement already satisfied: wrapt~=1.12.1 in /home/crsnell/.local/lib/python3.6/site-packages (from tensorflow) (1.12.1)
Requirement already satisfied: grpcio<2.0,>=1.37.0 in /home/crsnell/.local/lib/python3.6/site-packages (from tensorflow) (1.48.2)
Requirement already satisfied: astunparse~=1.6.3 in /home/crsnell/.local/lib/python3.6/site-packages (from tensorflow) (1.6.3)
Requirement already satisfied: keras<2.7,>=2.6.0 in /home/crsnell/.local/lib/python3.6/site-packages (from tensorflow) (2.6.0)
Requirement already satisfied: typing-extensions~=3.7.4 in /home/crsnell/.local/lib/python3.6/site-packages (from tensorflow) (3.7.4.3)
Requirement already satisfied: wheel~=0.35 in /home/crsnell/.local/lib/python3.6/site-packages (from tensorflow) (0.37.1)
Requirement already satisfied: numpy~=1.19.2 in /home/crsnell/.local/lib/python3.6/site-packages (from tensorflow) (1.19.5)
Requirement already satisfied: google-pasta~=0.2 in /home/crsnell/.local/lib/python3.6/site-packages (from tensorflow) (0.2.0)
Requirement already satisfied: keras-preprocessing~=1.1.2 in /home/crsnell/.local/lib/python3.6/site-packages (from tensorflow) (1.1.2)
Requirement already satisfied: six~=1.15.0 in /home/crsnell/.local/lib/python3.6/site-packages (from tensorflow) (1.15.0)
Requirement already satisfied: flatbuffers~=1.12.0 in /home/crsnell/.local/lib/python3.6/site-packages (from tensorflow) (1.12)
Requirement already satisfied: protobuf>=3.9.2 in /home/crsnell/.local/lib/python3.6/site-packages (from tensorflow) (3.19.6)
Requirement already satisfied: absl-py~=0.10 in /home/crsnell/.local/lib/python3.6/site-packages (from tensorflow) (0.15.0)
Requirement already satisfied: gast==0.4.0 in /home/crsnell/.local/lib/python3.6/site-packages (from tensorflow) (0.4.0)
Requirement already satisfied: h5py~=3.1.0 in /home/crsnell/.local/lib/python3.6/site-packages (from tensorflow) (3.1.0)
Requirement already satisfied: opt-einsum~=3.3.0 in /home/crsnell/.local/lib/python3.6/site-packages (from tensorflow) (3.3.0)
Requirement already satisfied: termcolor~=1.1.0 in /home/crsnell/.local/lib/python3.6/site-packages (from tensorflow) (1.1.0)
Requirement already satisfied: clang~=5.0 in /home/crsnell/.local/lib/python3.6/site-packages (from tensorflow) (5.0)
Requirement already satisfied: cached-property in /home/crsnell/.local/lib/python3.6/site-packages (from h5py~=3.1.0->tensorflow) (1.5.2)
Requirement already satisfied: google-auth-oauthlib<0.5,>=0.4.1 in /home/crsnell/.local/lib/python3.6/site-packages (from tensorboard<2.7,>=2.6.0->tensorflow) (0.4.6)
Requirement already satisfied: werkzeug>=0.11.15 in /home/crsnell/.local/lib/python3.6/site-packages (from tensorboard<2.7,>=2.6.0->tensorflow) (2.0.3)
Requirement already satisfied: tensorboard-plugin-wit>=1.6.0 in /home/crsnell/.local/lib/python3.6/site-packages (from tensorboard<2.7,>=2.6.0->tensorflow) (1.8.1)
Requirement already satisfied: markdown>=2.6.8 in /home/crsnell/.local/lib/python3.6/site-packages (from tensorboard<2.7,>=2.6.0->tensorflow) (3.3.7)
Requirement already satisfied: requests<3,>=2.21.0 in /home/crsnell/.local/lib/python3.6/site-packages (from tensorboard<2.7,>=2.6.0->tensorflow) (2.27.1)
Requirement already satisfied: google-auth<2,>=1.6.3 in /home/crsnell/.local/lib/python3.6/site-packages (from tensorboard<2.7,>=2.6.0->tensorflow) (1.35.0)
Requirement already satisfied: tensorboard-data-server<0.7.0,>=0.6.0 in /home/crsnell/.local/lib/python3.6/site-packages (from tensorboard<2.7,>=2.6.0->tensorflow) (0.6.1)
Requirement already satisfied: setuptools>=41.0.0 in /home/crsnell/.local/lib/python3.6/site-packages (from tensorboard<2.7,>=2.6.0->tensorflow) (59.6.0)
Requirement already satisfied: rsa<5,>=3.1.4 in /home/crsnell/.local/lib/python3.6/site-packages (from google-auth<2,>=1.6.3->tensorboard<2.7,>=2.6.0->tensorflow) (4.9)
Requirement already satisfied: cachetools<5.0,>=2.0.0 in /home/crsnell/.local/lib/python3.6/site-packages (from google-auth<2,>=1.6.3->tensorboard<2.7,>=2.6.0->tensorflow) (4.2.4)
Requirement already satisfied: pyasn1-modules>=0.2.1 in /home/crsnell/.local/lib/python3.6/site-packages (from google-auth<2,>=1.6.3->tensorboard<2.7,>=2.6.0->tensorflow) (0.3.0)
Requirement already satisfied: requests-oauthlib>=0.7.0 in /home/crsnell/.local/lib/python3.6/site-packages (from google-auth-oauthlib<0.5,>=0.4.1->tensorboard<2.7,>=2.6.0->tensorflow) (2.0.0)
Requirement already satisfied: importlib-metadata>=4.4 in /home/crsnell/.local/lib/python3.6/site-packages (from markdown>=2.6.8->tensorboard<2.7,>=2.6.0->tensorflow) (4.8.3)
Requirement already satisfied: charset-normalizer~=2.0.0 in /home/crsnell/.local/lib/python3.6/site-packages (from requests<3,>=2.21.0->tensorboard<2.7,>=2.6.0->tensorflow) (2.0.12)
Requirement already satisfied: certifi>=2017.4.17 in /home/crsnell/.local/lib/python3.6/site-packages (from requests<3,>=2.21.0->tensorboard<2.7,>=2.6.0->tensorflow) (2024.2.2)
Requirement already satisfied: urllib3<1.27,>=1.21.1 in /usr/lib/python3.6/site-packages (from requests<3,>=2.21.0->tensorboard<2.7,>=2.6.0->tensorflow) (1.24.2)
Requirement already satisfied: idna<4,>=2.5 in /usr/lib/python3.6/site-packages (from requests<3,>=2.21.0->tensorboard<2.7,>=2.6.0->tensorflow) (2.5)
Requirement already satisfied: dataclasses in /home/crsnell/.local/lib/python3.6/site-packages (from werkzeug>=0.11.15->tensorboard<2.7,>=2.6.0->tensorflow) (0.8)
Requirement already satisfied: zipp>=0.5 in /home/crsnell/.local/lib/python3.6/site-packages (from importlib-metadata>=4.4->markdown>=2.6.8->tensorboard<2.7,>=2.6.0->tensorflow) (3.6.0)
Requirement already satisfied: pyasn1<0.6.0,>=0.4.6 in /home/crsnell/.local/lib/python3.6/site-packages (from pyasn1-modules>=0.2.1->google-auth<2,>=1.6.3->tensorboard<2.7,>=2.6.0->tensorflow) (0.5.1)
Requirement already satisfied: oauthlib>=3.0.0 in /home/crsnell/.local/lib/python3.6/site-packages (from requests-oauthlib>=0.7.0->google-auth-oauthlib<0.5,>=0.4.1->tensorboard<2.7,>=2.6.0->tensorflow) (3.2.2)
Requirement already satisfied: scikit-learn in /home/crsnell/.local/lib/python3.6/site-packages (0.24.2)
Requirement already satisfied: threadpoolctl>=2.0.0 in /home/crsnell/.local/lib/python3.6/site-packages (from scikit-learn) (3.1.0)
Requirement already satisfied: joblib>=0.11 in /home/crsnell/.local/lib/python3.6/site-packages (from scikit-learn) (1.1.1)
Requirement already satisfied: scipy>=0.19.1 in /home/crsnell/.local/lib/python3.6/site-packages (from scikit-learn) (1.5.4)
Requirement already satisfied: numpy>=1.13.3 in /home/crsnell/.local/lib/python3.6/site-packages (from scikit-learn) (1.19.5)
Requirement already satisfied: keras in /home/crsnell/.local/lib/python3.6/site-packages (2.6.0)
Requirement already satisfied: numpy in /home/crsnell/.local/lib/python3.6/site-packages (1.19.5)

RUN_NAME: unique
RUN_NOTES: these are notes, if needed
DATASET_DIR: binned_by_drive_0
BINNING_POLICY: spike
NORM_POLICY: standard
CLASS_POLICY: binary

THRESHOLD: 0.05
random_state: 345
BATCH_SIZE: 32
DROPOUT_RATE: 0.2
dnn_layers: [77, 800, 2]

PATIENCE: 5
MAX_EPOCHS: 20
LEARNING_RATE: 0.001
GRAD_CLIP_NORM_MAX_NORM: 1.0

NaN values found in features, replacing with 0
Next Dataset . . .pca_val=40
Training with Seed=748
torch.Size([32, 40])
[40, 800, 2]
Epoch 1/20 - Loss: 0.7390, Acc: 0.5697
Validation Loss: 0.7269
Epoch 2/20 - Loss: 0.6340, Acc: 0.6454
Validation Loss: 0.7766
Epoch 3/20 - Loss: 0.6058, Acc: 0.6826
Validation Loss: 0.6755
Epoch 4/20 - Loss: 0.5669, Acc: 0.7171
Validation Loss: 0.6942
Epoch 5/20 - Loss: 0.5353, Acc: 0.7304
Validation Loss: 0.6526
Epoch 6/20 - Loss: 0.5305, Acc: 0.7324
Validation Loss: 0.7047
Epoch 7/20 - Loss: 0.4855, Acc: 0.7576
Validation Loss: 0.7169
Epoch 8/20 - Loss: 0.4477, Acc: 0.7935
Validation Loss: 0.7713
Epoch 9/20 - Loss: 0.4746, Acc: 0.7902
Validation Loss: 0.7963
Epoch 10/20 - Loss: 0.4475, Acc: 0.7882
Validation Loss: 0.7513
Early stopping triggered
Test Accuracy: 0.505307855626327
Confusion Matrix:
[[157 182]
 [ 51  81]]
Training with Seed=87209
torch.Size([32, 40])
[40, 800, 2]
Epoch 1/20 - Loss: 0.7183, Acc: 0.5697
Validation Loss: 0.7764
Epoch 2/20 - Loss: 0.6705, Acc: 0.6262
Validation Loss: 0.7141
Epoch 3/20 - Loss: 0.6145, Acc: 0.6700
Validation Loss: 0.6901
Epoch 4/20 - Loss: 0.5807, Acc: 0.6846
Validation Loss: 0.7044
Epoch 5/20 - Loss: 0.5602, Acc: 0.7118
Validation Loss: 0.6721
Epoch 6/20 - Loss: 0.5319, Acc: 0.7324
Validation Loss: 0.7030
Epoch 7/20 - Loss: 0.4907, Acc: 0.7490
Validation Loss: 0.6893
Epoch 8/20 - Loss: 0.4666, Acc: 0.7683
Validation Loss: 0.6996
Epoch 9/20 - Loss: 0.4688, Acc: 0.7683
Validation Loss: 0.6522
Epoch 10/20 - Loss: 0.4647, Acc: 0.7709
Validation Loss: 0.7113
Epoch 11/20 - Loss: 0.4394, Acc: 0.7782
Validation Loss: 0.6938
Epoch 12/20 - Loss: 0.3814, Acc: 0.8254
Validation Loss: 0.7239
Epoch 13/20 - Loss: 0.4058, Acc: 0.8121
Validation Loss: 0.7822
Epoch 14/20 - Loss: 0.3978, Acc: 0.8260
Validation Loss: 0.7742
Early stopping triggered
Test Accuracy: 0.6454352441613588
Confusion Matrix:
[[264  75]
 [ 92  40]]
Training with Seed=679
torch.Size([32, 40])
[40, 800, 2]
Epoch 1/20 - Loss: 0.7257, Acc: 0.5770
Validation Loss: 0.6642
Epoch 2/20 - Loss: 0.6491, Acc: 0.6381
Validation Loss: 0.6616
Epoch 3/20 - Loss: 0.6031, Acc: 0.6833
Validation Loss: 0.6932
Epoch 4/20 - Loss: 0.5774, Acc: 0.6972
Validation Loss: 0.7536
Epoch 5/20 - Loss: 0.5297, Acc: 0.7424
Validation Loss: 0.6419
Epoch 6/20 - Loss: 0.5250, Acc: 0.7377
Validation Loss: 0.7196
Epoch 7/20 - Loss: 0.5234, Acc: 0.7390
Validation Loss: 0.7338
Epoch 8/20 - Loss: 0.4882, Acc: 0.7596
Validation Loss: 0.6897
Epoch 9/20 - Loss: 0.4400, Acc: 0.7875
Validation Loss: 0.6766
Epoch 10/20 - Loss: 0.4546, Acc: 0.7888
Validation Loss: 0.6734
Early stopping triggered
Test Accuracy: 0.6709129511677282
Confusion Matrix:
[[274  65]
 [ 90  42]]
Training with Seed=222
torch.Size([32, 40])
[40, 800, 2]
Epoch 1/20 - Loss: 0.7337, Acc: 0.5571
Validation Loss: 0.6717
Epoch 2/20 - Loss: 0.6432, Acc: 0.6368
Validation Loss: 0.7346
Epoch 3/20 - Loss: 0.6107, Acc: 0.6819
Validation Loss: 0.6831
Epoch 4/20 - Loss: 0.5696, Acc: 0.7098
Validation Loss: 0.6790
Epoch 5/20 - Loss: 0.5401, Acc: 0.7198
Validation Loss: 0.6885
Epoch 6/20 - Loss: 0.5526, Acc: 0.7185
Validation Loss: 0.7719
Early stopping triggered
Test Accuracy: 0.4840764331210191
Confusion Matrix:
[[130 209]
 [ 34  98]]
Training with Seed=62
torch.Size([32, 40])
[40, 800, 2]
Epoch 1/20 - Loss: 0.7248, Acc: 0.5710
Validation Loss: 0.6437
Epoch 2/20 - Loss: 0.6596, Acc: 0.6149
Validation Loss: 0.6458
Epoch 3/20 - Loss: 0.6391, Acc: 0.6580
Validation Loss: 0.6942
Epoch 4/20 - Loss: 0.5911, Acc: 0.6740
Validation Loss: 0.6998
Epoch 5/20 - Loss: 0.5546, Acc: 0.7211
Validation Loss: 0.6774
Epoch 6/20 - Loss: 0.5300, Acc: 0.7258
Validation Loss: 0.6890
Early stopping triggered
Test Accuracy: 0.6178343949044586
Confusion Matrix:
[[238 101]
 [ 79  53]]
Training with Seed=45
torch.Size([32, 40])
[40, 800, 2]
Epoch 1/20 - Loss: 0.7142, Acc: 0.5578
Validation Loss: 0.7048
Epoch 2/20 - Loss: 0.6482, Acc: 0.6368
Validation Loss: 0.6681
Epoch 3/20 - Loss: 0.5900, Acc: 0.6813
Validation Loss: 0.6970
Epoch 4/20 - Loss: 0.5678, Acc: 0.6985
Validation Loss: 0.6202
Epoch 5/20 - Loss: 0.5285, Acc: 0.7344
Validation Loss: 0.7725
Epoch 6/20 - Loss: 0.5594, Acc: 0.7205
Validation Loss: 0.7164
Epoch 7/20 - Loss: 0.4798, Acc: 0.7948
Validation Loss: 0.7017
Epoch 8/20 - Loss: 0.4891, Acc: 0.7716
Validation Loss: 0.7536
Epoch 9/20 - Loss: 0.4622, Acc: 0.7629
Validation Loss: 0.7047
Early stopping triggered
Test Accuracy: 0.6666666666666666
Confusion Matrix:
[[274  65]
 [ 92  40]]
Training with Seed=235
torch.Size([32, 40])
[40, 800, 2]
Epoch 1/20 - Loss: 0.7414, Acc: 0.5730
Validation Loss: 0.6382
Epoch 2/20 - Loss: 0.6478, Acc: 0.6408
Validation Loss: 0.6536
Epoch 3/20 - Loss: 0.5967, Acc: 0.6720
Validation Loss: 0.6534
Epoch 4/20 - Loss: 0.5738, Acc: 0.7078
Validation Loss: 0.6946
Epoch 5/20 - Loss: 0.5402, Acc: 0.7424
Validation Loss: 0.6558
Epoch 6/20 - Loss: 0.5616, Acc: 0.7430
Validation Loss: 0.6986
Early stopping triggered
Test Accuracy: 0.5074309978768577
Confusion Matrix:
[[155 184]
 [ 48  84]]
Training with Seed=333
torch.Size([32, 40])
[40, 800, 2]
Epoch 1/20 - Loss: 0.7217, Acc: 0.5764
Validation Loss: 0.6663
Epoch 2/20 - Loss: 0.6629, Acc: 0.6135
Validation Loss: 0.7454
Epoch 3/20 - Loss: 0.6155, Acc: 0.6653
Validation Loss: 0.6181
Epoch 4/20 - Loss: 0.5728, Acc: 0.6873
Validation Loss: 0.6493
Epoch 5/20 - Loss: 0.5531, Acc: 0.7158
Validation Loss: 0.6607
Epoch 6/20 - Loss: 0.5182, Acc: 0.7430
Validation Loss: 0.6859
Epoch 7/20 - Loss: 0.4883, Acc: 0.7716
Validation Loss: 0.6936
Epoch 8/20 - Loss: 0.4719, Acc: 0.7776
Validation Loss: 0.6734
Early stopping triggered
Test Accuracy: 0.6900212314225053
Confusion Matrix:
[[283  56]
 [ 90  42]]
Training with Seed=35744
torch.Size([32, 40])
[40, 800, 2]
Epoch 1/20 - Loss: 0.7041, Acc: 0.5710
Validation Loss: 0.7092
Epoch 2/20 - Loss: 0.6497, Acc: 0.6368
Validation Loss: 0.6550
Epoch 3/20 - Loss: 0.6289, Acc: 0.6554
Validation Loss: 0.7009
Epoch 4/20 - Loss: 0.5910, Acc: 0.6912
Validation Loss: 0.7066
Epoch 5/20 - Loss: 0.5514, Acc: 0.7171
Validation Loss: 0.6587
Epoch 6/20 - Loss: 0.5344, Acc: 0.7371
Validation Loss: 0.7481
Epoch 7/20 - Loss: 0.4937, Acc: 0.7583
Validation Loss: 0.7160
Early stopping triggered
Test Accuracy: 0.5371549893842887
Confusion Matrix:
[[166 173]
 [ 45  87]]
Training with Seed=2523
torch.Size([32, 40])
[40, 800, 2]
Epoch 1/20 - Loss: 0.7185, Acc: 0.5677
Validation Loss: 0.7263
Epoch 2/20 - Loss: 0.6654, Acc: 0.6175
Validation Loss: 0.7739
Epoch 3/20 - Loss: 0.6166, Acc: 0.6647
Validation Loss: 0.6982
Epoch 4/20 - Loss: 0.6090, Acc: 0.6760
Validation Loss: 0.6828
Epoch 5/20 - Loss: 0.5646, Acc: 0.7019
Validation Loss: 0.7218
Epoch 6/20 - Loss: 0.5309, Acc: 0.7231
Validation Loss: 0.6299
Epoch 7/20 - Loss: 0.5075, Acc: 0.7463
Validation Loss: 0.6723
Epoch 8/20 - Loss: 0.4820, Acc: 0.7809
Validation Loss: 0.7780
Epoch 9/20 - Loss: 0.4872, Acc: 0.7749
Validation Loss: 0.7660
Epoch 10/20 - Loss: 0.4762, Acc: 0.7689
Validation Loss: 0.7587
Epoch 11/20 - Loss: 0.4406, Acc: 0.7922
Validation Loss: 0.7915
Early stopping triggered
Test Accuracy: 0.5222929936305732
Confusion Matrix:
[[164 175]
 [ 50  82]]
Training with Seed=235
torch.Size([32, 40])
[40, 800, 2]
Epoch 1/20 - Loss: 0.7181, Acc: 0.5737
Validation Loss: 0.6546
Epoch 2/20 - Loss: 0.6303, Acc: 0.6454
Validation Loss: 0.6728
Epoch 3/20 - Loss: 0.6161, Acc: 0.6687
Validation Loss: 0.6121
Epoch 4/20 - Loss: 0.5656, Acc: 0.6985
Validation Loss: 0.6922
Epoch 5/20 - Loss: 0.5510, Acc: 0.7178
Validation Loss: 0.6922
Epoch 6/20 - Loss: 0.5153, Acc: 0.7357
Validation Loss: 0.6784
Epoch 7/20 - Loss: 0.5411, Acc: 0.7151
Validation Loss: 0.6809
Epoch 8/20 - Loss: 0.4784, Acc: 0.7669
Validation Loss: 0.7757
Early stopping triggered
Test Accuracy: 0.6114649681528662
Confusion Matrix:
[[223 116]
 [ 67  65]]
Avg perf for seed=235: 0.5871453387376954
Next Dataset . . .pca_val=41
Training with Seed=748
torch.Size([32, 41])
[41, 800, 2]
Epoch 1/20 - Loss: 0.7278, Acc: 0.5737
Validation Loss: 0.8323
Epoch 2/20 - Loss: 0.6546, Acc: 0.6301
Validation Loss: 0.7105
Epoch 3/20 - Loss: 0.5991, Acc: 0.6892
Validation Loss: 0.8254
Epoch 4/20 - Loss: 0.5867, Acc: 0.6965
Validation Loss: 0.6970
Epoch 5/20 - Loss: 0.5398, Acc: 0.7165
Validation Loss: 0.7388
Epoch 6/20 - Loss: 0.5395, Acc: 0.6992
Validation Loss: 0.7151
Epoch 7/20 - Loss: 0.5166, Acc: 0.7390
Validation Loss: 0.6739
Epoch 8/20 - Loss: 0.5006, Acc: 0.7510
Validation Loss: 0.7204
Epoch 9/20 - Loss: 0.4735, Acc: 0.7703
Validation Loss: 0.7786
Epoch 10/20 - Loss: 0.4776, Acc: 0.7809
Validation Loss: 0.6457
Epoch 11/20 - Loss: 0.4526, Acc: 0.7809
Validation Loss: 0.6676
Epoch 12/20 - Loss: 0.4356, Acc: 0.7822
Validation Loss: 0.6536
Epoch 13/20 - Loss: 0.4101, Acc: 0.8041
Validation Loss: 0.7541
Epoch 14/20 - Loss: 0.4173, Acc: 0.8141
Validation Loss: 0.7025
Epoch 15/20 - Loss: 0.4145, Acc: 0.8041
Validation Loss: 0.6961
Early stopping triggered
Test Accuracy: 0.6624203821656051
Confusion Matrix:
[[273  75]
 [ 84  39]]
Training with Seed=87209
torch.Size([32, 41])
[41, 800, 2]
Epoch 1/20 - Loss: 0.7011, Acc: 0.5923
Validation Loss: 0.6572
Epoch 2/20 - Loss: 0.6356, Acc: 0.6507
Validation Loss: 0.6796
Epoch 3/20 - Loss: 0.6157, Acc: 0.6580
Validation Loss: 0.7521
Epoch 4/20 - Loss: 0.5910, Acc: 0.6793
Validation Loss: 0.7190
Epoch 5/20 - Loss: 0.5497, Acc: 0.7191
Validation Loss: 0.7212
Epoch 6/20 - Loss: 0.5108, Acc: 0.7510
Validation Loss: 0.6869
Early stopping triggered
Test Accuracy: 0.6305732484076433
Confusion Matrix:
[[252  96]
 [ 78  45]]
Training with Seed=679
torch.Size([32, 41])
[41, 800, 2]
Epoch 1/20 - Loss: 0.7185, Acc: 0.5744
Validation Loss: 0.7186
Epoch 2/20 - Loss: 0.6349, Acc: 0.6381
Validation Loss: 0.6959
Epoch 3/20 - Loss: 0.5751, Acc: 0.6806
Validation Loss: 0.7393
Epoch 4/20 - Loss: 0.5869, Acc: 0.6786
Validation Loss: 0.7077
Epoch 5/20 - Loss: 0.5572, Acc: 0.7198
Validation Loss: 0.7809
Epoch 6/20 - Loss: 0.5433, Acc: 0.7218
Validation Loss: 0.7056
Epoch 7/20 - Loss: 0.5189, Acc: 0.7503
Validation Loss: 0.8228
Early stopping triggered
Test Accuracy: 0.47770700636942676
Confusion Matrix:
[[136 212]
 [ 34  89]]
Training with Seed=222
torch.Size([32, 41])
[41, 800, 2]
Epoch 1/20 - Loss: 0.7269, Acc: 0.5611
Validation Loss: 0.6684
Epoch 2/20 - Loss: 0.6596, Acc: 0.6421
Validation Loss: 0.6745
Epoch 3/20 - Loss: 0.6186, Acc: 0.6527
Validation Loss: 0.6738
Epoch 4/20 - Loss: 0.5791, Acc: 0.6846
Validation Loss: 0.7350
Epoch 5/20 - Loss: 0.5598, Acc: 0.7052
Validation Loss: 0.8351
Epoch 6/20 - Loss: 0.5295, Acc: 0.7483
Validation Loss: 0.6681
Epoch 7/20 - Loss: 0.5067, Acc: 0.7517
Validation Loss: 0.8191
Epoch 8/20 - Loss: 0.4893, Acc: 0.7689
Validation Loss: 0.7224
Epoch 9/20 - Loss: 0.4804, Acc: 0.7809
Validation Loss: 0.6512
Epoch 10/20 - Loss: 0.4728, Acc: 0.7729
Validation Loss: 0.8086
Epoch 11/20 - Loss: 0.4649, Acc: 0.7822
Validation Loss: 0.7469
Epoch 12/20 - Loss: 0.4461, Acc: 0.7829
Validation Loss: 0.7491
Epoch 13/20 - Loss: 0.4178, Acc: 0.8081
Validation Loss: 0.8019
Epoch 14/20 - Loss: 0.4287, Acc: 0.8048
Validation Loss: 0.7787
Early stopping triggered
Test Accuracy: 0.613588110403397
Confusion Matrix:
[[245 103]
 [ 79  44]]
Training with Seed=62
torch.Size([32, 41])
[41, 800, 2]
Epoch 1/20 - Loss: 0.7123, Acc: 0.5671
Validation Loss: 0.6606
Epoch 2/20 - Loss: 0.6466, Acc: 0.6381
Validation Loss: 0.6528
Epoch 3/20 - Loss: 0.6360, Acc: 0.6633
Validation Loss: 0.7196
Epoch 4/20 - Loss: 0.5920, Acc: 0.6833
Validation Loss: 0.8803
Epoch 5/20 - Loss: 0.5488, Acc: 0.7244
Validation Loss: 0.6509
Epoch 6/20 - Loss: 0.5229, Acc: 0.7437
Validation Loss: 0.7240
Epoch 7/20 - Loss: 0.5266, Acc: 0.7284
Validation Loss: 0.6618
Epoch 8/20 - Loss: 0.4992, Acc: 0.7470
Validation Loss: 0.7633
Epoch 9/20 - Loss: 0.4610, Acc: 0.7842
Validation Loss: 0.6865
Epoch 10/20 - Loss: 0.4507, Acc: 0.7849
Validation Loss: 0.6617
Early stopping triggered
Test Accuracy: 0.6539278131634819
Confusion Matrix:
[[263  85]
 [ 78  45]]
Training with Seed=45
torch.Size([32, 41])
[41, 800, 2]
Epoch 1/20 - Loss: 0.7358, Acc: 0.5684
Validation Loss: 0.6945
Epoch 2/20 - Loss: 0.6291, Acc: 0.6388
Validation Loss: 0.8059
Epoch 3/20 - Loss: 0.6187, Acc: 0.6667
Validation Loss: 0.7116
Epoch 4/20 - Loss: 0.5931, Acc: 0.6859
Validation Loss: 0.6488
Epoch 5/20 - Loss: 0.5624, Acc: 0.7151
Validation Loss: 0.6823
Epoch 6/20 - Loss: 0.5475, Acc: 0.7430
Validation Loss: 0.7053
Epoch 7/20 - Loss: 0.5164, Acc: 0.7390
Validation Loss: 0.8033
Epoch 8/20 - Loss: 0.5070, Acc: 0.7430
Validation Loss: 0.7792
Epoch 9/20 - Loss: 0.4966, Acc: 0.7530
Validation Loss: 0.6950
Early stopping triggered
Test Accuracy: 0.5774946921443737
Confusion Matrix:
[[197 151]
 [ 48  75]]
Training with Seed=235
torch.Size([32, 41])
[41, 800, 2]
Epoch 1/20 - Loss: 0.7428, Acc: 0.5505
Validation Loss: 0.8423
Epoch 2/20 - Loss: 0.6930, Acc: 0.6282
Validation Loss: 0.8694
Epoch 3/20 - Loss: 0.6150, Acc: 0.6607
Validation Loss: 0.7317
Epoch 4/20 - Loss: 0.6007, Acc: 0.6926
Validation Loss: 0.6687
Epoch 5/20 - Loss: 0.5589, Acc: 0.7131
Validation Loss: 0.7275
Epoch 6/20 - Loss: 0.5445, Acc: 0.7078
Validation Loss: 0.7206
Epoch 7/20 - Loss: 0.5100, Acc: 0.7510
Validation Loss: 0.6979
Epoch 8/20 - Loss: 0.5050, Acc: 0.7537
Validation Loss: 0.6442
Epoch 9/20 - Loss: 0.4971, Acc: 0.7503
Validation Loss: 0.6642
Epoch 10/20 - Loss: 0.4450, Acc: 0.7888
Validation Loss: 0.6937
Epoch 11/20 - Loss: 0.4435, Acc: 0.8001
Validation Loss: 0.7166
Epoch 12/20 - Loss: 0.4324, Acc: 0.8154
Validation Loss: 0.8795
Epoch 13/20 - Loss: 0.4101, Acc: 0.8088
Validation Loss: 0.6964
Early stopping triggered
Test Accuracy: 0.6050955414012739
Confusion Matrix:
[[240 108]
 [ 78  45]]
Training with Seed=333
torch.Size([32, 41])
[41, 800, 2]
Epoch 1/20 - Loss: 0.7286, Acc: 0.5691
Validation Loss: 0.6874
Epoch 2/20 - Loss: 0.6539, Acc: 0.6381
Validation Loss: 0.7317
Epoch 3/20 - Loss: 0.6163, Acc: 0.6766
Validation Loss: 0.7639
Epoch 4/20 - Loss: 0.5649, Acc: 0.7052
Validation Loss: 0.7431
Epoch 5/20 - Loss: 0.5422, Acc: 0.7218
Validation Loss: 0.6568
Epoch 6/20 - Loss: 0.5318, Acc: 0.7178
Validation Loss: 0.6950
Epoch 7/20 - Loss: 0.5178, Acc: 0.7477
Validation Loss: 0.7220
Epoch 8/20 - Loss: 0.4892, Acc: 0.7616
Validation Loss: 0.6683
Epoch 9/20 - Loss: 0.4829, Acc: 0.7689
Validation Loss: 0.6796
Epoch 10/20 - Loss: 0.4664, Acc: 0.7815
Validation Loss: 0.6646
Early stopping triggered
Test Accuracy: 0.6220806794055201
Confusion Matrix:
[[255  93]
 [ 85  38]]
Training with Seed=35744
torch.Size([32, 41])
[41, 800, 2]
Epoch 1/20 - Loss: 0.7253, Acc: 0.5837
Validation Loss: 0.7605
Epoch 2/20 - Loss: 0.6614, Acc: 0.6235
Validation Loss: 0.7565
Epoch 3/20 - Loss: 0.6105, Acc: 0.6653
Validation Loss: 0.7651
Epoch 4/20 - Loss: 0.5887, Acc: 0.6853
Validation Loss: 0.6384
Epoch 5/20 - Loss: 0.5775, Acc: 0.6972
Validation Loss: 0.6964
Epoch 6/20 - Loss: 0.5549, Acc: 0.7165
Validation Loss: 0.7517
Epoch 7/20 - Loss: 0.5393, Acc: 0.7364
Validation Loss: 0.6732
Epoch 8/20 - Loss: 0.4895, Acc: 0.7716
Validation Loss: 0.7553
Epoch 9/20 - Loss: 0.4902, Acc: 0.7716
Validation Loss: 0.6888
Early stopping triggered
Test Accuracy: 0.5796178343949044
Confusion Matrix:
[[198 150]
 [ 48  75]]
Training with Seed=2523
torch.Size([32, 41])
[41, 800, 2]
Epoch 1/20 - Loss: 0.7121, Acc: 0.5943
Validation Loss: 0.7857
Epoch 2/20 - Loss: 0.6240, Acc: 0.6594
Validation Loss: 0.7680
Epoch 3/20 - Loss: 0.6253, Acc: 0.6660
Validation Loss: 0.7181
Epoch 4/20 - Loss: 0.5676, Acc: 0.7072
Validation Loss: 0.6843
Epoch 5/20 - Loss: 0.5530, Acc: 0.7072
Validation Loss: 0.6778
Epoch 6/20 - Loss: 0.5325, Acc: 0.7410
Validation Loss: 0.6657
Epoch 7/20 - Loss: 0.4955, Acc: 0.7590
Validation Loss: 0.7283
Epoch 8/20 - Loss: 0.4824, Acc: 0.7537
Validation Loss: 0.6874
Epoch 9/20 - Loss: 0.4703, Acc: 0.7703
Validation Loss: 0.6402
Epoch 10/20 - Loss: 0.4332, Acc: 0.7948
Validation Loss: 0.7913
Epoch 11/20 - Loss: 0.4457, Acc: 0.7776
Validation Loss: 0.6842
Epoch 12/20 - Loss: 0.4365, Acc: 0.7882
Validation Loss: 0.7171
Epoch 13/20 - Loss: 0.4179, Acc: 0.8081
Validation Loss: 0.7274
Epoch 14/20 - Loss: 0.4484, Acc: 0.7935
Validation Loss: 0.7295
Early stopping triggered
Test Accuracy: 0.6709129511677282
Confusion Matrix:
[[275  73]
 [ 82  41]]
Training with Seed=235
torch.Size([32, 41])
[41, 800, 2]
Epoch 1/20 - Loss: 0.7311, Acc: 0.5717
Validation Loss: 0.8361
Epoch 2/20 - Loss: 0.6412, Acc: 0.6275
Validation Loss: 0.7216
Epoch 3/20 - Loss: 0.6127, Acc: 0.6653
Validation Loss: 0.6681
Epoch 4/20 - Loss: 0.5646, Acc: 0.6985
Validation Loss: 0.6123
Epoch 5/20 - Loss: 0.5798, Acc: 0.6965
Validation Loss: 0.6813
Epoch 6/20 - Loss: 0.5574, Acc: 0.7072
Validation Loss: 0.6441
Epoch 7/20 - Loss: 0.4962, Acc: 0.7483
Validation Loss: 0.6967
Epoch 8/20 - Loss: 0.4955, Acc: 0.7437
Validation Loss: 0.6842
Epoch 9/20 - Loss: 0.5041, Acc: 0.7782
Validation Loss: 0.6653
Early stopping triggered
Test Accuracy: 0.5944798301486199
Confusion Matrix:
[[208 140]
 [ 51  72]]
Avg perf for seed=235: 0.6079907353792703
Next Dataset . . .pca_val=42
Training with Seed=748
torch.Size([32, 42])
[42, 800, 2]
Epoch 1/20 - Loss: 0.6823, Acc: 0.6122
Validation Loss: 0.7131
Epoch 2/20 - Loss: 0.6490, Acc: 0.6454
Validation Loss: 0.9024
Epoch 3/20 - Loss: 0.6423, Acc: 0.6408
Validation Loss: 0.6758
Epoch 4/20 - Loss: 0.5567, Acc: 0.7085
Validation Loss: 0.7037
Epoch 5/20 - Loss: 0.5640, Acc: 0.7105
Validation Loss: 0.8243
Epoch 6/20 - Loss: 0.5217, Acc: 0.7337
Validation Loss: 0.7424
Epoch 7/20 - Loss: 0.5167, Acc: 0.7556
Validation Loss: 0.6384
Epoch 8/20 - Loss: 0.5131, Acc: 0.7583
Validation Loss: 0.6672
Epoch 9/20 - Loss: 0.4570, Acc: 0.7736
Validation Loss: 0.6996
Epoch 10/20 - Loss: 0.4554, Acc: 0.7829
Validation Loss: 0.6684
Epoch 11/20 - Loss: 0.4194, Acc: 0.8015
Validation Loss: 0.7094
Epoch 12/20 - Loss: 0.4031, Acc: 0.8094
Validation Loss: 0.7002
Early stopping triggered
Test Accuracy: 0.6666666666666666
Confusion Matrix:
[[275  73]
 [ 84  39]]
Training with Seed=87209
torch.Size([32, 42])
[42, 800, 2]
Epoch 1/20 - Loss: 0.7300, Acc: 0.5790
Validation Loss: 0.6851
Epoch 2/20 - Loss: 0.6369, Acc: 0.6600
Validation Loss: 0.6840
Epoch 3/20 - Loss: 0.6005, Acc: 0.6647
Validation Loss: 0.6816
Epoch 4/20 - Loss: 0.5996, Acc: 0.6786
Validation Loss: 0.7181
Epoch 5/20 - Loss: 0.5599, Acc: 0.7158
Validation Loss: 0.6606
Epoch 6/20 - Loss: 0.5477, Acc: 0.7377
Validation Loss: 0.7670
Epoch 7/20 - Loss: 0.4823, Acc: 0.7689
Validation Loss: 0.7190
Epoch 8/20 - Loss: 0.5013, Acc: 0.7530
Validation Loss: 0.6734
Epoch 9/20 - Loss: 0.4633, Acc: 0.7736
Validation Loss: 0.7325
Epoch 10/20 - Loss: 0.4564, Acc: 0.7855
Validation Loss: 0.7076
Early stopping triggered
Test Accuracy: 0.6157112526539278
Confusion Matrix:
[[238 110]
 [ 71  52]]
Training with Seed=679
torch.Size([32, 42])
[42, 800, 2]
Epoch 1/20 - Loss: 0.7283, Acc: 0.5764
Validation Loss: 0.7035
Epoch 2/20 - Loss: 0.6393, Acc: 0.6461
Validation Loss: 0.7942
Epoch 3/20 - Loss: 0.6163, Acc: 0.6713
Validation Loss: 0.7494
Epoch 4/20 - Loss: 0.6107, Acc: 0.7019
Validation Loss: 0.7219
Epoch 5/20 - Loss: 0.5377, Acc: 0.7364
Validation Loss: 0.6527
Epoch 6/20 - Loss: 0.5086, Acc: 0.7570
Validation Loss: 0.6533
Epoch 7/20 - Loss: 0.5181, Acc: 0.7610
Validation Loss: 0.6901
Epoch 8/20 - Loss: 0.4881, Acc: 0.7556
Validation Loss: 0.7275
Epoch 9/20 - Loss: 0.4988, Acc: 0.7477
Validation Loss: 0.6413
Epoch 10/20 - Loss: 0.4526, Acc: 0.7882
Validation Loss: 0.7228
Epoch 11/20 - Loss: 0.4308, Acc: 0.7961
Validation Loss: 0.7352
Epoch 12/20 - Loss: 0.3872, Acc: 0.8167
Validation Loss: 0.6805
Epoch 13/20 - Loss: 0.4029, Acc: 0.8134
Validation Loss: 0.7963
Epoch 14/20 - Loss: 0.4696, Acc: 0.8074
Validation Loss: 0.6905
Early stopping triggered
Test Accuracy: 0.6624203821656051
Confusion Matrix:
[[275  73]
 [ 86  37]]
Training with Seed=222
torch.Size([32, 42])
[42, 800, 2]
Epoch 1/20 - Loss: 0.7024, Acc: 0.5996
Validation Loss: 0.6398
Epoch 2/20 - Loss: 0.6461, Acc: 0.6541
Validation Loss: 0.6844
Epoch 3/20 - Loss: 0.6030, Acc: 0.6886
Validation Loss: 0.6913
Epoch 4/20 - Loss: 0.6033, Acc: 0.6959
Validation Loss: 0.6323
Epoch 5/20 - Loss: 0.5393, Acc: 0.7224
Validation Loss: 0.6828
Epoch 6/20 - Loss: 0.5016, Acc: 0.7457
Validation Loss: 0.6752
Epoch 7/20 - Loss: 0.5191, Acc: 0.7351
Validation Loss: 0.6774
Epoch 8/20 - Loss: 0.4672, Acc: 0.7822
Validation Loss: 0.7151
Epoch 9/20 - Loss: 0.4757, Acc: 0.7590
Validation Loss: 0.7899
Early stopping triggered
Test Accuracy: 0.535031847133758
Confusion Matrix:
[[168 180]
 [ 39  84]]
Training with Seed=62
torch.Size([32, 42])
[42, 800, 2]
Epoch 1/20 - Loss: 0.6969, Acc: 0.5857
Validation Loss: 0.7255
Epoch 2/20 - Loss: 0.6462, Acc: 0.6448
Validation Loss: 0.7748
Epoch 3/20 - Loss: 0.6299, Acc: 0.6467
Validation Loss: 0.7746
Epoch 4/20 - Loss: 0.5737, Acc: 0.7138
Validation Loss: 0.7340
Epoch 5/20 - Loss: 0.5556, Acc: 0.6892
Validation Loss: 0.8004
Epoch 6/20 - Loss: 0.5154, Acc: 0.7437
Validation Loss: 0.7450
Early stopping triggered
Test Accuracy: 0.4861995753715499
Confusion Matrix:
[[139 209]
 [ 33  90]]
Training with Seed=45
torch.Size([32, 42])
[42, 800, 2]
Epoch 1/20 - Loss: 0.7149, Acc: 0.5870
Validation Loss: 0.7805
Epoch 2/20 - Loss: 0.5980, Acc: 0.6773
Validation Loss: 0.6608
Epoch 3/20 - Loss: 0.6293, Acc: 0.6793
Validation Loss: 0.6669
Epoch 4/20 - Loss: 0.5848, Acc: 0.6873
Validation Loss: 0.6853
Epoch 5/20 - Loss: 0.5568, Acc: 0.7058
Validation Loss: 0.7860
Epoch 6/20 - Loss: 0.5248, Acc: 0.7364
Validation Loss: 0.6510
Epoch 7/20 - Loss: 0.5132, Acc: 0.7470
Validation Loss: 0.6651
Epoch 8/20 - Loss: 0.4850, Acc: 0.7616
Validation Loss: 0.6689
Epoch 9/20 - Loss: 0.4779, Acc: 0.7729
Validation Loss: 0.6458
Epoch 10/20 - Loss: 0.4572, Acc: 0.7955
Validation Loss: 0.6898
Epoch 11/20 - Loss: 0.4171, Acc: 0.8101
Validation Loss: 0.6966
Epoch 12/20 - Loss: 0.4339, Acc: 0.8008
Validation Loss: 0.6914
Epoch 13/20 - Loss: 0.3952, Acc: 0.8240
Validation Loss: 0.7944
Epoch 14/20 - Loss: 0.3910, Acc: 0.8214
Validation Loss: 0.7047
Early stopping triggered
Test Accuracy: 0.6348195329087049
Confusion Matrix:
[[251  97]
 [ 75  48]]
Training with Seed=235
torch.Size([32, 42])
[42, 800, 2]
Epoch 1/20 - Loss: 0.7218, Acc: 0.5830
Validation Loss: 0.6707
Epoch 2/20 - Loss: 0.6569, Acc: 0.6361
Validation Loss: 0.7537
Epoch 3/20 - Loss: 0.6018, Acc: 0.6733
Validation Loss: 0.6634
Epoch 4/20 - Loss: 0.5869, Acc: 0.6985
Validation Loss: 0.6619
Epoch 5/20 - Loss: 0.5689, Acc: 0.7198
Validation Loss: 0.6214
Epoch 6/20 - Loss: 0.5224, Acc: 0.7404
Validation Loss: 0.6647
Epoch 7/20 - Loss: 0.5000, Acc: 0.7463
Validation Loss: 0.8260
Epoch 8/20 - Loss: 0.4715, Acc: 0.7782
Validation Loss: 0.7759
Epoch 9/20 - Loss: 0.4817, Acc: 0.7789
Validation Loss: 0.6605
Epoch 10/20 - Loss: 0.4312, Acc: 0.7922
Validation Loss: 0.7669
Early stopping triggered
Test Accuracy: 0.505307855626327
Confusion Matrix:
[[156 192]
 [ 41  82]]
Training with Seed=333
torch.Size([32, 42])
[42, 800, 2]
Epoch 1/20 - Loss: 0.7132, Acc: 0.6089
Validation Loss: 0.6737
Epoch 2/20 - Loss: 0.6506, Acc: 0.6441
Validation Loss: 0.6809
Epoch 3/20 - Loss: 0.5894, Acc: 0.6853
Validation Loss: 0.6666
Epoch 4/20 - Loss: 0.5689, Acc: 0.7039
Validation Loss: 0.7171
Epoch 5/20 - Loss: 0.5317, Acc: 0.7390
Validation Loss: 0.6318
Epoch 6/20 - Loss: 0.5103, Acc: 0.7523
Validation Loss: 0.6714
Epoch 7/20 - Loss: 0.4827, Acc: 0.7729
Validation Loss: 0.7222
Epoch 8/20 - Loss: 0.4921, Acc: 0.7802
Validation Loss: 0.8169
Epoch 9/20 - Loss: 0.4749, Acc: 0.7762
Validation Loss: 0.6926
Epoch 10/20 - Loss: 0.4532, Acc: 0.7742
Validation Loss: 0.7853
Early stopping triggered
Test Accuracy: 0.5095541401273885
Confusion Matrix:
[[156 192]
 [ 39  84]]
Training with Seed=35744
torch.Size([32, 42])
[42, 800, 2]
Epoch 1/20 - Loss: 0.7131, Acc: 0.5903
Validation Loss: 0.7335
Epoch 2/20 - Loss: 0.6571, Acc: 0.6355
Validation Loss: 0.6697
Epoch 3/20 - Loss: 0.6259, Acc: 0.6507
Validation Loss: 0.7132
Epoch 4/20 - Loss: 0.5989, Acc: 0.6965
Validation Loss: 0.6693
Epoch 5/20 - Loss: 0.5583, Acc: 0.7145
Validation Loss: 0.6810
Epoch 6/20 - Loss: 0.5610, Acc: 0.7211
Validation Loss: 0.6686
Epoch 7/20 - Loss: 0.5005, Acc: 0.7616
Validation Loss: 0.6991
Epoch 8/20 - Loss: 0.4774, Acc: 0.7802
Validation Loss: 0.6859
Epoch 9/20 - Loss: 0.4794, Acc: 0.7683
Validation Loss: 0.7648
Epoch 10/20 - Loss: 0.4480, Acc: 0.7888
Validation Loss: 0.6637
Epoch 11/20 - Loss: 0.4415, Acc: 0.8021
Validation Loss: 0.7822
Epoch 12/20 - Loss: 0.4194, Acc: 0.8141
Validation Loss: 0.7146
Epoch 13/20 - Loss: 0.3814, Acc: 0.8274
Validation Loss: 0.6881
Epoch 14/20 - Loss: 0.3767, Acc: 0.8267
Validation Loss: 0.7446
Epoch 15/20 - Loss: 0.4166, Acc: 0.8114
Validation Loss: 0.7646
Early stopping triggered
Test Accuracy: 0.6072186836518046
Confusion Matrix:
[[219 129]
 [ 56  67]]
Training with Seed=2523
torch.Size([32, 42])
[42, 800, 2]
Epoch 1/20 - Loss: 0.6866, Acc: 0.5983
Validation Loss: 0.7645
Epoch 2/20 - Loss: 0.6647, Acc: 0.6434
Validation Loss: 0.7368
Epoch 3/20 - Loss: 0.5856, Acc: 0.6713
Validation Loss: 0.6644
Epoch 4/20 - Loss: 0.5684, Acc: 0.7138
Validation Loss: 0.6880
Epoch 5/20 - Loss: 0.5413, Acc: 0.7264
Validation Loss: 0.7681
Epoch 6/20 - Loss: 0.5316, Acc: 0.7543
Validation Loss: 0.6550
Epoch 7/20 - Loss: 0.5126, Acc: 0.7450
Validation Loss: 0.7488
Epoch 8/20 - Loss: 0.4522, Acc: 0.7776
Validation Loss: 0.6962
Epoch 9/20 - Loss: 0.4591, Acc: 0.7782
Validation Loss: 0.6996
Epoch 10/20 - Loss: 0.4297, Acc: 0.7961
Validation Loss: 0.7899
Epoch 11/20 - Loss: 0.4391, Acc: 0.7862
Validation Loss: 0.7682
Early stopping triggered
Test Accuracy: 0.6645435244161358
Confusion Matrix:
[[278  70]
 [ 88  35]]
Training with Seed=235
torch.Size([32, 42])
[42, 800, 2]
Epoch 1/20 - Loss: 0.7145, Acc: 0.5817
Validation Loss: 0.7263
Epoch 2/20 - Loss: 0.6300, Acc: 0.6487
Validation Loss: 0.6573
Epoch 3/20 - Loss: 0.6158, Acc: 0.6687
Validation Loss: 0.6288
Epoch 4/20 - Loss: 0.6235, Acc: 0.6647
Validation Loss: 0.7004
Epoch 5/20 - Loss: 0.5496, Acc: 0.7058
Validation Loss: 0.7330
Epoch 6/20 - Loss: 0.5254, Acc: 0.7331
Validation Loss: 0.6797
Epoch 7/20 - Loss: 0.4964, Acc: 0.7556
Validation Loss: 0.6725
Epoch 8/20 - Loss: 0.4766, Acc: 0.7610
Validation Loss: 0.6871
Early stopping triggered
Test Accuracy: 0.673036093418259
Confusion Matrix:
[[276  72]
 [ 82  41]]
Avg perf for seed=235: 0.5964099594672843
Next Dataset . . .pca_val=43
Training with Seed=748
torch.Size([32, 43])
[43, 800, 2]
Epoch 1/20 - Loss: 0.7173, Acc: 0.5664
Validation Loss: 0.7379
Epoch 2/20 - Loss: 0.6519, Acc: 0.6361
Validation Loss: 0.8046
Epoch 3/20 - Loss: 0.6110, Acc: 0.6667
Validation Loss: 0.6759
Epoch 4/20 - Loss: 0.5780, Acc: 0.7138
Validation Loss: 0.6910
Epoch 5/20 - Loss: 0.5264, Acc: 0.7397
Validation Loss: 0.6540
Epoch 6/20 - Loss: 0.5234, Acc: 0.7517
Validation Loss: 0.8486
Epoch 7/20 - Loss: 0.4833, Acc: 0.7689
Validation Loss: 0.6710
Epoch 8/20 - Loss: 0.4744, Acc: 0.7590
Validation Loss: 0.7046
Epoch 9/20 - Loss: 0.4525, Acc: 0.7968
Validation Loss: 0.7367
Epoch 10/20 - Loss: 0.4428, Acc: 0.7981
Validation Loss: 0.8108
Early stopping triggered
Test Accuracy: 0.6050955414012739
Confusion Matrix:
[[208 140]
 [ 46  77]]
Training with Seed=87209
torch.Size([32, 43])
[43, 800, 2]
Epoch 1/20 - Loss: 0.7070, Acc: 0.5817
Validation Loss: 0.7165
Epoch 2/20 - Loss: 0.6407, Acc: 0.6321
Validation Loss: 0.7942
Epoch 3/20 - Loss: 0.6076, Acc: 0.6600
Validation Loss: 0.6987
Epoch 4/20 - Loss: 0.5612, Acc: 0.7118
Validation Loss: 0.6681
Epoch 5/20 - Loss: 0.5182, Acc: 0.7450
Validation Loss: 0.6941
Epoch 6/20 - Loss: 0.5010, Acc: 0.7477
Validation Loss: 0.7476
Epoch 7/20 - Loss: 0.5149, Acc: 0.7643
Validation Loss: 0.7133
Epoch 8/20 - Loss: 0.4708, Acc: 0.7669
Validation Loss: 0.6945
Epoch 9/20 - Loss: 0.4603, Acc: 0.7683
Validation Loss: 0.7044
Early stopping triggered
Test Accuracy: 0.5307855626326964
Confusion Matrix:
[[168 180]
 [ 41  82]]
Training with Seed=679
torch.Size([32, 43])
[43, 800, 2]
Epoch 1/20 - Loss: 0.7227, Acc: 0.5810
Validation Loss: 0.6728
Epoch 2/20 - Loss: 0.6429, Acc: 0.6394
Validation Loss: 0.7379
Epoch 3/20 - Loss: 0.6299, Acc: 0.6527
Validation Loss: 0.7284
Epoch 4/20 - Loss: 0.5580, Acc: 0.7019
Validation Loss: 0.7219
Epoch 5/20 - Loss: 0.5543, Acc: 0.7112
Validation Loss: 0.7309
Epoch 6/20 - Loss: 0.4938, Acc: 0.7563
Validation Loss: 0.7390
Early stopping triggered
Test Accuracy: 0.5690021231422505
Confusion Matrix:
[[210 138]
 [ 65  58]]
Training with Seed=222
torch.Size([32, 43])
[43, 800, 2]
Epoch 1/20 - Loss: 0.7277, Acc: 0.5784
Validation Loss: 0.7349
Epoch 2/20 - Loss: 0.6145, Acc: 0.6560
Validation Loss: 0.7008
Epoch 3/20 - Loss: 0.6092, Acc: 0.6680
Validation Loss: 0.7886
Epoch 4/20 - Loss: 0.5719, Acc: 0.7039
Validation Loss: 0.6714
Epoch 5/20 - Loss: 0.5307, Acc: 0.7337
Validation Loss: 0.6855
Epoch 6/20 - Loss: 0.4981, Acc: 0.7463
Validation Loss: 0.6816
Epoch 7/20 - Loss: 0.5010, Acc: 0.7523
Validation Loss: 0.7455
Epoch 8/20 - Loss: 0.4972, Acc: 0.7556
Validation Loss: 0.7886
Epoch 9/20 - Loss: 0.4792, Acc: 0.7709
Validation Loss: 0.6567
Epoch 10/20 - Loss: 0.4875, Acc: 0.7935
Validation Loss: 0.6792
Epoch 11/20 - Loss: 0.4231, Acc: 0.7875
Validation Loss: 0.6970
Epoch 12/20 - Loss: 0.4471, Acc: 0.7703
Validation Loss: 0.8171
Epoch 13/20 - Loss: 0.4185, Acc: 0.7935
Validation Loss: 0.7134
Epoch 14/20 - Loss: 0.3979, Acc: 0.8167
Validation Loss: 0.6985
Early stopping triggered
Test Accuracy: 0.643312101910828
Confusion Matrix:
[[262  86]
 [ 82  41]]
Training with Seed=62
torch.Size([32, 43])
[43, 800, 2]
Epoch 1/20 - Loss: 0.7319, Acc: 0.5744
Validation Loss: 0.6860
Epoch 2/20 - Loss: 0.6444, Acc: 0.6348
Validation Loss: 0.7199
Epoch 3/20 - Loss: 0.5893, Acc: 0.6753
Validation Loss: 0.6493
Epoch 4/20 - Loss: 0.5941, Acc: 0.7072
Validation Loss: 0.6873
Epoch 5/20 - Loss: 0.5379, Acc: 0.7337
Validation Loss: 0.6433
Epoch 6/20 - Loss: 0.5174, Acc: 0.7457
Validation Loss: 0.6965
Epoch 7/20 - Loss: 0.4898, Acc: 0.7689
Validation Loss: 0.7372
Epoch 8/20 - Loss: 0.4907, Acc: 0.7623
Validation Loss: 0.6719
Epoch 9/20 - Loss: 0.4608, Acc: 0.7809
Validation Loss: 0.6712
Epoch 10/20 - Loss: 0.4513, Acc: 0.7802
Validation Loss: 0.6828
Early stopping triggered
Test Accuracy: 0.6029723991507431
Confusion Matrix:
[[240 108]
 [ 79  44]]
Training with Seed=45
torch.Size([32, 43])
[43, 800, 2]
Epoch 1/20 - Loss: 0.7018, Acc: 0.5890
Validation Loss: 0.6893
Epoch 2/20 - Loss: 0.6391, Acc: 0.6627
Validation Loss: 0.7027
Epoch 3/20 - Loss: 0.6021, Acc: 0.6866
Validation Loss: 0.6693
Epoch 4/20 - Loss: 0.5847, Acc: 0.6892
Validation Loss: 0.6576
Epoch 5/20 - Loss: 0.5586, Acc: 0.7118
Validation Loss: 0.6526
Epoch 6/20 - Loss: 0.5339, Acc: 0.7291
Validation Loss: 0.6597
Epoch 7/20 - Loss: 0.5114, Acc: 0.7503
Validation Loss: 0.6827
Epoch 8/20 - Loss: 0.4566, Acc: 0.7835
Validation Loss: 0.6822
Epoch 9/20 - Loss: 0.4456, Acc: 0.7888
Validation Loss: 0.7043
Epoch 10/20 - Loss: 0.4520, Acc: 0.7716
Validation Loss: 0.7190
Early stopping triggered
Test Accuracy: 0.6454352441613588
Confusion Matrix:
[[258  90]
 [ 77  46]]
Training with Seed=235
torch.Size([32, 43])
[43, 800, 2]
Epoch 1/20 - Loss: 0.6622, Acc: 0.6235
Validation Loss: 0.6590
Epoch 2/20 - Loss: 0.6351, Acc: 0.6408
Validation Loss: 0.6554
Epoch 3/20 - Loss: 0.5960, Acc: 0.6806
Validation Loss: 0.7362
Epoch 4/20 - Loss: 0.5749, Acc: 0.7045
Validation Loss: 0.6770
Epoch 5/20 - Loss: 0.5357, Acc: 0.7351
Validation Loss: 0.6974
Epoch 6/20 - Loss: 0.5560, Acc: 0.7185
Validation Loss: 0.7439
Epoch 7/20 - Loss: 0.4994, Acc: 0.7457
Validation Loss: 0.6822
Early stopping triggered
Test Accuracy: 0.5944798301486199
Confusion Matrix:
[[231 117]
 [ 74  49]]
Training with Seed=333
torch.Size([32, 43])
[43, 800, 2]
Epoch 1/20 - Loss: 0.7217, Acc: 0.5876
Validation Loss: 0.7167
Epoch 2/20 - Loss: 0.6397, Acc: 0.6481
Validation Loss: 0.7220
Epoch 3/20 - Loss: 0.5774, Acc: 0.6866
Validation Loss: 0.6540
Epoch 4/20 - Loss: 0.5642, Acc: 0.7244
Validation Loss: 0.6690
Epoch 5/20 - Loss: 0.5579, Acc: 0.7224
Validation Loss: 0.7502
Epoch 6/20 - Loss: 0.5170, Acc: 0.7510
Validation Loss: 0.7619
Epoch 7/20 - Loss: 0.4930, Acc: 0.7610
Validation Loss: 0.7062
Epoch 8/20 - Loss: 0.4630, Acc: 0.7663
Validation Loss: 0.6347
Epoch 9/20 - Loss: 0.4611, Acc: 0.7789
Validation Loss: 0.6841
Epoch 10/20 - Loss: 0.4837, Acc: 0.7802
Validation Loss: 0.7425
Epoch 11/20 - Loss: 0.4214, Acc: 0.8028
Validation Loss: 0.6978
Epoch 12/20 - Loss: 0.4295, Acc: 0.8174
Validation Loss: 0.6754
Epoch 13/20 - Loss: 0.4681, Acc: 0.7762
Validation Loss: 0.7017
Early stopping triggered
Test Accuracy: 0.6475583864118896
Confusion Matrix:
[[262  86]
 [ 80  43]]
Training with Seed=35744
torch.Size([32, 43])
[43, 800, 2]
Epoch 1/20 - Loss: 0.7114, Acc: 0.5750
Validation Loss: 0.7367
Epoch 2/20 - Loss: 0.6520, Acc: 0.6255
Validation Loss: 0.7368
Epoch 3/20 - Loss: 0.5918, Acc: 0.6833
Validation Loss: 0.6337
Epoch 4/20 - Loss: 0.5925, Acc: 0.6939
Validation Loss: 0.7015
Epoch 5/20 - Loss: 0.5500, Acc: 0.7085
Validation Loss: 0.6788
Epoch 6/20 - Loss: 0.5666, Acc: 0.7151
Validation Loss: 0.6410
Epoch 7/20 - Loss: 0.5090, Acc: 0.7324
Validation Loss: 0.6759
Epoch 8/20 - Loss: 0.4863, Acc: 0.7623
Validation Loss: 0.7049
Early stopping triggered
Test Accuracy: 0.5817409766454352
Confusion Matrix:
[[219 129]
 [ 68  55]]
Training with Seed=2523
torch.Size([32, 43])
[43, 800, 2]
Epoch 1/20 - Loss: 0.6938, Acc: 0.5963
Validation Loss: 0.7049
Epoch 2/20 - Loss: 0.6538, Acc: 0.6501
Validation Loss: 0.6722
Epoch 3/20 - Loss: 0.6184, Acc: 0.6541
Validation Loss: 0.7494
Epoch 4/20 - Loss: 0.5634, Acc: 0.6912
Validation Loss: 0.7134
Epoch 5/20 - Loss: 0.5437, Acc: 0.7297
Validation Loss: 0.6556
Epoch 6/20 - Loss: 0.5304, Acc: 0.7311
Validation Loss: 0.7265
Epoch 7/20 - Loss: 0.4938, Acc: 0.7636
Validation Loss: 0.8747
Epoch 8/20 - Loss: 0.4910, Acc: 0.7676
Validation Loss: 0.6572
Epoch 9/20 - Loss: 0.4655, Acc: 0.8028
Validation Loss: 0.7462
Epoch 10/20 - Loss: 0.4648, Acc: 0.8028
Validation Loss: 0.7492
Early stopping triggered
Test Accuracy: 0.5881104033970276
Confusion Matrix:
[[222 126]
 [ 68  55]]
Training with Seed=235
torch.Size([32, 43])
[43, 800, 2]
Epoch 1/20 - Loss: 0.7092, Acc: 0.5969
Validation Loss: 0.6651
Epoch 2/20 - Loss: 0.6561, Acc: 0.6454
Validation Loss: 0.6619
Epoch 3/20 - Loss: 0.5838, Acc: 0.6879
Validation Loss: 0.7227
Epoch 4/20 - Loss: 0.6001, Acc: 0.6839
Validation Loss: 0.6957
Epoch 5/20 - Loss: 0.5684, Acc: 0.7058
Validation Loss: 0.7059
Epoch 6/20 - Loss: 0.5340, Acc: 0.7218
Validation Loss: 0.6891
Epoch 7/20 - Loss: 0.5025, Acc: 0.7490
Validation Loss: 0.6261
Epoch 8/20 - Loss: 0.4785, Acc: 0.7782
Validation Loss: 0.6695
Epoch 9/20 - Loss: 0.4627, Acc: 0.7789
Validation Loss: 0.7853
Epoch 10/20 - Loss: 0.4522, Acc: 0.7795
Validation Loss: 0.7662
Epoch 11/20 - Loss: 0.4252, Acc: 0.7955
Validation Loss: 0.6716
Epoch 12/20 - Loss: 0.4147, Acc: 0.8161
Validation Loss: 0.7196
Early stopping triggered
Test Accuracy: 0.6390658174097664
Confusion Matrix:
[[261  87]
 [ 83  40]]
Avg perf for seed=235: 0.604323489673808
Next Dataset . . .pca_val=44
Training with Seed=748
torch.Size([32, 44])
[44, 800, 2]
Epoch 1/20 - Loss: 0.7338, Acc: 0.5963
Validation Loss: 0.7027
Epoch 2/20 - Loss: 0.6346, Acc: 0.6434
Validation Loss: 0.6473
Epoch 3/20 - Loss: 0.6510, Acc: 0.6594
Validation Loss: 0.7738
Epoch 4/20 - Loss: 0.5882, Acc: 0.6866
Validation Loss: 0.6635
Epoch 5/20 - Loss: 0.5412, Acc: 0.7191
Validation Loss: 0.7344
Epoch 6/20 - Loss: 0.5064, Acc: 0.7417
Validation Loss: 0.7497
Epoch 7/20 - Loss: 0.4960, Acc: 0.7530
Validation Loss: 0.7007
Early stopping triggered
Test Accuracy: 0.6008492569002123
Confusion Matrix:
[[235 113]
 [ 75  48]]
Training with Seed=87209
torch.Size([32, 44])
[44, 800, 2]
Epoch 1/20 - Loss: 0.7370, Acc: 0.5691
Validation Loss: 0.6845
Epoch 2/20 - Loss: 0.6403, Acc: 0.6461
Validation Loss: 0.7051
Epoch 3/20 - Loss: 0.6002, Acc: 0.6793
Validation Loss: 0.6916
Epoch 4/20 - Loss: 0.5643, Acc: 0.7085
Validation Loss: 0.7490
Epoch 5/20 - Loss: 0.5460, Acc: 0.7171
Validation Loss: 0.7573
Epoch 6/20 - Loss: 0.5098, Acc: 0.7457
Validation Loss: 0.8243
Early stopping triggered
Test Accuracy: 0.4989384288747346
Confusion Matrix:
[[153 195]
 [ 41  82]]
Training with Seed=679
torch.Size([32, 44])
[44, 800, 2]
Epoch 1/20 - Loss: 0.6987, Acc: 0.5876
Validation Loss: 0.7222
Epoch 2/20 - Loss: 0.6301, Acc: 0.6381
Validation Loss: 0.6873
Epoch 3/20 - Loss: 0.5976, Acc: 0.6799
Validation Loss: 0.7919
Epoch 4/20 - Loss: 0.5719, Acc: 0.6786
Validation Loss: 0.7282
Epoch 5/20 - Loss: 0.5377, Acc: 0.7297
Validation Loss: 0.7390
Epoch 6/20 - Loss: 0.5118, Acc: 0.7463
Validation Loss: 0.7572
Epoch 7/20 - Loss: 0.4979, Acc: 0.7397
Validation Loss: 0.7120
Early stopping triggered
Test Accuracy: 0.5923566878980892
Confusion Matrix:
[[235 113]
 [ 79  44]]
Training with Seed=222
torch.Size([32, 44])
[44, 800, 2]
Epoch 1/20 - Loss: 0.7234, Acc: 0.5744
Validation Loss: 0.7222
Epoch 2/20 - Loss: 0.6397, Acc: 0.6567
Validation Loss: 0.6587
Epoch 3/20 - Loss: 0.5872, Acc: 0.6912
Validation Loss: 0.6374
Epoch 4/20 - Loss: 0.5617, Acc: 0.7072
Validation Loss: 0.6514
Epoch 5/20 - Loss: 0.5332, Acc: 0.7291
Validation Loss: 0.6544
Epoch 6/20 - Loss: 0.5381, Acc: 0.7324
Validation Loss: 0.7302
Epoch 7/20 - Loss: 0.5070, Acc: 0.7543
Validation Loss: 0.6488
Epoch 8/20 - Loss: 0.4813, Acc: 0.7517
Validation Loss: 0.7242
Early stopping triggered
Test Accuracy: 0.5753715498938429
Confusion Matrix:
[[225 123]
 [ 77  46]]
Training with Seed=62
torch.Size([32, 44])
[44, 800, 2]
Epoch 1/20 - Loss: 0.6917, Acc: 0.6009
Validation Loss: 0.6750
Epoch 2/20 - Loss: 0.6411, Acc: 0.6394
Validation Loss: 0.6350
Epoch 3/20 - Loss: 0.6006, Acc: 0.6766
Validation Loss: 0.6259
Epoch 4/20 - Loss: 0.5745, Acc: 0.6959
Validation Loss: 0.7097
Epoch 5/20 - Loss: 0.5507, Acc: 0.7105
Validation Loss: 0.6518
Epoch 6/20 - Loss: 0.5334, Acc: 0.7351
Validation Loss: 0.7507
Epoch 7/20 - Loss: 0.5243, Acc: 0.7510
Validation Loss: 0.7741
Epoch 8/20 - Loss: 0.4974, Acc: 0.7563
Validation Loss: 0.7591
Early stopping triggered
Test Accuracy: 0.5456475583864119
Confusion Matrix:
[[175 173]
 [ 41  82]]
Training with Seed=45
torch.Size([32, 44])
[44, 800, 2]
Epoch 1/20 - Loss: 0.7010, Acc: 0.5837
Validation Loss: 0.7469
Epoch 2/20 - Loss: 0.6547, Acc: 0.6388
Validation Loss: 0.6586
Epoch 3/20 - Loss: 0.6146, Acc: 0.6799
Validation Loss: 0.8749
Epoch 4/20 - Loss: 0.5636, Acc: 0.6899
Validation Loss: 0.7086
Epoch 5/20 - Loss: 0.5353, Acc: 0.7198
Validation Loss: 0.6938
Epoch 6/20 - Loss: 0.5047, Acc: 0.7430
Validation Loss: 0.6484
Epoch 7/20 - Loss: 0.5290, Acc: 0.7523
Validation Loss: 0.6848
Epoch 8/20 - Loss: 0.4575, Acc: 0.7782
Validation Loss: 0.6764
Epoch 9/20 - Loss: 0.4511, Acc: 0.7902
Validation Loss: 0.7105
Epoch 10/20 - Loss: 0.4545, Acc: 0.7862
Validation Loss: 0.7032
Epoch 11/20 - Loss: 0.4144, Acc: 0.8094
Validation Loss: 0.7603
Early stopping triggered
Test Accuracy: 0.5859872611464968
Confusion Matrix:
[[224 124]
 [ 71  52]]
Training with Seed=235
torch.Size([32, 44])
[44, 800, 2]
Epoch 1/20 - Loss: 0.7320, Acc: 0.5890
Validation Loss: 0.6657
Epoch 2/20 - Loss: 0.6669, Acc: 0.6202
Validation Loss: 0.7981
Epoch 3/20 - Loss: 0.6089, Acc: 0.6720
Validation Loss: 0.6633
Epoch 4/20 - Loss: 0.5843, Acc: 0.7085
Validation Loss: 0.7071
Epoch 5/20 - Loss: 0.5411, Acc: 0.7271
Validation Loss: 0.6815
Epoch 6/20 - Loss: 0.5258, Acc: 0.7417
Validation Loss: 0.7123
Epoch 7/20 - Loss: 0.4895, Acc: 0.7669
Validation Loss: 0.6820
Epoch 8/20 - Loss: 0.5007, Acc: 0.7410
Validation Loss: 0.7386
Early stopping triggered
Test Accuracy: 0.5859872611464968
Confusion Matrix:
[[218 130]
 [ 65  58]]
Training with Seed=333
torch.Size([32, 44])
[44, 800, 2]
Epoch 1/20 - Loss: 0.6976, Acc: 0.5903
Validation Loss: 0.6869
Epoch 2/20 - Loss: 0.6545, Acc: 0.6421
Validation Loss: 0.7443
Epoch 3/20 - Loss: 0.5799, Acc: 0.6846
Validation Loss: 0.7084
Epoch 4/20 - Loss: 0.5880, Acc: 0.6839
Validation Loss: 0.8320
Epoch 5/20 - Loss: 0.5253, Acc: 0.7390
Validation Loss: 0.6928
Epoch 6/20 - Loss: 0.5301, Acc: 0.7138
Validation Loss: 0.8619
Early stopping triggered
Test Accuracy: 0.47558386411889597
Confusion Matrix:
[[139 209]
 [ 38  85]]
Training with Seed=35744
torch.Size([32, 44])
[44, 800, 2]
Epoch 1/20 - Loss: 0.7391, Acc: 0.5803
Validation Loss: 0.6963
Epoch 2/20 - Loss: 0.6428, Acc: 0.6461
Validation Loss: 0.7097
Epoch 3/20 - Loss: 0.5856, Acc: 0.6926
Validation Loss: 0.6451
Epoch 4/20 - Loss: 0.6011, Acc: 0.6846
Validation Loss: 0.7091
Epoch 5/20 - Loss: 0.5576, Acc: 0.7052
Validation Loss: 0.7684
Epoch 6/20 - Loss: 0.5168, Acc: 0.7477
Validation Loss: 0.7301
Epoch 7/20 - Loss: 0.5004, Acc: 0.7497
Validation Loss: 0.6607
Epoch 8/20 - Loss: 0.4720, Acc: 0.7649
Validation Loss: 0.7152
Early stopping triggered
Test Accuracy: 0.5414012738853503
Confusion Matrix:
[[180 168]
 [ 48  75]]
Training with Seed=2523
torch.Size([32, 44])
[44, 800, 2]
Epoch 1/20 - Loss: 0.7138, Acc: 0.5823
Validation Loss: 0.6518
Epoch 2/20 - Loss: 0.6382, Acc: 0.6428
Validation Loss: 0.7446
Epoch 3/20 - Loss: 0.6119, Acc: 0.6766
Validation Loss: 0.7497
Epoch 4/20 - Loss: 0.5696, Acc: 0.7078
Validation Loss: 0.6701
Epoch 5/20 - Loss: 0.5864, Acc: 0.7112
Validation Loss: 0.7146
Epoch 6/20 - Loss: 0.5188, Acc: 0.7404
Validation Loss: 0.6956
Early stopping triggered
Test Accuracy: 0.5923566878980892
Confusion Matrix:
[[230 118]
 [ 74  49]]
Training with Seed=235
torch.Size([32, 44])
[44, 800, 2]
Epoch 1/20 - Loss: 0.7112, Acc: 0.5870
Validation Loss: 0.7455
Epoch 2/20 - Loss: 0.6369, Acc: 0.6448
Validation Loss: 0.6823
Epoch 3/20 - Loss: 0.5873, Acc: 0.6892
Validation Loss: 0.6492
Epoch 4/20 - Loss: 0.5594, Acc: 0.6992
Validation Loss: 0.6292
Epoch 5/20 - Loss: 0.5457, Acc: 0.7185
Validation Loss: 0.6545
Epoch 6/20 - Loss: 0.5283, Acc: 0.7357
Validation Loss: 0.7373
Epoch 7/20 - Loss: 0.5189, Acc: 0.7390
Validation Loss: 0.7190
Epoch 8/20 - Loss: 0.4742, Acc: 0.7683
Validation Loss: 0.6719
Epoch 9/20 - Loss: 0.4644, Acc: 0.7762
Validation Loss: 0.6570
Early stopping triggered
Test Accuracy: 0.6411889596602972
Confusion Matrix:
[[273  75]
 [ 94  29]]
Avg perf for seed=235: 0.5668789808917197
Next Dataset . . .pca_val=48
Training with Seed=748
torch.Size([32, 48])
[48, 800, 2]
Epoch 1/20 - Loss: 0.7257, Acc: 0.6036
Validation Loss: 0.7454
Epoch 2/20 - Loss: 0.6668, Acc: 0.6301
Validation Loss: 0.7444
Epoch 3/20 - Loss: 0.6096, Acc: 0.6813
Validation Loss: 0.6746
Epoch 4/20 - Loss: 0.5580, Acc: 0.7224
Validation Loss: 0.6719
Epoch 5/20 - Loss: 0.5370, Acc: 0.7211
Validation Loss: 0.7331
Epoch 6/20 - Loss: 0.5096, Acc: 0.7444
Validation Loss: 0.6806
Epoch 7/20 - Loss: 0.5003, Acc: 0.7596
Validation Loss: 0.6776
Epoch 8/20 - Loss: 0.4712, Acc: 0.7789
Validation Loss: 0.6600
Epoch 9/20 - Loss: 0.4521, Acc: 0.7822
Validation Loss: 0.6656
Epoch 10/20 - Loss: 0.4422, Acc: 0.7888
Validation Loss: 0.7002
Epoch 11/20 - Loss: 0.4126, Acc: 0.8174
Validation Loss: 0.6910
Epoch 12/20 - Loss: 0.3868, Acc: 0.8194
Validation Loss: 0.7213
Epoch 13/20 - Loss: 0.3730, Acc: 0.8287
Validation Loss: 0.7222
Early stopping triggered
Test Accuracy: 0.6178343949044586
Confusion Matrix:
[[251  97]
 [ 83  40]]
Training with Seed=87209
torch.Size([32, 48])
[48, 800, 2]
Epoch 1/20 - Loss: 0.7445, Acc: 0.5677
Validation Loss: 0.7117
Epoch 2/20 - Loss: 0.6338, Acc: 0.6454
Validation Loss: 0.7565
Epoch 3/20 - Loss: 0.5831, Acc: 0.6972
Validation Loss: 0.7201
Epoch 4/20 - Loss: 0.5393, Acc: 0.7258
Validation Loss: 0.7581
Epoch 5/20 - Loss: 0.5340, Acc: 0.7450
Validation Loss: 0.7272
Epoch 6/20 - Loss: 0.5233, Acc: 0.7344
Validation Loss: 0.7059
Epoch 7/20 - Loss: 0.4868, Acc: 0.7669
Validation Loss: 0.6675
Epoch 8/20 - Loss: 0.4375, Acc: 0.8101
Validation Loss: 0.6959
Epoch 9/20 - Loss: 0.4562, Acc: 0.7762
Validation Loss: 0.7777
Epoch 10/20 - Loss: 0.4343, Acc: 0.8035
Validation Loss: 0.6512
Epoch 11/20 - Loss: 0.3725, Acc: 0.8446
Validation Loss: 0.6983
Epoch 12/20 - Loss: 0.3893, Acc: 0.8333
Validation Loss: 0.6949
Epoch 13/20 - Loss: 0.3957, Acc: 0.8287
Validation Loss: 0.7344
Epoch 14/20 - Loss: 0.3687, Acc: 0.8260
Validation Loss: 0.7835
Epoch 15/20 - Loss: 0.3550, Acc: 0.8313
Validation Loss: 0.9138
Early stopping triggered
Test Accuracy: 0.5668789808917197
Confusion Matrix:
[[187 161]
 [ 43  80]]
Training with Seed=679
torch.Size([32, 48])
[48, 800, 2]
Epoch 1/20 - Loss: 0.7144, Acc: 0.5863
Validation Loss: 0.7139
Epoch 2/20 - Loss: 0.6544, Acc: 0.6361
Validation Loss: 0.6933
Epoch 3/20 - Loss: 0.6030, Acc: 0.6866
Validation Loss: 0.6617
Epoch 4/20 - Loss: 0.5610, Acc: 0.6873
Validation Loss: 0.6770
Epoch 5/20 - Loss: 0.5008, Acc: 0.7510
Validation Loss: 0.7933
Epoch 6/20 - Loss: 0.4961, Acc: 0.7556
Validation Loss: 0.9076
Epoch 7/20 - Loss: 0.4813, Acc: 0.7869
Validation Loss: 0.6529
Epoch 8/20 - Loss: 0.4624, Acc: 0.7716
Validation Loss: 0.7358
Epoch 9/20 - Loss: 0.4264, Acc: 0.7895
Validation Loss: 0.6913
Epoch 10/20 - Loss: 0.4268, Acc: 0.7928
Validation Loss: 0.6956
Epoch 11/20 - Loss: 0.3886, Acc: 0.8154
Validation Loss: 0.7192
Epoch 12/20 - Loss: 0.3637, Acc: 0.8426
Validation Loss: 0.7393
Early stopping triggered
Test Accuracy: 0.6602972399150743
Confusion Matrix:
[[263  85]
 [ 75  48]]
Training with Seed=222
torch.Size([32, 48])
[48, 800, 2]
Epoch 1/20 - Loss: 0.7100, Acc: 0.5903
Validation Loss: 0.7349
Epoch 2/20 - Loss: 0.6606, Acc: 0.6202
Validation Loss: 0.6881
Epoch 3/20 - Loss: 0.5837, Acc: 0.6979
Validation Loss: 0.6680
Epoch 4/20 - Loss: 0.5499, Acc: 0.7271
Validation Loss: 0.6561
Epoch 5/20 - Loss: 0.5202, Acc: 0.7510
Validation Loss: 0.6933
Epoch 6/20 - Loss: 0.5240, Acc: 0.7384
Validation Loss: 0.6798
Epoch 7/20 - Loss: 0.4905, Acc: 0.7669
Validation Loss: 0.6944
Epoch 8/20 - Loss: 0.4599, Acc: 0.7829
Validation Loss: 0.6874
Epoch 9/20 - Loss: 0.4356, Acc: 0.7862
Validation Loss: 0.6363
Epoch 10/20 - Loss: 0.4173, Acc: 0.8088
Validation Loss: 0.7038
Epoch 11/20 - Loss: 0.4158, Acc: 0.8167
Validation Loss: 0.6940
Epoch 12/20 - Loss: 0.3779, Acc: 0.8254
Validation Loss: 0.7235
Epoch 13/20 - Loss: 0.3795, Acc: 0.8187
Validation Loss: 0.7806
Epoch 14/20 - Loss: 0.3765, Acc: 0.8367
Validation Loss: 0.8109
Early stopping triggered
Test Accuracy: 0.5392781316348195
Confusion Matrix:
[[172 176]
 [ 41  82]]
Training with Seed=62
torch.Size([32, 48])
[48, 800, 2]
Epoch 1/20 - Loss: 0.7354, Acc: 0.5717
Validation Loss: 0.6402
Epoch 2/20 - Loss: 0.6107, Acc: 0.6766
Validation Loss: 0.7431
Epoch 3/20 - Loss: 0.6069, Acc: 0.6733
Validation Loss: 0.6397
Epoch 4/20 - Loss: 0.5853, Acc: 0.7205
Validation Loss: 0.7216
Epoch 5/20 - Loss: 0.5358, Acc: 0.7304
Validation Loss: 0.6636
Epoch 6/20 - Loss: 0.5085, Acc: 0.7510
Validation Loss: 0.8224
Epoch 7/20 - Loss: 0.4882, Acc: 0.7716
Validation Loss: 0.6805
Epoch 8/20 - Loss: 0.4629, Acc: 0.7616
Validation Loss: 0.8029
Early stopping triggered
Test Accuracy: 0.535031847133758
Confusion Matrix:
[[192 156]
 [ 63  60]]
Training with Seed=45
torch.Size([32, 48])
[48, 800, 2]
Epoch 1/20 - Loss: 0.7447, Acc: 0.5691
Validation Loss: 0.6528
Epoch 2/20 - Loss: 0.6090, Acc: 0.6932
Validation Loss: 0.7781
Epoch 3/20 - Loss: 0.6287, Acc: 0.6640
Validation Loss: 0.7179
Epoch 4/20 - Loss: 0.5665, Acc: 0.7039
Validation Loss: 0.6977
Epoch 5/20 - Loss: 0.5407, Acc: 0.7185
Validation Loss: 0.7011
Epoch 6/20 - Loss: 0.5156, Acc: 0.7510
Validation Loss: 0.6921
Early stopping triggered
Test Accuracy: 0.5966029723991507
Confusion Matrix:
[[232 116]
 [ 74  49]]
Training with Seed=235
torch.Size([32, 48])
[48, 800, 2]
Epoch 1/20 - Loss: 0.7003, Acc: 0.5883
Validation Loss: 0.6429
Epoch 2/20 - Loss: 0.6606, Acc: 0.6467
Validation Loss: 0.7187
Epoch 3/20 - Loss: 0.6119, Acc: 0.6707
Validation Loss: 0.8739
Epoch 4/20 - Loss: 0.5613, Acc: 0.7019
Validation Loss: 0.6507
Epoch 5/20 - Loss: 0.5426, Acc: 0.7324
Validation Loss: 0.6797
Epoch 6/20 - Loss: 0.4897, Acc: 0.7689
Validation Loss: 0.7613
Early stopping triggered
Test Accuracy: 0.5180467091295117
Confusion Matrix:
[[167 181]
 [ 46  77]]
Training with Seed=333
torch.Size([32, 48])
[48, 800, 2]
Epoch 1/20 - Loss: 0.7408, Acc: 0.5790
Validation Loss: 0.6681
Epoch 2/20 - Loss: 0.6541, Acc: 0.6169
Validation Loss: 0.6506
Epoch 3/20 - Loss: 0.6229, Acc: 0.6567
Validation Loss: 0.6668
Epoch 4/20 - Loss: 0.5607, Acc: 0.7105
Validation Loss: 0.6783
Epoch 5/20 - Loss: 0.5119, Acc: 0.7424
Validation Loss: 0.6826
Epoch 6/20 - Loss: 0.5204, Acc: 0.7324
Validation Loss: 0.6576
Epoch 7/20 - Loss: 0.4875, Acc: 0.7616
Validation Loss: 0.6730
Early stopping triggered
Test Accuracy: 0.6624203821656051
Confusion Matrix:
[[268  80]
 [ 79  44]]
Training with Seed=35744
torch.Size([32, 48])
[48, 800, 2]
Epoch 1/20 - Loss: 0.7259, Acc: 0.5890
Validation Loss: 0.7174
Epoch 2/20 - Loss: 0.6301, Acc: 0.6467
Validation Loss: 0.7629
Epoch 3/20 - Loss: 0.5892, Acc: 0.6912
Validation Loss: 0.7038
Epoch 4/20 - Loss: 0.5571, Acc: 0.7065
Validation Loss: 0.7539
Epoch 5/20 - Loss: 0.5498, Acc: 0.7205
Validation Loss: 0.6916
Epoch 6/20 - Loss: 0.5017, Acc: 0.7497
Validation Loss: 0.6720
Epoch 7/20 - Loss: 0.4809, Acc: 0.7510
Validation Loss: 0.7942
Epoch 8/20 - Loss: 0.4723, Acc: 0.7696
Validation Loss: 0.7554
Epoch 9/20 - Loss: 0.4608, Acc: 0.7948
Validation Loss: 0.7618
Epoch 10/20 - Loss: 0.4132, Acc: 0.8081
Validation Loss: 0.6928
Epoch 11/20 - Loss: 0.4105, Acc: 0.8207
Validation Loss: 0.7086
Early stopping triggered
Test Accuracy: 0.5966029723991507
Confusion Matrix:
[[209 139]
 [ 51  72]]
Training with Seed=2523
torch.Size([32, 48])
[48, 800, 2]
Epoch 1/20 - Loss: 0.7793, Acc: 0.5325
Validation Loss: 0.7581
Epoch 2/20 - Loss: 0.6595, Acc: 0.6388
Validation Loss: 0.6165
Epoch 3/20 - Loss: 0.6100, Acc: 0.6534
Validation Loss: 0.6806
Epoch 4/20 - Loss: 0.5580, Acc: 0.7072
Validation Loss: 0.7325
Epoch 5/20 - Loss: 0.5385, Acc: 0.7251
Validation Loss: 0.6379
Epoch 6/20 - Loss: 0.4911, Acc: 0.7563
Validation Loss: 0.6909
Epoch 7/20 - Loss: 0.5024, Acc: 0.7444
Validation Loss: 0.6900
Early stopping triggered
Test Accuracy: 0.6008492569002123
Confusion Matrix:
[[239 109]
 [ 79  44]]
Training with Seed=235
classify.py:387: UserWarning: Creating a tensor from a list of numpy.ndarrays is extremely slow. Please consider converting the list to a single numpy.ndarray with numpy.array() before converting to a tensor. (Triggered internally at  ../torch/csrc/utils/tensor_new.cpp:201.)
  features = torch.tensor(features, dtype=torch.float32)
torch.Size([32, 48])
[48, 800, 2]
Epoch 1/20 - Loss: 0.7222, Acc: 0.5996
Validation Loss: 0.6570
Epoch 2/20 - Loss: 0.6521, Acc: 0.6275
Validation Loss: 0.6723
Epoch 3/20 - Loss: 0.6069, Acc: 0.6700
Validation Loss: 0.6985
Epoch 4/20 - Loss: 0.5703, Acc: 0.7032
Validation Loss: 0.7284
Epoch 5/20 - Loss: 0.5165, Acc: 0.7410
Validation Loss: 0.6901
Epoch 6/20 - Loss: 0.5264, Acc: 0.7490
Validation Loss: 0.6547
Epoch 7/20 - Loss: 0.4859, Acc: 0.7669
Validation Loss: 0.8899
Epoch 8/20 - Loss: 0.5116, Acc: 0.7543
Validation Loss: 0.6638
Epoch 9/20 - Loss: 0.4250, Acc: 0.8061
Validation Loss: 0.6840
Epoch 10/20 - Loss: 0.4182, Acc: 0.7935
Validation Loss: 0.7460
Epoch 11/20 - Loss: 0.4163, Acc: 0.8108
Validation Loss: 0.7196
Early stopping triggered
Test Accuracy: 0.6114649681528662
Confusion Matrix:
[[241 107]
 [ 76  47]]
Avg perf for seed=235: 0.5913916232387569
pca_vals=[40, 41, 42, 43, 44, 48]
pca_perfs=[0.5871453387376954, 0.6079907353792703, 0.5964099594672843, 0.604323489673808, 0.5668789808917197, 0.5913916232387569]
